The system is: Linux - 4.4.0-109-generic - x86_64
Compiling the C compiler identification source file "CMakeCCompilerId.c" succeeded.
Compiler: /usr/bin/cc 
Build flags: 
Id flags: 

The output was:
0


Compilation of the C compiler identification source "CMakeCCompilerId.c" produced "a.out"

The C compiler identification is GNU, found in "/home/sruthi/LLVM/installed/llvm-4.0.0.src/lib/Transforms/CompOptDSL/ConstantFolding/CMakeFiles/3.4.3/CompilerIdC/a.out"

Compiling the CXX compiler identification source file "CMakeCXXCompilerId.cpp" succeeded.
Compiler: /usr/bin/c++ 
Build flags: 
Id flags: 

The output was:
0


Compilation of the CXX compiler identification source "CMakeCXXCompilerId.cpp" produced "a.out"

The CXX compiler identification is GNU, found in "/home/sruthi/LLVM/installed/llvm-4.0.0.src/lib/Transforms/CompOptDSL/ConstantFolding/CMakeFiles/3.4.3/CompilerIdCXX/a.out"

Determining if the C compiler works passed with the following output:
Change Dir: /home/sruthi/LLVM/installed/llvm-4.0.0.src/lib/Transforms/CompOptDSL/ConstantFolding/CMakeFiles/CMakeTmp

Run Build Command:"/usr/bin/make" "cmTC_b0564/fast"
/usr/bin/make -f CMakeFiles/cmTC_b0564.dir/build.make CMakeFiles/cmTC_b0564.dir/build
make[1]: Entering directory '/home/sruthi/LLVM/installed/llvm-4.0.0.src/lib/Transforms/CompOptDSL/ConstantFolding/CMakeFiles/CMakeTmp'
Building C object CMakeFiles/cmTC_b0564.dir/testCCompiler.c.o
/usr/bin/cc     -o CMakeFiles/cmTC_b0564.dir/testCCompiler.c.o   -c /home/sruthi/LLVM/installed/llvm-4.0.0.src/lib/Transforms/CompOptDSL/ConstantFolding/CMakeFiles/CMakeTmp/testCCompiler.c
Linking C executable cmTC_b0564
/usr/bin/cmake -E cmake_link_script CMakeFiles/cmTC_b0564.dir/link.txt --verbose=1
/usr/bin/cc       CMakeFiles/cmTC_b0564.dir/testCCompiler.c.o  -o cmTC_b0564 -rdynamic 
make[1]: Leaving directory '/home/sruthi/LLVM/installed/llvm-4.0.0.src/lib/Transforms/CompOptDSL/ConstantFolding/CMakeFiles/CMakeTmp'


Detecting C compiler ABI info compiled with the following output:
Change Dir: /home/sruthi/LLVM/installed/llvm-4.0.0.src/lib/Transforms/CompOptDSL/ConstantFolding/CMakeFiles/CMakeTmp

Run Build Command:"/usr/bin/make" "cmTC_708f0/fast"
/usr/bin/make -f CMakeFiles/cmTC_708f0.dir/build.make CMakeFiles/cmTC_708f0.dir/build
make[1]: Entering directory '/home/sruthi/LLVM/installed/llvm-4.0.0.src/lib/Transforms/CompOptDSL/ConstantFolding/CMakeFiles/CMakeTmp'
Building C object CMakeFiles/cmTC_708f0.dir/CMakeCCompilerABI.c.o
/usr/bin/cc     -o CMakeFiles/cmTC_708f0.dir/CMakeCCompilerABI.c.o   -c /usr/share/cmake-3.4/Modules/CMakeCCompilerABI.c
Linking C executable cmTC_708f0
/usr/bin/cmake -E cmake_link_script CMakeFiles/cmTC_708f0.dir/link.txt --verbose=1
/usr/bin/cc      -v CMakeFiles/cmTC_708f0.dir/CMakeCCompilerABI.c.o  -o cmTC_708f0 -rdynamic  
Using built-in specs.
COLLECT_GCC=/usr/bin/cc
COLLECT_LTO_WRAPPER=/usr/lib/gcc/x86_64-linux-gnu/5/lto-wrapper
Target: x86_64-linux-gnu
Configured with: ../src/configure -v --with-pkgversion='Ubuntu 5.4.0-6ubuntu1~16.04.4' --with-bugurl=file:///usr/share/doc/gcc-5/README.Bugs --enable-languages=c,ada,c++,java,go,d,fortran,objc,obj-c++ --prefix=/usr --program-suffix=-5 --enable-shared --enable-linker-build-id --libexecdir=/usr/lib --without-included-gettext --enable-threads=posix --libdir=/usr/lib --enable-nls --with-sysroot=/ --enable-clocale=gnu --enable-libstdcxx-debug --enable-libstdcxx-time=yes --with-default-libstdcxx-abi=new --enable-gnu-unique-object --disable-vtable-verify --enable-libmpx --enable-plugin --with-system-zlib --disable-browser-plugin --enable-java-awt=gtk --enable-gtk-cairo --with-java-home=/usr/lib/jvm/java-1.5.0-gcj-5-amd64/jre --enable-java-home --with-jvm-root-dir=/usr/lib/jvm/java-1.5.0-gcj-5-amd64 --with-jvm-jar-dir=/usr/lib/jvm-exports/java-1.5.0-gcj-5-amd64 --with-arch-directory=amd64 --with-ecj-jar=/usr/share/java/eclipse-ecj.jar --enable-objc-gc --enable-multiarch --disable-werror --with-arch-32=i686 --with-abi=m64 --with-multilib-list=m32,m64,mx32 --enable-multilib --with-tune=generic --enable-checking=release --build=x86_64-linux-gnu --host=x86_64-linux-gnu --target=x86_64-linux-gnu
Thread model: posix
gcc version 5.4.0 20160609 (Ubuntu 5.4.0-6ubuntu1~16.04.4) 
COMPILER_PATH=/usr/lib/gcc/x86_64-linux-gnu/5/:/usr/lib/gcc/x86_64-linux-gnu/5/:/usr/lib/gcc/x86_64-linux-gnu/:/usr/lib/gcc/x86_64-linux-gnu/5/:/usr/lib/gcc/x86_64-linux-gnu/
LIBRARY_PATH=/usr/lib/gcc/x86_64-linux-gnu/5/:/usr/lib/gcc/x86_64-linux-gnu/5/../../../x86_64-linux-gnu/:/usr/lib/gcc/x86_64-linux-gnu/5/../../../../lib/:/lib/x86_64-linux-gnu/:/lib/../lib/:/usr/lib/x86_64-linux-gnu/:/usr/lib/../lib/:/usr/lib/gcc/x86_64-linux-gnu/5/../../../:/lib/:/usr/lib/
COLLECT_GCC_OPTIONS='-v' '-o' 'cmTC_708f0' '-rdynamic' '-mtune=generic' '-march=x86-64'
 /usr/lib/gcc/x86_64-linux-gnu/5/collect2 -plugin /usr/lib/gcc/x86_64-linux-gnu/5/liblto_plugin.so -plugin-opt=/usr/lib/gcc/x86_64-linux-gnu/5/lto-wrapper -plugin-opt=-fresolution=/tmp/ccf8zIUT.res -plugin-opt=-pass-through=-lgcc -plugin-opt=-pass-through=-lgcc_s -plugin-opt=-pass-through=-lc -plugin-opt=-pass-through=-lgcc -plugin-opt=-pass-through=-lgcc_s --sysroot=/ --build-id --eh-frame-hdr -m elf_x86_64 --hash-style=gnu --as-needed -export-dynamic -dynamic-linker /lib64/ld-linux-x86-64.so.2 -z relro -o cmTC_708f0 /usr/lib/gcc/x86_64-linux-gnu/5/../../../x86_64-linux-gnu/crt1.o /usr/lib/gcc/x86_64-linux-gnu/5/../../../x86_64-linux-gnu/crti.o /usr/lib/gcc/x86_64-linux-gnu/5/crtbegin.o -L/usr/lib/gcc/x86_64-linux-gnu/5 -L/usr/lib/gcc/x86_64-linux-gnu/5/../../../x86_64-linux-gnu -L/usr/lib/gcc/x86_64-linux-gnu/5/../../../../lib -L/lib/x86_64-linux-gnu -L/lib/../lib -L/usr/lib/x86_64-linux-gnu -L/usr/lib/../lib -L/usr/lib/gcc/x86_64-linux-gnu/5/../../.. CMakeFiles/cmTC_708f0.dir/CMakeCCompilerABI.c.o -lgcc --as-needed -lgcc_s --no-as-needed -lc -lgcc --as-needed -lgcc_s --no-as-needed /usr/lib/gcc/x86_64-linux-gnu/5/crtend.o /usr/lib/gcc/x86_64-linux-gnu/5/../../../x86_64-linux-gnu/crtn.o
make[1]: Leaving directory '/home/sruthi/LLVM/installed/llvm-4.0.0.src/lib/Transforms/CompOptDSL/ConstantFolding/CMakeFiles/CMakeTmp'


Parsed C implicit link information from above output:
  link line regex: [^( *|.*[/\])(ld|([^/\]+-)?ld|collect2)[^/\]*( |$)]
  ignore line: [Change Dir: /home/sruthi/LLVM/installed/llvm-4.0.0.src/lib/Transforms/CompOptDSL/ConstantFolding/CMakeFiles/CMakeTmp]
  ignore line: []
  ignore line: [Run Build Command:"/usr/bin/make" "cmTC_708f0/fast"]
  ignore line: [/usr/bin/make -f CMakeFiles/cmTC_708f0.dir/build.make CMakeFiles/cmTC_708f0.dir/build]
  ignore line: [make[1]: Entering directory '/home/sruthi/LLVM/installed/llvm-4.0.0.src/lib/Transforms/CompOptDSL/ConstantFolding/CMakeFiles/CMakeTmp']
  ignore line: [Building C object CMakeFiles/cmTC_708f0.dir/CMakeCCompilerABI.c.o]
  ignore line: [/usr/bin/cc     -o CMakeFiles/cmTC_708f0.dir/CMakeCCompilerABI.c.o   -c /usr/share/cmake-3.4/Modules/CMakeCCompilerABI.c]
  ignore line: [Linking C executable cmTC_708f0]
  ignore line: [/usr/bin/cmake -E cmake_link_script CMakeFiles/cmTC_708f0.dir/link.txt --verbose=1]
  ignore line: [/usr/bin/cc      -v CMakeFiles/cmTC_708f0.dir/CMakeCCompilerABI.c.o  -o cmTC_708f0 -rdynamic  ]
  ignore line: [Using built-in specs.]
  ignore line: [COLLECT_GCC=/usr/bin/cc]
  ignore line: [COLLECT_LTO_WRAPPER=/usr/lib/gcc/x86_64-linux-gnu/5/lto-wrapper]
  ignore line: [Target: x86_64-linux-gnu]
  ignore line: [Configured with: ../src/configure -v --with-pkgversion='Ubuntu 5.4.0-6ubuntu1~16.04.4' --with-bugurl=file:///usr/share/doc/gcc-5/README.Bugs --enable-languages=c,ada,c++,java,go,d,fortran,objc,obj-c++ --prefix=/usr --program-suffix=-5 --enable-shared --enable-linker-build-id --libexecdir=/usr/lib --without-included-gettext --enable-threads=posix --libdir=/usr/lib --enable-nls --with-sysroot=/ --enable-clocale=gnu --enable-libstdcxx-debug --enable-libstdcxx-time=yes --with-default-libstdcxx-abi=new --enable-gnu-unique-object --disable-vtable-verify --enable-libmpx --enable-plugin --with-system-zlib --disable-browser-plugin --enable-java-awt=gtk --enable-gtk-cairo --with-java-home=/usr/lib/jvm/java-1.5.0-gcj-5-amd64/jre --enable-java-home --with-jvm-root-dir=/usr/lib/jvm/java-1.5.0-gcj-5-amd64 --with-jvm-jar-dir=/usr/lib/jvm-exports/java-1.5.0-gcj-5-amd64 --with-arch-directory=amd64 --with-ecj-jar=/usr/share/java/eclipse-ecj.jar --enable-objc-gc --enable-multiarch --disable-werror --with-arch-32=i686 --with-abi=m64 --with-multilib-list=m32,m64,mx32 --enable-multilib --with-tune=generic --enable-checking=release --build=x86_64-linux-gnu --host=x86_64-linux-gnu --target=x86_64-linux-gnu]
  ignore line: [Thread model: posix]
  ignore line: [gcc version 5.4.0 20160609 (Ubuntu 5.4.0-6ubuntu1~16.04.4) ]
  ignore line: [COMPILER_PATH=/usr/lib/gcc/x86_64-linux-gnu/5/:/usr/lib/gcc/x86_64-linux-gnu/5/:/usr/lib/gcc/x86_64-linux-gnu/:/usr/lib/gcc/x86_64-linux-gnu/5/:/usr/lib/gcc/x86_64-linux-gnu/]
  ignore line: [LIBRARY_PATH=/usr/lib/gcc/x86_64-linux-gnu/5/:/usr/lib/gcc/x86_64-linux-gnu/5/../../../x86_64-linux-gnu/:/usr/lib/gcc/x86_64-linux-gnu/5/../../../../lib/:/lib/x86_64-linux-gnu/:/lib/../lib/:/usr/lib/x86_64-linux-gnu/:/usr/lib/../lib/:/usr/lib/gcc/x86_64-linux-gnu/5/../../../:/lib/:/usr/lib/]
  ignore line: [COLLECT_GCC_OPTIONS='-v' '-o' 'cmTC_708f0' '-rdynamic' '-mtune=generic' '-march=x86-64']
  link line: [ /usr/lib/gcc/x86_64-linux-gnu/5/collect2 -plugin /usr/lib/gcc/x86_64-linux-gnu/5/liblto_plugin.so -plugin-opt=/usr/lib/gcc/x86_64-linux-gnu/5/lto-wrapper -plugin-opt=-fresolution=/tmp/ccf8zIUT.res -plugin-opt=-pass-through=-lgcc -plugin-opt=-pass-through=-lgcc_s -plugin-opt=-pass-through=-lc -plugin-opt=-pass-through=-lgcc -plugin-opt=-pass-through=-lgcc_s --sysroot=/ --build-id --eh-frame-hdr -m elf_x86_64 --hash-style=gnu --as-needed -export-dynamic -dynamic-linker /lib64/ld-linux-x86-64.so.2 -z relro -o cmTC_708f0 /usr/lib/gcc/x86_64-linux-gnu/5/../../../x86_64-linux-gnu/crt1.o /usr/lib/gcc/x86_64-linux-gnu/5/../../../x86_64-linux-gnu/crti.o /usr/lib/gcc/x86_64-linux-gnu/5/crtbegin.o -L/usr/lib/gcc/x86_64-linux-gnu/5 -L/usr/lib/gcc/x86_64-linux-gnu/5/../../../x86_64-linux-gnu -L/usr/lib/gcc/x86_64-linux-gnu/5/../../../../lib -L/lib/x86_64-linux-gnu -L/lib/../lib -L/usr/lib/x86_64-linux-gnu -L/usr/lib/../lib -L/usr/lib/gcc/x86_64-linux-gnu/5/../../.. CMakeFiles/cmTC_708f0.dir/CMakeCCompilerABI.c.o -lgcc --as-needed -lgcc_s --no-as-needed -lc -lgcc --as-needed -lgcc_s --no-as-needed /usr/lib/gcc/x86_64-linux-gnu/5/crtend.o /usr/lib/gcc/x86_64-linux-gnu/5/../../../x86_64-linux-gnu/crtn.o]
    arg [/usr/lib/gcc/x86_64-linux-gnu/5/collect2] ==> ignore
    arg [-plugin] ==> ignore
    arg [/usr/lib/gcc/x86_64-linux-gnu/5/liblto_plugin.so] ==> ignore
    arg [-plugin-opt=/usr/lib/gcc/x86_64-linux-gnu/5/lto-wrapper] ==> ignore
    arg [-plugin-opt=-fresolution=/tmp/ccf8zIUT.res] ==> ignore
    arg [-plugin-opt=-pass-through=-lgcc] ==> ignore
    arg [-plugin-opt=-pass-through=-lgcc_s] ==> ignore
    arg [-plugin-opt=-pass-through=-lc] ==> ignore
    arg [-plugin-opt=-pass-through=-lgcc] ==> ignore
    arg [-plugin-opt=-pass-through=-lgcc_s] ==> ignore
    arg [--sysroot=/] ==> ignore
    arg [--build-id] ==> ignore
    arg [--eh-frame-hdr] ==> ignore
    arg [-m] ==> ignore
    arg [elf_x86_64] ==> ignore
    arg [--hash-style=gnu] ==> ignore
    arg [--as-needed] ==> ignore
    arg [-export-dynamic] ==> ignore
    arg [-dynamic-linker] ==> ignore
    arg [/lib64/ld-linux-x86-64.so.2] ==> ignore
    arg [-zrelro] ==> ignore
    arg [-o] ==> ignore
    arg [cmTC_708f0] ==> ignore
    arg [/usr/lib/gcc/x86_64-linux-gnu/5/../../../x86_64-linux-gnu/crt1.o] ==> ignore
    arg [/usr/lib/gcc/x86_64-linux-gnu/5/../../../x86_64-linux-gnu/crti.o] ==> ignore
    arg [/usr/lib/gcc/x86_64-linux-gnu/5/crtbegin.o] ==> ignore
    arg [-L/usr/lib/gcc/x86_64-linux-gnu/5] ==> dir [/usr/lib/gcc/x86_64-linux-gnu/5]
    arg [-L/usr/lib/gcc/x86_64-linux-gnu/5/../../../x86_64-linux-gnu] ==> dir [/usr/lib/gcc/x86_64-linux-gnu/5/../../../x86_64-linux-gnu]
    arg [-L/usr/lib/gcc/x86_64-linux-gnu/5/../../../../lib] ==> dir [/usr/lib/gcc/x86_64-linux-gnu/5/../../../../lib]
    arg [-L/lib/x86_64-linux-gnu] ==> dir [/lib/x86_64-linux-gnu]
    arg [-L/lib/../lib] ==> dir [/lib/../lib]
    arg [-L/usr/lib/x86_64-linux-gnu] ==> dir [/usr/lib/x86_64-linux-gnu]
    arg [-L/usr/lib/../lib] ==> dir [/usr/lib/../lib]
    arg [-L/usr/lib/gcc/x86_64-linux-gnu/5/../../..] ==> dir [/usr/lib/gcc/x86_64-linux-gnu/5/../../..]
    arg [CMakeFiles/cmTC_708f0.dir/CMakeCCompilerABI.c.o] ==> ignore
    arg [-lgcc] ==> lib [gcc]
    arg [--as-needed] ==> ignore
    arg [-lgcc_s] ==> lib [gcc_s]
    arg [--no-as-needed] ==> ignore
    arg [-lc] ==> lib [c]
    arg [-lgcc] ==> lib [gcc]
    arg [--as-needed] ==> ignore
    arg [-lgcc_s] ==> lib [gcc_s]
    arg [--no-as-needed] ==> ignore
    arg [/usr/lib/gcc/x86_64-linux-gnu/5/crtend.o] ==> ignore
    arg [/usr/lib/gcc/x86_64-linux-gnu/5/../../../x86_64-linux-gnu/crtn.o] ==> ignore
  remove lib [gcc]
  remove lib [gcc_s]
  remove lib [gcc]
  remove lib [gcc_s]
  collapse library dir [/usr/lib/gcc/x86_64-linux-gnu/5] ==> [/usr/lib/gcc/x86_64-linux-gnu/5]
  collapse library dir [/usr/lib/gcc/x86_64-linux-gnu/5/../../../x86_64-linux-gnu] ==> [/usr/lib/x86_64-linux-gnu]
  collapse library dir [/usr/lib/gcc/x86_64-linux-gnu/5/../../../../lib] ==> [/usr/lib]
  collapse library dir [/lib/x86_64-linux-gnu] ==> [/lib/x86_64-linux-gnu]
  collapse library dir [/lib/../lib] ==> [/lib]
  collapse library dir [/usr/lib/x86_64-linux-gnu] ==> [/usr/lib/x86_64-linux-gnu]
  collapse library dir [/usr/lib/../lib] ==> [/usr/lib]
  collapse library dir [/usr/lib/gcc/x86_64-linux-gnu/5/../../..] ==> [/usr/lib]
  implicit libs: [c]
  implicit dirs: [/usr/lib/gcc/x86_64-linux-gnu/5;/usr/lib/x86_64-linux-gnu;/usr/lib;/lib/x86_64-linux-gnu;/lib]
  implicit fwks: []




Detecting C [-std=c11] compiler features compiled with the following output:
Change Dir: /home/sruthi/LLVM/installed/llvm-4.0.0.src/lib/Transforms/CompOptDSL/ConstantFolding/CMakeFiles/CMakeTmp

Run Build Command:"/usr/bin/make" "cmTC_d730e/fast"
/usr/bin/make -f CMakeFiles/cmTC_d730e.dir/build.make CMakeFiles/cmTC_d730e.dir/build
make[1]: Entering directory '/home/sruthi/LLVM/installed/llvm-4.0.0.src/lib/Transforms/CompOptDSL/ConstantFolding/CMakeFiles/CMakeTmp'
Building C object CMakeFiles/cmTC_d730e.dir/feature_tests.c.o
/usr/bin/cc    -std=c11 -o CMakeFiles/cmTC_d730e.dir/feature_tests.c.o   -c /home/sruthi/LLVM/installed/llvm-4.0.0.src/lib/Transforms/CompOptDSL/ConstantFolding/CMakeFiles/feature_tests.c
Linking C executable cmTC_d730e
/usr/bin/cmake -E cmake_link_script CMakeFiles/cmTC_d730e.dir/link.txt --verbose=1
/usr/bin/cc       CMakeFiles/cmTC_d730e.dir/feature_tests.c.o  -o cmTC_d730e -rdynamic 
make[1]: Leaving directory '/home/sruthi/LLVM/installed/llvm-4.0.0.src/lib/Transforms/CompOptDSL/ConstantFolding/CMakeFiles/CMakeTmp'


    Feature record: C_FEATURE:1c_function_prototypes
    Feature record: C_FEATURE:1c_restrict
    Feature record: C_FEATURE:1c_static_assert
    Feature record: C_FEATURE:1c_variadic_macros


Detecting C [-std=c99] compiler features compiled with the following output:
Change Dir: /home/sruthi/LLVM/installed/llvm-4.0.0.src/lib/Transforms/CompOptDSL/ConstantFolding/CMakeFiles/CMakeTmp

Run Build Command:"/usr/bin/make" "cmTC_148e2/fast"
/usr/bin/make -f CMakeFiles/cmTC_148e2.dir/build.make CMakeFiles/cmTC_148e2.dir/build
make[1]: Entering directory '/home/sruthi/LLVM/installed/llvm-4.0.0.src/lib/Transforms/CompOptDSL/ConstantFolding/CMakeFiles/CMakeTmp'
Building C object CMakeFiles/cmTC_148e2.dir/feature_tests.c.o
/usr/bin/cc    -std=c99 -o CMakeFiles/cmTC_148e2.dir/feature_tests.c.o   -c /home/sruthi/LLVM/installed/llvm-4.0.0.src/lib/Transforms/CompOptDSL/ConstantFolding/CMakeFiles/feature_tests.c
Linking C executable cmTC_148e2
/usr/bin/cmake -E cmake_link_script CMakeFiles/cmTC_148e2.dir/link.txt --verbose=1
/usr/bin/cc       CMakeFiles/cmTC_148e2.dir/feature_tests.c.o  -o cmTC_148e2 -rdynamic 
make[1]: Leaving directory '/home/sruthi/LLVM/installed/llvm-4.0.0.src/lib/Transforms/CompOptDSL/ConstantFolding/CMakeFiles/CMakeTmp'


    Feature record: C_FEATURE:1c_function_prototypes
    Feature record: C_FEATURE:1c_restrict
    Feature record: C_FEATURE:0c_static_assert
    Feature record: C_FEATURE:1c_variadic_macros


Detecting C [-std=c90] compiler features compiled with the following output:
Change Dir: /home/sruthi/LLVM/installed/llvm-4.0.0.src/lib/Transforms/CompOptDSL/ConstantFolding/CMakeFiles/CMakeTmp

Run Build Command:"/usr/bin/make" "cmTC_24d66/fast"
/usr/bin/make -f CMakeFiles/cmTC_24d66.dir/build.make CMakeFiles/cmTC_24d66.dir/build
make[1]: Entering directory '/home/sruthi/LLVM/installed/llvm-4.0.0.src/lib/Transforms/CompOptDSL/ConstantFolding/CMakeFiles/CMakeTmp'
Building C object CMakeFiles/cmTC_24d66.dir/feature_tests.c.o
/usr/bin/cc    -std=c90 -o CMakeFiles/cmTC_24d66.dir/feature_tests.c.o   -c /home/sruthi/LLVM/installed/llvm-4.0.0.src/lib/Transforms/CompOptDSL/ConstantFolding/CMakeFiles/feature_tests.c
Linking C executable cmTC_24d66
/usr/bin/cmake -E cmake_link_script CMakeFiles/cmTC_24d66.dir/link.txt --verbose=1
/usr/bin/cc       CMakeFiles/cmTC_24d66.dir/feature_tests.c.o  -o cmTC_24d66 -rdynamic 
make[1]: Leaving directory '/home/sruthi/LLVM/installed/llvm-4.0.0.src/lib/Transforms/CompOptDSL/ConstantFolding/CMakeFiles/CMakeTmp'


    Feature record: C_FEATURE:1c_function_prototypes
    Feature record: C_FEATURE:0c_restrict
    Feature record: C_FEATURE:0c_static_assert
    Feature record: C_FEATURE:0c_variadic_macros
Determining if the CXX compiler works passed with the following output:
Change Dir: /home/sruthi/LLVM/installed/llvm-4.0.0.src/lib/Transforms/CompOptDSL/ConstantFolding/CMakeFiles/CMakeTmp

Run Build Command:"/usr/bin/make" "cmTC_25338/fast"
/usr/bin/make -f CMakeFiles/cmTC_25338.dir/build.make CMakeFiles/cmTC_25338.dir/build
make[1]: Entering directory '/home/sruthi/LLVM/installed/llvm-4.0.0.src/lib/Transforms/CompOptDSL/ConstantFolding/CMakeFiles/CMakeTmp'
Building CXX object CMakeFiles/cmTC_25338.dir/testCXXCompiler.cxx.o
/usr/bin/c++      -o CMakeFiles/cmTC_25338.dir/testCXXCompiler.cxx.o -c /home/sruthi/LLVM/installed/llvm-4.0.0.src/lib/Transforms/CompOptDSL/ConstantFolding/CMakeFiles/CMakeTmp/testCXXCompiler.cxx
Linking CXX executable cmTC_25338
/usr/bin/cmake -E cmake_link_script CMakeFiles/cmTC_25338.dir/link.txt --verbose=1
/usr/bin/c++        CMakeFiles/cmTC_25338.dir/testCXXCompiler.cxx.o  -o cmTC_25338 -rdynamic 
make[1]: Leaving directory '/home/sruthi/LLVM/installed/llvm-4.0.0.src/lib/Transforms/CompOptDSL/ConstantFolding/CMakeFiles/CMakeTmp'


Detecting CXX compiler ABI info compiled with the following output:
Change Dir: /home/sruthi/LLVM/installed/llvm-4.0.0.src/lib/Transforms/CompOptDSL/ConstantFolding/CMakeFiles/CMakeTmp

Run Build Command:"/usr/bin/make" "cmTC_ea6e9/fast"
/usr/bin/make -f CMakeFiles/cmTC_ea6e9.dir/build.make CMakeFiles/cmTC_ea6e9.dir/build
make[1]: Entering directory '/home/sruthi/LLVM/installed/llvm-4.0.0.src/lib/Transforms/CompOptDSL/ConstantFolding/CMakeFiles/CMakeTmp'
Building CXX object CMakeFiles/cmTC_ea6e9.dir/CMakeCXXCompilerABI.cpp.o
/usr/bin/c++      -o CMakeFiles/cmTC_ea6e9.dir/CMakeCXXCompilerABI.cpp.o -c /usr/share/cmake-3.4/Modules/CMakeCXXCompilerABI.cpp
Linking CXX executable cmTC_ea6e9
/usr/bin/cmake -E cmake_link_script CMakeFiles/cmTC_ea6e9.dir/link.txt --verbose=1
/usr/bin/c++       -v CMakeFiles/cmTC_ea6e9.dir/CMakeCXXCompilerABI.cpp.o  -o cmTC_ea6e9 -rdynamic  
Using built-in specs.
COLLECT_GCC=/usr/bin/c++
COLLECT_LTO_WRAPPER=/usr/lib/gcc/x86_64-linux-gnu/5/lto-wrapper
Target: x86_64-linux-gnu
Configured with: ../src/configure -v --with-pkgversion='Ubuntu 5.4.0-6ubuntu1~16.04.4' --with-bugurl=file:///usr/share/doc/gcc-5/README.Bugs --enable-languages=c,ada,c++,java,go,d,fortran,objc,obj-c++ --prefix=/usr --program-suffix=-5 --enable-shared --enable-linker-build-id --libexecdir=/usr/lib --without-included-gettext --enable-threads=posix --libdir=/usr/lib --enable-nls --with-sysroot=/ --enable-clocale=gnu --enable-libstdcxx-debug --enable-libstdcxx-time=yes --with-default-libstdcxx-abi=new --enable-gnu-unique-object --disable-vtable-verify --enable-libmpx --enable-plugin --with-system-zlib --disable-browser-plugin --enable-java-awt=gtk --enable-gtk-cairo --with-java-home=/usr/lib/jvm/java-1.5.0-gcj-5-amd64/jre --enable-java-home --with-jvm-root-dir=/usr/lib/jvm/java-1.5.0-gcj-5-amd64 --with-jvm-jar-dir=/usr/lib/jvm-exports/java-1.5.0-gcj-5-amd64 --with-arch-directory=amd64 --with-ecj-jar=/usr/share/java/eclipse-ecj.jar --enable-objc-gc --enable-multiarch --disable-werror --with-arch-32=i686 --with-abi=m64 --with-multilib-list=m32,m64,mx32 --enable-multilib --with-tune=generic --enable-checking=release --build=x86_64-linux-gnu --host=x86_64-linux-gnu --target=x86_64-linux-gnu
Thread model: posix
gcc version 5.4.0 20160609 (Ubuntu 5.4.0-6ubuntu1~16.04.4) 
COMPILER_PATH=/usr/lib/gcc/x86_64-linux-gnu/5/:/usr/lib/gcc/x86_64-linux-gnu/5/:/usr/lib/gcc/x86_64-linux-gnu/:/usr/lib/gcc/x86_64-linux-gnu/5/:/usr/lib/gcc/x86_64-linux-gnu/
LIBRARY_PATH=/usr/lib/gcc/x86_64-linux-gnu/5/:/usr/lib/gcc/x86_64-linux-gnu/5/../../../x86_64-linux-gnu/:/usr/lib/gcc/x86_64-linux-gnu/5/../../../../lib/:/lib/x86_64-linux-gnu/:/lib/../lib/:/usr/lib/x86_64-linux-gnu/:/usr/lib/../lib/:/usr/lib/gcc/x86_64-linux-gnu/5/../../../:/lib/:/usr/lib/
COLLECT_GCC_OPTIONS='-v' '-o' 'cmTC_ea6e9' '-rdynamic' '-shared-libgcc' '-mtune=generic' '-march=x86-64'
 /usr/lib/gcc/x86_64-linux-gnu/5/collect2 -plugin /usr/lib/gcc/x86_64-linux-gnu/5/liblto_plugin.so -plugin-opt=/usr/lib/gcc/x86_64-linux-gnu/5/lto-wrapper -plugin-opt=-fresolution=/tmp/ccNXx97o.res -plugin-opt=-pass-through=-lgcc_s -plugin-opt=-pass-through=-lgcc -plugin-opt=-pass-through=-lc -plugin-opt=-pass-through=-lgcc_s -plugin-opt=-pass-through=-lgcc --sysroot=/ --build-id --eh-frame-hdr -m elf_x86_64 --hash-style=gnu --as-needed -export-dynamic -dynamic-linker /lib64/ld-linux-x86-64.so.2 -z relro -o cmTC_ea6e9 /usr/lib/gcc/x86_64-linux-gnu/5/../../../x86_64-linux-gnu/crt1.o /usr/lib/gcc/x86_64-linux-gnu/5/../../../x86_64-linux-gnu/crti.o /usr/lib/gcc/x86_64-linux-gnu/5/crtbegin.o -L/usr/lib/gcc/x86_64-linux-gnu/5 -L/usr/lib/gcc/x86_64-linux-gnu/5/../../../x86_64-linux-gnu -L/usr/lib/gcc/x86_64-linux-gnu/5/../../../../lib -L/lib/x86_64-linux-gnu -L/lib/../lib -L/usr/lib/x86_64-linux-gnu -L/usr/lib/../lib -L/usr/lib/gcc/x86_64-linux-gnu/5/../../.. CMakeFiles/cmTC_ea6e9.dir/CMakeCXXCompilerABI.cpp.o -lstdc++ -lm -lgcc_s -lgcc -lc -lgcc_s -lgcc /usr/lib/gcc/x86_64-linux-gnu/5/crtend.o /usr/lib/gcc/x86_64-linux-gnu/5/../../../x86_64-linux-gnu/crtn.o
make[1]: Leaving directory '/home/sruthi/LLVM/installed/llvm-4.0.0.src/lib/Transforms/CompOptDSL/ConstantFolding/CMakeFiles/CMakeTmp'


Parsed CXX implicit link information from above output:
  link line regex: [^( *|.*[/\])(ld|([^/\]+-)?ld|collect2)[^/\]*( |$)]
  ignore line: [Change Dir: /home/sruthi/LLVM/installed/llvm-4.0.0.src/lib/Transforms/CompOptDSL/ConstantFolding/CMakeFiles/CMakeTmp]
  ignore line: []
  ignore line: [Run Build Command:"/usr/bin/make" "cmTC_ea6e9/fast"]
  ignore line: [/usr/bin/make -f CMakeFiles/cmTC_ea6e9.dir/build.make CMakeFiles/cmTC_ea6e9.dir/build]
  ignore line: [make[1]: Entering directory '/home/sruthi/LLVM/installed/llvm-4.0.0.src/lib/Transforms/CompOptDSL/ConstantFolding/CMakeFiles/CMakeTmp']
  ignore line: [Building CXX object CMakeFiles/cmTC_ea6e9.dir/CMakeCXXCompilerABI.cpp.o]
  ignore line: [/usr/bin/c++      -o CMakeFiles/cmTC_ea6e9.dir/CMakeCXXCompilerABI.cpp.o -c /usr/share/cmake-3.4/Modules/CMakeCXXCompilerABI.cpp]
  ignore line: [Linking CXX executable cmTC_ea6e9]
  ignore line: [/usr/bin/cmake -E cmake_link_script CMakeFiles/cmTC_ea6e9.dir/link.txt --verbose=1]
  ignore line: [/usr/bin/c++       -v CMakeFiles/cmTC_ea6e9.dir/CMakeCXXCompilerABI.cpp.o  -o cmTC_ea6e9 -rdynamic  ]
  ignore line: [Using built-in specs.]
  ignore line: [COLLECT_GCC=/usr/bin/c++]
  ignore line: [COLLECT_LTO_WRAPPER=/usr/lib/gcc/x86_64-linux-gnu/5/lto-wrapper]
  ignore line: [Target: x86_64-linux-gnu]
  ignore line: [Configured with: ../src/configure -v --with-pkgversion='Ubuntu 5.4.0-6ubuntu1~16.04.4' --with-bugurl=file:///usr/share/doc/gcc-5/README.Bugs --enable-languages=c,ada,c++,java,go,d,fortran,objc,obj-c++ --prefix=/usr --program-suffix=-5 --enable-shared --enable-linker-build-id --libexecdir=/usr/lib --without-included-gettext --enable-threads=posix --libdir=/usr/lib --enable-nls --with-sysroot=/ --enable-clocale=gnu --enable-libstdcxx-debug --enable-libstdcxx-time=yes --with-default-libstdcxx-abi=new --enable-gnu-unique-object --disable-vtable-verify --enable-libmpx --enable-plugin --with-system-zlib --disable-browser-plugin --enable-java-awt=gtk --enable-gtk-cairo --with-java-home=/usr/lib/jvm/java-1.5.0-gcj-5-amd64/jre --enable-java-home --with-jvm-root-dir=/usr/lib/jvm/java-1.5.0-gcj-5-amd64 --with-jvm-jar-dir=/usr/lib/jvm-exports/java-1.5.0-gcj-5-amd64 --with-arch-directory=amd64 --with-ecj-jar=/usr/share/java/eclipse-ecj.jar --enable-objc-gc --enable-multiarch --disable-werror --with-arch-32=i686 --with-abi=m64 --with-multilib-list=m32,m64,mx32 --enable-multilib --with-tune=generic --enable-checking=release --build=x86_64-linux-gnu --host=x86_64-linux-gnu --target=x86_64-linux-gnu]
  ignore line: [Thread model: posix]
  ignore line: [gcc version 5.4.0 20160609 (Ubuntu 5.4.0-6ubuntu1~16.04.4) ]
  ignore line: [COMPILER_PATH=/usr/lib/gcc/x86_64-linux-gnu/5/:/usr/lib/gcc/x86_64-linux-gnu/5/:/usr/lib/gcc/x86_64-linux-gnu/:/usr/lib/gcc/x86_64-linux-gnu/5/:/usr/lib/gcc/x86_64-linux-gnu/]
  ignore line: [LIBRARY_PATH=/usr/lib/gcc/x86_64-linux-gnu/5/:/usr/lib/gcc/x86_64-linux-gnu/5/../../../x86_64-linux-gnu/:/usr/lib/gcc/x86_64-linux-gnu/5/../../../../lib/:/lib/x86_64-linux-gnu/:/lib/../lib/:/usr/lib/x86_64-linux-gnu/:/usr/lib/../lib/:/usr/lib/gcc/x86_64-linux-gnu/5/../../../:/lib/:/usr/lib/]
  ignore line: [COLLECT_GCC_OPTIONS='-v' '-o' 'cmTC_ea6e9' '-rdynamic' '-shared-libgcc' '-mtune=generic' '-march=x86-64']
  link line: [ /usr/lib/gcc/x86_64-linux-gnu/5/collect2 -plugin /usr/lib/gcc/x86_64-linux-gnu/5/liblto_plugin.so -plugin-opt=/usr/lib/gcc/x86_64-linux-gnu/5/lto-wrapper -plugin-opt=-fresolution=/tmp/ccNXx97o.res -plugin-opt=-pass-through=-lgcc_s -plugin-opt=-pass-through=-lgcc -plugin-opt=-pass-through=-lc -plugin-opt=-pass-through=-lgcc_s -plugin-opt=-pass-through=-lgcc --sysroot=/ --build-id --eh-frame-hdr -m elf_x86_64 --hash-style=gnu --as-needed -export-dynamic -dynamic-linker /lib64/ld-linux-x86-64.so.2 -z relro -o cmTC_ea6e9 /usr/lib/gcc/x86_64-linux-gnu/5/../../../x86_64-linux-gnu/crt1.o /usr/lib/gcc/x86_64-linux-gnu/5/../../../x86_64-linux-gnu/crti.o /usr/lib/gcc/x86_64-linux-gnu/5/crtbegin.o -L/usr/lib/gcc/x86_64-linux-gnu/5 -L/usr/lib/gcc/x86_64-linux-gnu/5/../../../x86_64-linux-gnu -L/usr/lib/gcc/x86_64-linux-gnu/5/../../../../lib -L/lib/x86_64-linux-gnu -L/lib/../lib -L/usr/lib/x86_64-linux-gnu -L/usr/lib/../lib -L/usr/lib/gcc/x86_64-linux-gnu/5/../../.. CMakeFiles/cmTC_ea6e9.dir/CMakeCXXCompilerABI.cpp.o -lstdc++ -lm -lgcc_s -lgcc -lc -lgcc_s -lgcc /usr/lib/gcc/x86_64-linux-gnu/5/crtend.o /usr/lib/gcc/x86_64-linux-gnu/5/../../../x86_64-linux-gnu/crtn.o]
    arg [/usr/lib/gcc/x86_64-linux-gnu/5/collect2] ==> ignore
    arg [-plugin] ==> ignore
    arg [/usr/lib/gcc/x86_64-linux-gnu/5/liblto_plugin.so] ==> ignore
    arg [-plugin-opt=/usr/lib/gcc/x86_64-linux-gnu/5/lto-wrapper] ==> ignore
    arg [-plugin-opt=-fresolution=/tmp/ccNXx97o.res] ==> ignore
    arg [-plugin-opt=-pass-through=-lgcc_s] ==> ignore
    arg [-plugin-opt=-pass-through=-lgcc] ==> ignore
    arg [-plugin-opt=-pass-through=-lc] ==> ignore
    arg [-plugin-opt=-pass-through=-lgcc_s] ==> ignore
    arg [-plugin-opt=-pass-through=-lgcc] ==> ignore
    arg [--sysroot=/] ==> ignore
    arg [--build-id] ==> ignore
    arg [--eh-frame-hdr] ==> ignore
    arg [-m] ==> ignore
    arg [elf_x86_64] ==> ignore
    arg [--hash-style=gnu] ==> ignore
    arg [--as-needed] ==> ignore
    arg [-export-dynamic] ==> ignore
    arg [-dynamic-linker] ==> ignore
    arg [/lib64/ld-linux-x86-64.so.2] ==> ignore
    arg [-zrelro] ==> ignore
    arg [-o] ==> ignore
    arg [cmTC_ea6e9] ==> ignore
    arg [/usr/lib/gcc/x86_64-linux-gnu/5/../../../x86_64-linux-gnu/crt1.o] ==> ignore
    arg [/usr/lib/gcc/x86_64-linux-gnu/5/../../../x86_64-linux-gnu/crti.o] ==> ignore
    arg [/usr/lib/gcc/x86_64-linux-gnu/5/crtbegin.o] ==> ignore
    arg [-L/usr/lib/gcc/x86_64-linux-gnu/5] ==> dir [/usr/lib/gcc/x86_64-linux-gnu/5]
    arg [-L/usr/lib/gcc/x86_64-linux-gnu/5/../../../x86_64-linux-gnu] ==> dir [/usr/lib/gcc/x86_64-linux-gnu/5/../../../x86_64-linux-gnu]
    arg [-L/usr/lib/gcc/x86_64-linux-gnu/5/../../../../lib] ==> dir [/usr/lib/gcc/x86_64-linux-gnu/5/../../../../lib]
    arg [-L/lib/x86_64-linux-gnu] ==> dir [/lib/x86_64-linux-gnu]
    arg [-L/lib/../lib] ==> dir [/lib/../lib]
    arg [-L/usr/lib/x86_64-linux-gnu] ==> dir [/usr/lib/x86_64-linux-gnu]
    arg [-L/usr/lib/../lib] ==> dir [/usr/lib/../lib]
    arg [-L/usr/lib/gcc/x86_64-linux-gnu/5/../../..] ==> dir [/usr/lib/gcc/x86_64-linux-gnu/5/../../..]
    arg [CMakeFiles/cmTC_ea6e9.dir/CMakeCXXCompilerABI.cpp.o] ==> ignore
    arg [-lstdc++] ==> lib [stdc++]
    arg [-lm] ==> lib [m]
    arg [-lgcc_s] ==> lib [gcc_s]
    arg [-lgcc] ==> lib [gcc]
    arg [-lc] ==> lib [c]
    arg [-lgcc_s] ==> lib [gcc_s]
    arg [-lgcc] ==> lib [gcc]
    arg [/usr/lib/gcc/x86_64-linux-gnu/5/crtend.o] ==> ignore
    arg [/usr/lib/gcc/x86_64-linux-gnu/5/../../../x86_64-linux-gnu/crtn.o] ==> ignore
  remove lib [gcc_s]
  remove lib [gcc]
  remove lib [gcc_s]
  remove lib [gcc]
  collapse library dir [/usr/lib/gcc/x86_64-linux-gnu/5] ==> [/usr/lib/gcc/x86_64-linux-gnu/5]
  collapse library dir [/usr/lib/gcc/x86_64-linux-gnu/5/../../../x86_64-linux-gnu] ==> [/usr/lib/x86_64-linux-gnu]
  collapse library dir [/usr/lib/gcc/x86_64-linux-gnu/5/../../../../lib] ==> [/usr/lib]
  collapse library dir [/lib/x86_64-linux-gnu] ==> [/lib/x86_64-linux-gnu]
  collapse library dir [/lib/../lib] ==> [/lib]
  collapse library dir [/usr/lib/x86_64-linux-gnu] ==> [/usr/lib/x86_64-linux-gnu]
  collapse library dir [/usr/lib/../lib] ==> [/usr/lib]
  collapse library dir [/usr/lib/gcc/x86_64-linux-gnu/5/../../..] ==> [/usr/lib]
  implicit libs: [stdc++;m;c]
  implicit dirs: [/usr/lib/gcc/x86_64-linux-gnu/5;/usr/lib/x86_64-linux-gnu;/usr/lib;/lib/x86_64-linux-gnu;/lib]
  implicit fwks: []




Detecting CXX [-std=c++14] compiler features compiled with the following output:
Change Dir: /home/sruthi/LLVM/installed/llvm-4.0.0.src/lib/Transforms/CompOptDSL/ConstantFolding/CMakeFiles/CMakeTmp

Run Build Command:"/usr/bin/make" "cmTC_9d1d5/fast"
/usr/bin/make -f CMakeFiles/cmTC_9d1d5.dir/build.make CMakeFiles/cmTC_9d1d5.dir/build
make[1]: Entering directory '/home/sruthi/LLVM/installed/llvm-4.0.0.src/lib/Transforms/CompOptDSL/ConstantFolding/CMakeFiles/CMakeTmp'
Building CXX object CMakeFiles/cmTC_9d1d5.dir/feature_tests.cxx.o
/usr/bin/c++     -std=c++14 -o CMakeFiles/cmTC_9d1d5.dir/feature_tests.cxx.o -c /home/sruthi/LLVM/installed/llvm-4.0.0.src/lib/Transforms/CompOptDSL/ConstantFolding/CMakeFiles/feature_tests.cxx
Linking CXX executable cmTC_9d1d5
/usr/bin/cmake -E cmake_link_script CMakeFiles/cmTC_9d1d5.dir/link.txt --verbose=1
/usr/bin/c++        CMakeFiles/cmTC_9d1d5.dir/feature_tests.cxx.o  -o cmTC_9d1d5 -rdynamic 
make[1]: Leaving directory '/home/sruthi/LLVM/installed/llvm-4.0.0.src/lib/Transforms/CompOptDSL/ConstantFolding/CMakeFiles/CMakeTmp'


    Feature record: CXX_FEATURE:1cxx_aggregate_default_initializers
    Feature record: CXX_FEATURE:1cxx_alias_templates
    Feature record: CXX_FEATURE:1cxx_alignas
    Feature record: CXX_FEATURE:1cxx_alignof
    Feature record: CXX_FEATURE:1cxx_attributes
    Feature record: CXX_FEATURE:1cxx_attribute_deprecated
    Feature record: CXX_FEATURE:1cxx_auto_type
    Feature record: CXX_FEATURE:1cxx_binary_literals
    Feature record: CXX_FEATURE:1cxx_constexpr
    Feature record: CXX_FEATURE:1cxx_contextual_conversions
    Feature record: CXX_FEATURE:1cxx_decltype
    Feature record: CXX_FEATURE:1cxx_decltype_auto
    Feature record: CXX_FEATURE:1cxx_decltype_incomplete_return_types
    Feature record: CXX_FEATURE:1cxx_default_function_template_args
    Feature record: CXX_FEATURE:1cxx_defaulted_functions
    Feature record: CXX_FEATURE:1cxx_defaulted_move_initializers
    Feature record: CXX_FEATURE:1cxx_delegating_constructors
    Feature record: CXX_FEATURE:1cxx_deleted_functions
    Feature record: CXX_FEATURE:1cxx_digit_separators
    Feature record: CXX_FEATURE:1cxx_enum_forward_declarations
    Feature record: CXX_FEATURE:1cxx_explicit_conversions
    Feature record: CXX_FEATURE:1cxx_extended_friend_declarations
    Feature record: CXX_FEATURE:1cxx_extern_templates
    Feature record: CXX_FEATURE:1cxx_final
    Feature record: CXX_FEATURE:1cxx_func_identifier
    Feature record: CXX_FEATURE:1cxx_generalized_initializers
    Feature record: CXX_FEATURE:1cxx_generic_lambdas
    Feature record: CXX_FEATURE:1cxx_inheriting_constructors
    Feature record: CXX_FEATURE:1cxx_inline_namespaces
    Feature record: CXX_FEATURE:1cxx_lambdas
    Feature record: CXX_FEATURE:1cxx_lambda_init_captures
    Feature record: CXX_FEATURE:1cxx_local_type_template_args
    Feature record: CXX_FEATURE:1cxx_long_long_type
    Feature record: CXX_FEATURE:1cxx_noexcept
    Feature record: CXX_FEATURE:1cxx_nonstatic_member_init
    Feature record: CXX_FEATURE:1cxx_nullptr
    Feature record: CXX_FEATURE:1cxx_override
    Feature record: CXX_FEATURE:1cxx_range_for
    Feature record: CXX_FEATURE:1cxx_raw_string_literals
    Feature record: CXX_FEATURE:1cxx_reference_qualified_functions
    Feature record: CXX_FEATURE:1cxx_relaxed_constexpr
    Feature record: CXX_FEATURE:1cxx_return_type_deduction
    Feature record: CXX_FEATURE:1cxx_right_angle_brackets
    Feature record: CXX_FEATURE:1cxx_rvalue_references
    Feature record: CXX_FEATURE:1cxx_sizeof_member
    Feature record: CXX_FEATURE:1cxx_static_assert
    Feature record: CXX_FEATURE:1cxx_strong_enums
    Feature record: CXX_FEATURE:1cxx_template_template_parameters
    Feature record: CXX_FEATURE:1cxx_thread_local
    Feature record: CXX_FEATURE:1cxx_trailing_return_types
    Feature record: CXX_FEATURE:1cxx_unicode_literals
    Feature record: CXX_FEATURE:1cxx_uniform_initialization
    Feature record: CXX_FEATURE:1cxx_unrestricted_unions
    Feature record: CXX_FEATURE:1cxx_user_literals
    Feature record: CXX_FEATURE:1cxx_variable_templates
    Feature record: CXX_FEATURE:1cxx_variadic_macros
    Feature record: CXX_FEATURE:1cxx_variadic_templates


Detecting CXX [-std=c++11] compiler features compiled with the following output:
Change Dir: /home/sruthi/LLVM/installed/llvm-4.0.0.src/lib/Transforms/CompOptDSL/ConstantFolding/CMakeFiles/CMakeTmp

Run Build Command:"/usr/bin/make" "cmTC_99aed/fast"
/usr/bin/make -f CMakeFiles/cmTC_99aed.dir/build.make CMakeFiles/cmTC_99aed.dir/build
make[1]: Entering directory '/home/sruthi/LLVM/installed/llvm-4.0.0.src/lib/Transforms/CompOptDSL/ConstantFolding/CMakeFiles/CMakeTmp'
Building CXX object CMakeFiles/cmTC_99aed.dir/feature_tests.cxx.o
/usr/bin/c++     -std=c++11 -o CMakeFiles/cmTC_99aed.dir/feature_tests.cxx.o -c /home/sruthi/LLVM/installed/llvm-4.0.0.src/lib/Transforms/CompOptDSL/ConstantFolding/CMakeFiles/feature_tests.cxx
Linking CXX executable cmTC_99aed
/usr/bin/cmake -E cmake_link_script CMakeFiles/cmTC_99aed.dir/link.txt --verbose=1
/usr/bin/c++        CMakeFiles/cmTC_99aed.dir/feature_tests.cxx.o  -o cmTC_99aed -rdynamic 
make[1]: Leaving directory '/home/sruthi/LLVM/installed/llvm-4.0.0.src/lib/Transforms/CompOptDSL/ConstantFolding/CMakeFiles/CMakeTmp'


    Feature record: CXX_FEATURE:0cxx_aggregate_default_initializers
    Feature record: CXX_FEATURE:1cxx_alias_templates
    Feature record: CXX_FEATURE:1cxx_alignas
    Feature record: CXX_FEATURE:1cxx_alignof
    Feature record: CXX_FEATURE:1cxx_attributes
    Feature record: CXX_FEATURE:0cxx_attribute_deprecated
    Feature record: CXX_FEATURE:1cxx_auto_type
    Feature record: CXX_FEATURE:0cxx_binary_literals
    Feature record: CXX_FEATURE:1cxx_constexpr
    Feature record: CXX_FEATURE:0cxx_contextual_conversions
    Feature record: CXX_FEATURE:1cxx_decltype
    Feature record: CXX_FEATURE:0cxx_decltype_auto
    Feature record: CXX_FEATURE:1cxx_decltype_incomplete_return_types
    Feature record: CXX_FEATURE:1cxx_default_function_template_args
    Feature record: CXX_FEATURE:1cxx_defaulted_functions
    Feature record: CXX_FEATURE:1cxx_defaulted_move_initializers
    Feature record: CXX_FEATURE:1cxx_delegating_constructors
    Feature record: CXX_FEATURE:1cxx_deleted_functions
    Feature record: CXX_FEATURE:0cxx_digit_separators
    Feature record: CXX_FEATURE:1cxx_enum_forward_declarations
    Feature record: CXX_FEATURE:1cxx_explicit_conversions
    Feature record: CXX_FEATURE:1cxx_extended_friend_declarations
    Feature record: CXX_FEATURE:1cxx_extern_templates
    Feature record: CXX_FEATURE:1cxx_final
    Feature record: CXX_FEATURE:1cxx_func_identifier
    Feature record: CXX_FEATURE:1cxx_generalized_initializers
    Feature record: CXX_FEATURE:0cxx_generic_lambdas
    Feature record: CXX_FEATURE:1cxx_inheriting_constructors
    Feature record: CXX_FEATURE:1cxx_inline_namespaces
    Feature record: CXX_FEATURE:1cxx_lambdas
    Feature record: CXX_FEATURE:0cxx_lambda_init_captures
    Feature record: CXX_FEATURE:1cxx_local_type_template_args
    Feature record: CXX_FEATURE:1cxx_long_long_type
    Feature record: CXX_FEATURE:1cxx_noexcept
    Feature record: CXX_FEATURE:1cxx_nonstatic_member_init
    Feature record: CXX_FEATURE:1cxx_nullptr
    Feature record: CXX_FEATURE:1cxx_override
    Feature record: CXX_FEATURE:1cxx_range_for
    Feature record: CXX_FEATURE:1cxx_raw_string_literals
    Feature record: CXX_FEATURE:1cxx_reference_qualified_functions
    Feature record: CXX_FEATURE:0cxx_relaxed_constexpr
    Feature record: CXX_FEATURE:0cxx_return_type_deduction
    Feature record: CXX_FEATURE:1cxx_right_angle_brackets
    Feature record: CXX_FEATURE:1cxx_rvalue_references
    Feature record: CXX_FEATURE:1cxx_sizeof_member
    Feature record: CXX_FEATURE:1cxx_static_assert
    Feature record: CXX_FEATURE:1cxx_strong_enums
    Feature record: CXX_FEATURE:1cxx_template_template_parameters
    Feature record: CXX_FEATURE:1cxx_thread_local
    Feature record: CXX_FEATURE:1cxx_trailing_return_types
    Feature record: CXX_FEATURE:1cxx_unicode_literals
    Feature record: CXX_FEATURE:1cxx_uniform_initialization
    Feature record: CXX_FEATURE:1cxx_unrestricted_unions
    Feature record: CXX_FEATURE:1cxx_user_literals
    Feature record: CXX_FEATURE:0cxx_variable_templates
    Feature record: CXX_FEATURE:1cxx_variadic_macros
    Feature record: CXX_FEATURE:1cxx_variadic_templates


Detecting CXX [-std=c++98] compiler features compiled with the following output:
Change Dir: /home/sruthi/LLVM/installed/llvm-4.0.0.src/lib/Transforms/CompOptDSL/ConstantFolding/CMakeFiles/CMakeTmp

Run Build Command:"/usr/bin/make" "cmTC_42e06/fast"
/usr/bin/make -f CMakeFiles/cmTC_42e06.dir/build.make CMakeFiles/cmTC_42e06.dir/build
make[1]: Entering directory '/home/sruthi/LLVM/installed/llvm-4.0.0.src/lib/Transforms/CompOptDSL/ConstantFolding/CMakeFiles/CMakeTmp'
Building CXX object CMakeFiles/cmTC_42e06.dir/feature_tests.cxx.o
/usr/bin/c++     -std=c++98 -o CMakeFiles/cmTC_42e06.dir/feature_tests.cxx.o -c /home/sruthi/LLVM/installed/llvm-4.0.0.src/lib/Transforms/CompOptDSL/ConstantFolding/CMakeFiles/feature_tests.cxx
Linking CXX executable cmTC_42e06
/usr/bin/cmake -E cmake_link_script CMakeFiles/cmTC_42e06.dir/link.txt --verbose=1
/usr/bin/c++        CMakeFiles/cmTC_42e06.dir/feature_tests.cxx.o  -o cmTC_42e06 -rdynamic 
make[1]: Leaving directory '/home/sruthi/LLVM/installed/llvm-4.0.0.src/lib/Transforms/CompOptDSL/ConstantFolding/CMakeFiles/CMakeTmp'


    Feature record: CXX_FEATURE:0cxx_aggregate_default_initializers
    Feature record: CXX_FEATURE:0cxx_alias_templates
    Feature record: CXX_FEATURE:0cxx_alignas
    Feature record: CXX_FEATURE:0cxx_alignof
    Feature record: CXX_FEATURE:0cxx_attributes
    Feature record: CXX_FEATURE:0cxx_attribute_deprecated
    Feature record: CXX_FEATURE:0cxx_auto_type
    Feature record: CXX_FEATURE:0cxx_binary_literals
    Feature record: CXX_FEATURE:0cxx_constexpr
    Feature record: CXX_FEATURE:0cxx_contextual_conversions
    Feature record: CXX_FEATURE:0cxx_decltype
    Feature record: CXX_FEATURE:0cxx_decltype_auto
    Feature record: CXX_FEATURE:0cxx_decltype_incomplete_return_types
    Feature record: CXX_FEATURE:0cxx_default_function_template_args
    Feature record: CXX_FEATURE:0cxx_defaulted_functions
    Feature record: CXX_FEATURE:0cxx_defaulted_move_initializers
    Feature record: CXX_FEATURE:0cxx_delegating_constructors
    Feature record: CXX_FEATURE:0cxx_deleted_functions
    Feature record: CXX_FEATURE:0cxx_digit_separators
    Feature record: CXX_FEATURE:0cxx_enum_forward_declarations
    Feature record: CXX_FEATURE:0cxx_explicit_conversions
    Feature record: CXX_FEATURE:0cxx_extended_friend_declarations
    Feature record: CXX_FEATURE:0cxx_extern_templates
    Feature record: CXX_FEATURE:0cxx_final
    Feature record: CXX_FEATURE:0cxx_func_identifier
    Feature record: CXX_FEATURE:0cxx_generalized_initializers
    Feature record: CXX_FEATURE:0cxx_generic_lambdas
    Feature record: CXX_FEATURE:0cxx_inheriting_constructors
    Feature record: CXX_FEATURE:0cxx_inline_namespaces
    Feature record: CXX_FEATURE:0cxx_lambdas
    Feature record: CXX_FEATURE:0cxx_lambda_init_captures
    Feature record: CXX_FEATURE:0cxx_local_type_template_args
    Feature record: CXX_FEATURE:0cxx_long_long_type
    Feature record: CXX_FEATURE:0cxx_noexcept
    Feature record: CXX_FEATURE:0cxx_nonstatic_member_init
    Feature record: CXX_FEATURE:0cxx_nullptr
    Feature record: CXX_FEATURE:0cxx_override
    Feature record: CXX_FEATURE:0cxx_range_for
    Feature record: CXX_FEATURE:0cxx_raw_string_literals
    Feature record: CXX_FEATURE:0cxx_reference_qualified_functions
    Feature record: CXX_FEATURE:0cxx_relaxed_constexpr
    Feature record: CXX_FEATURE:0cxx_return_type_deduction
    Feature record: CXX_FEATURE:0cxx_right_angle_brackets
    Feature record: CXX_FEATURE:0cxx_rvalue_references
    Feature record: CXX_FEATURE:0cxx_sizeof_member
    Feature record: CXX_FEATURE:0cxx_static_assert
    Feature record: CXX_FEATURE:0cxx_strong_enums
    Feature record: CXX_FEATURE:1cxx_template_template_parameters
    Feature record: CXX_FEATURE:0cxx_thread_local
    Feature record: CXX_FEATURE:0cxx_trailing_return_types
    Feature record: CXX_FEATURE:0cxx_unicode_literals
    Feature record: CXX_FEATURE:0cxx_uniform_initialization
    Feature record: CXX_FEATURE:0cxx_unrestricted_unions
    Feature record: CXX_FEATURE:0cxx_user_literals
    Feature record: CXX_FEATURE:0cxx_variable_templates
    Feature record: CXX_FEATURE:0cxx_variadic_macros
    Feature record: CXX_FEATURE:0cxx_variadic_templates
Performing C++ SOURCE FILE Test SUPPORTS_FVISIBILITY_INLINES_HIDDEN_FLAG succeded with the following output:
Change Dir: /home/sruthi/LLVM/installed/llvm-4.0.0.src/lib/Transforms/CompOptDSL/ConstantFolding/CMakeFiles/CMakeTmp

Run Build Command:"/usr/bin/make" "cmTC_057e5/fast"
/usr/bin/make -f CMakeFiles/cmTC_057e5.dir/build.make CMakeFiles/cmTC_057e5.dir/build
make[1]: Entering directory '/home/sruthi/LLVM/installed/llvm-4.0.0.src/lib/Transforms/CompOptDSL/ConstantFolding/CMakeFiles/CMakeTmp'
Building CXX object CMakeFiles/cmTC_057e5.dir/src.cxx.o
/usr/bin/c++     -DSUPPORTS_FVISIBILITY_INLINES_HIDDEN_FLAG   -fvisibility-inlines-hidden -o CMakeFiles/cmTC_057e5.dir/src.cxx.o -c /home/sruthi/LLVM/installed/llvm-4.0.0.src/lib/Transforms/CompOptDSL/ConstantFolding/CMakeFiles/CMakeTmp/src.cxx
Linking CXX executable cmTC_057e5
/usr/bin/cmake -E cmake_link_script CMakeFiles/cmTC_057e5.dir/link.txt --verbose=1
/usr/bin/c++    -DSUPPORTS_FVISIBILITY_INLINES_HIDDEN_FLAG    CMakeFiles/cmTC_057e5.dir/src.cxx.o  -o cmTC_057e5 -rdynamic 
make[1]: Leaving directory '/home/sruthi/LLVM/installed/llvm-4.0.0.src/lib/Transforms/CompOptDSL/ConstantFolding/CMakeFiles/CMakeTmp'

Source file was:
int main() { return 0; }
Performing C SOURCE FILE Test C_SUPPORTS_WERROR_DATE_TIME succeded with the following output:
Change Dir: /home/sruthi/LLVM/installed/llvm-4.0.0.src/lib/Transforms/CompOptDSL/ConstantFolding/CMakeFiles/CMakeTmp

Run Build Command:"/usr/bin/make" "cmTC_e2358/fast"
/usr/bin/make -f CMakeFiles/cmTC_e2358.dir/build.make CMakeFiles/cmTC_e2358.dir/build
make[1]: Entering directory '/home/sruthi/LLVM/installed/llvm-4.0.0.src/lib/Transforms/CompOptDSL/ConstantFolding/CMakeFiles/CMakeTmp'
Building C object CMakeFiles/cmTC_e2358.dir/src.c.o
/usr/bin/cc    -DC_SUPPORTS_WERROR_DATE_TIME   -Werror -Werror=date-time -o CMakeFiles/cmTC_e2358.dir/src.c.o   -c /home/sruthi/LLVM/installed/llvm-4.0.0.src/lib/Transforms/CompOptDSL/ConstantFolding/CMakeFiles/CMakeTmp/src.c
Linking C executable cmTC_e2358
/usr/bin/cmake -E cmake_link_script CMakeFiles/cmTC_e2358.dir/link.txt --verbose=1
/usr/bin/cc   -DC_SUPPORTS_WERROR_DATE_TIME    CMakeFiles/cmTC_e2358.dir/src.c.o  -o cmTC_e2358 -rdynamic 
make[1]: Leaving directory '/home/sruthi/LLVM/installed/llvm-4.0.0.src/lib/Transforms/CompOptDSL/ConstantFolding/CMakeFiles/CMakeTmp'

Source file was:
int main(void) { return 0; }
Performing C++ SOURCE FILE Test CXX_SUPPORTS_WERROR_DATE_TIME succeded with the following output:
Change Dir: /home/sruthi/LLVM/installed/llvm-4.0.0.src/lib/Transforms/CompOptDSL/ConstantFolding/CMakeFiles/CMakeTmp

Run Build Command:"/usr/bin/make" "cmTC_06edf/fast"
/usr/bin/make -f CMakeFiles/cmTC_06edf.dir/build.make CMakeFiles/cmTC_06edf.dir/build
make[1]: Entering directory '/home/sruthi/LLVM/installed/llvm-4.0.0.src/lib/Transforms/CompOptDSL/ConstantFolding/CMakeFiles/CMakeTmp'
Building CXX object CMakeFiles/cmTC_06edf.dir/src.cxx.o
/usr/bin/c++     -fvisibility-inlines-hidden -DCXX_SUPPORTS_WERROR_DATE_TIME   -Werror -Werror=date-time -o CMakeFiles/cmTC_06edf.dir/src.cxx.o -c /home/sruthi/LLVM/installed/llvm-4.0.0.src/lib/Transforms/CompOptDSL/ConstantFolding/CMakeFiles/CMakeTmp/src.cxx
Linking CXX executable cmTC_06edf
/usr/bin/cmake -E cmake_link_script CMakeFiles/cmTC_06edf.dir/link.txt --verbose=1
/usr/bin/c++    -fvisibility-inlines-hidden -DCXX_SUPPORTS_WERROR_DATE_TIME    CMakeFiles/cmTC_06edf.dir/src.cxx.o  -o cmTC_06edf -rdynamic 
make[1]: Leaving directory '/home/sruthi/LLVM/installed/llvm-4.0.0.src/lib/Transforms/CompOptDSL/ConstantFolding/CMakeFiles/CMakeTmp'

Source file was:
int main() { return 0; }
Performing C++ SOURCE FILE Test CXX_SUPPORTS_CXX11 succeded with the following output:
Change Dir: /home/sruthi/LLVM/installed/llvm-4.0.0.src/lib/Transforms/CompOptDSL/ConstantFolding/CMakeFiles/CMakeTmp

Run Build Command:"/usr/bin/make" "cmTC_3a990/fast"
/usr/bin/make -f CMakeFiles/cmTC_3a990.dir/build.make CMakeFiles/cmTC_3a990.dir/build
make[1]: Entering directory '/home/sruthi/LLVM/installed/llvm-4.0.0.src/lib/Transforms/CompOptDSL/ConstantFolding/CMakeFiles/CMakeTmp'
Building CXX object CMakeFiles/cmTC_3a990.dir/src.cxx.o
/usr/bin/c++     -fvisibility-inlines-hidden -Werror=date-time -DCXX_SUPPORTS_CXX11   -std=c++11 -o CMakeFiles/cmTC_3a990.dir/src.cxx.o -c /home/sruthi/LLVM/installed/llvm-4.0.0.src/lib/Transforms/CompOptDSL/ConstantFolding/CMakeFiles/CMakeTmp/src.cxx
Linking CXX executable cmTC_3a990
/usr/bin/cmake -E cmake_link_script CMakeFiles/cmTC_3a990.dir/link.txt --verbose=1
/usr/bin/c++    -fvisibility-inlines-hidden -Werror=date-time -DCXX_SUPPORTS_CXX11    CMakeFiles/cmTC_3a990.dir/src.cxx.o  -o cmTC_3a990 -rdynamic 
make[1]: Leaving directory '/home/sruthi/LLVM/installed/llvm-4.0.0.src/lib/Transforms/CompOptDSL/ConstantFolding/CMakeFiles/CMakeTmp'

Source file was:
int main() { return 0; }
Performing C SOURCE FILE Test C_SUPPORTS_FNO_FUNCTION_SECTIONS succeded with the following output:
Change Dir: /home/sruthi/LLVM/installed/llvm-4.0.0.src/lib/Transforms/CompOptDSL/ConstantFolding/CMakeFiles/CMakeTmp

Run Build Command:"/usr/bin/make" "cmTC_2ab7b/fast"
/usr/bin/make -f CMakeFiles/cmTC_2ab7b.dir/build.make CMakeFiles/cmTC_2ab7b.dir/build
make[1]: Entering directory '/home/sruthi/LLVM/installed/llvm-4.0.0.src/lib/Transforms/CompOptDSL/ConstantFolding/CMakeFiles/CMakeTmp'
Building C object CMakeFiles/cmTC_2ab7b.dir/src.c.o
/usr/bin/cc    -Werror=date-time -DC_SUPPORTS_FNO_FUNCTION_SECTIONS   -Werror -fno-function-sections -o CMakeFiles/cmTC_2ab7b.dir/src.c.o   -c /home/sruthi/LLVM/installed/llvm-4.0.0.src/lib/Transforms/CompOptDSL/ConstantFolding/CMakeFiles/CMakeTmp/src.c
Linking C executable cmTC_2ab7b
/usr/bin/cmake -E cmake_link_script CMakeFiles/cmTC_2ab7b.dir/link.txt --verbose=1
/usr/bin/cc   -Werror=date-time -DC_SUPPORTS_FNO_FUNCTION_SECTIONS    CMakeFiles/cmTC_2ab7b.dir/src.c.o  -o cmTC_2ab7b -rdynamic 
make[1]: Leaving directory '/home/sruthi/LLVM/installed/llvm-4.0.0.src/lib/Transforms/CompOptDSL/ConstantFolding/CMakeFiles/CMakeTmp'

Source file was:
int main(void) { return 0; }
Performing C SOURCE FILE Test C_SUPPORTS_FFUNCTION_SECTIONS succeded with the following output:
Change Dir: /home/sruthi/LLVM/installed/llvm-4.0.0.src/lib/Transforms/CompOptDSL/ConstantFolding/CMakeFiles/CMakeTmp

Run Build Command:"/usr/bin/make" "cmTC_8c37c/fast"
/usr/bin/make -f CMakeFiles/cmTC_8c37c.dir/build.make CMakeFiles/cmTC_8c37c.dir/build
make[1]: Entering directory '/home/sruthi/LLVM/installed/llvm-4.0.0.src/lib/Transforms/CompOptDSL/ConstantFolding/CMakeFiles/CMakeTmp'
Building C object CMakeFiles/cmTC_8c37c.dir/src.c.o
/usr/bin/cc    -Werror=date-time -DC_SUPPORTS_FFUNCTION_SECTIONS   -Werror -ffunction-sections -o CMakeFiles/cmTC_8c37c.dir/src.c.o   -c /home/sruthi/LLVM/installed/llvm-4.0.0.src/lib/Transforms/CompOptDSL/ConstantFolding/CMakeFiles/CMakeTmp/src.c
Linking C executable cmTC_8c37c
/usr/bin/cmake -E cmake_link_script CMakeFiles/cmTC_8c37c.dir/link.txt --verbose=1
/usr/bin/cc   -Werror=date-time -DC_SUPPORTS_FFUNCTION_SECTIONS    CMakeFiles/cmTC_8c37c.dir/src.c.o  -o cmTC_8c37c -rdynamic 
make[1]: Leaving directory '/home/sruthi/LLVM/installed/llvm-4.0.0.src/lib/Transforms/CompOptDSL/ConstantFolding/CMakeFiles/CMakeTmp'

Source file was:
int main(void) { return 0; }
Performing C++ SOURCE FILE Test CXX_SUPPORTS_FFUNCTION_SECTIONS succeded with the following output:
Change Dir: /home/sruthi/LLVM/installed/llvm-4.0.0.src/lib/Transforms/CompOptDSL/ConstantFolding/CMakeFiles/CMakeTmp

Run Build Command:"/usr/bin/make" "cmTC_d2ece/fast"
/usr/bin/make -f CMakeFiles/cmTC_d2ece.dir/build.make CMakeFiles/cmTC_d2ece.dir/build
make[1]: Entering directory '/home/sruthi/LLVM/installed/llvm-4.0.0.src/lib/Transforms/CompOptDSL/ConstantFolding/CMakeFiles/CMakeTmp'
Building CXX object CMakeFiles/cmTC_d2ece.dir/src.cxx.o
/usr/bin/c++     -fvisibility-inlines-hidden -Werror=date-time -std=c++11 -DCXX_SUPPORTS_FFUNCTION_SECTIONS   -Werror -ffunction-sections -o CMakeFiles/cmTC_d2ece.dir/src.cxx.o -c /home/sruthi/LLVM/installed/llvm-4.0.0.src/lib/Transforms/CompOptDSL/ConstantFolding/CMakeFiles/CMakeTmp/src.cxx
Linking CXX executable cmTC_d2ece
/usr/bin/cmake -E cmake_link_script CMakeFiles/cmTC_d2ece.dir/link.txt --verbose=1
/usr/bin/c++    -fvisibility-inlines-hidden -Werror=date-time -std=c++11 -DCXX_SUPPORTS_FFUNCTION_SECTIONS    CMakeFiles/cmTC_d2ece.dir/src.cxx.o  -o cmTC_d2ece -rdynamic 
make[1]: Leaving directory '/home/sruthi/LLVM/installed/llvm-4.0.0.src/lib/Transforms/CompOptDSL/ConstantFolding/CMakeFiles/CMakeTmp'

Source file was:
int main() { return 0; }
Performing C SOURCE FILE Test C_SUPPORTS_FDATA_SECTIONS succeded with the following output:
Change Dir: /home/sruthi/LLVM/installed/llvm-4.0.0.src/lib/Transforms/CompOptDSL/ConstantFolding/CMakeFiles/CMakeTmp

Run Build Command:"/usr/bin/make" "cmTC_76c10/fast"
/usr/bin/make -f CMakeFiles/cmTC_76c10.dir/build.make CMakeFiles/cmTC_76c10.dir/build
make[1]: Entering directory '/home/sruthi/LLVM/installed/llvm-4.0.0.src/lib/Transforms/CompOptDSL/ConstantFolding/CMakeFiles/CMakeTmp'
Building C object CMakeFiles/cmTC_76c10.dir/src.c.o
/usr/bin/cc    -Werror=date-time -ffunction-sections -DC_SUPPORTS_FDATA_SECTIONS   -Werror -fdata-sections -o CMakeFiles/cmTC_76c10.dir/src.c.o   -c /home/sruthi/LLVM/installed/llvm-4.0.0.src/lib/Transforms/CompOptDSL/ConstantFolding/CMakeFiles/CMakeTmp/src.c
Linking C executable cmTC_76c10
/usr/bin/cmake -E cmake_link_script CMakeFiles/cmTC_76c10.dir/link.txt --verbose=1
/usr/bin/cc   -Werror=date-time -ffunction-sections -DC_SUPPORTS_FDATA_SECTIONS    CMakeFiles/cmTC_76c10.dir/src.c.o  -o cmTC_76c10 -rdynamic 
make[1]: Leaving directory '/home/sruthi/LLVM/installed/llvm-4.0.0.src/lib/Transforms/CompOptDSL/ConstantFolding/CMakeFiles/CMakeTmp'

Source file was:
int main(void) { return 0; }
Performing C++ SOURCE FILE Test CXX_SUPPORTS_FDATA_SECTIONS succeded with the following output:
Change Dir: /home/sruthi/LLVM/installed/llvm-4.0.0.src/lib/Transforms/CompOptDSL/ConstantFolding/CMakeFiles/CMakeTmp

Run Build Command:"/usr/bin/make" "cmTC_d0fdb/fast"
/usr/bin/make -f CMakeFiles/cmTC_d0fdb.dir/build.make CMakeFiles/cmTC_d0fdb.dir/build
make[1]: Entering directory '/home/sruthi/LLVM/installed/llvm-4.0.0.src/lib/Transforms/CompOptDSL/ConstantFolding/CMakeFiles/CMakeTmp'
Building CXX object CMakeFiles/cmTC_d0fdb.dir/src.cxx.o
/usr/bin/c++     -fvisibility-inlines-hidden -Werror=date-time -std=c++11 -ffunction-sections -DCXX_SUPPORTS_FDATA_SECTIONS   -Werror -fdata-sections -o CMakeFiles/cmTC_d0fdb.dir/src.cxx.o -c /home/sruthi/LLVM/installed/llvm-4.0.0.src/lib/Transforms/CompOptDSL/ConstantFolding/CMakeFiles/CMakeTmp/src.cxx
Linking CXX executable cmTC_d0fdb
/usr/bin/cmake -E cmake_link_script CMakeFiles/cmTC_d0fdb.dir/link.txt --verbose=1
/usr/bin/c++    -fvisibility-inlines-hidden -Werror=date-time -std=c++11 -ffunction-sections -DCXX_SUPPORTS_FDATA_SECTIONS    CMakeFiles/cmTC_d0fdb.dir/src.cxx.o  -o cmTC_d0fdb -rdynamic 
make[1]: Leaving directory '/home/sruthi/LLVM/installed/llvm-4.0.0.src/lib/Transforms/CompOptDSL/ConstantFolding/CMakeFiles/CMakeTmp'

Source file was:
int main() { return 0; }
Performing C++ SOURCE FILE Test SUPPORTS_FVISIBILITY_INLINES_HIDDEN_FLAG succeded with the following output:
Change Dir: /home/sruthi/LLVM/installed/llvm-4.0.0.src/lib/Transforms/CompOptDSL/ConstantPropagation&Folding/CMakeFiles/CMakeTmp

Run Build Command:"/usr/bin/make" "cmTC_7cc52/fast"
/usr/bin/make -f CMakeFiles/cmTC_7cc52.dir/build.make CMakeFiles/cmTC_7cc52.dir/build
make[1]: Entering directory '/home/sruthi/LLVM/installed/llvm-4.0.0.src/lib/Transforms/CompOptDSL/ConstantPropagation&Folding/CMakeFiles/CMakeTmp'
Building CXX object CMakeFiles/cmTC_7cc52.dir/src.cxx.o
/usr/bin/c++     -DSUPPORTS_FVISIBILITY_INLINES_HIDDEN_FLAG   -fvisibility-inlines-hidden -o CMakeFiles/cmTC_7cc52.dir/src.cxx.o -c "/home/sruthi/LLVM/installed/llvm-4.0.0.src/lib/Transforms/CompOptDSL/ConstantPropagation&Folding/CMakeFiles/CMakeTmp/src.cxx"
Linking CXX executable cmTC_7cc52
/usr/bin/cmake -E cmake_link_script CMakeFiles/cmTC_7cc52.dir/link.txt --verbose=1
/usr/bin/c++    -DSUPPORTS_FVISIBILITY_INLINES_HIDDEN_FLAG    CMakeFiles/cmTC_7cc52.dir/src.cxx.o  -o cmTC_7cc52 -rdynamic 
make[1]: Leaving directory '/home/sruthi/LLVM/installed/llvm-4.0.0.src/lib/Transforms/CompOptDSL/ConstantPropagation&Folding/CMakeFiles/CMakeTmp'

Source file was:
int main() { return 0; }
Performing C SOURCE FILE Test C_SUPPORTS_WERROR_DATE_TIME succeded with the following output:
Change Dir: /home/sruthi/LLVM/installed/llvm-4.0.0.src/lib/Transforms/CompOptDSL/ConstantPropagation&Folding/CMakeFiles/CMakeTmp

Run Build Command:"/usr/bin/make" "cmTC_82561/fast"
/usr/bin/make -f CMakeFiles/cmTC_82561.dir/build.make CMakeFiles/cmTC_82561.dir/build
make[1]: Entering directory '/home/sruthi/LLVM/installed/llvm-4.0.0.src/lib/Transforms/CompOptDSL/ConstantPropagation&Folding/CMakeFiles/CMakeTmp'
Building C object CMakeFiles/cmTC_82561.dir/src.c.o
/usr/bin/cc    -DC_SUPPORTS_WERROR_DATE_TIME   -Werror -Werror=date-time -o CMakeFiles/cmTC_82561.dir/src.c.o   -c "/home/sruthi/LLVM/installed/llvm-4.0.0.src/lib/Transforms/CompOptDSL/ConstantPropagation&Folding/CMakeFiles/CMakeTmp/src.c"
Linking C executable cmTC_82561
/usr/bin/cmake -E cmake_link_script CMakeFiles/cmTC_82561.dir/link.txt --verbose=1
/usr/bin/cc   -DC_SUPPORTS_WERROR_DATE_TIME    CMakeFiles/cmTC_82561.dir/src.c.o  -o cmTC_82561 -rdynamic 
make[1]: Leaving directory '/home/sruthi/LLVM/installed/llvm-4.0.0.src/lib/Transforms/CompOptDSL/ConstantPropagation&Folding/CMakeFiles/CMakeTmp'

Source file was:
int main(void) { return 0; }
Performing C++ SOURCE FILE Test CXX_SUPPORTS_WERROR_DATE_TIME succeded with the following output:
Change Dir: /home/sruthi/LLVM/installed/llvm-4.0.0.src/lib/Transforms/CompOptDSL/ConstantPropagation&Folding/CMakeFiles/CMakeTmp

Run Build Command:"/usr/bin/make" "cmTC_1e175/fast"
/usr/bin/make -f CMakeFiles/cmTC_1e175.dir/build.make CMakeFiles/cmTC_1e175.dir/build
make[1]: Entering directory '/home/sruthi/LLVM/installed/llvm-4.0.0.src/lib/Transforms/CompOptDSL/ConstantPropagation&Folding/CMakeFiles/CMakeTmp'
Building CXX object CMakeFiles/cmTC_1e175.dir/src.cxx.o
/usr/bin/c++     -fvisibility-inlines-hidden -DCXX_SUPPORTS_WERROR_DATE_TIME   -Werror -Werror=date-time -o CMakeFiles/cmTC_1e175.dir/src.cxx.o -c "/home/sruthi/LLVM/installed/llvm-4.0.0.src/lib/Transforms/CompOptDSL/ConstantPropagation&Folding/CMakeFiles/CMakeTmp/src.cxx"
Linking CXX executable cmTC_1e175
/usr/bin/cmake -E cmake_link_script CMakeFiles/cmTC_1e175.dir/link.txt --verbose=1
/usr/bin/c++    -fvisibility-inlines-hidden -DCXX_SUPPORTS_WERROR_DATE_TIME    CMakeFiles/cmTC_1e175.dir/src.cxx.o  -o cmTC_1e175 -rdynamic 
make[1]: Leaving directory '/home/sruthi/LLVM/installed/llvm-4.0.0.src/lib/Transforms/CompOptDSL/ConstantPropagation&Folding/CMakeFiles/CMakeTmp'

Source file was:
int main() { return 0; }
Performing C++ SOURCE FILE Test CXX_SUPPORTS_CXX11 succeded with the following output:
Change Dir: /home/sruthi/LLVM/installed/llvm-4.0.0.src/lib/Transforms/CompOptDSL/ConstantPropagation&Folding/CMakeFiles/CMakeTmp

Run Build Command:"/usr/bin/make" "cmTC_eef40/fast"
/usr/bin/make -f CMakeFiles/cmTC_eef40.dir/build.make CMakeFiles/cmTC_eef40.dir/build
make[1]: Entering directory '/home/sruthi/LLVM/installed/llvm-4.0.0.src/lib/Transforms/CompOptDSL/ConstantPropagation&Folding/CMakeFiles/CMakeTmp'
Building CXX object CMakeFiles/cmTC_eef40.dir/src.cxx.o
/usr/bin/c++     -fvisibility-inlines-hidden -Werror=date-time -DCXX_SUPPORTS_CXX11   -std=c++11 -o CMakeFiles/cmTC_eef40.dir/src.cxx.o -c "/home/sruthi/LLVM/installed/llvm-4.0.0.src/lib/Transforms/CompOptDSL/ConstantPropagation&Folding/CMakeFiles/CMakeTmp/src.cxx"
Linking CXX executable cmTC_eef40
/usr/bin/cmake -E cmake_link_script CMakeFiles/cmTC_eef40.dir/link.txt --verbose=1
/usr/bin/c++    -fvisibility-inlines-hidden -Werror=date-time -DCXX_SUPPORTS_CXX11    CMakeFiles/cmTC_eef40.dir/src.cxx.o  -o cmTC_eef40 -rdynamic 
make[1]: Leaving directory '/home/sruthi/LLVM/installed/llvm-4.0.0.src/lib/Transforms/CompOptDSL/ConstantPropagation&Folding/CMakeFiles/CMakeTmp'

Source file was:
int main() { return 0; }
Performing C SOURCE FILE Test C_SUPPORTS_FNO_FUNCTION_SECTIONS succeded with the following output:
Change Dir: /home/sruthi/LLVM/installed/llvm-4.0.0.src/lib/Transforms/CompOptDSL/ConstantPropagation&Folding/CMakeFiles/CMakeTmp

Run Build Command:"/usr/bin/make" "cmTC_9e5bd/fast"
/usr/bin/make -f CMakeFiles/cmTC_9e5bd.dir/build.make CMakeFiles/cmTC_9e5bd.dir/build
make[1]: Entering directory '/home/sruthi/LLVM/installed/llvm-4.0.0.src/lib/Transforms/CompOptDSL/ConstantPropagation&Folding/CMakeFiles/CMakeTmp'
Building C object CMakeFiles/cmTC_9e5bd.dir/src.c.o
/usr/bin/cc    -Werror=date-time -DC_SUPPORTS_FNO_FUNCTION_SECTIONS   -Werror -fno-function-sections -o CMakeFiles/cmTC_9e5bd.dir/src.c.o   -c "/home/sruthi/LLVM/installed/llvm-4.0.0.src/lib/Transforms/CompOptDSL/ConstantPropagation&Folding/CMakeFiles/CMakeTmp/src.c"
Linking C executable cmTC_9e5bd
/usr/bin/cmake -E cmake_link_script CMakeFiles/cmTC_9e5bd.dir/link.txt --verbose=1
/usr/bin/cc   -Werror=date-time -DC_SUPPORTS_FNO_FUNCTION_SECTIONS    CMakeFiles/cmTC_9e5bd.dir/src.c.o  -o cmTC_9e5bd -rdynamic 
make[1]: Leaving directory '/home/sruthi/LLVM/installed/llvm-4.0.0.src/lib/Transforms/CompOptDSL/ConstantPropagation&Folding/CMakeFiles/CMakeTmp'

Source file was:
int main(void) { return 0; }
Performing C SOURCE FILE Test C_SUPPORTS_FFUNCTION_SECTIONS succeded with the following output:
Change Dir: /home/sruthi/LLVM/installed/llvm-4.0.0.src/lib/Transforms/CompOptDSL/ConstantPropagation&Folding/CMakeFiles/CMakeTmp

Run Build Command:"/usr/bin/make" "cmTC_7105f/fast"
/usr/bin/make -f CMakeFiles/cmTC_7105f.dir/build.make CMakeFiles/cmTC_7105f.dir/build
make[1]: Entering directory '/home/sruthi/LLVM/installed/llvm-4.0.0.src/lib/Transforms/CompOptDSL/ConstantPropagation&Folding/CMakeFiles/CMakeTmp'
Building C object CMakeFiles/cmTC_7105f.dir/src.c.o
/usr/bin/cc    -Werror=date-time -DC_SUPPORTS_FFUNCTION_SECTIONS   -Werror -ffunction-sections -o CMakeFiles/cmTC_7105f.dir/src.c.o   -c "/home/sruthi/LLVM/installed/llvm-4.0.0.src/lib/Transforms/CompOptDSL/ConstantPropagation&Folding/CMakeFiles/CMakeTmp/src.c"
Linking C executable cmTC_7105f
/usr/bin/cmake -E cmake_link_script CMakeFiles/cmTC_7105f.dir/link.txt --verbose=1
/usr/bin/cc   -Werror=date-time -DC_SUPPORTS_FFUNCTION_SECTIONS    CMakeFiles/cmTC_7105f.dir/src.c.o  -o cmTC_7105f -rdynamic 
make[1]: Leaving directory '/home/sruthi/LLVM/installed/llvm-4.0.0.src/lib/Transforms/CompOptDSL/ConstantPropagation&Folding/CMakeFiles/CMakeTmp'

Source file was:
int main(void) { return 0; }
Performing C++ SOURCE FILE Test CXX_SUPPORTS_FFUNCTION_SECTIONS succeded with the following output:
Change Dir: /home/sruthi/LLVM/installed/llvm-4.0.0.src/lib/Transforms/CompOptDSL/ConstantPropagation&Folding/CMakeFiles/CMakeTmp

Run Build Command:"/usr/bin/make" "cmTC_5182d/fast"
/usr/bin/make -f CMakeFiles/cmTC_5182d.dir/build.make CMakeFiles/cmTC_5182d.dir/build
make[1]: Entering directory '/home/sruthi/LLVM/installed/llvm-4.0.0.src/lib/Transforms/CompOptDSL/ConstantPropagation&Folding/CMakeFiles/CMakeTmp'
Building CXX object CMakeFiles/cmTC_5182d.dir/src.cxx.o
/usr/bin/c++     -fvisibility-inlines-hidden -Werror=date-time -std=c++11 -DCXX_SUPPORTS_FFUNCTION_SECTIONS   -Werror -ffunction-sections -o CMakeFiles/cmTC_5182d.dir/src.cxx.o -c "/home/sruthi/LLVM/installed/llvm-4.0.0.src/lib/Transforms/CompOptDSL/ConstantPropagation&Folding/CMakeFiles/CMakeTmp/src.cxx"
Linking CXX executable cmTC_5182d
/usr/bin/cmake -E cmake_link_script CMakeFiles/cmTC_5182d.dir/link.txt --verbose=1
/usr/bin/c++    -fvisibility-inlines-hidden -Werror=date-time -std=c++11 -DCXX_SUPPORTS_FFUNCTION_SECTIONS    CMakeFiles/cmTC_5182d.dir/src.cxx.o  -o cmTC_5182d -rdynamic 
make[1]: Leaving directory '/home/sruthi/LLVM/installed/llvm-4.0.0.src/lib/Transforms/CompOptDSL/ConstantPropagation&Folding/CMakeFiles/CMakeTmp'

Source file was:
int main() { return 0; }
Performing C SOURCE FILE Test C_SUPPORTS_FDATA_SECTIONS succeded with the following output:
Change Dir: /home/sruthi/LLVM/installed/llvm-4.0.0.src/lib/Transforms/CompOptDSL/ConstantPropagation&Folding/CMakeFiles/CMakeTmp

Run Build Command:"/usr/bin/make" "cmTC_2f991/fast"
/usr/bin/make -f CMakeFiles/cmTC_2f991.dir/build.make CMakeFiles/cmTC_2f991.dir/build
make[1]: Entering directory '/home/sruthi/LLVM/installed/llvm-4.0.0.src/lib/Transforms/CompOptDSL/ConstantPropagation&Folding/CMakeFiles/CMakeTmp'
Building C object CMakeFiles/cmTC_2f991.dir/src.c.o
/usr/bin/cc    -Werror=date-time -ffunction-sections -DC_SUPPORTS_FDATA_SECTIONS   -Werror -fdata-sections -o CMakeFiles/cmTC_2f991.dir/src.c.o   -c "/home/sruthi/LLVM/installed/llvm-4.0.0.src/lib/Transforms/CompOptDSL/ConstantPropagation&Folding/CMakeFiles/CMakeTmp/src.c"
Linking C executable cmTC_2f991
/usr/bin/cmake -E cmake_link_script CMakeFiles/cmTC_2f991.dir/link.txt --verbose=1
/usr/bin/cc   -Werror=date-time -ffunction-sections -DC_SUPPORTS_FDATA_SECTIONS    CMakeFiles/cmTC_2f991.dir/src.c.o  -o cmTC_2f991 -rdynamic 
make[1]: Leaving directory '/home/sruthi/LLVM/installed/llvm-4.0.0.src/lib/Transforms/CompOptDSL/ConstantPropagation&Folding/CMakeFiles/CMakeTmp'

Source file was:
int main(void) { return 0; }
Performing C++ SOURCE FILE Test CXX_SUPPORTS_FDATA_SECTIONS succeded with the following output:
Change Dir: /home/sruthi/LLVM/installed/llvm-4.0.0.src/lib/Transforms/CompOptDSL/ConstantPropagation&Folding/CMakeFiles/CMakeTmp

Run Build Command:"/usr/bin/make" "cmTC_d3f24/fast"
/usr/bin/make -f CMakeFiles/cmTC_d3f24.dir/build.make CMakeFiles/cmTC_d3f24.dir/build
make[1]: Entering directory '/home/sruthi/LLVM/installed/llvm-4.0.0.src/lib/Transforms/CompOptDSL/ConstantPropagation&Folding/CMakeFiles/CMakeTmp'
Building CXX object CMakeFiles/cmTC_d3f24.dir/src.cxx.o
/usr/bin/c++     -fvisibility-inlines-hidden -Werror=date-time -std=c++11 -ffunction-sections -DCXX_SUPPORTS_FDATA_SECTIONS   -Werror -fdata-sections -o CMakeFiles/cmTC_d3f24.dir/src.cxx.o -c "/home/sruthi/LLVM/installed/llvm-4.0.0.src/lib/Transforms/CompOptDSL/ConstantPropagation&Folding/CMakeFiles/CMakeTmp/src.cxx"
Linking CXX executable cmTC_d3f24
/usr/bin/cmake -E cmake_link_script CMakeFiles/cmTC_d3f24.dir/link.txt --verbose=1
/usr/bin/c++    -fvisibility-inlines-hidden -Werror=date-time -std=c++11 -ffunction-sections -DCXX_SUPPORTS_FDATA_SECTIONS    CMakeFiles/cmTC_d3f24.dir/src.cxx.o  -o cmTC_d3f24 -rdynamic 
make[1]: Leaving directory '/home/sruthi/LLVM/installed/llvm-4.0.0.src/lib/Transforms/CompOptDSL/ConstantPropagation&Folding/CMakeFiles/CMakeTmp'

Source file was:
int main() { return 0; }
Performing C++ SOURCE FILE Test SUPPORTS_FVISIBILITY_INLINES_HIDDEN_FLAG succeded with the following output:
Change Dir: /home/sruthi/LLVM/installed/llvm-4.0.0.src/lib/Transforms/CompOptDSL/Opt-ConstantPropagation&Folding/CMakeFiles/CMakeTmp

Run Build Command:"/usr/bin/make" "cmTC_de8bf/fast"
/usr/bin/make -f CMakeFiles/cmTC_de8bf.dir/build.make CMakeFiles/cmTC_de8bf.dir/build
make[1]: Entering directory '/home/sruthi/LLVM/installed/llvm-4.0.0.src/lib/Transforms/CompOptDSL/Opt-ConstantPropagation&Folding/CMakeFiles/CMakeTmp'
Building CXX object CMakeFiles/cmTC_de8bf.dir/src.cxx.o
/usr/bin/c++     -DSUPPORTS_FVISIBILITY_INLINES_HIDDEN_FLAG   -fvisibility-inlines-hidden -o CMakeFiles/cmTC_de8bf.dir/src.cxx.o -c "/home/sruthi/LLVM/installed/llvm-4.0.0.src/lib/Transforms/CompOptDSL/Opt-ConstantPropagation&Folding/CMakeFiles/CMakeTmp/src.cxx"
Linking CXX executable cmTC_de8bf
/usr/bin/cmake -E cmake_link_script CMakeFiles/cmTC_de8bf.dir/link.txt --verbose=1
/usr/bin/c++    -DSUPPORTS_FVISIBILITY_INLINES_HIDDEN_FLAG    CMakeFiles/cmTC_de8bf.dir/src.cxx.o  -o cmTC_de8bf -rdynamic 
make[1]: Leaving directory '/home/sruthi/LLVM/installed/llvm-4.0.0.src/lib/Transforms/CompOptDSL/Opt-ConstantPropagation&Folding/CMakeFiles/CMakeTmp'

Source file was:
int main() { return 0; }
Performing C SOURCE FILE Test C_SUPPORTS_WERROR_DATE_TIME succeded with the following output:
Change Dir: /home/sruthi/LLVM/installed/llvm-4.0.0.src/lib/Transforms/CompOptDSL/Opt-ConstantPropagation&Folding/CMakeFiles/CMakeTmp

Run Build Command:"/usr/bin/make" "cmTC_e8743/fast"
/usr/bin/make -f CMakeFiles/cmTC_e8743.dir/build.make CMakeFiles/cmTC_e8743.dir/build
make[1]: Entering directory '/home/sruthi/LLVM/installed/llvm-4.0.0.src/lib/Transforms/CompOptDSL/Opt-ConstantPropagation&Folding/CMakeFiles/CMakeTmp'
Building C object CMakeFiles/cmTC_e8743.dir/src.c.o
/usr/bin/cc    -DC_SUPPORTS_WERROR_DATE_TIME   -Werror -Werror=date-time -o CMakeFiles/cmTC_e8743.dir/src.c.o   -c "/home/sruthi/LLVM/installed/llvm-4.0.0.src/lib/Transforms/CompOptDSL/Opt-ConstantPropagation&Folding/CMakeFiles/CMakeTmp/src.c"
Linking C executable cmTC_e8743
/usr/bin/cmake -E cmake_link_script CMakeFiles/cmTC_e8743.dir/link.txt --verbose=1
/usr/bin/cc   -DC_SUPPORTS_WERROR_DATE_TIME    CMakeFiles/cmTC_e8743.dir/src.c.o  -o cmTC_e8743 -rdynamic 
make[1]: Leaving directory '/home/sruthi/LLVM/installed/llvm-4.0.0.src/lib/Transforms/CompOptDSL/Opt-ConstantPropagation&Folding/CMakeFiles/CMakeTmp'

Source file was:
int main(void) { return 0; }
Performing C++ SOURCE FILE Test CXX_SUPPORTS_WERROR_DATE_TIME succeded with the following output:
Change Dir: /home/sruthi/LLVM/installed/llvm-4.0.0.src/lib/Transforms/CompOptDSL/Opt-ConstantPropagation&Folding/CMakeFiles/CMakeTmp

Run Build Command:"/usr/bin/make" "cmTC_d6e97/fast"
/usr/bin/make -f CMakeFiles/cmTC_d6e97.dir/build.make CMakeFiles/cmTC_d6e97.dir/build
make[1]: Entering directory '/home/sruthi/LLVM/installed/llvm-4.0.0.src/lib/Transforms/CompOptDSL/Opt-ConstantPropagation&Folding/CMakeFiles/CMakeTmp'
Building CXX object CMakeFiles/cmTC_d6e97.dir/src.cxx.o
/usr/bin/c++     -fvisibility-inlines-hidden -DCXX_SUPPORTS_WERROR_DATE_TIME   -Werror -Werror=date-time -o CMakeFiles/cmTC_d6e97.dir/src.cxx.o -c "/home/sruthi/LLVM/installed/llvm-4.0.0.src/lib/Transforms/CompOptDSL/Opt-ConstantPropagation&Folding/CMakeFiles/CMakeTmp/src.cxx"
Linking CXX executable cmTC_d6e97
/usr/bin/cmake -E cmake_link_script CMakeFiles/cmTC_d6e97.dir/link.txt --verbose=1
/usr/bin/c++    -fvisibility-inlines-hidden -DCXX_SUPPORTS_WERROR_DATE_TIME    CMakeFiles/cmTC_d6e97.dir/src.cxx.o  -o cmTC_d6e97 -rdynamic 
make[1]: Leaving directory '/home/sruthi/LLVM/installed/llvm-4.0.0.src/lib/Transforms/CompOptDSL/Opt-ConstantPropagation&Folding/CMakeFiles/CMakeTmp'

Source file was:
int main() { return 0; }
Performing C++ SOURCE FILE Test CXX_SUPPORTS_CXX11 succeded with the following output:
Change Dir: /home/sruthi/LLVM/installed/llvm-4.0.0.src/lib/Transforms/CompOptDSL/Opt-ConstantPropagation&Folding/CMakeFiles/CMakeTmp

Run Build Command:"/usr/bin/make" "cmTC_090f1/fast"
/usr/bin/make -f CMakeFiles/cmTC_090f1.dir/build.make CMakeFiles/cmTC_090f1.dir/build
make[1]: Entering directory '/home/sruthi/LLVM/installed/llvm-4.0.0.src/lib/Transforms/CompOptDSL/Opt-ConstantPropagation&Folding/CMakeFiles/CMakeTmp'
Building CXX object CMakeFiles/cmTC_090f1.dir/src.cxx.o
/usr/bin/c++     -fvisibility-inlines-hidden -Werror=date-time -DCXX_SUPPORTS_CXX11   -std=c++11 -o CMakeFiles/cmTC_090f1.dir/src.cxx.o -c "/home/sruthi/LLVM/installed/llvm-4.0.0.src/lib/Transforms/CompOptDSL/Opt-ConstantPropagation&Folding/CMakeFiles/CMakeTmp/src.cxx"
Linking CXX executable cmTC_090f1
/usr/bin/cmake -E cmake_link_script CMakeFiles/cmTC_090f1.dir/link.txt --verbose=1
/usr/bin/c++    -fvisibility-inlines-hidden -Werror=date-time -DCXX_SUPPORTS_CXX11    CMakeFiles/cmTC_090f1.dir/src.cxx.o  -o cmTC_090f1 -rdynamic 
make[1]: Leaving directory '/home/sruthi/LLVM/installed/llvm-4.0.0.src/lib/Transforms/CompOptDSL/Opt-ConstantPropagation&Folding/CMakeFiles/CMakeTmp'

Source file was:
int main() { return 0; }
Performing C SOURCE FILE Test C_SUPPORTS_FNO_FUNCTION_SECTIONS succeded with the following output:
Change Dir: /home/sruthi/LLVM/installed/llvm-4.0.0.src/lib/Transforms/CompOptDSL/Opt-ConstantPropagation&Folding/CMakeFiles/CMakeTmp

Run Build Command:"/usr/bin/make" "cmTC_a4feb/fast"
/usr/bin/make -f CMakeFiles/cmTC_a4feb.dir/build.make CMakeFiles/cmTC_a4feb.dir/build
make[1]: Entering directory '/home/sruthi/LLVM/installed/llvm-4.0.0.src/lib/Transforms/CompOptDSL/Opt-ConstantPropagation&Folding/CMakeFiles/CMakeTmp'
Building C object CMakeFiles/cmTC_a4feb.dir/src.c.o
/usr/bin/cc    -Werror=date-time -DC_SUPPORTS_FNO_FUNCTION_SECTIONS   -Werror -fno-function-sections -o CMakeFiles/cmTC_a4feb.dir/src.c.o   -c "/home/sruthi/LLVM/installed/llvm-4.0.0.src/lib/Transforms/CompOptDSL/Opt-ConstantPropagation&Folding/CMakeFiles/CMakeTmp/src.c"
Linking C executable cmTC_a4feb
/usr/bin/cmake -E cmake_link_script CMakeFiles/cmTC_a4feb.dir/link.txt --verbose=1
/usr/bin/cc   -Werror=date-time -DC_SUPPORTS_FNO_FUNCTION_SECTIONS    CMakeFiles/cmTC_a4feb.dir/src.c.o  -o cmTC_a4feb -rdynamic 
make[1]: Leaving directory '/home/sruthi/LLVM/installed/llvm-4.0.0.src/lib/Transforms/CompOptDSL/Opt-ConstantPropagation&Folding/CMakeFiles/CMakeTmp'

Source file was:
int main(void) { return 0; }
Performing C SOURCE FILE Test C_SUPPORTS_FFUNCTION_SECTIONS succeded with the following output:
Change Dir: /home/sruthi/LLVM/installed/llvm-4.0.0.src/lib/Transforms/CompOptDSL/Opt-ConstantPropagation&Folding/CMakeFiles/CMakeTmp

Run Build Command:"/usr/bin/make" "cmTC_8a7ac/fast"
/usr/bin/make -f CMakeFiles/cmTC_8a7ac.dir/build.make CMakeFiles/cmTC_8a7ac.dir/build
make[1]: Entering directory '/home/sruthi/LLVM/installed/llvm-4.0.0.src/lib/Transforms/CompOptDSL/Opt-ConstantPropagation&Folding/CMakeFiles/CMakeTmp'
Building C object CMakeFiles/cmTC_8a7ac.dir/src.c.o
/usr/bin/cc    -Werror=date-time -DC_SUPPORTS_FFUNCTION_SECTIONS   -Werror -ffunction-sections -o CMakeFiles/cmTC_8a7ac.dir/src.c.o   -c "/home/sruthi/LLVM/installed/llvm-4.0.0.src/lib/Transforms/CompOptDSL/Opt-ConstantPropagation&Folding/CMakeFiles/CMakeTmp/src.c"
Linking C executable cmTC_8a7ac
/usr/bin/cmake -E cmake_link_script CMakeFiles/cmTC_8a7ac.dir/link.txt --verbose=1
/usr/bin/cc   -Werror=date-time -DC_SUPPORTS_FFUNCTION_SECTIONS    CMakeFiles/cmTC_8a7ac.dir/src.c.o  -o cmTC_8a7ac -rdynamic 
make[1]: Leaving directory '/home/sruthi/LLVM/installed/llvm-4.0.0.src/lib/Transforms/CompOptDSL/Opt-ConstantPropagation&Folding/CMakeFiles/CMakeTmp'

Source file was:
int main(void) { return 0; }
Performing C++ SOURCE FILE Test CXX_SUPPORTS_FFUNCTION_SECTIONS succeded with the following output:
Change Dir: /home/sruthi/LLVM/installed/llvm-4.0.0.src/lib/Transforms/CompOptDSL/Opt-ConstantPropagation&Folding/CMakeFiles/CMakeTmp

Run Build Command:"/usr/bin/make" "cmTC_7e4ed/fast"
/usr/bin/make -f CMakeFiles/cmTC_7e4ed.dir/build.make CMakeFiles/cmTC_7e4ed.dir/build
make[1]: Entering directory '/home/sruthi/LLVM/installed/llvm-4.0.0.src/lib/Transforms/CompOptDSL/Opt-ConstantPropagation&Folding/CMakeFiles/CMakeTmp'
Building CXX object CMakeFiles/cmTC_7e4ed.dir/src.cxx.o
/usr/bin/c++     -fvisibility-inlines-hidden -Werror=date-time -std=c++11 -DCXX_SUPPORTS_FFUNCTION_SECTIONS   -Werror -ffunction-sections -o CMakeFiles/cmTC_7e4ed.dir/src.cxx.o -c "/home/sruthi/LLVM/installed/llvm-4.0.0.src/lib/Transforms/CompOptDSL/Opt-ConstantPropagation&Folding/CMakeFiles/CMakeTmp/src.cxx"
Linking CXX executable cmTC_7e4ed
/usr/bin/cmake -E cmake_link_script CMakeFiles/cmTC_7e4ed.dir/link.txt --verbose=1
/usr/bin/c++    -fvisibility-inlines-hidden -Werror=date-time -std=c++11 -DCXX_SUPPORTS_FFUNCTION_SECTIONS    CMakeFiles/cmTC_7e4ed.dir/src.cxx.o  -o cmTC_7e4ed -rdynamic 
make[1]: Leaving directory '/home/sruthi/LLVM/installed/llvm-4.0.0.src/lib/Transforms/CompOptDSL/Opt-ConstantPropagation&Folding/CMakeFiles/CMakeTmp'

Source file was:
int main() { return 0; }
Performing C SOURCE FILE Test C_SUPPORTS_FDATA_SECTIONS succeded with the following output:
Change Dir: /home/sruthi/LLVM/installed/llvm-4.0.0.src/lib/Transforms/CompOptDSL/Opt-ConstantPropagation&Folding/CMakeFiles/CMakeTmp

Run Build Command:"/usr/bin/make" "cmTC_515a0/fast"
/usr/bin/make -f CMakeFiles/cmTC_515a0.dir/build.make CMakeFiles/cmTC_515a0.dir/build
make[1]: Entering directory '/home/sruthi/LLVM/installed/llvm-4.0.0.src/lib/Transforms/CompOptDSL/Opt-ConstantPropagation&Folding/CMakeFiles/CMakeTmp'
Building C object CMakeFiles/cmTC_515a0.dir/src.c.o
/usr/bin/cc    -Werror=date-time -ffunction-sections -DC_SUPPORTS_FDATA_SECTIONS   -Werror -fdata-sections -o CMakeFiles/cmTC_515a0.dir/src.c.o   -c "/home/sruthi/LLVM/installed/llvm-4.0.0.src/lib/Transforms/CompOptDSL/Opt-ConstantPropagation&Folding/CMakeFiles/CMakeTmp/src.c"
Linking C executable cmTC_515a0
/usr/bin/cmake -E cmake_link_script CMakeFiles/cmTC_515a0.dir/link.txt --verbose=1
/usr/bin/cc   -Werror=date-time -ffunction-sections -DC_SUPPORTS_FDATA_SECTIONS    CMakeFiles/cmTC_515a0.dir/src.c.o  -o cmTC_515a0 -rdynamic 
make[1]: Leaving directory '/home/sruthi/LLVM/installed/llvm-4.0.0.src/lib/Transforms/CompOptDSL/Opt-ConstantPropagation&Folding/CMakeFiles/CMakeTmp'

Source file was:
int main(void) { return 0; }
Performing C++ SOURCE FILE Test CXX_SUPPORTS_FDATA_SECTIONS succeded with the following output:
Change Dir: /home/sruthi/LLVM/installed/llvm-4.0.0.src/lib/Transforms/CompOptDSL/Opt-ConstantPropagation&Folding/CMakeFiles/CMakeTmp

Run Build Command:"/usr/bin/make" "cmTC_1e4be/fast"
/usr/bin/make -f CMakeFiles/cmTC_1e4be.dir/build.make CMakeFiles/cmTC_1e4be.dir/build
make[1]: Entering directory '/home/sruthi/LLVM/installed/llvm-4.0.0.src/lib/Transforms/CompOptDSL/Opt-ConstantPropagation&Folding/CMakeFiles/CMakeTmp'
Building CXX object CMakeFiles/cmTC_1e4be.dir/src.cxx.o
/usr/bin/c++     -fvisibility-inlines-hidden -Werror=date-time -std=c++11 -ffunction-sections -DCXX_SUPPORTS_FDATA_SECTIONS   -Werror -fdata-sections -o CMakeFiles/cmTC_1e4be.dir/src.cxx.o -c "/home/sruthi/LLVM/installed/llvm-4.0.0.src/lib/Transforms/CompOptDSL/Opt-ConstantPropagation&Folding/CMakeFiles/CMakeTmp/src.cxx"
Linking CXX executable cmTC_1e4be
/usr/bin/cmake -E cmake_link_script CMakeFiles/cmTC_1e4be.dir/link.txt --verbose=1
/usr/bin/c++    -fvisibility-inlines-hidden -Werror=date-time -std=c++11 -ffunction-sections -DCXX_SUPPORTS_FDATA_SECTIONS    CMakeFiles/cmTC_1e4be.dir/src.cxx.o  -o cmTC_1e4be -rdynamic 
make[1]: Leaving directory '/home/sruthi/LLVM/installed/llvm-4.0.0.src/lib/Transforms/CompOptDSL/Opt-ConstantPropagation&Folding/CMakeFiles/CMakeTmp'

Source file was:
int main() { return 0; }
Performing C++ SOURCE FILE Test SUPPORTS_FVISIBILITY_INLINES_HIDDEN_FLAG succeded with the following output:
Change Dir: /home/sruthi/LLVM/installed/llvm-4.0.0.src/lib/Transforms/CompOptDSL/Opt-ConstantPropagation&Folding/CMakeFiles/CMakeTmp

Run Build Command:"/usr/bin/make" "cmTC_f443c/fast"
/usr/bin/make -f CMakeFiles/cmTC_f443c.dir/build.make CMakeFiles/cmTC_f443c.dir/build
make[1]: Entering directory '/home/sruthi/LLVM/installed/llvm-4.0.0.src/lib/Transforms/CompOptDSL/Opt-ConstantPropagation&Folding/CMakeFiles/CMakeTmp'
Building CXX object CMakeFiles/cmTC_f443c.dir/src.cxx.o
/usr/bin/c++     -DSUPPORTS_FVISIBILITY_INLINES_HIDDEN_FLAG   -fvisibility-inlines-hidden -o CMakeFiles/cmTC_f443c.dir/src.cxx.o -c "/home/sruthi/LLVM/installed/llvm-4.0.0.src/lib/Transforms/CompOptDSL/Opt-ConstantPropagation&Folding/CMakeFiles/CMakeTmp/src.cxx"
Linking CXX executable cmTC_f443c
/usr/bin/cmake -E cmake_link_script CMakeFiles/cmTC_f443c.dir/link.txt --verbose=1
/usr/bin/c++    -DSUPPORTS_FVISIBILITY_INLINES_HIDDEN_FLAG    CMakeFiles/cmTC_f443c.dir/src.cxx.o  -o cmTC_f443c -rdynamic 
make[1]: Leaving directory '/home/sruthi/LLVM/installed/llvm-4.0.0.src/lib/Transforms/CompOptDSL/Opt-ConstantPropagation&Folding/CMakeFiles/CMakeTmp'

Source file was:
int main() { return 0; }
Performing C SOURCE FILE Test C_SUPPORTS_WERROR_DATE_TIME succeded with the following output:
Change Dir: /home/sruthi/LLVM/installed/llvm-4.0.0.src/lib/Transforms/CompOptDSL/Opt-ConstantPropagation&Folding/CMakeFiles/CMakeTmp

Run Build Command:"/usr/bin/make" "cmTC_5b86a/fast"
/usr/bin/make -f CMakeFiles/cmTC_5b86a.dir/build.make CMakeFiles/cmTC_5b86a.dir/build
make[1]: Entering directory '/home/sruthi/LLVM/installed/llvm-4.0.0.src/lib/Transforms/CompOptDSL/Opt-ConstantPropagation&Folding/CMakeFiles/CMakeTmp'
Building C object CMakeFiles/cmTC_5b86a.dir/src.c.o
/usr/bin/cc    -DC_SUPPORTS_WERROR_DATE_TIME   -Werror -Werror=date-time -o CMakeFiles/cmTC_5b86a.dir/src.c.o   -c "/home/sruthi/LLVM/installed/llvm-4.0.0.src/lib/Transforms/CompOptDSL/Opt-ConstantPropagation&Folding/CMakeFiles/CMakeTmp/src.c"
Linking C executable cmTC_5b86a
/usr/bin/cmake -E cmake_link_script CMakeFiles/cmTC_5b86a.dir/link.txt --verbose=1
/usr/bin/cc   -DC_SUPPORTS_WERROR_DATE_TIME    CMakeFiles/cmTC_5b86a.dir/src.c.o  -o cmTC_5b86a -rdynamic 
make[1]: Leaving directory '/home/sruthi/LLVM/installed/llvm-4.0.0.src/lib/Transforms/CompOptDSL/Opt-ConstantPropagation&Folding/CMakeFiles/CMakeTmp'

Source file was:
int main(void) { return 0; }
Performing C++ SOURCE FILE Test CXX_SUPPORTS_WERROR_DATE_TIME succeded with the following output:
Change Dir: /home/sruthi/LLVM/installed/llvm-4.0.0.src/lib/Transforms/CompOptDSL/Opt-ConstantPropagation&Folding/CMakeFiles/CMakeTmp

Run Build Command:"/usr/bin/make" "cmTC_89287/fast"
/usr/bin/make -f CMakeFiles/cmTC_89287.dir/build.make CMakeFiles/cmTC_89287.dir/build
make[1]: Entering directory '/home/sruthi/LLVM/installed/llvm-4.0.0.src/lib/Transforms/CompOptDSL/Opt-ConstantPropagation&Folding/CMakeFiles/CMakeTmp'
Building CXX object CMakeFiles/cmTC_89287.dir/src.cxx.o
/usr/bin/c++     -fvisibility-inlines-hidden -DCXX_SUPPORTS_WERROR_DATE_TIME   -Werror -Werror=date-time -o CMakeFiles/cmTC_89287.dir/src.cxx.o -c "/home/sruthi/LLVM/installed/llvm-4.0.0.src/lib/Transforms/CompOptDSL/Opt-ConstantPropagation&Folding/CMakeFiles/CMakeTmp/src.cxx"
Linking CXX executable cmTC_89287
/usr/bin/cmake -E cmake_link_script CMakeFiles/cmTC_89287.dir/link.txt --verbose=1
/usr/bin/c++    -fvisibility-inlines-hidden -DCXX_SUPPORTS_WERROR_DATE_TIME    CMakeFiles/cmTC_89287.dir/src.cxx.o  -o cmTC_89287 -rdynamic 
make[1]: Leaving directory '/home/sruthi/LLVM/installed/llvm-4.0.0.src/lib/Transforms/CompOptDSL/Opt-ConstantPropagation&Folding/CMakeFiles/CMakeTmp'

Source file was:
int main() { return 0; }
Performing C++ SOURCE FILE Test CXX_SUPPORTS_CXX11 succeded with the following output:
Change Dir: /home/sruthi/LLVM/installed/llvm-4.0.0.src/lib/Transforms/CompOptDSL/Opt-ConstantPropagation&Folding/CMakeFiles/CMakeTmp

Run Build Command:"/usr/bin/make" "cmTC_7f6dd/fast"
/usr/bin/make -f CMakeFiles/cmTC_7f6dd.dir/build.make CMakeFiles/cmTC_7f6dd.dir/build
make[1]: Entering directory '/home/sruthi/LLVM/installed/llvm-4.0.0.src/lib/Transforms/CompOptDSL/Opt-ConstantPropagation&Folding/CMakeFiles/CMakeTmp'
Building CXX object CMakeFiles/cmTC_7f6dd.dir/src.cxx.o
/usr/bin/c++     -fvisibility-inlines-hidden -Werror=date-time -DCXX_SUPPORTS_CXX11   -std=c++11 -o CMakeFiles/cmTC_7f6dd.dir/src.cxx.o -c "/home/sruthi/LLVM/installed/llvm-4.0.0.src/lib/Transforms/CompOptDSL/Opt-ConstantPropagation&Folding/CMakeFiles/CMakeTmp/src.cxx"
Linking CXX executable cmTC_7f6dd
/usr/bin/cmake -E cmake_link_script CMakeFiles/cmTC_7f6dd.dir/link.txt --verbose=1
/usr/bin/c++    -fvisibility-inlines-hidden -Werror=date-time -DCXX_SUPPORTS_CXX11    CMakeFiles/cmTC_7f6dd.dir/src.cxx.o  -o cmTC_7f6dd -rdynamic 
make[1]: Leaving directory '/home/sruthi/LLVM/installed/llvm-4.0.0.src/lib/Transforms/CompOptDSL/Opt-ConstantPropagation&Folding/CMakeFiles/CMakeTmp'

Source file was:
int main() { return 0; }
Performing C SOURCE FILE Test C_SUPPORTS_FNO_FUNCTION_SECTIONS succeded with the following output:
Change Dir: /home/sruthi/LLVM/installed/llvm-4.0.0.src/lib/Transforms/CompOptDSL/Opt-ConstantPropagation&Folding/CMakeFiles/CMakeTmp

Run Build Command:"/usr/bin/make" "cmTC_b06a3/fast"
/usr/bin/make -f CMakeFiles/cmTC_b06a3.dir/build.make CMakeFiles/cmTC_b06a3.dir/build
make[1]: Entering directory '/home/sruthi/LLVM/installed/llvm-4.0.0.src/lib/Transforms/CompOptDSL/Opt-ConstantPropagation&Folding/CMakeFiles/CMakeTmp'
Building C object CMakeFiles/cmTC_b06a3.dir/src.c.o
/usr/bin/cc    -Werror=date-time -DC_SUPPORTS_FNO_FUNCTION_SECTIONS   -Werror -fno-function-sections -o CMakeFiles/cmTC_b06a3.dir/src.c.o   -c "/home/sruthi/LLVM/installed/llvm-4.0.0.src/lib/Transforms/CompOptDSL/Opt-ConstantPropagation&Folding/CMakeFiles/CMakeTmp/src.c"
Linking C executable cmTC_b06a3
/usr/bin/cmake -E cmake_link_script CMakeFiles/cmTC_b06a3.dir/link.txt --verbose=1
/usr/bin/cc   -Werror=date-time -DC_SUPPORTS_FNO_FUNCTION_SECTIONS    CMakeFiles/cmTC_b06a3.dir/src.c.o  -o cmTC_b06a3 -rdynamic 
make[1]: Leaving directory '/home/sruthi/LLVM/installed/llvm-4.0.0.src/lib/Transforms/CompOptDSL/Opt-ConstantPropagation&Folding/CMakeFiles/CMakeTmp'

Source file was:
int main(void) { return 0; }
Performing C SOURCE FILE Test C_SUPPORTS_FFUNCTION_SECTIONS succeded with the following output:
Change Dir: /home/sruthi/LLVM/installed/llvm-4.0.0.src/lib/Transforms/CompOptDSL/Opt-ConstantPropagation&Folding/CMakeFiles/CMakeTmp

Run Build Command:"/usr/bin/make" "cmTC_269ce/fast"
/usr/bin/make -f CMakeFiles/cmTC_269ce.dir/build.make CMakeFiles/cmTC_269ce.dir/build
make[1]: Entering directory '/home/sruthi/LLVM/installed/llvm-4.0.0.src/lib/Transforms/CompOptDSL/Opt-ConstantPropagation&Folding/CMakeFiles/CMakeTmp'
Building C object CMakeFiles/cmTC_269ce.dir/src.c.o
/usr/bin/cc    -Werror=date-time -DC_SUPPORTS_FFUNCTION_SECTIONS   -Werror -ffunction-sections -o CMakeFiles/cmTC_269ce.dir/src.c.o   -c "/home/sruthi/LLVM/installed/llvm-4.0.0.src/lib/Transforms/CompOptDSL/Opt-ConstantPropagation&Folding/CMakeFiles/CMakeTmp/src.c"
Linking C executable cmTC_269ce
/usr/bin/cmake -E cmake_link_script CMakeFiles/cmTC_269ce.dir/link.txt --verbose=1
/usr/bin/cc   -Werror=date-time -DC_SUPPORTS_FFUNCTION_SECTIONS    CMakeFiles/cmTC_269ce.dir/src.c.o  -o cmTC_269ce -rdynamic 
make[1]: Leaving directory '/home/sruthi/LLVM/installed/llvm-4.0.0.src/lib/Transforms/CompOptDSL/Opt-ConstantPropagation&Folding/CMakeFiles/CMakeTmp'

Source file was:
int main(void) { return 0; }
Performing C++ SOURCE FILE Test CXX_SUPPORTS_FFUNCTION_SECTIONS succeded with the following output:
Change Dir: /home/sruthi/LLVM/installed/llvm-4.0.0.src/lib/Transforms/CompOptDSL/Opt-ConstantPropagation&Folding/CMakeFiles/CMakeTmp

Run Build Command:"/usr/bin/make" "cmTC_1ba47/fast"
/usr/bin/make -f CMakeFiles/cmTC_1ba47.dir/build.make CMakeFiles/cmTC_1ba47.dir/build
make[1]: Entering directory '/home/sruthi/LLVM/installed/llvm-4.0.0.src/lib/Transforms/CompOptDSL/Opt-ConstantPropagation&Folding/CMakeFiles/CMakeTmp'
Building CXX object CMakeFiles/cmTC_1ba47.dir/src.cxx.o
/usr/bin/c++     -fvisibility-inlines-hidden -Werror=date-time -std=c++11 -DCXX_SUPPORTS_FFUNCTION_SECTIONS   -Werror -ffunction-sections -o CMakeFiles/cmTC_1ba47.dir/src.cxx.o -c "/home/sruthi/LLVM/installed/llvm-4.0.0.src/lib/Transforms/CompOptDSL/Opt-ConstantPropagation&Folding/CMakeFiles/CMakeTmp/src.cxx"
Linking CXX executable cmTC_1ba47
/usr/bin/cmake -E cmake_link_script CMakeFiles/cmTC_1ba47.dir/link.txt --verbose=1
/usr/bin/c++    -fvisibility-inlines-hidden -Werror=date-time -std=c++11 -DCXX_SUPPORTS_FFUNCTION_SECTIONS    CMakeFiles/cmTC_1ba47.dir/src.cxx.o  -o cmTC_1ba47 -rdynamic 
make[1]: Leaving directory '/home/sruthi/LLVM/installed/llvm-4.0.0.src/lib/Transforms/CompOptDSL/Opt-ConstantPropagation&Folding/CMakeFiles/CMakeTmp'

Source file was:
int main() { return 0; }
Performing C SOURCE FILE Test C_SUPPORTS_FDATA_SECTIONS succeded with the following output:
Change Dir: /home/sruthi/LLVM/installed/llvm-4.0.0.src/lib/Transforms/CompOptDSL/Opt-ConstantPropagation&Folding/CMakeFiles/CMakeTmp

Run Build Command:"/usr/bin/make" "cmTC_311a4/fast"
/usr/bin/make -f CMakeFiles/cmTC_311a4.dir/build.make CMakeFiles/cmTC_311a4.dir/build
make[1]: Entering directory '/home/sruthi/LLVM/installed/llvm-4.0.0.src/lib/Transforms/CompOptDSL/Opt-ConstantPropagation&Folding/CMakeFiles/CMakeTmp'
Building C object CMakeFiles/cmTC_311a4.dir/src.c.o
/usr/bin/cc    -Werror=date-time -ffunction-sections -DC_SUPPORTS_FDATA_SECTIONS   -Werror -fdata-sections -o CMakeFiles/cmTC_311a4.dir/src.c.o   -c "/home/sruthi/LLVM/installed/llvm-4.0.0.src/lib/Transforms/CompOptDSL/Opt-ConstantPropagation&Folding/CMakeFiles/CMakeTmp/src.c"
Linking C executable cmTC_311a4
/usr/bin/cmake -E cmake_link_script CMakeFiles/cmTC_311a4.dir/link.txt --verbose=1
/usr/bin/cc   -Werror=date-time -ffunction-sections -DC_SUPPORTS_FDATA_SECTIONS    CMakeFiles/cmTC_311a4.dir/src.c.o  -o cmTC_311a4 -rdynamic 
make[1]: Leaving directory '/home/sruthi/LLVM/installed/llvm-4.0.0.src/lib/Transforms/CompOptDSL/Opt-ConstantPropagation&Folding/CMakeFiles/CMakeTmp'

Source file was:
int main(void) { return 0; }
Performing C++ SOURCE FILE Test CXX_SUPPORTS_FDATA_SECTIONS succeded with the following output:
Change Dir: /home/sruthi/LLVM/installed/llvm-4.0.0.src/lib/Transforms/CompOptDSL/Opt-ConstantPropagation&Folding/CMakeFiles/CMakeTmp

Run Build Command:"/usr/bin/make" "cmTC_14a49/fast"
/usr/bin/make -f CMakeFiles/cmTC_14a49.dir/build.make CMakeFiles/cmTC_14a49.dir/build
make[1]: Entering directory '/home/sruthi/LLVM/installed/llvm-4.0.0.src/lib/Transforms/CompOptDSL/Opt-ConstantPropagation&Folding/CMakeFiles/CMakeTmp'
Building CXX object CMakeFiles/cmTC_14a49.dir/src.cxx.o
/usr/bin/c++     -fvisibility-inlines-hidden -Werror=date-time -std=c++11 -ffunction-sections -DCXX_SUPPORTS_FDATA_SECTIONS   -Werror -fdata-sections -o CMakeFiles/cmTC_14a49.dir/src.cxx.o -c "/home/sruthi/LLVM/installed/llvm-4.0.0.src/lib/Transforms/CompOptDSL/Opt-ConstantPropagation&Folding/CMakeFiles/CMakeTmp/src.cxx"
Linking CXX executable cmTC_14a49
/usr/bin/cmake -E cmake_link_script CMakeFiles/cmTC_14a49.dir/link.txt --verbose=1
/usr/bin/c++    -fvisibility-inlines-hidden -Werror=date-time -std=c++11 -ffunction-sections -DCXX_SUPPORTS_FDATA_SECTIONS    CMakeFiles/cmTC_14a49.dir/src.cxx.o  -o cmTC_14a49 -rdynamic 
make[1]: Leaving directory '/home/sruthi/LLVM/installed/llvm-4.0.0.src/lib/Transforms/CompOptDSL/Opt-ConstantPropagation&Folding/CMakeFiles/CMakeTmp'

Source file was:
int main() { return 0; }
