The system is: Linux - 4.4.0-104-generic - x86_64
Compiling the C compiler identification source file "CMakeCCompilerId.c" succeeded.
Compiler: /usr/bin/cc 
Build flags: 
Id flags: 

The output was:
0


Compilation of the C compiler identification source "CMakeCCompilerId.c" produced "a.out"

The C compiler identification is GNU, found in "/home/sruthi/LLVM/installed/llvm-4.0.0.src/lib/Transforms/CompOptDSL/DCE/try2/CMakeFiles/3.4.3/CompilerIdC/a.out"

Compiling the CXX compiler identification source file "CMakeCXXCompilerId.cpp" succeeded.
Compiler: /usr/bin/c++ 
Build flags: 
Id flags: 

The output was:
0


Compilation of the CXX compiler identification source "CMakeCXXCompilerId.cpp" produced "a.out"

The CXX compiler identification is GNU, found in "/home/sruthi/LLVM/installed/llvm-4.0.0.src/lib/Transforms/CompOptDSL/DCE/try2/CMakeFiles/3.4.3/CompilerIdCXX/a.out"

Determining if the C compiler works passed with the following output:
Change Dir: /home/sruthi/LLVM/installed/llvm-4.0.0.src/lib/Transforms/CompOptDSL/DCE/try2/CMakeFiles/CMakeTmp

Run Build Command:"/usr/bin/make" "cmTC_35c58/fast"
/usr/bin/make -f CMakeFiles/cmTC_35c58.dir/build.make CMakeFiles/cmTC_35c58.dir/build
make[1]: Entering directory '/home/sruthi/LLVM/installed/llvm-4.0.0.src/lib/Transforms/CompOptDSL/DCE/try2/CMakeFiles/CMakeTmp'
Building C object CMakeFiles/cmTC_35c58.dir/testCCompiler.c.o
/usr/bin/cc     -o CMakeFiles/cmTC_35c58.dir/testCCompiler.c.o   -c /home/sruthi/LLVM/installed/llvm-4.0.0.src/lib/Transforms/CompOptDSL/DCE/try2/CMakeFiles/CMakeTmp/testCCompiler.c
Linking C executable cmTC_35c58
/usr/bin/cmake -E cmake_link_script CMakeFiles/cmTC_35c58.dir/link.txt --verbose=1
/usr/bin/cc       CMakeFiles/cmTC_35c58.dir/testCCompiler.c.o  -o cmTC_35c58 -rdynamic 
make[1]: Leaving directory '/home/sruthi/LLVM/installed/llvm-4.0.0.src/lib/Transforms/CompOptDSL/DCE/try2/CMakeFiles/CMakeTmp'


Detecting C compiler ABI info compiled with the following output:
Change Dir: /home/sruthi/LLVM/installed/llvm-4.0.0.src/lib/Transforms/CompOptDSL/DCE/try2/CMakeFiles/CMakeTmp

Run Build Command:"/usr/bin/make" "cmTC_cc72f/fast"
/usr/bin/make -f CMakeFiles/cmTC_cc72f.dir/build.make CMakeFiles/cmTC_cc72f.dir/build
make[1]: Entering directory '/home/sruthi/LLVM/installed/llvm-4.0.0.src/lib/Transforms/CompOptDSL/DCE/try2/CMakeFiles/CMakeTmp'
Building C object CMakeFiles/cmTC_cc72f.dir/CMakeCCompilerABI.c.o
/usr/bin/cc     -o CMakeFiles/cmTC_cc72f.dir/CMakeCCompilerABI.c.o   -c /usr/share/cmake-3.4/Modules/CMakeCCompilerABI.c
Linking C executable cmTC_cc72f
/usr/bin/cmake -E cmake_link_script CMakeFiles/cmTC_cc72f.dir/link.txt --verbose=1
/usr/bin/cc      -v CMakeFiles/cmTC_cc72f.dir/CMakeCCompilerABI.c.o  -o cmTC_cc72f -rdynamic  
Using built-in specs.
COLLECT_GCC=/usr/bin/cc
COLLECT_LTO_WRAPPER=/usr/lib/gcc/x86_64-linux-gnu/5/lto-wrapper
Target: x86_64-linux-gnu
Configured with: ../src/configure -v --with-pkgversion='Ubuntu 5.4.0-6ubuntu1~16.04.4' --with-bugurl=file:///usr/share/doc/gcc-5/README.Bugs --enable-languages=c,ada,c++,java,go,d,fortran,objc,obj-c++ --prefix=/usr --program-suffix=-5 --enable-shared --enable-linker-build-id --libexecdir=/usr/lib --without-included-gettext --enable-threads=posix --libdir=/usr/lib --enable-nls --with-sysroot=/ --enable-clocale=gnu --enable-libstdcxx-debug --enable-libstdcxx-time=yes --with-default-libstdcxx-abi=new --enable-gnu-unique-object --disable-vtable-verify --enable-libmpx --enable-plugin --with-system-zlib --disable-browser-plugin --enable-java-awt=gtk --enable-gtk-cairo --with-java-home=/usr/lib/jvm/java-1.5.0-gcj-5-amd64/jre --enable-java-home --with-jvm-root-dir=/usr/lib/jvm/java-1.5.0-gcj-5-amd64 --with-jvm-jar-dir=/usr/lib/jvm-exports/java-1.5.0-gcj-5-amd64 --with-arch-directory=amd64 --with-ecj-jar=/usr/share/java/eclipse-ecj.jar --enable-objc-gc --enable-multiarch --disable-werror --with-arch-32=i686 --with-abi=m64 --with-multilib-list=m32,m64,mx32 --enable-multilib --with-tune=generic --enable-checking=release --build=x86_64-linux-gnu --host=x86_64-linux-gnu --target=x86_64-linux-gnu
Thread model: posix
gcc version 5.4.0 20160609 (Ubuntu 5.4.0-6ubuntu1~16.04.4) 
COMPILER_PATH=/usr/lib/gcc/x86_64-linux-gnu/5/:/usr/lib/gcc/x86_64-linux-gnu/5/:/usr/lib/gcc/x86_64-linux-gnu/:/usr/lib/gcc/x86_64-linux-gnu/5/:/usr/lib/gcc/x86_64-linux-gnu/
LIBRARY_PATH=/usr/lib/gcc/x86_64-linux-gnu/5/:/usr/lib/gcc/x86_64-linux-gnu/5/../../../x86_64-linux-gnu/:/usr/lib/gcc/x86_64-linux-gnu/5/../../../../lib/:/lib/x86_64-linux-gnu/:/lib/../lib/:/usr/lib/x86_64-linux-gnu/:/usr/lib/../lib/:/usr/lib/gcc/x86_64-linux-gnu/5/../../../:/lib/:/usr/lib/
COLLECT_GCC_OPTIONS='-v' '-o' 'cmTC_cc72f' '-rdynamic' '-mtune=generic' '-march=x86-64'
 /usr/lib/gcc/x86_64-linux-gnu/5/collect2 -plugin /usr/lib/gcc/x86_64-linux-gnu/5/liblto_plugin.so -plugin-opt=/usr/lib/gcc/x86_64-linux-gnu/5/lto-wrapper -plugin-opt=-fresolution=/tmp/ccTd1JPr.res -plugin-opt=-pass-through=-lgcc -plugin-opt=-pass-through=-lgcc_s -plugin-opt=-pass-through=-lc -plugin-opt=-pass-through=-lgcc -plugin-opt=-pass-through=-lgcc_s --sysroot=/ --build-id --eh-frame-hdr -m elf_x86_64 --hash-style=gnu --as-needed -export-dynamic -dynamic-linker /lib64/ld-linux-x86-64.so.2 -z relro -o cmTC_cc72f /usr/lib/gcc/x86_64-linux-gnu/5/../../../x86_64-linux-gnu/crt1.o /usr/lib/gcc/x86_64-linux-gnu/5/../../../x86_64-linux-gnu/crti.o /usr/lib/gcc/x86_64-linux-gnu/5/crtbegin.o -L/usr/lib/gcc/x86_64-linux-gnu/5 -L/usr/lib/gcc/x86_64-linux-gnu/5/../../../x86_64-linux-gnu -L/usr/lib/gcc/x86_64-linux-gnu/5/../../../../lib -L/lib/x86_64-linux-gnu -L/lib/../lib -L/usr/lib/x86_64-linux-gnu -L/usr/lib/../lib -L/usr/lib/gcc/x86_64-linux-gnu/5/../../.. CMakeFiles/cmTC_cc72f.dir/CMakeCCompilerABI.c.o -lgcc --as-needed -lgcc_s --no-as-needed -lc -lgcc --as-needed -lgcc_s --no-as-needed /usr/lib/gcc/x86_64-linux-gnu/5/crtend.o /usr/lib/gcc/x86_64-linux-gnu/5/../../../x86_64-linux-gnu/crtn.o
make[1]: Leaving directory '/home/sruthi/LLVM/installed/llvm-4.0.0.src/lib/Transforms/CompOptDSL/DCE/try2/CMakeFiles/CMakeTmp'


Parsed C implicit link information from above output:
  link line regex: [^( *|.*[/\])(ld|([^/\]+-)?ld|collect2)[^/\]*( |$)]
  ignore line: [Change Dir: /home/sruthi/LLVM/installed/llvm-4.0.0.src/lib/Transforms/CompOptDSL/DCE/try2/CMakeFiles/CMakeTmp]
  ignore line: []
  ignore line: [Run Build Command:"/usr/bin/make" "cmTC_cc72f/fast"]
  ignore line: [/usr/bin/make -f CMakeFiles/cmTC_cc72f.dir/build.make CMakeFiles/cmTC_cc72f.dir/build]
  ignore line: [make[1]: Entering directory '/home/sruthi/LLVM/installed/llvm-4.0.0.src/lib/Transforms/CompOptDSL/DCE/try2/CMakeFiles/CMakeTmp']
  ignore line: [Building C object CMakeFiles/cmTC_cc72f.dir/CMakeCCompilerABI.c.o]
  ignore line: [/usr/bin/cc     -o CMakeFiles/cmTC_cc72f.dir/CMakeCCompilerABI.c.o   -c /usr/share/cmake-3.4/Modules/CMakeCCompilerABI.c]
  ignore line: [Linking C executable cmTC_cc72f]
  ignore line: [/usr/bin/cmake -E cmake_link_script CMakeFiles/cmTC_cc72f.dir/link.txt --verbose=1]
  ignore line: [/usr/bin/cc      -v CMakeFiles/cmTC_cc72f.dir/CMakeCCompilerABI.c.o  -o cmTC_cc72f -rdynamic  ]
  ignore line: [Using built-in specs.]
  ignore line: [COLLECT_GCC=/usr/bin/cc]
  ignore line: [COLLECT_LTO_WRAPPER=/usr/lib/gcc/x86_64-linux-gnu/5/lto-wrapper]
  ignore line: [Target: x86_64-linux-gnu]
  ignore line: [Configured with: ../src/configure -v --with-pkgversion='Ubuntu 5.4.0-6ubuntu1~16.04.4' --with-bugurl=file:///usr/share/doc/gcc-5/README.Bugs --enable-languages=c,ada,c++,java,go,d,fortran,objc,obj-c++ --prefix=/usr --program-suffix=-5 --enable-shared --enable-linker-build-id --libexecdir=/usr/lib --without-included-gettext --enable-threads=posix --libdir=/usr/lib --enable-nls --with-sysroot=/ --enable-clocale=gnu --enable-libstdcxx-debug --enable-libstdcxx-time=yes --with-default-libstdcxx-abi=new --enable-gnu-unique-object --disable-vtable-verify --enable-libmpx --enable-plugin --with-system-zlib --disable-browser-plugin --enable-java-awt=gtk --enable-gtk-cairo --with-java-home=/usr/lib/jvm/java-1.5.0-gcj-5-amd64/jre --enable-java-home --with-jvm-root-dir=/usr/lib/jvm/java-1.5.0-gcj-5-amd64 --with-jvm-jar-dir=/usr/lib/jvm-exports/java-1.5.0-gcj-5-amd64 --with-arch-directory=amd64 --with-ecj-jar=/usr/share/java/eclipse-ecj.jar --enable-objc-gc --enable-multiarch --disable-werror --with-arch-32=i686 --with-abi=m64 --with-multilib-list=m32,m64,mx32 --enable-multilib --with-tune=generic --enable-checking=release --build=x86_64-linux-gnu --host=x86_64-linux-gnu --target=x86_64-linux-gnu]
  ignore line: [Thread model: posix]
  ignore line: [gcc version 5.4.0 20160609 (Ubuntu 5.4.0-6ubuntu1~16.04.4) ]
  ignore line: [COMPILER_PATH=/usr/lib/gcc/x86_64-linux-gnu/5/:/usr/lib/gcc/x86_64-linux-gnu/5/:/usr/lib/gcc/x86_64-linux-gnu/:/usr/lib/gcc/x86_64-linux-gnu/5/:/usr/lib/gcc/x86_64-linux-gnu/]
  ignore line: [LIBRARY_PATH=/usr/lib/gcc/x86_64-linux-gnu/5/:/usr/lib/gcc/x86_64-linux-gnu/5/../../../x86_64-linux-gnu/:/usr/lib/gcc/x86_64-linux-gnu/5/../../../../lib/:/lib/x86_64-linux-gnu/:/lib/../lib/:/usr/lib/x86_64-linux-gnu/:/usr/lib/../lib/:/usr/lib/gcc/x86_64-linux-gnu/5/../../../:/lib/:/usr/lib/]
  ignore line: [COLLECT_GCC_OPTIONS='-v' '-o' 'cmTC_cc72f' '-rdynamic' '-mtune=generic' '-march=x86-64']
  link line: [ /usr/lib/gcc/x86_64-linux-gnu/5/collect2 -plugin /usr/lib/gcc/x86_64-linux-gnu/5/liblto_plugin.so -plugin-opt=/usr/lib/gcc/x86_64-linux-gnu/5/lto-wrapper -plugin-opt=-fresolution=/tmp/ccTd1JPr.res -plugin-opt=-pass-through=-lgcc -plugin-opt=-pass-through=-lgcc_s -plugin-opt=-pass-through=-lc -plugin-opt=-pass-through=-lgcc -plugin-opt=-pass-through=-lgcc_s --sysroot=/ --build-id --eh-frame-hdr -m elf_x86_64 --hash-style=gnu --as-needed -export-dynamic -dynamic-linker /lib64/ld-linux-x86-64.so.2 -z relro -o cmTC_cc72f /usr/lib/gcc/x86_64-linux-gnu/5/../../../x86_64-linux-gnu/crt1.o /usr/lib/gcc/x86_64-linux-gnu/5/../../../x86_64-linux-gnu/crti.o /usr/lib/gcc/x86_64-linux-gnu/5/crtbegin.o -L/usr/lib/gcc/x86_64-linux-gnu/5 -L/usr/lib/gcc/x86_64-linux-gnu/5/../../../x86_64-linux-gnu -L/usr/lib/gcc/x86_64-linux-gnu/5/../../../../lib -L/lib/x86_64-linux-gnu -L/lib/../lib -L/usr/lib/x86_64-linux-gnu -L/usr/lib/../lib -L/usr/lib/gcc/x86_64-linux-gnu/5/../../.. CMakeFiles/cmTC_cc72f.dir/CMakeCCompilerABI.c.o -lgcc --as-needed -lgcc_s --no-as-needed -lc -lgcc --as-needed -lgcc_s --no-as-needed /usr/lib/gcc/x86_64-linux-gnu/5/crtend.o /usr/lib/gcc/x86_64-linux-gnu/5/../../../x86_64-linux-gnu/crtn.o]
    arg [/usr/lib/gcc/x86_64-linux-gnu/5/collect2] ==> ignore
    arg [-plugin] ==> ignore
    arg [/usr/lib/gcc/x86_64-linux-gnu/5/liblto_plugin.so] ==> ignore
    arg [-plugin-opt=/usr/lib/gcc/x86_64-linux-gnu/5/lto-wrapper] ==> ignore
    arg [-plugin-opt=-fresolution=/tmp/ccTd1JPr.res] ==> ignore
    arg [-plugin-opt=-pass-through=-lgcc] ==> ignore
    arg [-plugin-opt=-pass-through=-lgcc_s] ==> ignore
    arg [-plugin-opt=-pass-through=-lc] ==> ignore
    arg [-plugin-opt=-pass-through=-lgcc] ==> ignore
    arg [-plugin-opt=-pass-through=-lgcc_s] ==> ignore
    arg [--sysroot=/] ==> ignore
    arg [--build-id] ==> ignore
    arg [--eh-frame-hdr] ==> ignore
    arg [-m] ==> ignore
    arg [elf_x86_64] ==> ignore
    arg [--hash-style=gnu] ==> ignore
    arg [--as-needed] ==> ignore
    arg [-export-dynamic] ==> ignore
    arg [-dynamic-linker] ==> ignore
    arg [/lib64/ld-linux-x86-64.so.2] ==> ignore
    arg [-zrelro] ==> ignore
    arg [-o] ==> ignore
    arg [cmTC_cc72f] ==> ignore
    arg [/usr/lib/gcc/x86_64-linux-gnu/5/../../../x86_64-linux-gnu/crt1.o] ==> ignore
    arg [/usr/lib/gcc/x86_64-linux-gnu/5/../../../x86_64-linux-gnu/crti.o] ==> ignore
    arg [/usr/lib/gcc/x86_64-linux-gnu/5/crtbegin.o] ==> ignore
    arg [-L/usr/lib/gcc/x86_64-linux-gnu/5] ==> dir [/usr/lib/gcc/x86_64-linux-gnu/5]
    arg [-L/usr/lib/gcc/x86_64-linux-gnu/5/../../../x86_64-linux-gnu] ==> dir [/usr/lib/gcc/x86_64-linux-gnu/5/../../../x86_64-linux-gnu]
    arg [-L/usr/lib/gcc/x86_64-linux-gnu/5/../../../../lib] ==> dir [/usr/lib/gcc/x86_64-linux-gnu/5/../../../../lib]
    arg [-L/lib/x86_64-linux-gnu] ==> dir [/lib/x86_64-linux-gnu]
    arg [-L/lib/../lib] ==> dir [/lib/../lib]
    arg [-L/usr/lib/x86_64-linux-gnu] ==> dir [/usr/lib/x86_64-linux-gnu]
    arg [-L/usr/lib/../lib] ==> dir [/usr/lib/../lib]
    arg [-L/usr/lib/gcc/x86_64-linux-gnu/5/../../..] ==> dir [/usr/lib/gcc/x86_64-linux-gnu/5/../../..]
    arg [CMakeFiles/cmTC_cc72f.dir/CMakeCCompilerABI.c.o] ==> ignore
    arg [-lgcc] ==> lib [gcc]
    arg [--as-needed] ==> ignore
    arg [-lgcc_s] ==> lib [gcc_s]
    arg [--no-as-needed] ==> ignore
    arg [-lc] ==> lib [c]
    arg [-lgcc] ==> lib [gcc]
    arg [--as-needed] ==> ignore
    arg [-lgcc_s] ==> lib [gcc_s]
    arg [--no-as-needed] ==> ignore
    arg [/usr/lib/gcc/x86_64-linux-gnu/5/crtend.o] ==> ignore
    arg [/usr/lib/gcc/x86_64-linux-gnu/5/../../../x86_64-linux-gnu/crtn.o] ==> ignore
  remove lib [gcc]
  remove lib [gcc_s]
  remove lib [gcc]
  remove lib [gcc_s]
  collapse library dir [/usr/lib/gcc/x86_64-linux-gnu/5] ==> [/usr/lib/gcc/x86_64-linux-gnu/5]
  collapse library dir [/usr/lib/gcc/x86_64-linux-gnu/5/../../../x86_64-linux-gnu] ==> [/usr/lib/x86_64-linux-gnu]
  collapse library dir [/usr/lib/gcc/x86_64-linux-gnu/5/../../../../lib] ==> [/usr/lib]
  collapse library dir [/lib/x86_64-linux-gnu] ==> [/lib/x86_64-linux-gnu]
  collapse library dir [/lib/../lib] ==> [/lib]
  collapse library dir [/usr/lib/x86_64-linux-gnu] ==> [/usr/lib/x86_64-linux-gnu]
  collapse library dir [/usr/lib/../lib] ==> [/usr/lib]
  collapse library dir [/usr/lib/gcc/x86_64-linux-gnu/5/../../..] ==> [/usr/lib]
  implicit libs: [c]
  implicit dirs: [/usr/lib/gcc/x86_64-linux-gnu/5;/usr/lib/x86_64-linux-gnu;/usr/lib;/lib/x86_64-linux-gnu;/lib]
  implicit fwks: []




Detecting C [-std=c11] compiler features compiled with the following output:
Change Dir: /home/sruthi/LLVM/installed/llvm-4.0.0.src/lib/Transforms/CompOptDSL/DCE/try2/CMakeFiles/CMakeTmp

Run Build Command:"/usr/bin/make" "cmTC_bfa05/fast"
/usr/bin/make -f CMakeFiles/cmTC_bfa05.dir/build.make CMakeFiles/cmTC_bfa05.dir/build
make[1]: Entering directory '/home/sruthi/LLVM/installed/llvm-4.0.0.src/lib/Transforms/CompOptDSL/DCE/try2/CMakeFiles/CMakeTmp'
Building C object CMakeFiles/cmTC_bfa05.dir/feature_tests.c.o
/usr/bin/cc    -std=c11 -o CMakeFiles/cmTC_bfa05.dir/feature_tests.c.o   -c /home/sruthi/LLVM/installed/llvm-4.0.0.src/lib/Transforms/CompOptDSL/DCE/try2/CMakeFiles/feature_tests.c
Linking C executable cmTC_bfa05
/usr/bin/cmake -E cmake_link_script CMakeFiles/cmTC_bfa05.dir/link.txt --verbose=1
/usr/bin/cc       CMakeFiles/cmTC_bfa05.dir/feature_tests.c.o  -o cmTC_bfa05 -rdynamic 
make[1]: Leaving directory '/home/sruthi/LLVM/installed/llvm-4.0.0.src/lib/Transforms/CompOptDSL/DCE/try2/CMakeFiles/CMakeTmp'


    Feature record: C_FEATURE:1c_function_prototypes
    Feature record: C_FEATURE:1c_restrict
    Feature record: C_FEATURE:1c_static_assert
    Feature record: C_FEATURE:1c_variadic_macros


Detecting C [-std=c99] compiler features compiled with the following output:
Change Dir: /home/sruthi/LLVM/installed/llvm-4.0.0.src/lib/Transforms/CompOptDSL/DCE/try2/CMakeFiles/CMakeTmp

Run Build Command:"/usr/bin/make" "cmTC_cf629/fast"
/usr/bin/make -f CMakeFiles/cmTC_cf629.dir/build.make CMakeFiles/cmTC_cf629.dir/build
make[1]: Entering directory '/home/sruthi/LLVM/installed/llvm-4.0.0.src/lib/Transforms/CompOptDSL/DCE/try2/CMakeFiles/CMakeTmp'
Building C object CMakeFiles/cmTC_cf629.dir/feature_tests.c.o
/usr/bin/cc    -std=c99 -o CMakeFiles/cmTC_cf629.dir/feature_tests.c.o   -c /home/sruthi/LLVM/installed/llvm-4.0.0.src/lib/Transforms/CompOptDSL/DCE/try2/CMakeFiles/feature_tests.c
Linking C executable cmTC_cf629
/usr/bin/cmake -E cmake_link_script CMakeFiles/cmTC_cf629.dir/link.txt --verbose=1
/usr/bin/cc       CMakeFiles/cmTC_cf629.dir/feature_tests.c.o  -o cmTC_cf629 -rdynamic 
make[1]: Leaving directory '/home/sruthi/LLVM/installed/llvm-4.0.0.src/lib/Transforms/CompOptDSL/DCE/try2/CMakeFiles/CMakeTmp'


    Feature record: C_FEATURE:1c_function_prototypes
    Feature record: C_FEATURE:1c_restrict
    Feature record: C_FEATURE:0c_static_assert
    Feature record: C_FEATURE:1c_variadic_macros


Detecting C [-std=c90] compiler features compiled with the following output:
Change Dir: /home/sruthi/LLVM/installed/llvm-4.0.0.src/lib/Transforms/CompOptDSL/DCE/try2/CMakeFiles/CMakeTmp

Run Build Command:"/usr/bin/make" "cmTC_82915/fast"
/usr/bin/make -f CMakeFiles/cmTC_82915.dir/build.make CMakeFiles/cmTC_82915.dir/build
make[1]: Entering directory '/home/sruthi/LLVM/installed/llvm-4.0.0.src/lib/Transforms/CompOptDSL/DCE/try2/CMakeFiles/CMakeTmp'
Building C object CMakeFiles/cmTC_82915.dir/feature_tests.c.o
/usr/bin/cc    -std=c90 -o CMakeFiles/cmTC_82915.dir/feature_tests.c.o   -c /home/sruthi/LLVM/installed/llvm-4.0.0.src/lib/Transforms/CompOptDSL/DCE/try2/CMakeFiles/feature_tests.c
Linking C executable cmTC_82915
/usr/bin/cmake -E cmake_link_script CMakeFiles/cmTC_82915.dir/link.txt --verbose=1
/usr/bin/cc       CMakeFiles/cmTC_82915.dir/feature_tests.c.o  -o cmTC_82915 -rdynamic 
make[1]: Leaving directory '/home/sruthi/LLVM/installed/llvm-4.0.0.src/lib/Transforms/CompOptDSL/DCE/try2/CMakeFiles/CMakeTmp'


    Feature record: C_FEATURE:1c_function_prototypes
    Feature record: C_FEATURE:0c_restrict
    Feature record: C_FEATURE:0c_static_assert
    Feature record: C_FEATURE:0c_variadic_macros
Determining if the CXX compiler works passed with the following output:
Change Dir: /home/sruthi/LLVM/installed/llvm-4.0.0.src/lib/Transforms/CompOptDSL/DCE/try2/CMakeFiles/CMakeTmp

Run Build Command:"/usr/bin/make" "cmTC_76514/fast"
/usr/bin/make -f CMakeFiles/cmTC_76514.dir/build.make CMakeFiles/cmTC_76514.dir/build
make[1]: Entering directory '/home/sruthi/LLVM/installed/llvm-4.0.0.src/lib/Transforms/CompOptDSL/DCE/try2/CMakeFiles/CMakeTmp'
Building CXX object CMakeFiles/cmTC_76514.dir/testCXXCompiler.cxx.o
/usr/bin/c++      -o CMakeFiles/cmTC_76514.dir/testCXXCompiler.cxx.o -c /home/sruthi/LLVM/installed/llvm-4.0.0.src/lib/Transforms/CompOptDSL/DCE/try2/CMakeFiles/CMakeTmp/testCXXCompiler.cxx
Linking CXX executable cmTC_76514
/usr/bin/cmake -E cmake_link_script CMakeFiles/cmTC_76514.dir/link.txt --verbose=1
/usr/bin/c++        CMakeFiles/cmTC_76514.dir/testCXXCompiler.cxx.o  -o cmTC_76514 -rdynamic 
make[1]: Leaving directory '/home/sruthi/LLVM/installed/llvm-4.0.0.src/lib/Transforms/CompOptDSL/DCE/try2/CMakeFiles/CMakeTmp'


Detecting CXX compiler ABI info compiled with the following output:
Change Dir: /home/sruthi/LLVM/installed/llvm-4.0.0.src/lib/Transforms/CompOptDSL/DCE/try2/CMakeFiles/CMakeTmp

Run Build Command:"/usr/bin/make" "cmTC_87231/fast"
/usr/bin/make -f CMakeFiles/cmTC_87231.dir/build.make CMakeFiles/cmTC_87231.dir/build
make[1]: Entering directory '/home/sruthi/LLVM/installed/llvm-4.0.0.src/lib/Transforms/CompOptDSL/DCE/try2/CMakeFiles/CMakeTmp'
Building CXX object CMakeFiles/cmTC_87231.dir/CMakeCXXCompilerABI.cpp.o
/usr/bin/c++      -o CMakeFiles/cmTC_87231.dir/CMakeCXXCompilerABI.cpp.o -c /usr/share/cmake-3.4/Modules/CMakeCXXCompilerABI.cpp
Linking CXX executable cmTC_87231
/usr/bin/cmake -E cmake_link_script CMakeFiles/cmTC_87231.dir/link.txt --verbose=1
/usr/bin/c++       -v CMakeFiles/cmTC_87231.dir/CMakeCXXCompilerABI.cpp.o  -o cmTC_87231 -rdynamic  
Using built-in specs.
COLLECT_GCC=/usr/bin/c++
COLLECT_LTO_WRAPPER=/usr/lib/gcc/x86_64-linux-gnu/5/lto-wrapper
Target: x86_64-linux-gnu
Configured with: ../src/configure -v --with-pkgversion='Ubuntu 5.4.0-6ubuntu1~16.04.4' --with-bugurl=file:///usr/share/doc/gcc-5/README.Bugs --enable-languages=c,ada,c++,java,go,d,fortran,objc,obj-c++ --prefix=/usr --program-suffix=-5 --enable-shared --enable-linker-build-id --libexecdir=/usr/lib --without-included-gettext --enable-threads=posix --libdir=/usr/lib --enable-nls --with-sysroot=/ --enable-clocale=gnu --enable-libstdcxx-debug --enable-libstdcxx-time=yes --with-default-libstdcxx-abi=new --enable-gnu-unique-object --disable-vtable-verify --enable-libmpx --enable-plugin --with-system-zlib --disable-browser-plugin --enable-java-awt=gtk --enable-gtk-cairo --with-java-home=/usr/lib/jvm/java-1.5.0-gcj-5-amd64/jre --enable-java-home --with-jvm-root-dir=/usr/lib/jvm/java-1.5.0-gcj-5-amd64 --with-jvm-jar-dir=/usr/lib/jvm-exports/java-1.5.0-gcj-5-amd64 --with-arch-directory=amd64 --with-ecj-jar=/usr/share/java/eclipse-ecj.jar --enable-objc-gc --enable-multiarch --disable-werror --with-arch-32=i686 --with-abi=m64 --with-multilib-list=m32,m64,mx32 --enable-multilib --with-tune=generic --enable-checking=release --build=x86_64-linux-gnu --host=x86_64-linux-gnu --target=x86_64-linux-gnu
Thread model: posix
gcc version 5.4.0 20160609 (Ubuntu 5.4.0-6ubuntu1~16.04.4) 
COMPILER_PATH=/usr/lib/gcc/x86_64-linux-gnu/5/:/usr/lib/gcc/x86_64-linux-gnu/5/:/usr/lib/gcc/x86_64-linux-gnu/:/usr/lib/gcc/x86_64-linux-gnu/5/:/usr/lib/gcc/x86_64-linux-gnu/
LIBRARY_PATH=/usr/lib/gcc/x86_64-linux-gnu/5/:/usr/lib/gcc/x86_64-linux-gnu/5/../../../x86_64-linux-gnu/:/usr/lib/gcc/x86_64-linux-gnu/5/../../../../lib/:/lib/x86_64-linux-gnu/:/lib/../lib/:/usr/lib/x86_64-linux-gnu/:/usr/lib/../lib/:/usr/lib/gcc/x86_64-linux-gnu/5/../../../:/lib/:/usr/lib/
COLLECT_GCC_OPTIONS='-v' '-o' 'cmTC_87231' '-rdynamic' '-shared-libgcc' '-mtune=generic' '-march=x86-64'
 /usr/lib/gcc/x86_64-linux-gnu/5/collect2 -plugin /usr/lib/gcc/x86_64-linux-gnu/5/liblto_plugin.so -plugin-opt=/usr/lib/gcc/x86_64-linux-gnu/5/lto-wrapper -plugin-opt=-fresolution=/tmp/ccngu4vP.res -plugin-opt=-pass-through=-lgcc_s -plugin-opt=-pass-through=-lgcc -plugin-opt=-pass-through=-lc -plugin-opt=-pass-through=-lgcc_s -plugin-opt=-pass-through=-lgcc --sysroot=/ --build-id --eh-frame-hdr -m elf_x86_64 --hash-style=gnu --as-needed -export-dynamic -dynamic-linker /lib64/ld-linux-x86-64.so.2 -z relro -o cmTC_87231 /usr/lib/gcc/x86_64-linux-gnu/5/../../../x86_64-linux-gnu/crt1.o /usr/lib/gcc/x86_64-linux-gnu/5/../../../x86_64-linux-gnu/crti.o /usr/lib/gcc/x86_64-linux-gnu/5/crtbegin.o -L/usr/lib/gcc/x86_64-linux-gnu/5 -L/usr/lib/gcc/x86_64-linux-gnu/5/../../../x86_64-linux-gnu -L/usr/lib/gcc/x86_64-linux-gnu/5/../../../../lib -L/lib/x86_64-linux-gnu -L/lib/../lib -L/usr/lib/x86_64-linux-gnu -L/usr/lib/../lib -L/usr/lib/gcc/x86_64-linux-gnu/5/../../.. CMakeFiles/cmTC_87231.dir/CMakeCXXCompilerABI.cpp.o -lstdc++ -lm -lgcc_s -lgcc -lc -lgcc_s -lgcc /usr/lib/gcc/x86_64-linux-gnu/5/crtend.o /usr/lib/gcc/x86_64-linux-gnu/5/../../../x86_64-linux-gnu/crtn.o
make[1]: Leaving directory '/home/sruthi/LLVM/installed/llvm-4.0.0.src/lib/Transforms/CompOptDSL/DCE/try2/CMakeFiles/CMakeTmp'


Parsed CXX implicit link information from above output:
  link line regex: [^( *|.*[/\])(ld|([^/\]+-)?ld|collect2)[^/\]*( |$)]
  ignore line: [Change Dir: /home/sruthi/LLVM/installed/llvm-4.0.0.src/lib/Transforms/CompOptDSL/DCE/try2/CMakeFiles/CMakeTmp]
  ignore line: []
  ignore line: [Run Build Command:"/usr/bin/make" "cmTC_87231/fast"]
  ignore line: [/usr/bin/make -f CMakeFiles/cmTC_87231.dir/build.make CMakeFiles/cmTC_87231.dir/build]
  ignore line: [make[1]: Entering directory '/home/sruthi/LLVM/installed/llvm-4.0.0.src/lib/Transforms/CompOptDSL/DCE/try2/CMakeFiles/CMakeTmp']
  ignore line: [Building CXX object CMakeFiles/cmTC_87231.dir/CMakeCXXCompilerABI.cpp.o]
  ignore line: [/usr/bin/c++      -o CMakeFiles/cmTC_87231.dir/CMakeCXXCompilerABI.cpp.o -c /usr/share/cmake-3.4/Modules/CMakeCXXCompilerABI.cpp]
  ignore line: [Linking CXX executable cmTC_87231]
  ignore line: [/usr/bin/cmake -E cmake_link_script CMakeFiles/cmTC_87231.dir/link.txt --verbose=1]
  ignore line: [/usr/bin/c++       -v CMakeFiles/cmTC_87231.dir/CMakeCXXCompilerABI.cpp.o  -o cmTC_87231 -rdynamic  ]
  ignore line: [Using built-in specs.]
  ignore line: [COLLECT_GCC=/usr/bin/c++]
  ignore line: [COLLECT_LTO_WRAPPER=/usr/lib/gcc/x86_64-linux-gnu/5/lto-wrapper]
  ignore line: [Target: x86_64-linux-gnu]
  ignore line: [Configured with: ../src/configure -v --with-pkgversion='Ubuntu 5.4.0-6ubuntu1~16.04.4' --with-bugurl=file:///usr/share/doc/gcc-5/README.Bugs --enable-languages=c,ada,c++,java,go,d,fortran,objc,obj-c++ --prefix=/usr --program-suffix=-5 --enable-shared --enable-linker-build-id --libexecdir=/usr/lib --without-included-gettext --enable-threads=posix --libdir=/usr/lib --enable-nls --with-sysroot=/ --enable-clocale=gnu --enable-libstdcxx-debug --enable-libstdcxx-time=yes --with-default-libstdcxx-abi=new --enable-gnu-unique-object --disable-vtable-verify --enable-libmpx --enable-plugin --with-system-zlib --disable-browser-plugin --enable-java-awt=gtk --enable-gtk-cairo --with-java-home=/usr/lib/jvm/java-1.5.0-gcj-5-amd64/jre --enable-java-home --with-jvm-root-dir=/usr/lib/jvm/java-1.5.0-gcj-5-amd64 --with-jvm-jar-dir=/usr/lib/jvm-exports/java-1.5.0-gcj-5-amd64 --with-arch-directory=amd64 --with-ecj-jar=/usr/share/java/eclipse-ecj.jar --enable-objc-gc --enable-multiarch --disable-werror --with-arch-32=i686 --with-abi=m64 --with-multilib-list=m32,m64,mx32 --enable-multilib --with-tune=generic --enable-checking=release --build=x86_64-linux-gnu --host=x86_64-linux-gnu --target=x86_64-linux-gnu]
  ignore line: [Thread model: posix]
  ignore line: [gcc version 5.4.0 20160609 (Ubuntu 5.4.0-6ubuntu1~16.04.4) ]
  ignore line: [COMPILER_PATH=/usr/lib/gcc/x86_64-linux-gnu/5/:/usr/lib/gcc/x86_64-linux-gnu/5/:/usr/lib/gcc/x86_64-linux-gnu/:/usr/lib/gcc/x86_64-linux-gnu/5/:/usr/lib/gcc/x86_64-linux-gnu/]
  ignore line: [LIBRARY_PATH=/usr/lib/gcc/x86_64-linux-gnu/5/:/usr/lib/gcc/x86_64-linux-gnu/5/../../../x86_64-linux-gnu/:/usr/lib/gcc/x86_64-linux-gnu/5/../../../../lib/:/lib/x86_64-linux-gnu/:/lib/../lib/:/usr/lib/x86_64-linux-gnu/:/usr/lib/../lib/:/usr/lib/gcc/x86_64-linux-gnu/5/../../../:/lib/:/usr/lib/]
  ignore line: [COLLECT_GCC_OPTIONS='-v' '-o' 'cmTC_87231' '-rdynamic' '-shared-libgcc' '-mtune=generic' '-march=x86-64']
  link line: [ /usr/lib/gcc/x86_64-linux-gnu/5/collect2 -plugin /usr/lib/gcc/x86_64-linux-gnu/5/liblto_plugin.so -plugin-opt=/usr/lib/gcc/x86_64-linux-gnu/5/lto-wrapper -plugin-opt=-fresolution=/tmp/ccngu4vP.res -plugin-opt=-pass-through=-lgcc_s -plugin-opt=-pass-through=-lgcc -plugin-opt=-pass-through=-lc -plugin-opt=-pass-through=-lgcc_s -plugin-opt=-pass-through=-lgcc --sysroot=/ --build-id --eh-frame-hdr -m elf_x86_64 --hash-style=gnu --as-needed -export-dynamic -dynamic-linker /lib64/ld-linux-x86-64.so.2 -z relro -o cmTC_87231 /usr/lib/gcc/x86_64-linux-gnu/5/../../../x86_64-linux-gnu/crt1.o /usr/lib/gcc/x86_64-linux-gnu/5/../../../x86_64-linux-gnu/crti.o /usr/lib/gcc/x86_64-linux-gnu/5/crtbegin.o -L/usr/lib/gcc/x86_64-linux-gnu/5 -L/usr/lib/gcc/x86_64-linux-gnu/5/../../../x86_64-linux-gnu -L/usr/lib/gcc/x86_64-linux-gnu/5/../../../../lib -L/lib/x86_64-linux-gnu -L/lib/../lib -L/usr/lib/x86_64-linux-gnu -L/usr/lib/../lib -L/usr/lib/gcc/x86_64-linux-gnu/5/../../.. CMakeFiles/cmTC_87231.dir/CMakeCXXCompilerABI.cpp.o -lstdc++ -lm -lgcc_s -lgcc -lc -lgcc_s -lgcc /usr/lib/gcc/x86_64-linux-gnu/5/crtend.o /usr/lib/gcc/x86_64-linux-gnu/5/../../../x86_64-linux-gnu/crtn.o]
    arg [/usr/lib/gcc/x86_64-linux-gnu/5/collect2] ==> ignore
    arg [-plugin] ==> ignore
    arg [/usr/lib/gcc/x86_64-linux-gnu/5/liblto_plugin.so] ==> ignore
    arg [-plugin-opt=/usr/lib/gcc/x86_64-linux-gnu/5/lto-wrapper] ==> ignore
    arg [-plugin-opt=-fresolution=/tmp/ccngu4vP.res] ==> ignore
    arg [-plugin-opt=-pass-through=-lgcc_s] ==> ignore
    arg [-plugin-opt=-pass-through=-lgcc] ==> ignore
    arg [-plugin-opt=-pass-through=-lc] ==> ignore
    arg [-plugin-opt=-pass-through=-lgcc_s] ==> ignore
    arg [-plugin-opt=-pass-through=-lgcc] ==> ignore
    arg [--sysroot=/] ==> ignore
    arg [--build-id] ==> ignore
    arg [--eh-frame-hdr] ==> ignore
    arg [-m] ==> ignore
    arg [elf_x86_64] ==> ignore
    arg [--hash-style=gnu] ==> ignore
    arg [--as-needed] ==> ignore
    arg [-export-dynamic] ==> ignore
    arg [-dynamic-linker] ==> ignore
    arg [/lib64/ld-linux-x86-64.so.2] ==> ignore
    arg [-zrelro] ==> ignore
    arg [-o] ==> ignore
    arg [cmTC_87231] ==> ignore
    arg [/usr/lib/gcc/x86_64-linux-gnu/5/../../../x86_64-linux-gnu/crt1.o] ==> ignore
    arg [/usr/lib/gcc/x86_64-linux-gnu/5/../../../x86_64-linux-gnu/crti.o] ==> ignore
    arg [/usr/lib/gcc/x86_64-linux-gnu/5/crtbegin.o] ==> ignore
    arg [-L/usr/lib/gcc/x86_64-linux-gnu/5] ==> dir [/usr/lib/gcc/x86_64-linux-gnu/5]
    arg [-L/usr/lib/gcc/x86_64-linux-gnu/5/../../../x86_64-linux-gnu] ==> dir [/usr/lib/gcc/x86_64-linux-gnu/5/../../../x86_64-linux-gnu]
    arg [-L/usr/lib/gcc/x86_64-linux-gnu/5/../../../../lib] ==> dir [/usr/lib/gcc/x86_64-linux-gnu/5/../../../../lib]
    arg [-L/lib/x86_64-linux-gnu] ==> dir [/lib/x86_64-linux-gnu]
    arg [-L/lib/../lib] ==> dir [/lib/../lib]
    arg [-L/usr/lib/x86_64-linux-gnu] ==> dir [/usr/lib/x86_64-linux-gnu]
    arg [-L/usr/lib/../lib] ==> dir [/usr/lib/../lib]
    arg [-L/usr/lib/gcc/x86_64-linux-gnu/5/../../..] ==> dir [/usr/lib/gcc/x86_64-linux-gnu/5/../../..]
    arg [CMakeFiles/cmTC_87231.dir/CMakeCXXCompilerABI.cpp.o] ==> ignore
    arg [-lstdc++] ==> lib [stdc++]
    arg [-lm] ==> lib [m]
    arg [-lgcc_s] ==> lib [gcc_s]
    arg [-lgcc] ==> lib [gcc]
    arg [-lc] ==> lib [c]
    arg [-lgcc_s] ==> lib [gcc_s]
    arg [-lgcc] ==> lib [gcc]
    arg [/usr/lib/gcc/x86_64-linux-gnu/5/crtend.o] ==> ignore
    arg [/usr/lib/gcc/x86_64-linux-gnu/5/../../../x86_64-linux-gnu/crtn.o] ==> ignore
  remove lib [gcc_s]
  remove lib [gcc]
  remove lib [gcc_s]
  remove lib [gcc]
  collapse library dir [/usr/lib/gcc/x86_64-linux-gnu/5] ==> [/usr/lib/gcc/x86_64-linux-gnu/5]
  collapse library dir [/usr/lib/gcc/x86_64-linux-gnu/5/../../../x86_64-linux-gnu] ==> [/usr/lib/x86_64-linux-gnu]
  collapse library dir [/usr/lib/gcc/x86_64-linux-gnu/5/../../../../lib] ==> [/usr/lib]
  collapse library dir [/lib/x86_64-linux-gnu] ==> [/lib/x86_64-linux-gnu]
  collapse library dir [/lib/../lib] ==> [/lib]
  collapse library dir [/usr/lib/x86_64-linux-gnu] ==> [/usr/lib/x86_64-linux-gnu]
  collapse library dir [/usr/lib/../lib] ==> [/usr/lib]
  collapse library dir [/usr/lib/gcc/x86_64-linux-gnu/5/../../..] ==> [/usr/lib]
  implicit libs: [stdc++;m;c]
  implicit dirs: [/usr/lib/gcc/x86_64-linux-gnu/5;/usr/lib/x86_64-linux-gnu;/usr/lib;/lib/x86_64-linux-gnu;/lib]
  implicit fwks: []




Detecting CXX [-std=c++14] compiler features compiled with the following output:
Change Dir: /home/sruthi/LLVM/installed/llvm-4.0.0.src/lib/Transforms/CompOptDSL/DCE/try2/CMakeFiles/CMakeTmp

Run Build Command:"/usr/bin/make" "cmTC_c28b2/fast"
/usr/bin/make -f CMakeFiles/cmTC_c28b2.dir/build.make CMakeFiles/cmTC_c28b2.dir/build
make[1]: Entering directory '/home/sruthi/LLVM/installed/llvm-4.0.0.src/lib/Transforms/CompOptDSL/DCE/try2/CMakeFiles/CMakeTmp'
Building CXX object CMakeFiles/cmTC_c28b2.dir/feature_tests.cxx.o
/usr/bin/c++     -std=c++14 -o CMakeFiles/cmTC_c28b2.dir/feature_tests.cxx.o -c /home/sruthi/LLVM/installed/llvm-4.0.0.src/lib/Transforms/CompOptDSL/DCE/try2/CMakeFiles/feature_tests.cxx
Linking CXX executable cmTC_c28b2
/usr/bin/cmake -E cmake_link_script CMakeFiles/cmTC_c28b2.dir/link.txt --verbose=1
/usr/bin/c++        CMakeFiles/cmTC_c28b2.dir/feature_tests.cxx.o  -o cmTC_c28b2 -rdynamic 
make[1]: Leaving directory '/home/sruthi/LLVM/installed/llvm-4.0.0.src/lib/Transforms/CompOptDSL/DCE/try2/CMakeFiles/CMakeTmp'


    Feature record: CXX_FEATURE:1cxx_aggregate_default_initializers
    Feature record: CXX_FEATURE:1cxx_alias_templates
    Feature record: CXX_FEATURE:1cxx_alignas
    Feature record: CXX_FEATURE:1cxx_alignof
    Feature record: CXX_FEATURE:1cxx_attributes
    Feature record: CXX_FEATURE:1cxx_attribute_deprecated
    Feature record: CXX_FEATURE:1cxx_auto_type
    Feature record: CXX_FEATURE:1cxx_binary_literals
    Feature record: CXX_FEATURE:1cxx_constexpr
    Feature record: CXX_FEATURE:1cxx_contextual_conversions
    Feature record: CXX_FEATURE:1cxx_decltype
    Feature record: CXX_FEATURE:1cxx_decltype_auto
    Feature record: CXX_FEATURE:1cxx_decltype_incomplete_return_types
    Feature record: CXX_FEATURE:1cxx_default_function_template_args
    Feature record: CXX_FEATURE:1cxx_defaulted_functions
    Feature record: CXX_FEATURE:1cxx_defaulted_move_initializers
    Feature record: CXX_FEATURE:1cxx_delegating_constructors
    Feature record: CXX_FEATURE:1cxx_deleted_functions
    Feature record: CXX_FEATURE:1cxx_digit_separators
    Feature record: CXX_FEATURE:1cxx_enum_forward_declarations
    Feature record: CXX_FEATURE:1cxx_explicit_conversions
    Feature record: CXX_FEATURE:1cxx_extended_friend_declarations
    Feature record: CXX_FEATURE:1cxx_extern_templates
    Feature record: CXX_FEATURE:1cxx_final
    Feature record: CXX_FEATURE:1cxx_func_identifier
    Feature record: CXX_FEATURE:1cxx_generalized_initializers
    Feature record: CXX_FEATURE:1cxx_generic_lambdas
    Feature record: CXX_FEATURE:1cxx_inheriting_constructors
    Feature record: CXX_FEATURE:1cxx_inline_namespaces
    Feature record: CXX_FEATURE:1cxx_lambdas
    Feature record: CXX_FEATURE:1cxx_lambda_init_captures
    Feature record: CXX_FEATURE:1cxx_local_type_template_args
    Feature record: CXX_FEATURE:1cxx_long_long_type
    Feature record: CXX_FEATURE:1cxx_noexcept
    Feature record: CXX_FEATURE:1cxx_nonstatic_member_init
    Feature record: CXX_FEATURE:1cxx_nullptr
    Feature record: CXX_FEATURE:1cxx_override
    Feature record: CXX_FEATURE:1cxx_range_for
    Feature record: CXX_FEATURE:1cxx_raw_string_literals
    Feature record: CXX_FEATURE:1cxx_reference_qualified_functions
    Feature record: CXX_FEATURE:1cxx_relaxed_constexpr
    Feature record: CXX_FEATURE:1cxx_return_type_deduction
    Feature record: CXX_FEATURE:1cxx_right_angle_brackets
    Feature record: CXX_FEATURE:1cxx_rvalue_references
    Feature record: CXX_FEATURE:1cxx_sizeof_member
    Feature record: CXX_FEATURE:1cxx_static_assert
    Feature record: CXX_FEATURE:1cxx_strong_enums
    Feature record: CXX_FEATURE:1cxx_template_template_parameters
    Feature record: CXX_FEATURE:1cxx_thread_local
    Feature record: CXX_FEATURE:1cxx_trailing_return_types
    Feature record: CXX_FEATURE:1cxx_unicode_literals
    Feature record: CXX_FEATURE:1cxx_uniform_initialization
    Feature record: CXX_FEATURE:1cxx_unrestricted_unions
    Feature record: CXX_FEATURE:1cxx_user_literals
    Feature record: CXX_FEATURE:1cxx_variable_templates
    Feature record: CXX_FEATURE:1cxx_variadic_macros
    Feature record: CXX_FEATURE:1cxx_variadic_templates


Detecting CXX [-std=c++11] compiler features compiled with the following output:
Change Dir: /home/sruthi/LLVM/installed/llvm-4.0.0.src/lib/Transforms/CompOptDSL/DCE/try2/CMakeFiles/CMakeTmp

Run Build Command:"/usr/bin/make" "cmTC_66d75/fast"
/usr/bin/make -f CMakeFiles/cmTC_66d75.dir/build.make CMakeFiles/cmTC_66d75.dir/build
make[1]: Entering directory '/home/sruthi/LLVM/installed/llvm-4.0.0.src/lib/Transforms/CompOptDSL/DCE/try2/CMakeFiles/CMakeTmp'
Building CXX object CMakeFiles/cmTC_66d75.dir/feature_tests.cxx.o
/usr/bin/c++     -std=c++11 -o CMakeFiles/cmTC_66d75.dir/feature_tests.cxx.o -c /home/sruthi/LLVM/installed/llvm-4.0.0.src/lib/Transforms/CompOptDSL/DCE/try2/CMakeFiles/feature_tests.cxx
Linking CXX executable cmTC_66d75
/usr/bin/cmake -E cmake_link_script CMakeFiles/cmTC_66d75.dir/link.txt --verbose=1
/usr/bin/c++        CMakeFiles/cmTC_66d75.dir/feature_tests.cxx.o  -o cmTC_66d75 -rdynamic 
make[1]: Leaving directory '/home/sruthi/LLVM/installed/llvm-4.0.0.src/lib/Transforms/CompOptDSL/DCE/try2/CMakeFiles/CMakeTmp'


    Feature record: CXX_FEATURE:0cxx_aggregate_default_initializers
    Feature record: CXX_FEATURE:1cxx_alias_templates
    Feature record: CXX_FEATURE:1cxx_alignas
    Feature record: CXX_FEATURE:1cxx_alignof
    Feature record: CXX_FEATURE:1cxx_attributes
    Feature record: CXX_FEATURE:0cxx_attribute_deprecated
    Feature record: CXX_FEATURE:1cxx_auto_type
    Feature record: CXX_FEATURE:0cxx_binary_literals
    Feature record: CXX_FEATURE:1cxx_constexpr
    Feature record: CXX_FEATURE:0cxx_contextual_conversions
    Feature record: CXX_FEATURE:1cxx_decltype
    Feature record: CXX_FEATURE:0cxx_decltype_auto
    Feature record: CXX_FEATURE:1cxx_decltype_incomplete_return_types
    Feature record: CXX_FEATURE:1cxx_default_function_template_args
    Feature record: CXX_FEATURE:1cxx_defaulted_functions
    Feature record: CXX_FEATURE:1cxx_defaulted_move_initializers
    Feature record: CXX_FEATURE:1cxx_delegating_constructors
    Feature record: CXX_FEATURE:1cxx_deleted_functions
    Feature record: CXX_FEATURE:0cxx_digit_separators
    Feature record: CXX_FEATURE:1cxx_enum_forward_declarations
    Feature record: CXX_FEATURE:1cxx_explicit_conversions
    Feature record: CXX_FEATURE:1cxx_extended_friend_declarations
    Feature record: CXX_FEATURE:1cxx_extern_templates
    Feature record: CXX_FEATURE:1cxx_final
    Feature record: CXX_FEATURE:1cxx_func_identifier
    Feature record: CXX_FEATURE:1cxx_generalized_initializers
    Feature record: CXX_FEATURE:0cxx_generic_lambdas
    Feature record: CXX_FEATURE:1cxx_inheriting_constructors
    Feature record: CXX_FEATURE:1cxx_inline_namespaces
    Feature record: CXX_FEATURE:1cxx_lambdas
    Feature record: CXX_FEATURE:0cxx_lambda_init_captures
    Feature record: CXX_FEATURE:1cxx_local_type_template_args
    Feature record: CXX_FEATURE:1cxx_long_long_type
    Feature record: CXX_FEATURE:1cxx_noexcept
    Feature record: CXX_FEATURE:1cxx_nonstatic_member_init
    Feature record: CXX_FEATURE:1cxx_nullptr
    Feature record: CXX_FEATURE:1cxx_override
    Feature record: CXX_FEATURE:1cxx_range_for
    Feature record: CXX_FEATURE:1cxx_raw_string_literals
    Feature record: CXX_FEATURE:1cxx_reference_qualified_functions
    Feature record: CXX_FEATURE:0cxx_relaxed_constexpr
    Feature record: CXX_FEATURE:0cxx_return_type_deduction
    Feature record: CXX_FEATURE:1cxx_right_angle_brackets
    Feature record: CXX_FEATURE:1cxx_rvalue_references
    Feature record: CXX_FEATURE:1cxx_sizeof_member
    Feature record: CXX_FEATURE:1cxx_static_assert
    Feature record: CXX_FEATURE:1cxx_strong_enums
    Feature record: CXX_FEATURE:1cxx_template_template_parameters
    Feature record: CXX_FEATURE:1cxx_thread_local
    Feature record: CXX_FEATURE:1cxx_trailing_return_types
    Feature record: CXX_FEATURE:1cxx_unicode_literals
    Feature record: CXX_FEATURE:1cxx_uniform_initialization
    Feature record: CXX_FEATURE:1cxx_unrestricted_unions
    Feature record: CXX_FEATURE:1cxx_user_literals
    Feature record: CXX_FEATURE:0cxx_variable_templates
    Feature record: CXX_FEATURE:1cxx_variadic_macros
    Feature record: CXX_FEATURE:1cxx_variadic_templates


Detecting CXX [-std=c++98] compiler features compiled with the following output:
Change Dir: /home/sruthi/LLVM/installed/llvm-4.0.0.src/lib/Transforms/CompOptDSL/DCE/try2/CMakeFiles/CMakeTmp

Run Build Command:"/usr/bin/make" "cmTC_848af/fast"
/usr/bin/make -f CMakeFiles/cmTC_848af.dir/build.make CMakeFiles/cmTC_848af.dir/build
make[1]: Entering directory '/home/sruthi/LLVM/installed/llvm-4.0.0.src/lib/Transforms/CompOptDSL/DCE/try2/CMakeFiles/CMakeTmp'
Building CXX object CMakeFiles/cmTC_848af.dir/feature_tests.cxx.o
/usr/bin/c++     -std=c++98 -o CMakeFiles/cmTC_848af.dir/feature_tests.cxx.o -c /home/sruthi/LLVM/installed/llvm-4.0.0.src/lib/Transforms/CompOptDSL/DCE/try2/CMakeFiles/feature_tests.cxx
Linking CXX executable cmTC_848af
/usr/bin/cmake -E cmake_link_script CMakeFiles/cmTC_848af.dir/link.txt --verbose=1
/usr/bin/c++        CMakeFiles/cmTC_848af.dir/feature_tests.cxx.o  -o cmTC_848af -rdynamic 
make[1]: Leaving directory '/home/sruthi/LLVM/installed/llvm-4.0.0.src/lib/Transforms/CompOptDSL/DCE/try2/CMakeFiles/CMakeTmp'


    Feature record: CXX_FEATURE:0cxx_aggregate_default_initializers
    Feature record: CXX_FEATURE:0cxx_alias_templates
    Feature record: CXX_FEATURE:0cxx_alignas
    Feature record: CXX_FEATURE:0cxx_alignof
    Feature record: CXX_FEATURE:0cxx_attributes
    Feature record: CXX_FEATURE:0cxx_attribute_deprecated
    Feature record: CXX_FEATURE:0cxx_auto_type
    Feature record: CXX_FEATURE:0cxx_binary_literals
    Feature record: CXX_FEATURE:0cxx_constexpr
    Feature record: CXX_FEATURE:0cxx_contextual_conversions
    Feature record: CXX_FEATURE:0cxx_decltype
    Feature record: CXX_FEATURE:0cxx_decltype_auto
    Feature record: CXX_FEATURE:0cxx_decltype_incomplete_return_types
    Feature record: CXX_FEATURE:0cxx_default_function_template_args
    Feature record: CXX_FEATURE:0cxx_defaulted_functions
    Feature record: CXX_FEATURE:0cxx_defaulted_move_initializers
    Feature record: CXX_FEATURE:0cxx_delegating_constructors
    Feature record: CXX_FEATURE:0cxx_deleted_functions
    Feature record: CXX_FEATURE:0cxx_digit_separators
    Feature record: CXX_FEATURE:0cxx_enum_forward_declarations
    Feature record: CXX_FEATURE:0cxx_explicit_conversions
    Feature record: CXX_FEATURE:0cxx_extended_friend_declarations
    Feature record: CXX_FEATURE:0cxx_extern_templates
    Feature record: CXX_FEATURE:0cxx_final
    Feature record: CXX_FEATURE:0cxx_func_identifier
    Feature record: CXX_FEATURE:0cxx_generalized_initializers
    Feature record: CXX_FEATURE:0cxx_generic_lambdas
    Feature record: CXX_FEATURE:0cxx_inheriting_constructors
    Feature record: CXX_FEATURE:0cxx_inline_namespaces
    Feature record: CXX_FEATURE:0cxx_lambdas
    Feature record: CXX_FEATURE:0cxx_lambda_init_captures
    Feature record: CXX_FEATURE:0cxx_local_type_template_args
    Feature record: CXX_FEATURE:0cxx_long_long_type
    Feature record: CXX_FEATURE:0cxx_noexcept
    Feature record: CXX_FEATURE:0cxx_nonstatic_member_init
    Feature record: CXX_FEATURE:0cxx_nullptr
    Feature record: CXX_FEATURE:0cxx_override
    Feature record: CXX_FEATURE:0cxx_range_for
    Feature record: CXX_FEATURE:0cxx_raw_string_literals
    Feature record: CXX_FEATURE:0cxx_reference_qualified_functions
    Feature record: CXX_FEATURE:0cxx_relaxed_constexpr
    Feature record: CXX_FEATURE:0cxx_return_type_deduction
    Feature record: CXX_FEATURE:0cxx_right_angle_brackets
    Feature record: CXX_FEATURE:0cxx_rvalue_references
    Feature record: CXX_FEATURE:0cxx_sizeof_member
    Feature record: CXX_FEATURE:0cxx_static_assert
    Feature record: CXX_FEATURE:0cxx_strong_enums
    Feature record: CXX_FEATURE:1cxx_template_template_parameters
    Feature record: CXX_FEATURE:0cxx_thread_local
    Feature record: CXX_FEATURE:0cxx_trailing_return_types
    Feature record: CXX_FEATURE:0cxx_unicode_literals
    Feature record: CXX_FEATURE:0cxx_uniform_initialization
    Feature record: CXX_FEATURE:0cxx_unrestricted_unions
    Feature record: CXX_FEATURE:0cxx_user_literals
    Feature record: CXX_FEATURE:0cxx_variable_templates
    Feature record: CXX_FEATURE:0cxx_variadic_macros
    Feature record: CXX_FEATURE:0cxx_variadic_templates
Performing C++ SOURCE FILE Test SUPPORTS_FVISIBILITY_INLINES_HIDDEN_FLAG succeded with the following output:
Change Dir: /home/sruthi/LLVM/installed/llvm-4.0.0.src/lib/Transforms/CompOptDSL/DCE/try2/CMakeFiles/CMakeTmp

Run Build Command:"/usr/bin/make" "cmTC_d5108/fast"
/usr/bin/make -f CMakeFiles/cmTC_d5108.dir/build.make CMakeFiles/cmTC_d5108.dir/build
make[1]: Entering directory '/home/sruthi/LLVM/installed/llvm-4.0.0.src/lib/Transforms/CompOptDSL/DCE/try2/CMakeFiles/CMakeTmp'
Building CXX object CMakeFiles/cmTC_d5108.dir/src.cxx.o
/usr/bin/c++     -DSUPPORTS_FVISIBILITY_INLINES_HIDDEN_FLAG   -fvisibility-inlines-hidden -o CMakeFiles/cmTC_d5108.dir/src.cxx.o -c /home/sruthi/LLVM/installed/llvm-4.0.0.src/lib/Transforms/CompOptDSL/DCE/try2/CMakeFiles/CMakeTmp/src.cxx
Linking CXX executable cmTC_d5108
/usr/bin/cmake -E cmake_link_script CMakeFiles/cmTC_d5108.dir/link.txt --verbose=1
/usr/bin/c++    -DSUPPORTS_FVISIBILITY_INLINES_HIDDEN_FLAG    CMakeFiles/cmTC_d5108.dir/src.cxx.o  -o cmTC_d5108 -rdynamic 
make[1]: Leaving directory '/home/sruthi/LLVM/installed/llvm-4.0.0.src/lib/Transforms/CompOptDSL/DCE/try2/CMakeFiles/CMakeTmp'

Source file was:
int main() { return 0; }
Performing C SOURCE FILE Test C_SUPPORTS_WERROR_DATE_TIME succeded with the following output:
Change Dir: /home/sruthi/LLVM/installed/llvm-4.0.0.src/lib/Transforms/CompOptDSL/DCE/try2/CMakeFiles/CMakeTmp

Run Build Command:"/usr/bin/make" "cmTC_5a0dd/fast"
/usr/bin/make -f CMakeFiles/cmTC_5a0dd.dir/build.make CMakeFiles/cmTC_5a0dd.dir/build
make[1]: Entering directory '/home/sruthi/LLVM/installed/llvm-4.0.0.src/lib/Transforms/CompOptDSL/DCE/try2/CMakeFiles/CMakeTmp'
Building C object CMakeFiles/cmTC_5a0dd.dir/src.c.o
/usr/bin/cc    -DC_SUPPORTS_WERROR_DATE_TIME   -Werror -Werror=date-time -o CMakeFiles/cmTC_5a0dd.dir/src.c.o   -c /home/sruthi/LLVM/installed/llvm-4.0.0.src/lib/Transforms/CompOptDSL/DCE/try2/CMakeFiles/CMakeTmp/src.c
Linking C executable cmTC_5a0dd
/usr/bin/cmake -E cmake_link_script CMakeFiles/cmTC_5a0dd.dir/link.txt --verbose=1
/usr/bin/cc   -DC_SUPPORTS_WERROR_DATE_TIME    CMakeFiles/cmTC_5a0dd.dir/src.c.o  -o cmTC_5a0dd -rdynamic 
make[1]: Leaving directory '/home/sruthi/LLVM/installed/llvm-4.0.0.src/lib/Transforms/CompOptDSL/DCE/try2/CMakeFiles/CMakeTmp'

Source file was:
int main(void) { return 0; }
Performing C++ SOURCE FILE Test CXX_SUPPORTS_WERROR_DATE_TIME succeded with the following output:
Change Dir: /home/sruthi/LLVM/installed/llvm-4.0.0.src/lib/Transforms/CompOptDSL/DCE/try2/CMakeFiles/CMakeTmp

Run Build Command:"/usr/bin/make" "cmTC_84ad4/fast"
/usr/bin/make -f CMakeFiles/cmTC_84ad4.dir/build.make CMakeFiles/cmTC_84ad4.dir/build
make[1]: Entering directory '/home/sruthi/LLVM/installed/llvm-4.0.0.src/lib/Transforms/CompOptDSL/DCE/try2/CMakeFiles/CMakeTmp'
Building CXX object CMakeFiles/cmTC_84ad4.dir/src.cxx.o
/usr/bin/c++     -fvisibility-inlines-hidden -DCXX_SUPPORTS_WERROR_DATE_TIME   -Werror -Werror=date-time -o CMakeFiles/cmTC_84ad4.dir/src.cxx.o -c /home/sruthi/LLVM/installed/llvm-4.0.0.src/lib/Transforms/CompOptDSL/DCE/try2/CMakeFiles/CMakeTmp/src.cxx
Linking CXX executable cmTC_84ad4
/usr/bin/cmake -E cmake_link_script CMakeFiles/cmTC_84ad4.dir/link.txt --verbose=1
/usr/bin/c++    -fvisibility-inlines-hidden -DCXX_SUPPORTS_WERROR_DATE_TIME    CMakeFiles/cmTC_84ad4.dir/src.cxx.o  -o cmTC_84ad4 -rdynamic 
make[1]: Leaving directory '/home/sruthi/LLVM/installed/llvm-4.0.0.src/lib/Transforms/CompOptDSL/DCE/try2/CMakeFiles/CMakeTmp'

Source file was:
int main() { return 0; }
Performing C++ SOURCE FILE Test CXX_SUPPORTS_CXX11 succeded with the following output:
Change Dir: /home/sruthi/LLVM/installed/llvm-4.0.0.src/lib/Transforms/CompOptDSL/DCE/try2/CMakeFiles/CMakeTmp

Run Build Command:"/usr/bin/make" "cmTC_af222/fast"
/usr/bin/make -f CMakeFiles/cmTC_af222.dir/build.make CMakeFiles/cmTC_af222.dir/build
make[1]: Entering directory '/home/sruthi/LLVM/installed/llvm-4.0.0.src/lib/Transforms/CompOptDSL/DCE/try2/CMakeFiles/CMakeTmp'
Building CXX object CMakeFiles/cmTC_af222.dir/src.cxx.o
/usr/bin/c++     -fvisibility-inlines-hidden -Werror=date-time -DCXX_SUPPORTS_CXX11   -std=c++11 -o CMakeFiles/cmTC_af222.dir/src.cxx.o -c /home/sruthi/LLVM/installed/llvm-4.0.0.src/lib/Transforms/CompOptDSL/DCE/try2/CMakeFiles/CMakeTmp/src.cxx
Linking CXX executable cmTC_af222
/usr/bin/cmake -E cmake_link_script CMakeFiles/cmTC_af222.dir/link.txt --verbose=1
/usr/bin/c++    -fvisibility-inlines-hidden -Werror=date-time -DCXX_SUPPORTS_CXX11    CMakeFiles/cmTC_af222.dir/src.cxx.o  -o cmTC_af222 -rdynamic 
make[1]: Leaving directory '/home/sruthi/LLVM/installed/llvm-4.0.0.src/lib/Transforms/CompOptDSL/DCE/try2/CMakeFiles/CMakeTmp'

Source file was:
int main() { return 0; }
Performing C SOURCE FILE Test C_SUPPORTS_FNO_FUNCTION_SECTIONS succeded with the following output:
Change Dir: /home/sruthi/LLVM/installed/llvm-4.0.0.src/lib/Transforms/CompOptDSL/DCE/try2/CMakeFiles/CMakeTmp

Run Build Command:"/usr/bin/make" "cmTC_0b2a5/fast"
/usr/bin/make -f CMakeFiles/cmTC_0b2a5.dir/build.make CMakeFiles/cmTC_0b2a5.dir/build
make[1]: Entering directory '/home/sruthi/LLVM/installed/llvm-4.0.0.src/lib/Transforms/CompOptDSL/DCE/try2/CMakeFiles/CMakeTmp'
Building C object CMakeFiles/cmTC_0b2a5.dir/src.c.o
/usr/bin/cc    -Werror=date-time -DC_SUPPORTS_FNO_FUNCTION_SECTIONS   -Werror -fno-function-sections -o CMakeFiles/cmTC_0b2a5.dir/src.c.o   -c /home/sruthi/LLVM/installed/llvm-4.0.0.src/lib/Transforms/CompOptDSL/DCE/try2/CMakeFiles/CMakeTmp/src.c
Linking C executable cmTC_0b2a5
/usr/bin/cmake -E cmake_link_script CMakeFiles/cmTC_0b2a5.dir/link.txt --verbose=1
/usr/bin/cc   -Werror=date-time -DC_SUPPORTS_FNO_FUNCTION_SECTIONS    CMakeFiles/cmTC_0b2a5.dir/src.c.o  -o cmTC_0b2a5 -rdynamic 
make[1]: Leaving directory '/home/sruthi/LLVM/installed/llvm-4.0.0.src/lib/Transforms/CompOptDSL/DCE/try2/CMakeFiles/CMakeTmp'

Source file was:
int main(void) { return 0; }
Performing C SOURCE FILE Test C_SUPPORTS_FFUNCTION_SECTIONS succeded with the following output:
Change Dir: /home/sruthi/LLVM/installed/llvm-4.0.0.src/lib/Transforms/CompOptDSL/DCE/try2/CMakeFiles/CMakeTmp

Run Build Command:"/usr/bin/make" "cmTC_2605e/fast"
/usr/bin/make -f CMakeFiles/cmTC_2605e.dir/build.make CMakeFiles/cmTC_2605e.dir/build
make[1]: Entering directory '/home/sruthi/LLVM/installed/llvm-4.0.0.src/lib/Transforms/CompOptDSL/DCE/try2/CMakeFiles/CMakeTmp'
Building C object CMakeFiles/cmTC_2605e.dir/src.c.o
/usr/bin/cc    -Werror=date-time -DC_SUPPORTS_FFUNCTION_SECTIONS   -Werror -ffunction-sections -o CMakeFiles/cmTC_2605e.dir/src.c.o   -c /home/sruthi/LLVM/installed/llvm-4.0.0.src/lib/Transforms/CompOptDSL/DCE/try2/CMakeFiles/CMakeTmp/src.c
Linking C executable cmTC_2605e
/usr/bin/cmake -E cmake_link_script CMakeFiles/cmTC_2605e.dir/link.txt --verbose=1
/usr/bin/cc   -Werror=date-time -DC_SUPPORTS_FFUNCTION_SECTIONS    CMakeFiles/cmTC_2605e.dir/src.c.o  -o cmTC_2605e -rdynamic 
make[1]: Leaving directory '/home/sruthi/LLVM/installed/llvm-4.0.0.src/lib/Transforms/CompOptDSL/DCE/try2/CMakeFiles/CMakeTmp'

Source file was:
int main(void) { return 0; }
Performing C++ SOURCE FILE Test CXX_SUPPORTS_FFUNCTION_SECTIONS succeded with the following output:
Change Dir: /home/sruthi/LLVM/installed/llvm-4.0.0.src/lib/Transforms/CompOptDSL/DCE/try2/CMakeFiles/CMakeTmp

Run Build Command:"/usr/bin/make" "cmTC_1ca58/fast"
/usr/bin/make -f CMakeFiles/cmTC_1ca58.dir/build.make CMakeFiles/cmTC_1ca58.dir/build
make[1]: Entering directory '/home/sruthi/LLVM/installed/llvm-4.0.0.src/lib/Transforms/CompOptDSL/DCE/try2/CMakeFiles/CMakeTmp'
Building CXX object CMakeFiles/cmTC_1ca58.dir/src.cxx.o
/usr/bin/c++     -fvisibility-inlines-hidden -Werror=date-time -std=c++11 -DCXX_SUPPORTS_FFUNCTION_SECTIONS   -Werror -ffunction-sections -o CMakeFiles/cmTC_1ca58.dir/src.cxx.o -c /home/sruthi/LLVM/installed/llvm-4.0.0.src/lib/Transforms/CompOptDSL/DCE/try2/CMakeFiles/CMakeTmp/src.cxx
Linking CXX executable cmTC_1ca58
/usr/bin/cmake -E cmake_link_script CMakeFiles/cmTC_1ca58.dir/link.txt --verbose=1
/usr/bin/c++    -fvisibility-inlines-hidden -Werror=date-time -std=c++11 -DCXX_SUPPORTS_FFUNCTION_SECTIONS    CMakeFiles/cmTC_1ca58.dir/src.cxx.o  -o cmTC_1ca58 -rdynamic 
make[1]: Leaving directory '/home/sruthi/LLVM/installed/llvm-4.0.0.src/lib/Transforms/CompOptDSL/DCE/try2/CMakeFiles/CMakeTmp'

Source file was:
int main() { return 0; }
Performing C SOURCE FILE Test C_SUPPORTS_FDATA_SECTIONS succeded with the following output:
Change Dir: /home/sruthi/LLVM/installed/llvm-4.0.0.src/lib/Transforms/CompOptDSL/DCE/try2/CMakeFiles/CMakeTmp

Run Build Command:"/usr/bin/make" "cmTC_0efce/fast"
/usr/bin/make -f CMakeFiles/cmTC_0efce.dir/build.make CMakeFiles/cmTC_0efce.dir/build
make[1]: Entering directory '/home/sruthi/LLVM/installed/llvm-4.0.0.src/lib/Transforms/CompOptDSL/DCE/try2/CMakeFiles/CMakeTmp'
Building C object CMakeFiles/cmTC_0efce.dir/src.c.o
/usr/bin/cc    -Werror=date-time -ffunction-sections -DC_SUPPORTS_FDATA_SECTIONS   -Werror -fdata-sections -o CMakeFiles/cmTC_0efce.dir/src.c.o   -c /home/sruthi/LLVM/installed/llvm-4.0.0.src/lib/Transforms/CompOptDSL/DCE/try2/CMakeFiles/CMakeTmp/src.c
Linking C executable cmTC_0efce
/usr/bin/cmake -E cmake_link_script CMakeFiles/cmTC_0efce.dir/link.txt --verbose=1
/usr/bin/cc   -Werror=date-time -ffunction-sections -DC_SUPPORTS_FDATA_SECTIONS    CMakeFiles/cmTC_0efce.dir/src.c.o  -o cmTC_0efce -rdynamic 
make[1]: Leaving directory '/home/sruthi/LLVM/installed/llvm-4.0.0.src/lib/Transforms/CompOptDSL/DCE/try2/CMakeFiles/CMakeTmp'

Source file was:
int main(void) { return 0; }
Performing C++ SOURCE FILE Test CXX_SUPPORTS_FDATA_SECTIONS succeded with the following output:
Change Dir: /home/sruthi/LLVM/installed/llvm-4.0.0.src/lib/Transforms/CompOptDSL/DCE/try2/CMakeFiles/CMakeTmp

Run Build Command:"/usr/bin/make" "cmTC_1e1eb/fast"
/usr/bin/make -f CMakeFiles/cmTC_1e1eb.dir/build.make CMakeFiles/cmTC_1e1eb.dir/build
make[1]: Entering directory '/home/sruthi/LLVM/installed/llvm-4.0.0.src/lib/Transforms/CompOptDSL/DCE/try2/CMakeFiles/CMakeTmp'
Building CXX object CMakeFiles/cmTC_1e1eb.dir/src.cxx.o
/usr/bin/c++     -fvisibility-inlines-hidden -Werror=date-time -std=c++11 -ffunction-sections -DCXX_SUPPORTS_FDATA_SECTIONS   -Werror -fdata-sections -o CMakeFiles/cmTC_1e1eb.dir/src.cxx.o -c /home/sruthi/LLVM/installed/llvm-4.0.0.src/lib/Transforms/CompOptDSL/DCE/try2/CMakeFiles/CMakeTmp/src.cxx
Linking CXX executable cmTC_1e1eb
/usr/bin/cmake -E cmake_link_script CMakeFiles/cmTC_1e1eb.dir/link.txt --verbose=1
/usr/bin/c++    -fvisibility-inlines-hidden -Werror=date-time -std=c++11 -ffunction-sections -DCXX_SUPPORTS_FDATA_SECTIONS    CMakeFiles/cmTC_1e1eb.dir/src.cxx.o  -o cmTC_1e1eb -rdynamic 
make[1]: Leaving directory '/home/sruthi/LLVM/installed/llvm-4.0.0.src/lib/Transforms/CompOptDSL/DCE/try2/CMakeFiles/CMakeTmp'

Source file was:
int main() { return 0; }
Performing C++ SOURCE FILE Test SUPPORTS_FVISIBILITY_INLINES_HIDDEN_FLAG succeded with the following output:
Change Dir: /home/sruthi/LLVM/installed/llvm-4.0.0.src/lib/Transforms/CompOptDSL/Opt-DCE/try2/CMakeFiles/CMakeTmp

Run Build Command:"/usr/bin/make" "cmTC_fd54a/fast"
/usr/bin/make -f CMakeFiles/cmTC_fd54a.dir/build.make CMakeFiles/cmTC_fd54a.dir/build
make[1]: Entering directory '/home/sruthi/LLVM/installed/llvm-4.0.0.src/lib/Transforms/CompOptDSL/Opt-DCE/try2/CMakeFiles/CMakeTmp'
Building CXX object CMakeFiles/cmTC_fd54a.dir/src.cxx.o
/usr/bin/c++     -DSUPPORTS_FVISIBILITY_INLINES_HIDDEN_FLAG   -fvisibility-inlines-hidden -o CMakeFiles/cmTC_fd54a.dir/src.cxx.o -c /home/sruthi/LLVM/installed/llvm-4.0.0.src/lib/Transforms/CompOptDSL/Opt-DCE/try2/CMakeFiles/CMakeTmp/src.cxx
Linking CXX executable cmTC_fd54a
/usr/bin/cmake -E cmake_link_script CMakeFiles/cmTC_fd54a.dir/link.txt --verbose=1
/usr/bin/c++    -DSUPPORTS_FVISIBILITY_INLINES_HIDDEN_FLAG    CMakeFiles/cmTC_fd54a.dir/src.cxx.o  -o cmTC_fd54a -rdynamic 
make[1]: Leaving directory '/home/sruthi/LLVM/installed/llvm-4.0.0.src/lib/Transforms/CompOptDSL/Opt-DCE/try2/CMakeFiles/CMakeTmp'

Source file was:
int main() { return 0; }
Performing C SOURCE FILE Test C_SUPPORTS_WERROR_DATE_TIME succeded with the following output:
Change Dir: /home/sruthi/LLVM/installed/llvm-4.0.0.src/lib/Transforms/CompOptDSL/Opt-DCE/try2/CMakeFiles/CMakeTmp

Run Build Command:"/usr/bin/make" "cmTC_47c3a/fast"
/usr/bin/make -f CMakeFiles/cmTC_47c3a.dir/build.make CMakeFiles/cmTC_47c3a.dir/build
make[1]: Entering directory '/home/sruthi/LLVM/installed/llvm-4.0.0.src/lib/Transforms/CompOptDSL/Opt-DCE/try2/CMakeFiles/CMakeTmp'
Building C object CMakeFiles/cmTC_47c3a.dir/src.c.o
/usr/bin/cc    -DC_SUPPORTS_WERROR_DATE_TIME   -Werror -Werror=date-time -o CMakeFiles/cmTC_47c3a.dir/src.c.o   -c /home/sruthi/LLVM/installed/llvm-4.0.0.src/lib/Transforms/CompOptDSL/Opt-DCE/try2/CMakeFiles/CMakeTmp/src.c
Linking C executable cmTC_47c3a
/usr/bin/cmake -E cmake_link_script CMakeFiles/cmTC_47c3a.dir/link.txt --verbose=1
/usr/bin/cc   -DC_SUPPORTS_WERROR_DATE_TIME    CMakeFiles/cmTC_47c3a.dir/src.c.o  -o cmTC_47c3a -rdynamic 
make[1]: Leaving directory '/home/sruthi/LLVM/installed/llvm-4.0.0.src/lib/Transforms/CompOptDSL/Opt-DCE/try2/CMakeFiles/CMakeTmp'

Source file was:
int main(void) { return 0; }
Performing C++ SOURCE FILE Test CXX_SUPPORTS_WERROR_DATE_TIME succeded with the following output:
Change Dir: /home/sruthi/LLVM/installed/llvm-4.0.0.src/lib/Transforms/CompOptDSL/Opt-DCE/try2/CMakeFiles/CMakeTmp

Run Build Command:"/usr/bin/make" "cmTC_3a2ed/fast"
/usr/bin/make -f CMakeFiles/cmTC_3a2ed.dir/build.make CMakeFiles/cmTC_3a2ed.dir/build
make[1]: Entering directory '/home/sruthi/LLVM/installed/llvm-4.0.0.src/lib/Transforms/CompOptDSL/Opt-DCE/try2/CMakeFiles/CMakeTmp'
Building CXX object CMakeFiles/cmTC_3a2ed.dir/src.cxx.o
/usr/bin/c++     -fvisibility-inlines-hidden -DCXX_SUPPORTS_WERROR_DATE_TIME   -Werror -Werror=date-time -o CMakeFiles/cmTC_3a2ed.dir/src.cxx.o -c /home/sruthi/LLVM/installed/llvm-4.0.0.src/lib/Transforms/CompOptDSL/Opt-DCE/try2/CMakeFiles/CMakeTmp/src.cxx
Linking CXX executable cmTC_3a2ed
/usr/bin/cmake -E cmake_link_script CMakeFiles/cmTC_3a2ed.dir/link.txt --verbose=1
/usr/bin/c++    -fvisibility-inlines-hidden -DCXX_SUPPORTS_WERROR_DATE_TIME    CMakeFiles/cmTC_3a2ed.dir/src.cxx.o  -o cmTC_3a2ed -rdynamic 
make[1]: Leaving directory '/home/sruthi/LLVM/installed/llvm-4.0.0.src/lib/Transforms/CompOptDSL/Opt-DCE/try2/CMakeFiles/CMakeTmp'

Source file was:
int main() { return 0; }
Performing C++ SOURCE FILE Test CXX_SUPPORTS_CXX11 succeded with the following output:
Change Dir: /home/sruthi/LLVM/installed/llvm-4.0.0.src/lib/Transforms/CompOptDSL/Opt-DCE/try2/CMakeFiles/CMakeTmp

Run Build Command:"/usr/bin/make" "cmTC_dc053/fast"
/usr/bin/make -f CMakeFiles/cmTC_dc053.dir/build.make CMakeFiles/cmTC_dc053.dir/build
make[1]: Entering directory '/home/sruthi/LLVM/installed/llvm-4.0.0.src/lib/Transforms/CompOptDSL/Opt-DCE/try2/CMakeFiles/CMakeTmp'
Building CXX object CMakeFiles/cmTC_dc053.dir/src.cxx.o
/usr/bin/c++     -fvisibility-inlines-hidden -Werror=date-time -DCXX_SUPPORTS_CXX11   -std=c++11 -o CMakeFiles/cmTC_dc053.dir/src.cxx.o -c /home/sruthi/LLVM/installed/llvm-4.0.0.src/lib/Transforms/CompOptDSL/Opt-DCE/try2/CMakeFiles/CMakeTmp/src.cxx
Linking CXX executable cmTC_dc053
/usr/bin/cmake -E cmake_link_script CMakeFiles/cmTC_dc053.dir/link.txt --verbose=1
/usr/bin/c++    -fvisibility-inlines-hidden -Werror=date-time -DCXX_SUPPORTS_CXX11    CMakeFiles/cmTC_dc053.dir/src.cxx.o  -o cmTC_dc053 -rdynamic 
make[1]: Leaving directory '/home/sruthi/LLVM/installed/llvm-4.0.0.src/lib/Transforms/CompOptDSL/Opt-DCE/try2/CMakeFiles/CMakeTmp'

Source file was:
int main() { return 0; }
Performing C SOURCE FILE Test C_SUPPORTS_FNO_FUNCTION_SECTIONS succeded with the following output:
Change Dir: /home/sruthi/LLVM/installed/llvm-4.0.0.src/lib/Transforms/CompOptDSL/Opt-DCE/try2/CMakeFiles/CMakeTmp

Run Build Command:"/usr/bin/make" "cmTC_32e14/fast"
/usr/bin/make -f CMakeFiles/cmTC_32e14.dir/build.make CMakeFiles/cmTC_32e14.dir/build
make[1]: Entering directory '/home/sruthi/LLVM/installed/llvm-4.0.0.src/lib/Transforms/CompOptDSL/Opt-DCE/try2/CMakeFiles/CMakeTmp'
Building C object CMakeFiles/cmTC_32e14.dir/src.c.o
/usr/bin/cc    -Werror=date-time -DC_SUPPORTS_FNO_FUNCTION_SECTIONS   -Werror -fno-function-sections -o CMakeFiles/cmTC_32e14.dir/src.c.o   -c /home/sruthi/LLVM/installed/llvm-4.0.0.src/lib/Transforms/CompOptDSL/Opt-DCE/try2/CMakeFiles/CMakeTmp/src.c
Linking C executable cmTC_32e14
/usr/bin/cmake -E cmake_link_script CMakeFiles/cmTC_32e14.dir/link.txt --verbose=1
/usr/bin/cc   -Werror=date-time -DC_SUPPORTS_FNO_FUNCTION_SECTIONS    CMakeFiles/cmTC_32e14.dir/src.c.o  -o cmTC_32e14 -rdynamic 
make[1]: Leaving directory '/home/sruthi/LLVM/installed/llvm-4.0.0.src/lib/Transforms/CompOptDSL/Opt-DCE/try2/CMakeFiles/CMakeTmp'

Source file was:
int main(void) { return 0; }
Performing C SOURCE FILE Test C_SUPPORTS_FFUNCTION_SECTIONS succeded with the following output:
Change Dir: /home/sruthi/LLVM/installed/llvm-4.0.0.src/lib/Transforms/CompOptDSL/Opt-DCE/try2/CMakeFiles/CMakeTmp

Run Build Command:"/usr/bin/make" "cmTC_1ad59/fast"
/usr/bin/make -f CMakeFiles/cmTC_1ad59.dir/build.make CMakeFiles/cmTC_1ad59.dir/build
make[1]: Entering directory '/home/sruthi/LLVM/installed/llvm-4.0.0.src/lib/Transforms/CompOptDSL/Opt-DCE/try2/CMakeFiles/CMakeTmp'
Building C object CMakeFiles/cmTC_1ad59.dir/src.c.o
/usr/bin/cc    -Werror=date-time -DC_SUPPORTS_FFUNCTION_SECTIONS   -Werror -ffunction-sections -o CMakeFiles/cmTC_1ad59.dir/src.c.o   -c /home/sruthi/LLVM/installed/llvm-4.0.0.src/lib/Transforms/CompOptDSL/Opt-DCE/try2/CMakeFiles/CMakeTmp/src.c
Linking C executable cmTC_1ad59
/usr/bin/cmake -E cmake_link_script CMakeFiles/cmTC_1ad59.dir/link.txt --verbose=1
/usr/bin/cc   -Werror=date-time -DC_SUPPORTS_FFUNCTION_SECTIONS    CMakeFiles/cmTC_1ad59.dir/src.c.o  -o cmTC_1ad59 -rdynamic 
make[1]: Leaving directory '/home/sruthi/LLVM/installed/llvm-4.0.0.src/lib/Transforms/CompOptDSL/Opt-DCE/try2/CMakeFiles/CMakeTmp'

Source file was:
int main(void) { return 0; }
Performing C++ SOURCE FILE Test CXX_SUPPORTS_FFUNCTION_SECTIONS succeded with the following output:
Change Dir: /home/sruthi/LLVM/installed/llvm-4.0.0.src/lib/Transforms/CompOptDSL/Opt-DCE/try2/CMakeFiles/CMakeTmp

Run Build Command:"/usr/bin/make" "cmTC_2574a/fast"
/usr/bin/make -f CMakeFiles/cmTC_2574a.dir/build.make CMakeFiles/cmTC_2574a.dir/build
make[1]: Entering directory '/home/sruthi/LLVM/installed/llvm-4.0.0.src/lib/Transforms/CompOptDSL/Opt-DCE/try2/CMakeFiles/CMakeTmp'
Building CXX object CMakeFiles/cmTC_2574a.dir/src.cxx.o
/usr/bin/c++     -fvisibility-inlines-hidden -Werror=date-time -std=c++11 -DCXX_SUPPORTS_FFUNCTION_SECTIONS   -Werror -ffunction-sections -o CMakeFiles/cmTC_2574a.dir/src.cxx.o -c /home/sruthi/LLVM/installed/llvm-4.0.0.src/lib/Transforms/CompOptDSL/Opt-DCE/try2/CMakeFiles/CMakeTmp/src.cxx
Linking CXX executable cmTC_2574a
/usr/bin/cmake -E cmake_link_script CMakeFiles/cmTC_2574a.dir/link.txt --verbose=1
/usr/bin/c++    -fvisibility-inlines-hidden -Werror=date-time -std=c++11 -DCXX_SUPPORTS_FFUNCTION_SECTIONS    CMakeFiles/cmTC_2574a.dir/src.cxx.o  -o cmTC_2574a -rdynamic 
make[1]: Leaving directory '/home/sruthi/LLVM/installed/llvm-4.0.0.src/lib/Transforms/CompOptDSL/Opt-DCE/try2/CMakeFiles/CMakeTmp'

Source file was:
int main() { return 0; }
Performing C SOURCE FILE Test C_SUPPORTS_FDATA_SECTIONS succeded with the following output:
Change Dir: /home/sruthi/LLVM/installed/llvm-4.0.0.src/lib/Transforms/CompOptDSL/Opt-DCE/try2/CMakeFiles/CMakeTmp

Run Build Command:"/usr/bin/make" "cmTC_87da4/fast"
/usr/bin/make -f CMakeFiles/cmTC_87da4.dir/build.make CMakeFiles/cmTC_87da4.dir/build
make[1]: Entering directory '/home/sruthi/LLVM/installed/llvm-4.0.0.src/lib/Transforms/CompOptDSL/Opt-DCE/try2/CMakeFiles/CMakeTmp'
Building C object CMakeFiles/cmTC_87da4.dir/src.c.o
/usr/bin/cc    -Werror=date-time -ffunction-sections -DC_SUPPORTS_FDATA_SECTIONS   -Werror -fdata-sections -o CMakeFiles/cmTC_87da4.dir/src.c.o   -c /home/sruthi/LLVM/installed/llvm-4.0.0.src/lib/Transforms/CompOptDSL/Opt-DCE/try2/CMakeFiles/CMakeTmp/src.c
Linking C executable cmTC_87da4
/usr/bin/cmake -E cmake_link_script CMakeFiles/cmTC_87da4.dir/link.txt --verbose=1
/usr/bin/cc   -Werror=date-time -ffunction-sections -DC_SUPPORTS_FDATA_SECTIONS    CMakeFiles/cmTC_87da4.dir/src.c.o  -o cmTC_87da4 -rdynamic 
make[1]: Leaving directory '/home/sruthi/LLVM/installed/llvm-4.0.0.src/lib/Transforms/CompOptDSL/Opt-DCE/try2/CMakeFiles/CMakeTmp'

Source file was:
int main(void) { return 0; }
Performing C++ SOURCE FILE Test CXX_SUPPORTS_FDATA_SECTIONS succeded with the following output:
Change Dir: /home/sruthi/LLVM/installed/llvm-4.0.0.src/lib/Transforms/CompOptDSL/Opt-DCE/try2/CMakeFiles/CMakeTmp

Run Build Command:"/usr/bin/make" "cmTC_b471e/fast"
/usr/bin/make -f CMakeFiles/cmTC_b471e.dir/build.make CMakeFiles/cmTC_b471e.dir/build
make[1]: Entering directory '/home/sruthi/LLVM/installed/llvm-4.0.0.src/lib/Transforms/CompOptDSL/Opt-DCE/try2/CMakeFiles/CMakeTmp'
Building CXX object CMakeFiles/cmTC_b471e.dir/src.cxx.o
/usr/bin/c++     -fvisibility-inlines-hidden -Werror=date-time -std=c++11 -ffunction-sections -DCXX_SUPPORTS_FDATA_SECTIONS   -Werror -fdata-sections -o CMakeFiles/cmTC_b471e.dir/src.cxx.o -c /home/sruthi/LLVM/installed/llvm-4.0.0.src/lib/Transforms/CompOptDSL/Opt-DCE/try2/CMakeFiles/CMakeTmp/src.cxx
Linking CXX executable cmTC_b471e
/usr/bin/cmake -E cmake_link_script CMakeFiles/cmTC_b471e.dir/link.txt --verbose=1
/usr/bin/c++    -fvisibility-inlines-hidden -Werror=date-time -std=c++11 -ffunction-sections -DCXX_SUPPORTS_FDATA_SECTIONS    CMakeFiles/cmTC_b471e.dir/src.cxx.o  -o cmTC_b471e -rdynamic 
make[1]: Leaving directory '/home/sruthi/LLVM/installed/llvm-4.0.0.src/lib/Transforms/CompOptDSL/Opt-DCE/try2/CMakeFiles/CMakeTmp'

Source file was:
int main() { return 0; }
