The system is: Linux - 4.4.0-83-generic - x86_64
Compiling the C compiler identification source file "CMakeCCompilerId.c" succeeded.
Compiler: /usr/bin/cc 
Build flags: 
Id flags: 

The output was:
0


Compilation of the C compiler identification source "CMakeCCompilerId.c" produced "a.out"

The C compiler identification is GNU, found in "/home/sruthi/LLVM/installed/llvm-4.0.0.src/lib/Transforms/CompOptDSL/snippet4/pass2/CMakeFiles/3.4.3/CompilerIdC/a.out"

Compiling the CXX compiler identification source file "CMakeCXXCompilerId.cpp" succeeded.
Compiler: /usr/bin/c++ 
Build flags: 
Id flags: 

The output was:
0


Compilation of the CXX compiler identification source "CMakeCXXCompilerId.cpp" produced "a.out"

The CXX compiler identification is GNU, found in "/home/sruthi/LLVM/installed/llvm-4.0.0.src/lib/Transforms/CompOptDSL/snippet4/pass2/CMakeFiles/3.4.3/CompilerIdCXX/a.out"

Determining if the C compiler works passed with the following output:
Change Dir: /home/sruthi/LLVM/installed/llvm-4.0.0.src/lib/Transforms/CompOptDSL/snippet4/pass2/CMakeFiles/CMakeTmp

Run Build Command:"/usr/bin/make" "cmTC_88414/fast"
/usr/bin/make -f CMakeFiles/cmTC_88414.dir/build.make CMakeFiles/cmTC_88414.dir/build
make[1]: Entering directory '/home/sruthi/LLVM/installed/llvm-4.0.0.src/lib/Transforms/CompOptDSL/snippet4/pass2/CMakeFiles/CMakeTmp'
Building C object CMakeFiles/cmTC_88414.dir/testCCompiler.c.o
/usr/bin/cc     -o CMakeFiles/cmTC_88414.dir/testCCompiler.c.o   -c /home/sruthi/LLVM/installed/llvm-4.0.0.src/lib/Transforms/CompOptDSL/snippet4/pass2/CMakeFiles/CMakeTmp/testCCompiler.c
Linking C executable cmTC_88414
/usr/bin/cmake -E cmake_link_script CMakeFiles/cmTC_88414.dir/link.txt --verbose=1
/usr/bin/cc       CMakeFiles/cmTC_88414.dir/testCCompiler.c.o  -o cmTC_88414 -rdynamic 
make[1]: Leaving directory '/home/sruthi/LLVM/installed/llvm-4.0.0.src/lib/Transforms/CompOptDSL/snippet4/pass2/CMakeFiles/CMakeTmp'


Detecting C compiler ABI info compiled with the following output:
Change Dir: /home/sruthi/LLVM/installed/llvm-4.0.0.src/lib/Transforms/CompOptDSL/snippet4/pass2/CMakeFiles/CMakeTmp

Run Build Command:"/usr/bin/make" "cmTC_59ffa/fast"
/usr/bin/make -f CMakeFiles/cmTC_59ffa.dir/build.make CMakeFiles/cmTC_59ffa.dir/build
make[1]: Entering directory '/home/sruthi/LLVM/installed/llvm-4.0.0.src/lib/Transforms/CompOptDSL/snippet4/pass2/CMakeFiles/CMakeTmp'
Building C object CMakeFiles/cmTC_59ffa.dir/CMakeCCompilerABI.c.o
/usr/bin/cc     -o CMakeFiles/cmTC_59ffa.dir/CMakeCCompilerABI.c.o   -c /usr/share/cmake-3.4/Modules/CMakeCCompilerABI.c
Linking C executable cmTC_59ffa
/usr/bin/cmake -E cmake_link_script CMakeFiles/cmTC_59ffa.dir/link.txt --verbose=1
/usr/bin/cc      -v CMakeFiles/cmTC_59ffa.dir/CMakeCCompilerABI.c.o  -o cmTC_59ffa -rdynamic  
Using built-in specs.
COLLECT_GCC=/usr/bin/cc
COLLECT_LTO_WRAPPER=/usr/lib/gcc/x86_64-linux-gnu/5/lto-wrapper
Target: x86_64-linux-gnu
Configured with: ../src/configure -v --with-pkgversion='Ubuntu 5.4.0-6ubuntu1~16.04.4' --with-bugurl=file:///usr/share/doc/gcc-5/README.Bugs --enable-languages=c,ada,c++,java,go,d,fortran,objc,obj-c++ --prefix=/usr --program-suffix=-5 --enable-shared --enable-linker-build-id --libexecdir=/usr/lib --without-included-gettext --enable-threads=posix --libdir=/usr/lib --enable-nls --with-sysroot=/ --enable-clocale=gnu --enable-libstdcxx-debug --enable-libstdcxx-time=yes --with-default-libstdcxx-abi=new --enable-gnu-unique-object --disable-vtable-verify --enable-libmpx --enable-plugin --with-system-zlib --disable-browser-plugin --enable-java-awt=gtk --enable-gtk-cairo --with-java-home=/usr/lib/jvm/java-1.5.0-gcj-5-amd64/jre --enable-java-home --with-jvm-root-dir=/usr/lib/jvm/java-1.5.0-gcj-5-amd64 --with-jvm-jar-dir=/usr/lib/jvm-exports/java-1.5.0-gcj-5-amd64 --with-arch-directory=amd64 --with-ecj-jar=/usr/share/java/eclipse-ecj.jar --enable-objc-gc --enable-multiarch --disable-werror --with-arch-32=i686 --with-abi=m64 --with-multilib-list=m32,m64,mx32 --enable-multilib --with-tune=generic --enable-checking=release --build=x86_64-linux-gnu --host=x86_64-linux-gnu --target=x86_64-linux-gnu
Thread model: posix
gcc version 5.4.0 20160609 (Ubuntu 5.4.0-6ubuntu1~16.04.4) 
COMPILER_PATH=/usr/lib/gcc/x86_64-linux-gnu/5/:/usr/lib/gcc/x86_64-linux-gnu/5/:/usr/lib/gcc/x86_64-linux-gnu/:/usr/lib/gcc/x86_64-linux-gnu/5/:/usr/lib/gcc/x86_64-linux-gnu/
LIBRARY_PATH=/usr/lib/gcc/x86_64-linux-gnu/5/:/usr/lib/gcc/x86_64-linux-gnu/5/../../../x86_64-linux-gnu/:/usr/lib/gcc/x86_64-linux-gnu/5/../../../../lib/:/lib/x86_64-linux-gnu/:/lib/../lib/:/usr/lib/x86_64-linux-gnu/:/usr/lib/../lib/:/usr/lib/gcc/x86_64-linux-gnu/5/../../../:/lib/:/usr/lib/
COLLECT_GCC_OPTIONS='-v' '-o' 'cmTC_59ffa' '-rdynamic' '-mtune=generic' '-march=x86-64'
 /usr/lib/gcc/x86_64-linux-gnu/5/collect2 -plugin /usr/lib/gcc/x86_64-linux-gnu/5/liblto_plugin.so -plugin-opt=/usr/lib/gcc/x86_64-linux-gnu/5/lto-wrapper -plugin-opt=-fresolution=/tmp/cc6jqiGy.res -plugin-opt=-pass-through=-lgcc -plugin-opt=-pass-through=-lgcc_s -plugin-opt=-pass-through=-lc -plugin-opt=-pass-through=-lgcc -plugin-opt=-pass-through=-lgcc_s --sysroot=/ --build-id --eh-frame-hdr -m elf_x86_64 --hash-style=gnu --as-needed -export-dynamic -dynamic-linker /lib64/ld-linux-x86-64.so.2 -z relro -o cmTC_59ffa /usr/lib/gcc/x86_64-linux-gnu/5/../../../x86_64-linux-gnu/crt1.o /usr/lib/gcc/x86_64-linux-gnu/5/../../../x86_64-linux-gnu/crti.o /usr/lib/gcc/x86_64-linux-gnu/5/crtbegin.o -L/usr/lib/gcc/x86_64-linux-gnu/5 -L/usr/lib/gcc/x86_64-linux-gnu/5/../../../x86_64-linux-gnu -L/usr/lib/gcc/x86_64-linux-gnu/5/../../../../lib -L/lib/x86_64-linux-gnu -L/lib/../lib -L/usr/lib/x86_64-linux-gnu -L/usr/lib/../lib -L/usr/lib/gcc/x86_64-linux-gnu/5/../../.. CMakeFiles/cmTC_59ffa.dir/CMakeCCompilerABI.c.o -lgcc --as-needed -lgcc_s --no-as-needed -lc -lgcc --as-needed -lgcc_s --no-as-needed /usr/lib/gcc/x86_64-linux-gnu/5/crtend.o /usr/lib/gcc/x86_64-linux-gnu/5/../../../x86_64-linux-gnu/crtn.o
make[1]: Leaving directory '/home/sruthi/LLVM/installed/llvm-4.0.0.src/lib/Transforms/CompOptDSL/snippet4/pass2/CMakeFiles/CMakeTmp'


Parsed C implicit link information from above output:
  link line regex: [^( *|.*[/\])(ld|([^/\]+-)?ld|collect2)[^/\]*( |$)]
  ignore line: [Change Dir: /home/sruthi/LLVM/installed/llvm-4.0.0.src/lib/Transforms/CompOptDSL/snippet4/pass2/CMakeFiles/CMakeTmp]
  ignore line: []
  ignore line: [Run Build Command:"/usr/bin/make" "cmTC_59ffa/fast"]
  ignore line: [/usr/bin/make -f CMakeFiles/cmTC_59ffa.dir/build.make CMakeFiles/cmTC_59ffa.dir/build]
  ignore line: [make[1]: Entering directory '/home/sruthi/LLVM/installed/llvm-4.0.0.src/lib/Transforms/CompOptDSL/snippet4/pass2/CMakeFiles/CMakeTmp']
  ignore line: [Building C object CMakeFiles/cmTC_59ffa.dir/CMakeCCompilerABI.c.o]
  ignore line: [/usr/bin/cc     -o CMakeFiles/cmTC_59ffa.dir/CMakeCCompilerABI.c.o   -c /usr/share/cmake-3.4/Modules/CMakeCCompilerABI.c]
  ignore line: [Linking C executable cmTC_59ffa]
  ignore line: [/usr/bin/cmake -E cmake_link_script CMakeFiles/cmTC_59ffa.dir/link.txt --verbose=1]
  ignore line: [/usr/bin/cc      -v CMakeFiles/cmTC_59ffa.dir/CMakeCCompilerABI.c.o  -o cmTC_59ffa -rdynamic  ]
  ignore line: [Using built-in specs.]
  ignore line: [COLLECT_GCC=/usr/bin/cc]
  ignore line: [COLLECT_LTO_WRAPPER=/usr/lib/gcc/x86_64-linux-gnu/5/lto-wrapper]
  ignore line: [Target: x86_64-linux-gnu]
  ignore line: [Configured with: ../src/configure -v --with-pkgversion='Ubuntu 5.4.0-6ubuntu1~16.04.4' --with-bugurl=file:///usr/share/doc/gcc-5/README.Bugs --enable-languages=c,ada,c++,java,go,d,fortran,objc,obj-c++ --prefix=/usr --program-suffix=-5 --enable-shared --enable-linker-build-id --libexecdir=/usr/lib --without-included-gettext --enable-threads=posix --libdir=/usr/lib --enable-nls --with-sysroot=/ --enable-clocale=gnu --enable-libstdcxx-debug --enable-libstdcxx-time=yes --with-default-libstdcxx-abi=new --enable-gnu-unique-object --disable-vtable-verify --enable-libmpx --enable-plugin --with-system-zlib --disable-browser-plugin --enable-java-awt=gtk --enable-gtk-cairo --with-java-home=/usr/lib/jvm/java-1.5.0-gcj-5-amd64/jre --enable-java-home --with-jvm-root-dir=/usr/lib/jvm/java-1.5.0-gcj-5-amd64 --with-jvm-jar-dir=/usr/lib/jvm-exports/java-1.5.0-gcj-5-amd64 --with-arch-directory=amd64 --with-ecj-jar=/usr/share/java/eclipse-ecj.jar --enable-objc-gc --enable-multiarch --disable-werror --with-arch-32=i686 --with-abi=m64 --with-multilib-list=m32,m64,mx32 --enable-multilib --with-tune=generic --enable-checking=release --build=x86_64-linux-gnu --host=x86_64-linux-gnu --target=x86_64-linux-gnu]
  ignore line: [Thread model: posix]
  ignore line: [gcc version 5.4.0 20160609 (Ubuntu 5.4.0-6ubuntu1~16.04.4) ]
  ignore line: [COMPILER_PATH=/usr/lib/gcc/x86_64-linux-gnu/5/:/usr/lib/gcc/x86_64-linux-gnu/5/:/usr/lib/gcc/x86_64-linux-gnu/:/usr/lib/gcc/x86_64-linux-gnu/5/:/usr/lib/gcc/x86_64-linux-gnu/]
  ignore line: [LIBRARY_PATH=/usr/lib/gcc/x86_64-linux-gnu/5/:/usr/lib/gcc/x86_64-linux-gnu/5/../../../x86_64-linux-gnu/:/usr/lib/gcc/x86_64-linux-gnu/5/../../../../lib/:/lib/x86_64-linux-gnu/:/lib/../lib/:/usr/lib/x86_64-linux-gnu/:/usr/lib/../lib/:/usr/lib/gcc/x86_64-linux-gnu/5/../../../:/lib/:/usr/lib/]
  ignore line: [COLLECT_GCC_OPTIONS='-v' '-o' 'cmTC_59ffa' '-rdynamic' '-mtune=generic' '-march=x86-64']
  link line: [ /usr/lib/gcc/x86_64-linux-gnu/5/collect2 -plugin /usr/lib/gcc/x86_64-linux-gnu/5/liblto_plugin.so -plugin-opt=/usr/lib/gcc/x86_64-linux-gnu/5/lto-wrapper -plugin-opt=-fresolution=/tmp/cc6jqiGy.res -plugin-opt=-pass-through=-lgcc -plugin-opt=-pass-through=-lgcc_s -plugin-opt=-pass-through=-lc -plugin-opt=-pass-through=-lgcc -plugin-opt=-pass-through=-lgcc_s --sysroot=/ --build-id --eh-frame-hdr -m elf_x86_64 --hash-style=gnu --as-needed -export-dynamic -dynamic-linker /lib64/ld-linux-x86-64.so.2 -z relro -o cmTC_59ffa /usr/lib/gcc/x86_64-linux-gnu/5/../../../x86_64-linux-gnu/crt1.o /usr/lib/gcc/x86_64-linux-gnu/5/../../../x86_64-linux-gnu/crti.o /usr/lib/gcc/x86_64-linux-gnu/5/crtbegin.o -L/usr/lib/gcc/x86_64-linux-gnu/5 -L/usr/lib/gcc/x86_64-linux-gnu/5/../../../x86_64-linux-gnu -L/usr/lib/gcc/x86_64-linux-gnu/5/../../../../lib -L/lib/x86_64-linux-gnu -L/lib/../lib -L/usr/lib/x86_64-linux-gnu -L/usr/lib/../lib -L/usr/lib/gcc/x86_64-linux-gnu/5/../../.. CMakeFiles/cmTC_59ffa.dir/CMakeCCompilerABI.c.o -lgcc --as-needed -lgcc_s --no-as-needed -lc -lgcc --as-needed -lgcc_s --no-as-needed /usr/lib/gcc/x86_64-linux-gnu/5/crtend.o /usr/lib/gcc/x86_64-linux-gnu/5/../../../x86_64-linux-gnu/crtn.o]
    arg [/usr/lib/gcc/x86_64-linux-gnu/5/collect2] ==> ignore
    arg [-plugin] ==> ignore
    arg [/usr/lib/gcc/x86_64-linux-gnu/5/liblto_plugin.so] ==> ignore
    arg [-plugin-opt=/usr/lib/gcc/x86_64-linux-gnu/5/lto-wrapper] ==> ignore
    arg [-plugin-opt=-fresolution=/tmp/cc6jqiGy.res] ==> ignore
    arg [-plugin-opt=-pass-through=-lgcc] ==> ignore
    arg [-plugin-opt=-pass-through=-lgcc_s] ==> ignore
    arg [-plugin-opt=-pass-through=-lc] ==> ignore
    arg [-plugin-opt=-pass-through=-lgcc] ==> ignore
    arg [-plugin-opt=-pass-through=-lgcc_s] ==> ignore
    arg [--sysroot=/] ==> ignore
    arg [--build-id] ==> ignore
    arg [--eh-frame-hdr] ==> ignore
    arg [-m] ==> ignore
    arg [elf_x86_64] ==> ignore
    arg [--hash-style=gnu] ==> ignore
    arg [--as-needed] ==> ignore
    arg [-export-dynamic] ==> ignore
    arg [-dynamic-linker] ==> ignore
    arg [/lib64/ld-linux-x86-64.so.2] ==> ignore
    arg [-zrelro] ==> ignore
    arg [-o] ==> ignore
    arg [cmTC_59ffa] ==> ignore
    arg [/usr/lib/gcc/x86_64-linux-gnu/5/../../../x86_64-linux-gnu/crt1.o] ==> ignore
    arg [/usr/lib/gcc/x86_64-linux-gnu/5/../../../x86_64-linux-gnu/crti.o] ==> ignore
    arg [/usr/lib/gcc/x86_64-linux-gnu/5/crtbegin.o] ==> ignore
    arg [-L/usr/lib/gcc/x86_64-linux-gnu/5] ==> dir [/usr/lib/gcc/x86_64-linux-gnu/5]
    arg [-L/usr/lib/gcc/x86_64-linux-gnu/5/../../../x86_64-linux-gnu] ==> dir [/usr/lib/gcc/x86_64-linux-gnu/5/../../../x86_64-linux-gnu]
    arg [-L/usr/lib/gcc/x86_64-linux-gnu/5/../../../../lib] ==> dir [/usr/lib/gcc/x86_64-linux-gnu/5/../../../../lib]
    arg [-L/lib/x86_64-linux-gnu] ==> dir [/lib/x86_64-linux-gnu]
    arg [-L/lib/../lib] ==> dir [/lib/../lib]
    arg [-L/usr/lib/x86_64-linux-gnu] ==> dir [/usr/lib/x86_64-linux-gnu]
    arg [-L/usr/lib/../lib] ==> dir [/usr/lib/../lib]
    arg [-L/usr/lib/gcc/x86_64-linux-gnu/5/../../..] ==> dir [/usr/lib/gcc/x86_64-linux-gnu/5/../../..]
    arg [CMakeFiles/cmTC_59ffa.dir/CMakeCCompilerABI.c.o] ==> ignore
    arg [-lgcc] ==> lib [gcc]
    arg [--as-needed] ==> ignore
    arg [-lgcc_s] ==> lib [gcc_s]
    arg [--no-as-needed] ==> ignore
    arg [-lc] ==> lib [c]
    arg [-lgcc] ==> lib [gcc]
    arg [--as-needed] ==> ignore
    arg [-lgcc_s] ==> lib [gcc_s]
    arg [--no-as-needed] ==> ignore
    arg [/usr/lib/gcc/x86_64-linux-gnu/5/crtend.o] ==> ignore
    arg [/usr/lib/gcc/x86_64-linux-gnu/5/../../../x86_64-linux-gnu/crtn.o] ==> ignore
  remove lib [gcc]
  remove lib [gcc_s]
  remove lib [gcc]
  remove lib [gcc_s]
  collapse library dir [/usr/lib/gcc/x86_64-linux-gnu/5] ==> [/usr/lib/gcc/x86_64-linux-gnu/5]
  collapse library dir [/usr/lib/gcc/x86_64-linux-gnu/5/../../../x86_64-linux-gnu] ==> [/usr/lib/x86_64-linux-gnu]
  collapse library dir [/usr/lib/gcc/x86_64-linux-gnu/5/../../../../lib] ==> [/usr/lib]
  collapse library dir [/lib/x86_64-linux-gnu] ==> [/lib/x86_64-linux-gnu]
  collapse library dir [/lib/../lib] ==> [/lib]
  collapse library dir [/usr/lib/x86_64-linux-gnu] ==> [/usr/lib/x86_64-linux-gnu]
  collapse library dir [/usr/lib/../lib] ==> [/usr/lib]
  collapse library dir [/usr/lib/gcc/x86_64-linux-gnu/5/../../..] ==> [/usr/lib]
  implicit libs: [c]
  implicit dirs: [/usr/lib/gcc/x86_64-linux-gnu/5;/usr/lib/x86_64-linux-gnu;/usr/lib;/lib/x86_64-linux-gnu;/lib]
  implicit fwks: []




Detecting C [-std=c11] compiler features compiled with the following output:
Change Dir: /home/sruthi/LLVM/installed/llvm-4.0.0.src/lib/Transforms/CompOptDSL/snippet4/pass2/CMakeFiles/CMakeTmp

Run Build Command:"/usr/bin/make" "cmTC_4ae4c/fast"
/usr/bin/make -f CMakeFiles/cmTC_4ae4c.dir/build.make CMakeFiles/cmTC_4ae4c.dir/build
make[1]: Entering directory '/home/sruthi/LLVM/installed/llvm-4.0.0.src/lib/Transforms/CompOptDSL/snippet4/pass2/CMakeFiles/CMakeTmp'
Building C object CMakeFiles/cmTC_4ae4c.dir/feature_tests.c.o
/usr/bin/cc    -std=c11 -o CMakeFiles/cmTC_4ae4c.dir/feature_tests.c.o   -c /home/sruthi/LLVM/installed/llvm-4.0.0.src/lib/Transforms/CompOptDSL/snippet4/pass2/CMakeFiles/feature_tests.c
Linking C executable cmTC_4ae4c
/usr/bin/cmake -E cmake_link_script CMakeFiles/cmTC_4ae4c.dir/link.txt --verbose=1
/usr/bin/cc       CMakeFiles/cmTC_4ae4c.dir/feature_tests.c.o  -o cmTC_4ae4c -rdynamic 
make[1]: Leaving directory '/home/sruthi/LLVM/installed/llvm-4.0.0.src/lib/Transforms/CompOptDSL/snippet4/pass2/CMakeFiles/CMakeTmp'


    Feature record: C_FEATURE:1c_function_prototypes
    Feature record: C_FEATURE:1c_restrict
    Feature record: C_FEATURE:1c_static_assert
    Feature record: C_FEATURE:1c_variadic_macros


Detecting C [-std=c99] compiler features compiled with the following output:
Change Dir: /home/sruthi/LLVM/installed/llvm-4.0.0.src/lib/Transforms/CompOptDSL/snippet4/pass2/CMakeFiles/CMakeTmp

Run Build Command:"/usr/bin/make" "cmTC_bf9f5/fast"
/usr/bin/make -f CMakeFiles/cmTC_bf9f5.dir/build.make CMakeFiles/cmTC_bf9f5.dir/build
make[1]: Entering directory '/home/sruthi/LLVM/installed/llvm-4.0.0.src/lib/Transforms/CompOptDSL/snippet4/pass2/CMakeFiles/CMakeTmp'
Building C object CMakeFiles/cmTC_bf9f5.dir/feature_tests.c.o
/usr/bin/cc    -std=c99 -o CMakeFiles/cmTC_bf9f5.dir/feature_tests.c.o   -c /home/sruthi/LLVM/installed/llvm-4.0.0.src/lib/Transforms/CompOptDSL/snippet4/pass2/CMakeFiles/feature_tests.c
Linking C executable cmTC_bf9f5
/usr/bin/cmake -E cmake_link_script CMakeFiles/cmTC_bf9f5.dir/link.txt --verbose=1
/usr/bin/cc       CMakeFiles/cmTC_bf9f5.dir/feature_tests.c.o  -o cmTC_bf9f5 -rdynamic 
make[1]: Leaving directory '/home/sruthi/LLVM/installed/llvm-4.0.0.src/lib/Transforms/CompOptDSL/snippet4/pass2/CMakeFiles/CMakeTmp'


    Feature record: C_FEATURE:1c_function_prototypes
    Feature record: C_FEATURE:1c_restrict
    Feature record: C_FEATURE:0c_static_assert
    Feature record: C_FEATURE:1c_variadic_macros


Detecting C [-std=c90] compiler features compiled with the following output:
Change Dir: /home/sruthi/LLVM/installed/llvm-4.0.0.src/lib/Transforms/CompOptDSL/snippet4/pass2/CMakeFiles/CMakeTmp

Run Build Command:"/usr/bin/make" "cmTC_d995a/fast"
/usr/bin/make -f CMakeFiles/cmTC_d995a.dir/build.make CMakeFiles/cmTC_d995a.dir/build
make[1]: Entering directory '/home/sruthi/LLVM/installed/llvm-4.0.0.src/lib/Transforms/CompOptDSL/snippet4/pass2/CMakeFiles/CMakeTmp'
Building C object CMakeFiles/cmTC_d995a.dir/feature_tests.c.o
/usr/bin/cc    -std=c90 -o CMakeFiles/cmTC_d995a.dir/feature_tests.c.o   -c /home/sruthi/LLVM/installed/llvm-4.0.0.src/lib/Transforms/CompOptDSL/snippet4/pass2/CMakeFiles/feature_tests.c
Linking C executable cmTC_d995a
/usr/bin/cmake -E cmake_link_script CMakeFiles/cmTC_d995a.dir/link.txt --verbose=1
/usr/bin/cc       CMakeFiles/cmTC_d995a.dir/feature_tests.c.o  -o cmTC_d995a -rdynamic 
make[1]: Leaving directory '/home/sruthi/LLVM/installed/llvm-4.0.0.src/lib/Transforms/CompOptDSL/snippet4/pass2/CMakeFiles/CMakeTmp'


    Feature record: C_FEATURE:1c_function_prototypes
    Feature record: C_FEATURE:0c_restrict
    Feature record: C_FEATURE:0c_static_assert
    Feature record: C_FEATURE:0c_variadic_macros
Determining if the CXX compiler works passed with the following output:
Change Dir: /home/sruthi/LLVM/installed/llvm-4.0.0.src/lib/Transforms/CompOptDSL/snippet4/pass2/CMakeFiles/CMakeTmp

Run Build Command:"/usr/bin/make" "cmTC_66eeb/fast"
/usr/bin/make -f CMakeFiles/cmTC_66eeb.dir/build.make CMakeFiles/cmTC_66eeb.dir/build
make[1]: Entering directory '/home/sruthi/LLVM/installed/llvm-4.0.0.src/lib/Transforms/CompOptDSL/snippet4/pass2/CMakeFiles/CMakeTmp'
Building CXX object CMakeFiles/cmTC_66eeb.dir/testCXXCompiler.cxx.o
/usr/bin/c++      -o CMakeFiles/cmTC_66eeb.dir/testCXXCompiler.cxx.o -c /home/sruthi/LLVM/installed/llvm-4.0.0.src/lib/Transforms/CompOptDSL/snippet4/pass2/CMakeFiles/CMakeTmp/testCXXCompiler.cxx
Linking CXX executable cmTC_66eeb
/usr/bin/cmake -E cmake_link_script CMakeFiles/cmTC_66eeb.dir/link.txt --verbose=1
/usr/bin/c++        CMakeFiles/cmTC_66eeb.dir/testCXXCompiler.cxx.o  -o cmTC_66eeb -rdynamic 
make[1]: Leaving directory '/home/sruthi/LLVM/installed/llvm-4.0.0.src/lib/Transforms/CompOptDSL/snippet4/pass2/CMakeFiles/CMakeTmp'


Detecting CXX compiler ABI info compiled with the following output:
Change Dir: /home/sruthi/LLVM/installed/llvm-4.0.0.src/lib/Transforms/CompOptDSL/snippet4/pass2/CMakeFiles/CMakeTmp

Run Build Command:"/usr/bin/make" "cmTC_f5792/fast"
/usr/bin/make -f CMakeFiles/cmTC_f5792.dir/build.make CMakeFiles/cmTC_f5792.dir/build
make[1]: Entering directory '/home/sruthi/LLVM/installed/llvm-4.0.0.src/lib/Transforms/CompOptDSL/snippet4/pass2/CMakeFiles/CMakeTmp'
Building CXX object CMakeFiles/cmTC_f5792.dir/CMakeCXXCompilerABI.cpp.o
/usr/bin/c++      -o CMakeFiles/cmTC_f5792.dir/CMakeCXXCompilerABI.cpp.o -c /usr/share/cmake-3.4/Modules/CMakeCXXCompilerABI.cpp
Linking CXX executable cmTC_f5792
/usr/bin/cmake -E cmake_link_script CMakeFiles/cmTC_f5792.dir/link.txt --verbose=1
/usr/bin/c++       -v CMakeFiles/cmTC_f5792.dir/CMakeCXXCompilerABI.cpp.o  -o cmTC_f5792 -rdynamic  
Using built-in specs.
COLLECT_GCC=/usr/bin/c++
COLLECT_LTO_WRAPPER=/usr/lib/gcc/x86_64-linux-gnu/5/lto-wrapper
Target: x86_64-linux-gnu
Configured with: ../src/configure -v --with-pkgversion='Ubuntu 5.4.0-6ubuntu1~16.04.4' --with-bugurl=file:///usr/share/doc/gcc-5/README.Bugs --enable-languages=c,ada,c++,java,go,d,fortran,objc,obj-c++ --prefix=/usr --program-suffix=-5 --enable-shared --enable-linker-build-id --libexecdir=/usr/lib --without-included-gettext --enable-threads=posix --libdir=/usr/lib --enable-nls --with-sysroot=/ --enable-clocale=gnu --enable-libstdcxx-debug --enable-libstdcxx-time=yes --with-default-libstdcxx-abi=new --enable-gnu-unique-object --disable-vtable-verify --enable-libmpx --enable-plugin --with-system-zlib --disable-browser-plugin --enable-java-awt=gtk --enable-gtk-cairo --with-java-home=/usr/lib/jvm/java-1.5.0-gcj-5-amd64/jre --enable-java-home --with-jvm-root-dir=/usr/lib/jvm/java-1.5.0-gcj-5-amd64 --with-jvm-jar-dir=/usr/lib/jvm-exports/java-1.5.0-gcj-5-amd64 --with-arch-directory=amd64 --with-ecj-jar=/usr/share/java/eclipse-ecj.jar --enable-objc-gc --enable-multiarch --disable-werror --with-arch-32=i686 --with-abi=m64 --with-multilib-list=m32,m64,mx32 --enable-multilib --with-tune=generic --enable-checking=release --build=x86_64-linux-gnu --host=x86_64-linux-gnu --target=x86_64-linux-gnu
Thread model: posix
gcc version 5.4.0 20160609 (Ubuntu 5.4.0-6ubuntu1~16.04.4) 
COMPILER_PATH=/usr/lib/gcc/x86_64-linux-gnu/5/:/usr/lib/gcc/x86_64-linux-gnu/5/:/usr/lib/gcc/x86_64-linux-gnu/:/usr/lib/gcc/x86_64-linux-gnu/5/:/usr/lib/gcc/x86_64-linux-gnu/
LIBRARY_PATH=/usr/lib/gcc/x86_64-linux-gnu/5/:/usr/lib/gcc/x86_64-linux-gnu/5/../../../x86_64-linux-gnu/:/usr/lib/gcc/x86_64-linux-gnu/5/../../../../lib/:/lib/x86_64-linux-gnu/:/lib/../lib/:/usr/lib/x86_64-linux-gnu/:/usr/lib/../lib/:/usr/lib/gcc/x86_64-linux-gnu/5/../../../:/lib/:/usr/lib/
COLLECT_GCC_OPTIONS='-v' '-o' 'cmTC_f5792' '-rdynamic' '-shared-libgcc' '-mtune=generic' '-march=x86-64'
 /usr/lib/gcc/x86_64-linux-gnu/5/collect2 -plugin /usr/lib/gcc/x86_64-linux-gnu/5/liblto_plugin.so -plugin-opt=/usr/lib/gcc/x86_64-linux-gnu/5/lto-wrapper -plugin-opt=-fresolution=/tmp/ccTWErAZ.res -plugin-opt=-pass-through=-lgcc_s -plugin-opt=-pass-through=-lgcc -plugin-opt=-pass-through=-lc -plugin-opt=-pass-through=-lgcc_s -plugin-opt=-pass-through=-lgcc --sysroot=/ --build-id --eh-frame-hdr -m elf_x86_64 --hash-style=gnu --as-needed -export-dynamic -dynamic-linker /lib64/ld-linux-x86-64.so.2 -z relro -o cmTC_f5792 /usr/lib/gcc/x86_64-linux-gnu/5/../../../x86_64-linux-gnu/crt1.o /usr/lib/gcc/x86_64-linux-gnu/5/../../../x86_64-linux-gnu/crti.o /usr/lib/gcc/x86_64-linux-gnu/5/crtbegin.o -L/usr/lib/gcc/x86_64-linux-gnu/5 -L/usr/lib/gcc/x86_64-linux-gnu/5/../../../x86_64-linux-gnu -L/usr/lib/gcc/x86_64-linux-gnu/5/../../../../lib -L/lib/x86_64-linux-gnu -L/lib/../lib -L/usr/lib/x86_64-linux-gnu -L/usr/lib/../lib -L/usr/lib/gcc/x86_64-linux-gnu/5/../../.. CMakeFiles/cmTC_f5792.dir/CMakeCXXCompilerABI.cpp.o -lstdc++ -lm -lgcc_s -lgcc -lc -lgcc_s -lgcc /usr/lib/gcc/x86_64-linux-gnu/5/crtend.o /usr/lib/gcc/x86_64-linux-gnu/5/../../../x86_64-linux-gnu/crtn.o
make[1]: Leaving directory '/home/sruthi/LLVM/installed/llvm-4.0.0.src/lib/Transforms/CompOptDSL/snippet4/pass2/CMakeFiles/CMakeTmp'


Parsed CXX implicit link information from above output:
  link line regex: [^( *|.*[/\])(ld|([^/\]+-)?ld|collect2)[^/\]*( |$)]
  ignore line: [Change Dir: /home/sruthi/LLVM/installed/llvm-4.0.0.src/lib/Transforms/CompOptDSL/snippet4/pass2/CMakeFiles/CMakeTmp]
  ignore line: []
  ignore line: [Run Build Command:"/usr/bin/make" "cmTC_f5792/fast"]
  ignore line: [/usr/bin/make -f CMakeFiles/cmTC_f5792.dir/build.make CMakeFiles/cmTC_f5792.dir/build]
  ignore line: [make[1]: Entering directory '/home/sruthi/LLVM/installed/llvm-4.0.0.src/lib/Transforms/CompOptDSL/snippet4/pass2/CMakeFiles/CMakeTmp']
  ignore line: [Building CXX object CMakeFiles/cmTC_f5792.dir/CMakeCXXCompilerABI.cpp.o]
  ignore line: [/usr/bin/c++      -o CMakeFiles/cmTC_f5792.dir/CMakeCXXCompilerABI.cpp.o -c /usr/share/cmake-3.4/Modules/CMakeCXXCompilerABI.cpp]
  ignore line: [Linking CXX executable cmTC_f5792]
  ignore line: [/usr/bin/cmake -E cmake_link_script CMakeFiles/cmTC_f5792.dir/link.txt --verbose=1]
  ignore line: [/usr/bin/c++       -v CMakeFiles/cmTC_f5792.dir/CMakeCXXCompilerABI.cpp.o  -o cmTC_f5792 -rdynamic  ]
  ignore line: [Using built-in specs.]
  ignore line: [COLLECT_GCC=/usr/bin/c++]
  ignore line: [COLLECT_LTO_WRAPPER=/usr/lib/gcc/x86_64-linux-gnu/5/lto-wrapper]
  ignore line: [Target: x86_64-linux-gnu]
  ignore line: [Configured with: ../src/configure -v --with-pkgversion='Ubuntu 5.4.0-6ubuntu1~16.04.4' --with-bugurl=file:///usr/share/doc/gcc-5/README.Bugs --enable-languages=c,ada,c++,java,go,d,fortran,objc,obj-c++ --prefix=/usr --program-suffix=-5 --enable-shared --enable-linker-build-id --libexecdir=/usr/lib --without-included-gettext --enable-threads=posix --libdir=/usr/lib --enable-nls --with-sysroot=/ --enable-clocale=gnu --enable-libstdcxx-debug --enable-libstdcxx-time=yes --with-default-libstdcxx-abi=new --enable-gnu-unique-object --disable-vtable-verify --enable-libmpx --enable-plugin --with-system-zlib --disable-browser-plugin --enable-java-awt=gtk --enable-gtk-cairo --with-java-home=/usr/lib/jvm/java-1.5.0-gcj-5-amd64/jre --enable-java-home --with-jvm-root-dir=/usr/lib/jvm/java-1.5.0-gcj-5-amd64 --with-jvm-jar-dir=/usr/lib/jvm-exports/java-1.5.0-gcj-5-amd64 --with-arch-directory=amd64 --with-ecj-jar=/usr/share/java/eclipse-ecj.jar --enable-objc-gc --enable-multiarch --disable-werror --with-arch-32=i686 --with-abi=m64 --with-multilib-list=m32,m64,mx32 --enable-multilib --with-tune=generic --enable-checking=release --build=x86_64-linux-gnu --host=x86_64-linux-gnu --target=x86_64-linux-gnu]
  ignore line: [Thread model: posix]
  ignore line: [gcc version 5.4.0 20160609 (Ubuntu 5.4.0-6ubuntu1~16.04.4) ]
  ignore line: [COMPILER_PATH=/usr/lib/gcc/x86_64-linux-gnu/5/:/usr/lib/gcc/x86_64-linux-gnu/5/:/usr/lib/gcc/x86_64-linux-gnu/:/usr/lib/gcc/x86_64-linux-gnu/5/:/usr/lib/gcc/x86_64-linux-gnu/]
  ignore line: [LIBRARY_PATH=/usr/lib/gcc/x86_64-linux-gnu/5/:/usr/lib/gcc/x86_64-linux-gnu/5/../../../x86_64-linux-gnu/:/usr/lib/gcc/x86_64-linux-gnu/5/../../../../lib/:/lib/x86_64-linux-gnu/:/lib/../lib/:/usr/lib/x86_64-linux-gnu/:/usr/lib/../lib/:/usr/lib/gcc/x86_64-linux-gnu/5/../../../:/lib/:/usr/lib/]
  ignore line: [COLLECT_GCC_OPTIONS='-v' '-o' 'cmTC_f5792' '-rdynamic' '-shared-libgcc' '-mtune=generic' '-march=x86-64']
  link line: [ /usr/lib/gcc/x86_64-linux-gnu/5/collect2 -plugin /usr/lib/gcc/x86_64-linux-gnu/5/liblto_plugin.so -plugin-opt=/usr/lib/gcc/x86_64-linux-gnu/5/lto-wrapper -plugin-opt=-fresolution=/tmp/ccTWErAZ.res -plugin-opt=-pass-through=-lgcc_s -plugin-opt=-pass-through=-lgcc -plugin-opt=-pass-through=-lc -plugin-opt=-pass-through=-lgcc_s -plugin-opt=-pass-through=-lgcc --sysroot=/ --build-id --eh-frame-hdr -m elf_x86_64 --hash-style=gnu --as-needed -export-dynamic -dynamic-linker /lib64/ld-linux-x86-64.so.2 -z relro -o cmTC_f5792 /usr/lib/gcc/x86_64-linux-gnu/5/../../../x86_64-linux-gnu/crt1.o /usr/lib/gcc/x86_64-linux-gnu/5/../../../x86_64-linux-gnu/crti.o /usr/lib/gcc/x86_64-linux-gnu/5/crtbegin.o -L/usr/lib/gcc/x86_64-linux-gnu/5 -L/usr/lib/gcc/x86_64-linux-gnu/5/../../../x86_64-linux-gnu -L/usr/lib/gcc/x86_64-linux-gnu/5/../../../../lib -L/lib/x86_64-linux-gnu -L/lib/../lib -L/usr/lib/x86_64-linux-gnu -L/usr/lib/../lib -L/usr/lib/gcc/x86_64-linux-gnu/5/../../.. CMakeFiles/cmTC_f5792.dir/CMakeCXXCompilerABI.cpp.o -lstdc++ -lm -lgcc_s -lgcc -lc -lgcc_s -lgcc /usr/lib/gcc/x86_64-linux-gnu/5/crtend.o /usr/lib/gcc/x86_64-linux-gnu/5/../../../x86_64-linux-gnu/crtn.o]
    arg [/usr/lib/gcc/x86_64-linux-gnu/5/collect2] ==> ignore
    arg [-plugin] ==> ignore
    arg [/usr/lib/gcc/x86_64-linux-gnu/5/liblto_plugin.so] ==> ignore
    arg [-plugin-opt=/usr/lib/gcc/x86_64-linux-gnu/5/lto-wrapper] ==> ignore
    arg [-plugin-opt=-fresolution=/tmp/ccTWErAZ.res] ==> ignore
    arg [-plugin-opt=-pass-through=-lgcc_s] ==> ignore
    arg [-plugin-opt=-pass-through=-lgcc] ==> ignore
    arg [-plugin-opt=-pass-through=-lc] ==> ignore
    arg [-plugin-opt=-pass-through=-lgcc_s] ==> ignore
    arg [-plugin-opt=-pass-through=-lgcc] ==> ignore
    arg [--sysroot=/] ==> ignore
    arg [--build-id] ==> ignore
    arg [--eh-frame-hdr] ==> ignore
    arg [-m] ==> ignore
    arg [elf_x86_64] ==> ignore
    arg [--hash-style=gnu] ==> ignore
    arg [--as-needed] ==> ignore
    arg [-export-dynamic] ==> ignore
    arg [-dynamic-linker] ==> ignore
    arg [/lib64/ld-linux-x86-64.so.2] ==> ignore
    arg [-zrelro] ==> ignore
    arg [-o] ==> ignore
    arg [cmTC_f5792] ==> ignore
    arg [/usr/lib/gcc/x86_64-linux-gnu/5/../../../x86_64-linux-gnu/crt1.o] ==> ignore
    arg [/usr/lib/gcc/x86_64-linux-gnu/5/../../../x86_64-linux-gnu/crti.o] ==> ignore
    arg [/usr/lib/gcc/x86_64-linux-gnu/5/crtbegin.o] ==> ignore
    arg [-L/usr/lib/gcc/x86_64-linux-gnu/5] ==> dir [/usr/lib/gcc/x86_64-linux-gnu/5]
    arg [-L/usr/lib/gcc/x86_64-linux-gnu/5/../../../x86_64-linux-gnu] ==> dir [/usr/lib/gcc/x86_64-linux-gnu/5/../../../x86_64-linux-gnu]
    arg [-L/usr/lib/gcc/x86_64-linux-gnu/5/../../../../lib] ==> dir [/usr/lib/gcc/x86_64-linux-gnu/5/../../../../lib]
    arg [-L/lib/x86_64-linux-gnu] ==> dir [/lib/x86_64-linux-gnu]
    arg [-L/lib/../lib] ==> dir [/lib/../lib]
    arg [-L/usr/lib/x86_64-linux-gnu] ==> dir [/usr/lib/x86_64-linux-gnu]
    arg [-L/usr/lib/../lib] ==> dir [/usr/lib/../lib]
    arg [-L/usr/lib/gcc/x86_64-linux-gnu/5/../../..] ==> dir [/usr/lib/gcc/x86_64-linux-gnu/5/../../..]
    arg [CMakeFiles/cmTC_f5792.dir/CMakeCXXCompilerABI.cpp.o] ==> ignore
    arg [-lstdc++] ==> lib [stdc++]
    arg [-lm] ==> lib [m]
    arg [-lgcc_s] ==> lib [gcc_s]
    arg [-lgcc] ==> lib [gcc]
    arg [-lc] ==> lib [c]
    arg [-lgcc_s] ==> lib [gcc_s]
    arg [-lgcc] ==> lib [gcc]
    arg [/usr/lib/gcc/x86_64-linux-gnu/5/crtend.o] ==> ignore
    arg [/usr/lib/gcc/x86_64-linux-gnu/5/../../../x86_64-linux-gnu/crtn.o] ==> ignore
  remove lib [gcc_s]
  remove lib [gcc]
  remove lib [gcc_s]
  remove lib [gcc]
  collapse library dir [/usr/lib/gcc/x86_64-linux-gnu/5] ==> [/usr/lib/gcc/x86_64-linux-gnu/5]
  collapse library dir [/usr/lib/gcc/x86_64-linux-gnu/5/../../../x86_64-linux-gnu] ==> [/usr/lib/x86_64-linux-gnu]
  collapse library dir [/usr/lib/gcc/x86_64-linux-gnu/5/../../../../lib] ==> [/usr/lib]
  collapse library dir [/lib/x86_64-linux-gnu] ==> [/lib/x86_64-linux-gnu]
  collapse library dir [/lib/../lib] ==> [/lib]
  collapse library dir [/usr/lib/x86_64-linux-gnu] ==> [/usr/lib/x86_64-linux-gnu]
  collapse library dir [/usr/lib/../lib] ==> [/usr/lib]
  collapse library dir [/usr/lib/gcc/x86_64-linux-gnu/5/../../..] ==> [/usr/lib]
  implicit libs: [stdc++;m;c]
  implicit dirs: [/usr/lib/gcc/x86_64-linux-gnu/5;/usr/lib/x86_64-linux-gnu;/usr/lib;/lib/x86_64-linux-gnu;/lib]
  implicit fwks: []




Detecting CXX [-std=c++14] compiler features compiled with the following output:
Change Dir: /home/sruthi/LLVM/installed/llvm-4.0.0.src/lib/Transforms/CompOptDSL/snippet4/pass2/CMakeFiles/CMakeTmp

Run Build Command:"/usr/bin/make" "cmTC_53daa/fast"
/usr/bin/make -f CMakeFiles/cmTC_53daa.dir/build.make CMakeFiles/cmTC_53daa.dir/build
make[1]: Entering directory '/home/sruthi/LLVM/installed/llvm-4.0.0.src/lib/Transforms/CompOptDSL/snippet4/pass2/CMakeFiles/CMakeTmp'
Building CXX object CMakeFiles/cmTC_53daa.dir/feature_tests.cxx.o
/usr/bin/c++     -std=c++14 -o CMakeFiles/cmTC_53daa.dir/feature_tests.cxx.o -c /home/sruthi/LLVM/installed/llvm-4.0.0.src/lib/Transforms/CompOptDSL/snippet4/pass2/CMakeFiles/feature_tests.cxx
Linking CXX executable cmTC_53daa
/usr/bin/cmake -E cmake_link_script CMakeFiles/cmTC_53daa.dir/link.txt --verbose=1
/usr/bin/c++        CMakeFiles/cmTC_53daa.dir/feature_tests.cxx.o  -o cmTC_53daa -rdynamic 
make[1]: Leaving directory '/home/sruthi/LLVM/installed/llvm-4.0.0.src/lib/Transforms/CompOptDSL/snippet4/pass2/CMakeFiles/CMakeTmp'


    Feature record: CXX_FEATURE:1cxx_aggregate_default_initializers
    Feature record: CXX_FEATURE:1cxx_alias_templates
    Feature record: CXX_FEATURE:1cxx_alignas
    Feature record: CXX_FEATURE:1cxx_alignof
    Feature record: CXX_FEATURE:1cxx_attributes
    Feature record: CXX_FEATURE:1cxx_attribute_deprecated
    Feature record: CXX_FEATURE:1cxx_auto_type
    Feature record: CXX_FEATURE:1cxx_binary_literals
    Feature record: CXX_FEATURE:1cxx_constexpr
    Feature record: CXX_FEATURE:1cxx_contextual_conversions
    Feature record: CXX_FEATURE:1cxx_decltype
    Feature record: CXX_FEATURE:1cxx_decltype_auto
    Feature record: CXX_FEATURE:1cxx_decltype_incomplete_return_types
    Feature record: CXX_FEATURE:1cxx_default_function_template_args
    Feature record: CXX_FEATURE:1cxx_defaulted_functions
    Feature record: CXX_FEATURE:1cxx_defaulted_move_initializers
    Feature record: CXX_FEATURE:1cxx_delegating_constructors
    Feature record: CXX_FEATURE:1cxx_deleted_functions
    Feature record: CXX_FEATURE:1cxx_digit_separators
    Feature record: CXX_FEATURE:1cxx_enum_forward_declarations
    Feature record: CXX_FEATURE:1cxx_explicit_conversions
    Feature record: CXX_FEATURE:1cxx_extended_friend_declarations
    Feature record: CXX_FEATURE:1cxx_extern_templates
    Feature record: CXX_FEATURE:1cxx_final
    Feature record: CXX_FEATURE:1cxx_func_identifier
    Feature record: CXX_FEATURE:1cxx_generalized_initializers
    Feature record: CXX_FEATURE:1cxx_generic_lambdas
    Feature record: CXX_FEATURE:1cxx_inheriting_constructors
    Feature record: CXX_FEATURE:1cxx_inline_namespaces
    Feature record: CXX_FEATURE:1cxx_lambdas
    Feature record: CXX_FEATURE:1cxx_lambda_init_captures
    Feature record: CXX_FEATURE:1cxx_local_type_template_args
    Feature record: CXX_FEATURE:1cxx_long_long_type
    Feature record: CXX_FEATURE:1cxx_noexcept
    Feature record: CXX_FEATURE:1cxx_nonstatic_member_init
    Feature record: CXX_FEATURE:1cxx_nullptr
    Feature record: CXX_FEATURE:1cxx_override
    Feature record: CXX_FEATURE:1cxx_range_for
    Feature record: CXX_FEATURE:1cxx_raw_string_literals
    Feature record: CXX_FEATURE:1cxx_reference_qualified_functions
    Feature record: CXX_FEATURE:1cxx_relaxed_constexpr
    Feature record: CXX_FEATURE:1cxx_return_type_deduction
    Feature record: CXX_FEATURE:1cxx_right_angle_brackets
    Feature record: CXX_FEATURE:1cxx_rvalue_references
    Feature record: CXX_FEATURE:1cxx_sizeof_member
    Feature record: CXX_FEATURE:1cxx_static_assert
    Feature record: CXX_FEATURE:1cxx_strong_enums
    Feature record: CXX_FEATURE:1cxx_template_template_parameters
    Feature record: CXX_FEATURE:1cxx_thread_local
    Feature record: CXX_FEATURE:1cxx_trailing_return_types
    Feature record: CXX_FEATURE:1cxx_unicode_literals
    Feature record: CXX_FEATURE:1cxx_uniform_initialization
    Feature record: CXX_FEATURE:1cxx_unrestricted_unions
    Feature record: CXX_FEATURE:1cxx_user_literals
    Feature record: CXX_FEATURE:1cxx_variable_templates
    Feature record: CXX_FEATURE:1cxx_variadic_macros
    Feature record: CXX_FEATURE:1cxx_variadic_templates


Detecting CXX [-std=c++11] compiler features compiled with the following output:
Change Dir: /home/sruthi/LLVM/installed/llvm-4.0.0.src/lib/Transforms/CompOptDSL/snippet4/pass2/CMakeFiles/CMakeTmp

Run Build Command:"/usr/bin/make" "cmTC_94bfb/fast"
/usr/bin/make -f CMakeFiles/cmTC_94bfb.dir/build.make CMakeFiles/cmTC_94bfb.dir/build
make[1]: Entering directory '/home/sruthi/LLVM/installed/llvm-4.0.0.src/lib/Transforms/CompOptDSL/snippet4/pass2/CMakeFiles/CMakeTmp'
Building CXX object CMakeFiles/cmTC_94bfb.dir/feature_tests.cxx.o
/usr/bin/c++     -std=c++11 -o CMakeFiles/cmTC_94bfb.dir/feature_tests.cxx.o -c /home/sruthi/LLVM/installed/llvm-4.0.0.src/lib/Transforms/CompOptDSL/snippet4/pass2/CMakeFiles/feature_tests.cxx
Linking CXX executable cmTC_94bfb
/usr/bin/cmake -E cmake_link_script CMakeFiles/cmTC_94bfb.dir/link.txt --verbose=1
/usr/bin/c++        CMakeFiles/cmTC_94bfb.dir/feature_tests.cxx.o  -o cmTC_94bfb -rdynamic 
make[1]: Leaving directory '/home/sruthi/LLVM/installed/llvm-4.0.0.src/lib/Transforms/CompOptDSL/snippet4/pass2/CMakeFiles/CMakeTmp'


    Feature record: CXX_FEATURE:0cxx_aggregate_default_initializers
    Feature record: CXX_FEATURE:1cxx_alias_templates
    Feature record: CXX_FEATURE:1cxx_alignas
    Feature record: CXX_FEATURE:1cxx_alignof
    Feature record: CXX_FEATURE:1cxx_attributes
    Feature record: CXX_FEATURE:0cxx_attribute_deprecated
    Feature record: CXX_FEATURE:1cxx_auto_type
    Feature record: CXX_FEATURE:0cxx_binary_literals
    Feature record: CXX_FEATURE:1cxx_constexpr
    Feature record: CXX_FEATURE:0cxx_contextual_conversions
    Feature record: CXX_FEATURE:1cxx_decltype
    Feature record: CXX_FEATURE:0cxx_decltype_auto
    Feature record: CXX_FEATURE:1cxx_decltype_incomplete_return_types
    Feature record: CXX_FEATURE:1cxx_default_function_template_args
    Feature record: CXX_FEATURE:1cxx_defaulted_functions
    Feature record: CXX_FEATURE:1cxx_defaulted_move_initializers
    Feature record: CXX_FEATURE:1cxx_delegating_constructors
    Feature record: CXX_FEATURE:1cxx_deleted_functions
    Feature record: CXX_FEATURE:0cxx_digit_separators
    Feature record: CXX_FEATURE:1cxx_enum_forward_declarations
    Feature record: CXX_FEATURE:1cxx_explicit_conversions
    Feature record: CXX_FEATURE:1cxx_extended_friend_declarations
    Feature record: CXX_FEATURE:1cxx_extern_templates
    Feature record: CXX_FEATURE:1cxx_final
    Feature record: CXX_FEATURE:1cxx_func_identifier
    Feature record: CXX_FEATURE:1cxx_generalized_initializers
    Feature record: CXX_FEATURE:0cxx_generic_lambdas
    Feature record: CXX_FEATURE:1cxx_inheriting_constructors
    Feature record: CXX_FEATURE:1cxx_inline_namespaces
    Feature record: CXX_FEATURE:1cxx_lambdas
    Feature record: CXX_FEATURE:0cxx_lambda_init_captures
    Feature record: CXX_FEATURE:1cxx_local_type_template_args
    Feature record: CXX_FEATURE:1cxx_long_long_type
    Feature record: CXX_FEATURE:1cxx_noexcept
    Feature record: CXX_FEATURE:1cxx_nonstatic_member_init
    Feature record: CXX_FEATURE:1cxx_nullptr
    Feature record: CXX_FEATURE:1cxx_override
    Feature record: CXX_FEATURE:1cxx_range_for
    Feature record: CXX_FEATURE:1cxx_raw_string_literals
    Feature record: CXX_FEATURE:1cxx_reference_qualified_functions
    Feature record: CXX_FEATURE:0cxx_relaxed_constexpr
    Feature record: CXX_FEATURE:0cxx_return_type_deduction
    Feature record: CXX_FEATURE:1cxx_right_angle_brackets
    Feature record: CXX_FEATURE:1cxx_rvalue_references
    Feature record: CXX_FEATURE:1cxx_sizeof_member
    Feature record: CXX_FEATURE:1cxx_static_assert
    Feature record: CXX_FEATURE:1cxx_strong_enums
    Feature record: CXX_FEATURE:1cxx_template_template_parameters
    Feature record: CXX_FEATURE:1cxx_thread_local
    Feature record: CXX_FEATURE:1cxx_trailing_return_types
    Feature record: CXX_FEATURE:1cxx_unicode_literals
    Feature record: CXX_FEATURE:1cxx_uniform_initialization
    Feature record: CXX_FEATURE:1cxx_unrestricted_unions
    Feature record: CXX_FEATURE:1cxx_user_literals
    Feature record: CXX_FEATURE:0cxx_variable_templates
    Feature record: CXX_FEATURE:1cxx_variadic_macros
    Feature record: CXX_FEATURE:1cxx_variadic_templates


Detecting CXX [-std=c++98] compiler features compiled with the following output:
Change Dir: /home/sruthi/LLVM/installed/llvm-4.0.0.src/lib/Transforms/CompOptDSL/snippet4/pass2/CMakeFiles/CMakeTmp

Run Build Command:"/usr/bin/make" "cmTC_379d4/fast"
/usr/bin/make -f CMakeFiles/cmTC_379d4.dir/build.make CMakeFiles/cmTC_379d4.dir/build
make[1]: Entering directory '/home/sruthi/LLVM/installed/llvm-4.0.0.src/lib/Transforms/CompOptDSL/snippet4/pass2/CMakeFiles/CMakeTmp'
Building CXX object CMakeFiles/cmTC_379d4.dir/feature_tests.cxx.o
/usr/bin/c++     -std=c++98 -o CMakeFiles/cmTC_379d4.dir/feature_tests.cxx.o -c /home/sruthi/LLVM/installed/llvm-4.0.0.src/lib/Transforms/CompOptDSL/snippet4/pass2/CMakeFiles/feature_tests.cxx
Linking CXX executable cmTC_379d4
/usr/bin/cmake -E cmake_link_script CMakeFiles/cmTC_379d4.dir/link.txt --verbose=1
/usr/bin/c++        CMakeFiles/cmTC_379d4.dir/feature_tests.cxx.o  -o cmTC_379d4 -rdynamic 
make[1]: Leaving directory '/home/sruthi/LLVM/installed/llvm-4.0.0.src/lib/Transforms/CompOptDSL/snippet4/pass2/CMakeFiles/CMakeTmp'


    Feature record: CXX_FEATURE:0cxx_aggregate_default_initializers
    Feature record: CXX_FEATURE:0cxx_alias_templates
    Feature record: CXX_FEATURE:0cxx_alignas
    Feature record: CXX_FEATURE:0cxx_alignof
    Feature record: CXX_FEATURE:0cxx_attributes
    Feature record: CXX_FEATURE:0cxx_attribute_deprecated
    Feature record: CXX_FEATURE:0cxx_auto_type
    Feature record: CXX_FEATURE:0cxx_binary_literals
    Feature record: CXX_FEATURE:0cxx_constexpr
    Feature record: CXX_FEATURE:0cxx_contextual_conversions
    Feature record: CXX_FEATURE:0cxx_decltype
    Feature record: CXX_FEATURE:0cxx_decltype_auto
    Feature record: CXX_FEATURE:0cxx_decltype_incomplete_return_types
    Feature record: CXX_FEATURE:0cxx_default_function_template_args
    Feature record: CXX_FEATURE:0cxx_defaulted_functions
    Feature record: CXX_FEATURE:0cxx_defaulted_move_initializers
    Feature record: CXX_FEATURE:0cxx_delegating_constructors
    Feature record: CXX_FEATURE:0cxx_deleted_functions
    Feature record: CXX_FEATURE:0cxx_digit_separators
    Feature record: CXX_FEATURE:0cxx_enum_forward_declarations
    Feature record: CXX_FEATURE:0cxx_explicit_conversions
    Feature record: CXX_FEATURE:0cxx_extended_friend_declarations
    Feature record: CXX_FEATURE:0cxx_extern_templates
    Feature record: CXX_FEATURE:0cxx_final
    Feature record: CXX_FEATURE:0cxx_func_identifier
    Feature record: CXX_FEATURE:0cxx_generalized_initializers
    Feature record: CXX_FEATURE:0cxx_generic_lambdas
    Feature record: CXX_FEATURE:0cxx_inheriting_constructors
    Feature record: CXX_FEATURE:0cxx_inline_namespaces
    Feature record: CXX_FEATURE:0cxx_lambdas
    Feature record: CXX_FEATURE:0cxx_lambda_init_captures
    Feature record: CXX_FEATURE:0cxx_local_type_template_args
    Feature record: CXX_FEATURE:0cxx_long_long_type
    Feature record: CXX_FEATURE:0cxx_noexcept
    Feature record: CXX_FEATURE:0cxx_nonstatic_member_init
    Feature record: CXX_FEATURE:0cxx_nullptr
    Feature record: CXX_FEATURE:0cxx_override
    Feature record: CXX_FEATURE:0cxx_range_for
    Feature record: CXX_FEATURE:0cxx_raw_string_literals
    Feature record: CXX_FEATURE:0cxx_reference_qualified_functions
    Feature record: CXX_FEATURE:0cxx_relaxed_constexpr
    Feature record: CXX_FEATURE:0cxx_return_type_deduction
    Feature record: CXX_FEATURE:0cxx_right_angle_brackets
    Feature record: CXX_FEATURE:0cxx_rvalue_references
    Feature record: CXX_FEATURE:0cxx_sizeof_member
    Feature record: CXX_FEATURE:0cxx_static_assert
    Feature record: CXX_FEATURE:0cxx_strong_enums
    Feature record: CXX_FEATURE:1cxx_template_template_parameters
    Feature record: CXX_FEATURE:0cxx_thread_local
    Feature record: CXX_FEATURE:0cxx_trailing_return_types
    Feature record: CXX_FEATURE:0cxx_unicode_literals
    Feature record: CXX_FEATURE:0cxx_uniform_initialization
    Feature record: CXX_FEATURE:0cxx_unrestricted_unions
    Feature record: CXX_FEATURE:0cxx_user_literals
    Feature record: CXX_FEATURE:0cxx_variable_templates
    Feature record: CXX_FEATURE:0cxx_variadic_macros
    Feature record: CXX_FEATURE:0cxx_variadic_templates
Performing C++ SOURCE FILE Test SUPPORTS_FVISIBILITY_INLINES_HIDDEN_FLAG succeded with the following output:
Change Dir: /home/sruthi/LLVM/installed/llvm-4.0.0.src/lib/Transforms/CompOptDSL/snippet4/pass2/CMakeFiles/CMakeTmp

Run Build Command:"/usr/bin/make" "cmTC_0e942/fast"
/usr/bin/make -f CMakeFiles/cmTC_0e942.dir/build.make CMakeFiles/cmTC_0e942.dir/build
make[1]: Entering directory '/home/sruthi/LLVM/installed/llvm-4.0.0.src/lib/Transforms/CompOptDSL/snippet4/pass2/CMakeFiles/CMakeTmp'
Building CXX object CMakeFiles/cmTC_0e942.dir/src.cxx.o
/usr/bin/c++     -DSUPPORTS_FVISIBILITY_INLINES_HIDDEN_FLAG   -fvisibility-inlines-hidden -o CMakeFiles/cmTC_0e942.dir/src.cxx.o -c /home/sruthi/LLVM/installed/llvm-4.0.0.src/lib/Transforms/CompOptDSL/snippet4/pass2/CMakeFiles/CMakeTmp/src.cxx
Linking CXX executable cmTC_0e942
/usr/bin/cmake -E cmake_link_script CMakeFiles/cmTC_0e942.dir/link.txt --verbose=1
/usr/bin/c++    -DSUPPORTS_FVISIBILITY_INLINES_HIDDEN_FLAG    CMakeFiles/cmTC_0e942.dir/src.cxx.o  -o cmTC_0e942 -rdynamic 
make[1]: Leaving directory '/home/sruthi/LLVM/installed/llvm-4.0.0.src/lib/Transforms/CompOptDSL/snippet4/pass2/CMakeFiles/CMakeTmp'

Source file was:
int main() { return 0; }
Performing C SOURCE FILE Test C_SUPPORTS_WERROR_DATE_TIME succeded with the following output:
Change Dir: /home/sruthi/LLVM/installed/llvm-4.0.0.src/lib/Transforms/CompOptDSL/snippet4/pass2/CMakeFiles/CMakeTmp

Run Build Command:"/usr/bin/make" "cmTC_0495d/fast"
/usr/bin/make -f CMakeFiles/cmTC_0495d.dir/build.make CMakeFiles/cmTC_0495d.dir/build
make[1]: Entering directory '/home/sruthi/LLVM/installed/llvm-4.0.0.src/lib/Transforms/CompOptDSL/snippet4/pass2/CMakeFiles/CMakeTmp'
Building C object CMakeFiles/cmTC_0495d.dir/src.c.o
/usr/bin/cc    -DC_SUPPORTS_WERROR_DATE_TIME   -Werror -Werror=date-time -o CMakeFiles/cmTC_0495d.dir/src.c.o   -c /home/sruthi/LLVM/installed/llvm-4.0.0.src/lib/Transforms/CompOptDSL/snippet4/pass2/CMakeFiles/CMakeTmp/src.c
Linking C executable cmTC_0495d
/usr/bin/cmake -E cmake_link_script CMakeFiles/cmTC_0495d.dir/link.txt --verbose=1
/usr/bin/cc   -DC_SUPPORTS_WERROR_DATE_TIME    CMakeFiles/cmTC_0495d.dir/src.c.o  -o cmTC_0495d -rdynamic 
make[1]: Leaving directory '/home/sruthi/LLVM/installed/llvm-4.0.0.src/lib/Transforms/CompOptDSL/snippet4/pass2/CMakeFiles/CMakeTmp'

Source file was:
int main(void) { return 0; }
Performing C++ SOURCE FILE Test CXX_SUPPORTS_WERROR_DATE_TIME succeded with the following output:
Change Dir: /home/sruthi/LLVM/installed/llvm-4.0.0.src/lib/Transforms/CompOptDSL/snippet4/pass2/CMakeFiles/CMakeTmp

Run Build Command:"/usr/bin/make" "cmTC_47046/fast"
/usr/bin/make -f CMakeFiles/cmTC_47046.dir/build.make CMakeFiles/cmTC_47046.dir/build
make[1]: Entering directory '/home/sruthi/LLVM/installed/llvm-4.0.0.src/lib/Transforms/CompOptDSL/snippet4/pass2/CMakeFiles/CMakeTmp'
Building CXX object CMakeFiles/cmTC_47046.dir/src.cxx.o
/usr/bin/c++     -fvisibility-inlines-hidden -DCXX_SUPPORTS_WERROR_DATE_TIME   -Werror -Werror=date-time -o CMakeFiles/cmTC_47046.dir/src.cxx.o -c /home/sruthi/LLVM/installed/llvm-4.0.0.src/lib/Transforms/CompOptDSL/snippet4/pass2/CMakeFiles/CMakeTmp/src.cxx
Linking CXX executable cmTC_47046
/usr/bin/cmake -E cmake_link_script CMakeFiles/cmTC_47046.dir/link.txt --verbose=1
/usr/bin/c++    -fvisibility-inlines-hidden -DCXX_SUPPORTS_WERROR_DATE_TIME    CMakeFiles/cmTC_47046.dir/src.cxx.o  -o cmTC_47046 -rdynamic 
make[1]: Leaving directory '/home/sruthi/LLVM/installed/llvm-4.0.0.src/lib/Transforms/CompOptDSL/snippet4/pass2/CMakeFiles/CMakeTmp'

Source file was:
int main() { return 0; }
Performing C++ SOURCE FILE Test CXX_SUPPORTS_CXX11 succeded with the following output:
Change Dir: /home/sruthi/LLVM/installed/llvm-4.0.0.src/lib/Transforms/CompOptDSL/snippet4/pass2/CMakeFiles/CMakeTmp

Run Build Command:"/usr/bin/make" "cmTC_f7c73/fast"
/usr/bin/make -f CMakeFiles/cmTC_f7c73.dir/build.make CMakeFiles/cmTC_f7c73.dir/build
make[1]: Entering directory '/home/sruthi/LLVM/installed/llvm-4.0.0.src/lib/Transforms/CompOptDSL/snippet4/pass2/CMakeFiles/CMakeTmp'
Building CXX object CMakeFiles/cmTC_f7c73.dir/src.cxx.o
/usr/bin/c++     -fvisibility-inlines-hidden -Werror=date-time -DCXX_SUPPORTS_CXX11   -std=c++11 -o CMakeFiles/cmTC_f7c73.dir/src.cxx.o -c /home/sruthi/LLVM/installed/llvm-4.0.0.src/lib/Transforms/CompOptDSL/snippet4/pass2/CMakeFiles/CMakeTmp/src.cxx
Linking CXX executable cmTC_f7c73
/usr/bin/cmake -E cmake_link_script CMakeFiles/cmTC_f7c73.dir/link.txt --verbose=1
/usr/bin/c++    -fvisibility-inlines-hidden -Werror=date-time -DCXX_SUPPORTS_CXX11    CMakeFiles/cmTC_f7c73.dir/src.cxx.o  -o cmTC_f7c73 -rdynamic 
make[1]: Leaving directory '/home/sruthi/LLVM/installed/llvm-4.0.0.src/lib/Transforms/CompOptDSL/snippet4/pass2/CMakeFiles/CMakeTmp'

Source file was:
int main() { return 0; }
Performing C SOURCE FILE Test C_SUPPORTS_FNO_FUNCTION_SECTIONS succeded with the following output:
Change Dir: /home/sruthi/LLVM/installed/llvm-4.0.0.src/lib/Transforms/CompOptDSL/snippet4/pass2/CMakeFiles/CMakeTmp

Run Build Command:"/usr/bin/make" "cmTC_caa0a/fast"
/usr/bin/make -f CMakeFiles/cmTC_caa0a.dir/build.make CMakeFiles/cmTC_caa0a.dir/build
make[1]: Entering directory '/home/sruthi/LLVM/installed/llvm-4.0.0.src/lib/Transforms/CompOptDSL/snippet4/pass2/CMakeFiles/CMakeTmp'
Building C object CMakeFiles/cmTC_caa0a.dir/src.c.o
/usr/bin/cc    -Werror=date-time -DC_SUPPORTS_FNO_FUNCTION_SECTIONS   -Werror -fno-function-sections -o CMakeFiles/cmTC_caa0a.dir/src.c.o   -c /home/sruthi/LLVM/installed/llvm-4.0.0.src/lib/Transforms/CompOptDSL/snippet4/pass2/CMakeFiles/CMakeTmp/src.c
Linking C executable cmTC_caa0a
/usr/bin/cmake -E cmake_link_script CMakeFiles/cmTC_caa0a.dir/link.txt --verbose=1
/usr/bin/cc   -Werror=date-time -DC_SUPPORTS_FNO_FUNCTION_SECTIONS    CMakeFiles/cmTC_caa0a.dir/src.c.o  -o cmTC_caa0a -rdynamic 
make[1]: Leaving directory '/home/sruthi/LLVM/installed/llvm-4.0.0.src/lib/Transforms/CompOptDSL/snippet4/pass2/CMakeFiles/CMakeTmp'

Source file was:
int main(void) { return 0; }
Performing C SOURCE FILE Test C_SUPPORTS_FFUNCTION_SECTIONS succeded with the following output:
Change Dir: /home/sruthi/LLVM/installed/llvm-4.0.0.src/lib/Transforms/CompOptDSL/snippet4/pass2/CMakeFiles/CMakeTmp

Run Build Command:"/usr/bin/make" "cmTC_91bd5/fast"
/usr/bin/make -f CMakeFiles/cmTC_91bd5.dir/build.make CMakeFiles/cmTC_91bd5.dir/build
make[1]: Entering directory '/home/sruthi/LLVM/installed/llvm-4.0.0.src/lib/Transforms/CompOptDSL/snippet4/pass2/CMakeFiles/CMakeTmp'
Building C object CMakeFiles/cmTC_91bd5.dir/src.c.o
/usr/bin/cc    -Werror=date-time -DC_SUPPORTS_FFUNCTION_SECTIONS   -Werror -ffunction-sections -o CMakeFiles/cmTC_91bd5.dir/src.c.o   -c /home/sruthi/LLVM/installed/llvm-4.0.0.src/lib/Transforms/CompOptDSL/snippet4/pass2/CMakeFiles/CMakeTmp/src.c
Linking C executable cmTC_91bd5
/usr/bin/cmake -E cmake_link_script CMakeFiles/cmTC_91bd5.dir/link.txt --verbose=1
/usr/bin/cc   -Werror=date-time -DC_SUPPORTS_FFUNCTION_SECTIONS    CMakeFiles/cmTC_91bd5.dir/src.c.o  -o cmTC_91bd5 -rdynamic 
make[1]: Leaving directory '/home/sruthi/LLVM/installed/llvm-4.0.0.src/lib/Transforms/CompOptDSL/snippet4/pass2/CMakeFiles/CMakeTmp'

Source file was:
int main(void) { return 0; }
Performing C++ SOURCE FILE Test CXX_SUPPORTS_FFUNCTION_SECTIONS succeded with the following output:
Change Dir: /home/sruthi/LLVM/installed/llvm-4.0.0.src/lib/Transforms/CompOptDSL/snippet4/pass2/CMakeFiles/CMakeTmp

Run Build Command:"/usr/bin/make" "cmTC_5796c/fast"
/usr/bin/make -f CMakeFiles/cmTC_5796c.dir/build.make CMakeFiles/cmTC_5796c.dir/build
make[1]: Entering directory '/home/sruthi/LLVM/installed/llvm-4.0.0.src/lib/Transforms/CompOptDSL/snippet4/pass2/CMakeFiles/CMakeTmp'
Building CXX object CMakeFiles/cmTC_5796c.dir/src.cxx.o
/usr/bin/c++     -fvisibility-inlines-hidden -Werror=date-time -std=c++11 -DCXX_SUPPORTS_FFUNCTION_SECTIONS   -Werror -ffunction-sections -o CMakeFiles/cmTC_5796c.dir/src.cxx.o -c /home/sruthi/LLVM/installed/llvm-4.0.0.src/lib/Transforms/CompOptDSL/snippet4/pass2/CMakeFiles/CMakeTmp/src.cxx
Linking CXX executable cmTC_5796c
/usr/bin/cmake -E cmake_link_script CMakeFiles/cmTC_5796c.dir/link.txt --verbose=1
/usr/bin/c++    -fvisibility-inlines-hidden -Werror=date-time -std=c++11 -DCXX_SUPPORTS_FFUNCTION_SECTIONS    CMakeFiles/cmTC_5796c.dir/src.cxx.o  -o cmTC_5796c -rdynamic 
make[1]: Leaving directory '/home/sruthi/LLVM/installed/llvm-4.0.0.src/lib/Transforms/CompOptDSL/snippet4/pass2/CMakeFiles/CMakeTmp'

Source file was:
int main() { return 0; }
Performing C SOURCE FILE Test C_SUPPORTS_FDATA_SECTIONS succeded with the following output:
Change Dir: /home/sruthi/LLVM/installed/llvm-4.0.0.src/lib/Transforms/CompOptDSL/snippet4/pass2/CMakeFiles/CMakeTmp

Run Build Command:"/usr/bin/make" "cmTC_2ec04/fast"
/usr/bin/make -f CMakeFiles/cmTC_2ec04.dir/build.make CMakeFiles/cmTC_2ec04.dir/build
make[1]: Entering directory '/home/sruthi/LLVM/installed/llvm-4.0.0.src/lib/Transforms/CompOptDSL/snippet4/pass2/CMakeFiles/CMakeTmp'
Building C object CMakeFiles/cmTC_2ec04.dir/src.c.o
/usr/bin/cc    -Werror=date-time -ffunction-sections -DC_SUPPORTS_FDATA_SECTIONS   -Werror -fdata-sections -o CMakeFiles/cmTC_2ec04.dir/src.c.o   -c /home/sruthi/LLVM/installed/llvm-4.0.0.src/lib/Transforms/CompOptDSL/snippet4/pass2/CMakeFiles/CMakeTmp/src.c
Linking C executable cmTC_2ec04
/usr/bin/cmake -E cmake_link_script CMakeFiles/cmTC_2ec04.dir/link.txt --verbose=1
/usr/bin/cc   -Werror=date-time -ffunction-sections -DC_SUPPORTS_FDATA_SECTIONS    CMakeFiles/cmTC_2ec04.dir/src.c.o  -o cmTC_2ec04 -rdynamic 
make[1]: Leaving directory '/home/sruthi/LLVM/installed/llvm-4.0.0.src/lib/Transforms/CompOptDSL/snippet4/pass2/CMakeFiles/CMakeTmp'

Source file was:
int main(void) { return 0; }
Performing C++ SOURCE FILE Test CXX_SUPPORTS_FDATA_SECTIONS succeded with the following output:
Change Dir: /home/sruthi/LLVM/installed/llvm-4.0.0.src/lib/Transforms/CompOptDSL/snippet4/pass2/CMakeFiles/CMakeTmp

Run Build Command:"/usr/bin/make" "cmTC_c130e/fast"
/usr/bin/make -f CMakeFiles/cmTC_c130e.dir/build.make CMakeFiles/cmTC_c130e.dir/build
make[1]: Entering directory '/home/sruthi/LLVM/installed/llvm-4.0.0.src/lib/Transforms/CompOptDSL/snippet4/pass2/CMakeFiles/CMakeTmp'
Building CXX object CMakeFiles/cmTC_c130e.dir/src.cxx.o
/usr/bin/c++     -fvisibility-inlines-hidden -Werror=date-time -std=c++11 -ffunction-sections -DCXX_SUPPORTS_FDATA_SECTIONS   -Werror -fdata-sections -o CMakeFiles/cmTC_c130e.dir/src.cxx.o -c /home/sruthi/LLVM/installed/llvm-4.0.0.src/lib/Transforms/CompOptDSL/snippet4/pass2/CMakeFiles/CMakeTmp/src.cxx
Linking CXX executable cmTC_c130e
/usr/bin/cmake -E cmake_link_script CMakeFiles/cmTC_c130e.dir/link.txt --verbose=1
/usr/bin/c++    -fvisibility-inlines-hidden -Werror=date-time -std=c++11 -ffunction-sections -DCXX_SUPPORTS_FDATA_SECTIONS    CMakeFiles/cmTC_c130e.dir/src.cxx.o  -o cmTC_c130e -rdynamic 
make[1]: Leaving directory '/home/sruthi/LLVM/installed/llvm-4.0.0.src/lib/Transforms/CompOptDSL/snippet4/pass2/CMakeFiles/CMakeTmp'

Source file was:
int main() { return 0; }
Performing C++ SOURCE FILE Test SUPPORTS_FVISIBILITY_INLINES_HIDDEN_FLAG succeded with the following output:
Change Dir: /home/sruthi/LLVM/installed/llvm-4.0.0.src/lib/Transforms/CompOptDSL/snippet4/pass2/CMakeFiles/CMakeTmp

Run Build Command:"/usr/bin/make" "cmTC_f081a/fast"
/usr/bin/make -f CMakeFiles/cmTC_f081a.dir/build.make CMakeFiles/cmTC_f081a.dir/build
make[1]: Entering directory '/home/sruthi/LLVM/installed/llvm-4.0.0.src/lib/Transforms/CompOptDSL/snippet4/pass2/CMakeFiles/CMakeTmp'
Building CXX object CMakeFiles/cmTC_f081a.dir/src.cxx.o
/usr/bin/c++     -DSUPPORTS_FVISIBILITY_INLINES_HIDDEN_FLAG   -fvisibility-inlines-hidden -o CMakeFiles/cmTC_f081a.dir/src.cxx.o -c /home/sruthi/LLVM/installed/llvm-4.0.0.src/lib/Transforms/CompOptDSL/snippet4/pass2/CMakeFiles/CMakeTmp/src.cxx
Linking CXX executable cmTC_f081a
/usr/bin/cmake -E cmake_link_script CMakeFiles/cmTC_f081a.dir/link.txt --verbose=1
/usr/bin/c++    -DSUPPORTS_FVISIBILITY_INLINES_HIDDEN_FLAG    CMakeFiles/cmTC_f081a.dir/src.cxx.o  -o cmTC_f081a -rdynamic 
make[1]: Leaving directory '/home/sruthi/LLVM/installed/llvm-4.0.0.src/lib/Transforms/CompOptDSL/snippet4/pass2/CMakeFiles/CMakeTmp'

Source file was:
int main() { return 0; }
Performing C SOURCE FILE Test C_SUPPORTS_WERROR_DATE_TIME succeded with the following output:
Change Dir: /home/sruthi/LLVM/installed/llvm-4.0.0.src/lib/Transforms/CompOptDSL/snippet4/pass2/CMakeFiles/CMakeTmp

Run Build Command:"/usr/bin/make" "cmTC_b6039/fast"
/usr/bin/make -f CMakeFiles/cmTC_b6039.dir/build.make CMakeFiles/cmTC_b6039.dir/build
make[1]: Entering directory '/home/sruthi/LLVM/installed/llvm-4.0.0.src/lib/Transforms/CompOptDSL/snippet4/pass2/CMakeFiles/CMakeTmp'
Building C object CMakeFiles/cmTC_b6039.dir/src.c.o
/usr/bin/cc    -DC_SUPPORTS_WERROR_DATE_TIME   -Werror -Werror=date-time -o CMakeFiles/cmTC_b6039.dir/src.c.o   -c /home/sruthi/LLVM/installed/llvm-4.0.0.src/lib/Transforms/CompOptDSL/snippet4/pass2/CMakeFiles/CMakeTmp/src.c
Linking C executable cmTC_b6039
/usr/bin/cmake -E cmake_link_script CMakeFiles/cmTC_b6039.dir/link.txt --verbose=1
/usr/bin/cc   -DC_SUPPORTS_WERROR_DATE_TIME    CMakeFiles/cmTC_b6039.dir/src.c.o  -o cmTC_b6039 -rdynamic 
make[1]: Leaving directory '/home/sruthi/LLVM/installed/llvm-4.0.0.src/lib/Transforms/CompOptDSL/snippet4/pass2/CMakeFiles/CMakeTmp'

Source file was:
int main(void) { return 0; }
Performing C++ SOURCE FILE Test CXX_SUPPORTS_WERROR_DATE_TIME succeded with the following output:
Change Dir: /home/sruthi/LLVM/installed/llvm-4.0.0.src/lib/Transforms/CompOptDSL/snippet4/pass2/CMakeFiles/CMakeTmp

Run Build Command:"/usr/bin/make" "cmTC_927f1/fast"
/usr/bin/make -f CMakeFiles/cmTC_927f1.dir/build.make CMakeFiles/cmTC_927f1.dir/build
make[1]: Entering directory '/home/sruthi/LLVM/installed/llvm-4.0.0.src/lib/Transforms/CompOptDSL/snippet4/pass2/CMakeFiles/CMakeTmp'
Building CXX object CMakeFiles/cmTC_927f1.dir/src.cxx.o
/usr/bin/c++     -fvisibility-inlines-hidden -DCXX_SUPPORTS_WERROR_DATE_TIME   -Werror -Werror=date-time -o CMakeFiles/cmTC_927f1.dir/src.cxx.o -c /home/sruthi/LLVM/installed/llvm-4.0.0.src/lib/Transforms/CompOptDSL/snippet4/pass2/CMakeFiles/CMakeTmp/src.cxx
Linking CXX executable cmTC_927f1
/usr/bin/cmake -E cmake_link_script CMakeFiles/cmTC_927f1.dir/link.txt --verbose=1
/usr/bin/c++    -fvisibility-inlines-hidden -DCXX_SUPPORTS_WERROR_DATE_TIME    CMakeFiles/cmTC_927f1.dir/src.cxx.o  -o cmTC_927f1 -rdynamic 
make[1]: Leaving directory '/home/sruthi/LLVM/installed/llvm-4.0.0.src/lib/Transforms/CompOptDSL/snippet4/pass2/CMakeFiles/CMakeTmp'

Source file was:
int main() { return 0; }
Performing C++ SOURCE FILE Test CXX_SUPPORTS_CXX11 succeded with the following output:
Change Dir: /home/sruthi/LLVM/installed/llvm-4.0.0.src/lib/Transforms/CompOptDSL/snippet4/pass2/CMakeFiles/CMakeTmp

Run Build Command:"/usr/bin/make" "cmTC_dd9f2/fast"
/usr/bin/make -f CMakeFiles/cmTC_dd9f2.dir/build.make CMakeFiles/cmTC_dd9f2.dir/build
make[1]: Entering directory '/home/sruthi/LLVM/installed/llvm-4.0.0.src/lib/Transforms/CompOptDSL/snippet4/pass2/CMakeFiles/CMakeTmp'
Building CXX object CMakeFiles/cmTC_dd9f2.dir/src.cxx.o
/usr/bin/c++     -fvisibility-inlines-hidden -Werror=date-time -DCXX_SUPPORTS_CXX11   -std=c++11 -o CMakeFiles/cmTC_dd9f2.dir/src.cxx.o -c /home/sruthi/LLVM/installed/llvm-4.0.0.src/lib/Transforms/CompOptDSL/snippet4/pass2/CMakeFiles/CMakeTmp/src.cxx
Linking CXX executable cmTC_dd9f2
/usr/bin/cmake -E cmake_link_script CMakeFiles/cmTC_dd9f2.dir/link.txt --verbose=1
/usr/bin/c++    -fvisibility-inlines-hidden -Werror=date-time -DCXX_SUPPORTS_CXX11    CMakeFiles/cmTC_dd9f2.dir/src.cxx.o  -o cmTC_dd9f2 -rdynamic 
make[1]: Leaving directory '/home/sruthi/LLVM/installed/llvm-4.0.0.src/lib/Transforms/CompOptDSL/snippet4/pass2/CMakeFiles/CMakeTmp'

Source file was:
int main() { return 0; }
Performing C SOURCE FILE Test C_SUPPORTS_FNO_FUNCTION_SECTIONS succeded with the following output:
Change Dir: /home/sruthi/LLVM/installed/llvm-4.0.0.src/lib/Transforms/CompOptDSL/snippet4/pass2/CMakeFiles/CMakeTmp

Run Build Command:"/usr/bin/make" "cmTC_5cd32/fast"
/usr/bin/make -f CMakeFiles/cmTC_5cd32.dir/build.make CMakeFiles/cmTC_5cd32.dir/build
make[1]: Entering directory '/home/sruthi/LLVM/installed/llvm-4.0.0.src/lib/Transforms/CompOptDSL/snippet4/pass2/CMakeFiles/CMakeTmp'
Building C object CMakeFiles/cmTC_5cd32.dir/src.c.o
/usr/bin/cc    -Werror=date-time -DC_SUPPORTS_FNO_FUNCTION_SECTIONS   -Werror -fno-function-sections -o CMakeFiles/cmTC_5cd32.dir/src.c.o   -c /home/sruthi/LLVM/installed/llvm-4.0.0.src/lib/Transforms/CompOptDSL/snippet4/pass2/CMakeFiles/CMakeTmp/src.c
Linking C executable cmTC_5cd32
/usr/bin/cmake -E cmake_link_script CMakeFiles/cmTC_5cd32.dir/link.txt --verbose=1
/usr/bin/cc   -Werror=date-time -DC_SUPPORTS_FNO_FUNCTION_SECTIONS    CMakeFiles/cmTC_5cd32.dir/src.c.o  -o cmTC_5cd32 -rdynamic 
make[1]: Leaving directory '/home/sruthi/LLVM/installed/llvm-4.0.0.src/lib/Transforms/CompOptDSL/snippet4/pass2/CMakeFiles/CMakeTmp'

Source file was:
int main(void) { return 0; }
Performing C SOURCE FILE Test C_SUPPORTS_FFUNCTION_SECTIONS succeded with the following output:
Change Dir: /home/sruthi/LLVM/installed/llvm-4.0.0.src/lib/Transforms/CompOptDSL/snippet4/pass2/CMakeFiles/CMakeTmp

Run Build Command:"/usr/bin/make" "cmTC_2653b/fast"
/usr/bin/make -f CMakeFiles/cmTC_2653b.dir/build.make CMakeFiles/cmTC_2653b.dir/build
make[1]: Entering directory '/home/sruthi/LLVM/installed/llvm-4.0.0.src/lib/Transforms/CompOptDSL/snippet4/pass2/CMakeFiles/CMakeTmp'
Building C object CMakeFiles/cmTC_2653b.dir/src.c.o
/usr/bin/cc    -Werror=date-time -DC_SUPPORTS_FFUNCTION_SECTIONS   -Werror -ffunction-sections -o CMakeFiles/cmTC_2653b.dir/src.c.o   -c /home/sruthi/LLVM/installed/llvm-4.0.0.src/lib/Transforms/CompOptDSL/snippet4/pass2/CMakeFiles/CMakeTmp/src.c
Linking C executable cmTC_2653b
/usr/bin/cmake -E cmake_link_script CMakeFiles/cmTC_2653b.dir/link.txt --verbose=1
/usr/bin/cc   -Werror=date-time -DC_SUPPORTS_FFUNCTION_SECTIONS    CMakeFiles/cmTC_2653b.dir/src.c.o  -o cmTC_2653b -rdynamic 
make[1]: Leaving directory '/home/sruthi/LLVM/installed/llvm-4.0.0.src/lib/Transforms/CompOptDSL/snippet4/pass2/CMakeFiles/CMakeTmp'

Source file was:
int main(void) { return 0; }
Performing C++ SOURCE FILE Test CXX_SUPPORTS_FFUNCTION_SECTIONS succeded with the following output:
Change Dir: /home/sruthi/LLVM/installed/llvm-4.0.0.src/lib/Transforms/CompOptDSL/snippet4/pass2/CMakeFiles/CMakeTmp

Run Build Command:"/usr/bin/make" "cmTC_5b431/fast"
/usr/bin/make -f CMakeFiles/cmTC_5b431.dir/build.make CMakeFiles/cmTC_5b431.dir/build
make[1]: Entering directory '/home/sruthi/LLVM/installed/llvm-4.0.0.src/lib/Transforms/CompOptDSL/snippet4/pass2/CMakeFiles/CMakeTmp'
Building CXX object CMakeFiles/cmTC_5b431.dir/src.cxx.o
/usr/bin/c++     -fvisibility-inlines-hidden -Werror=date-time -std=c++11 -DCXX_SUPPORTS_FFUNCTION_SECTIONS   -Werror -ffunction-sections -o CMakeFiles/cmTC_5b431.dir/src.cxx.o -c /home/sruthi/LLVM/installed/llvm-4.0.0.src/lib/Transforms/CompOptDSL/snippet4/pass2/CMakeFiles/CMakeTmp/src.cxx
Linking CXX executable cmTC_5b431
/usr/bin/cmake -E cmake_link_script CMakeFiles/cmTC_5b431.dir/link.txt --verbose=1
/usr/bin/c++    -fvisibility-inlines-hidden -Werror=date-time -std=c++11 -DCXX_SUPPORTS_FFUNCTION_SECTIONS    CMakeFiles/cmTC_5b431.dir/src.cxx.o  -o cmTC_5b431 -rdynamic 
make[1]: Leaving directory '/home/sruthi/LLVM/installed/llvm-4.0.0.src/lib/Transforms/CompOptDSL/snippet4/pass2/CMakeFiles/CMakeTmp'

Source file was:
int main() { return 0; }
Performing C SOURCE FILE Test C_SUPPORTS_FDATA_SECTIONS succeded with the following output:
Change Dir: /home/sruthi/LLVM/installed/llvm-4.0.0.src/lib/Transforms/CompOptDSL/snippet4/pass2/CMakeFiles/CMakeTmp

Run Build Command:"/usr/bin/make" "cmTC_e0f60/fast"
/usr/bin/make -f CMakeFiles/cmTC_e0f60.dir/build.make CMakeFiles/cmTC_e0f60.dir/build
make[1]: Entering directory '/home/sruthi/LLVM/installed/llvm-4.0.0.src/lib/Transforms/CompOptDSL/snippet4/pass2/CMakeFiles/CMakeTmp'
Building C object CMakeFiles/cmTC_e0f60.dir/src.c.o
/usr/bin/cc    -Werror=date-time -ffunction-sections -DC_SUPPORTS_FDATA_SECTIONS   -Werror -fdata-sections -o CMakeFiles/cmTC_e0f60.dir/src.c.o   -c /home/sruthi/LLVM/installed/llvm-4.0.0.src/lib/Transforms/CompOptDSL/snippet4/pass2/CMakeFiles/CMakeTmp/src.c
Linking C executable cmTC_e0f60
/usr/bin/cmake -E cmake_link_script CMakeFiles/cmTC_e0f60.dir/link.txt --verbose=1
/usr/bin/cc   -Werror=date-time -ffunction-sections -DC_SUPPORTS_FDATA_SECTIONS    CMakeFiles/cmTC_e0f60.dir/src.c.o  -o cmTC_e0f60 -rdynamic 
make[1]: Leaving directory '/home/sruthi/LLVM/installed/llvm-4.0.0.src/lib/Transforms/CompOptDSL/snippet4/pass2/CMakeFiles/CMakeTmp'

Source file was:
int main(void) { return 0; }
Performing C++ SOURCE FILE Test CXX_SUPPORTS_FDATA_SECTIONS succeded with the following output:
Change Dir: /home/sruthi/LLVM/installed/llvm-4.0.0.src/lib/Transforms/CompOptDSL/snippet4/pass2/CMakeFiles/CMakeTmp

Run Build Command:"/usr/bin/make" "cmTC_667fb/fast"
/usr/bin/make -f CMakeFiles/cmTC_667fb.dir/build.make CMakeFiles/cmTC_667fb.dir/build
make[1]: Entering directory '/home/sruthi/LLVM/installed/llvm-4.0.0.src/lib/Transforms/CompOptDSL/snippet4/pass2/CMakeFiles/CMakeTmp'
Building CXX object CMakeFiles/cmTC_667fb.dir/src.cxx.o
/usr/bin/c++     -fvisibility-inlines-hidden -Werror=date-time -std=c++11 -ffunction-sections -DCXX_SUPPORTS_FDATA_SECTIONS   -Werror -fdata-sections -o CMakeFiles/cmTC_667fb.dir/src.cxx.o -c /home/sruthi/LLVM/installed/llvm-4.0.0.src/lib/Transforms/CompOptDSL/snippet4/pass2/CMakeFiles/CMakeTmp/src.cxx
Linking CXX executable cmTC_667fb
/usr/bin/cmake -E cmake_link_script CMakeFiles/cmTC_667fb.dir/link.txt --verbose=1
/usr/bin/c++    -fvisibility-inlines-hidden -Werror=date-time -std=c++11 -ffunction-sections -DCXX_SUPPORTS_FDATA_SECTIONS    CMakeFiles/cmTC_667fb.dir/src.cxx.o  -o cmTC_667fb -rdynamic 
make[1]: Leaving directory '/home/sruthi/LLVM/installed/llvm-4.0.0.src/lib/Transforms/CompOptDSL/snippet4/pass2/CMakeFiles/CMakeTmp'

Source file was:
int main() { return 0; }
Performing C++ SOURCE FILE Test SUPPORTS_FVISIBILITY_INLINES_HIDDEN_FLAG succeded with the following output:
Change Dir: /home/sruthi/LLVM/installed/llvm-4.0.0.src/lib/Transforms/CompOptDSL/AvailableExpressions/pass2/CMakeFiles/CMakeTmp

Run Build Command:"/usr/bin/make" "cmTC_42933/fast"
/usr/bin/make -f CMakeFiles/cmTC_42933.dir/build.make CMakeFiles/cmTC_42933.dir/build
make[1]: Entering directory '/home/sruthi/LLVM/installed/llvm-4.0.0.src/lib/Transforms/CompOptDSL/AvailableExpressions/pass2/CMakeFiles/CMakeTmp'
Building CXX object CMakeFiles/cmTC_42933.dir/src.cxx.o
/usr/bin/c++     -DSUPPORTS_FVISIBILITY_INLINES_HIDDEN_FLAG   -fvisibility-inlines-hidden -o CMakeFiles/cmTC_42933.dir/src.cxx.o -c /home/sruthi/LLVM/installed/llvm-4.0.0.src/lib/Transforms/CompOptDSL/AvailableExpressions/pass2/CMakeFiles/CMakeTmp/src.cxx
Linking CXX executable cmTC_42933
/usr/bin/cmake -E cmake_link_script CMakeFiles/cmTC_42933.dir/link.txt --verbose=1
/usr/bin/c++    -DSUPPORTS_FVISIBILITY_INLINES_HIDDEN_FLAG    CMakeFiles/cmTC_42933.dir/src.cxx.o  -o cmTC_42933 -rdynamic 
make[1]: Leaving directory '/home/sruthi/LLVM/installed/llvm-4.0.0.src/lib/Transforms/CompOptDSL/AvailableExpressions/pass2/CMakeFiles/CMakeTmp'

Source file was:
int main() { return 0; }
Performing C SOURCE FILE Test C_SUPPORTS_WERROR_DATE_TIME succeded with the following output:
Change Dir: /home/sruthi/LLVM/installed/llvm-4.0.0.src/lib/Transforms/CompOptDSL/AvailableExpressions/pass2/CMakeFiles/CMakeTmp

Run Build Command:"/usr/bin/make" "cmTC_e5195/fast"
/usr/bin/make -f CMakeFiles/cmTC_e5195.dir/build.make CMakeFiles/cmTC_e5195.dir/build
make[1]: Entering directory '/home/sruthi/LLVM/installed/llvm-4.0.0.src/lib/Transforms/CompOptDSL/AvailableExpressions/pass2/CMakeFiles/CMakeTmp'
Building C object CMakeFiles/cmTC_e5195.dir/src.c.o
/usr/bin/cc    -DC_SUPPORTS_WERROR_DATE_TIME   -Werror -Werror=date-time -o CMakeFiles/cmTC_e5195.dir/src.c.o   -c /home/sruthi/LLVM/installed/llvm-4.0.0.src/lib/Transforms/CompOptDSL/AvailableExpressions/pass2/CMakeFiles/CMakeTmp/src.c
Linking C executable cmTC_e5195
/usr/bin/cmake -E cmake_link_script CMakeFiles/cmTC_e5195.dir/link.txt --verbose=1
/usr/bin/cc   -DC_SUPPORTS_WERROR_DATE_TIME    CMakeFiles/cmTC_e5195.dir/src.c.o  -o cmTC_e5195 -rdynamic 
make[1]: Leaving directory '/home/sruthi/LLVM/installed/llvm-4.0.0.src/lib/Transforms/CompOptDSL/AvailableExpressions/pass2/CMakeFiles/CMakeTmp'

Source file was:
int main(void) { return 0; }
Performing C++ SOURCE FILE Test CXX_SUPPORTS_WERROR_DATE_TIME succeded with the following output:
Change Dir: /home/sruthi/LLVM/installed/llvm-4.0.0.src/lib/Transforms/CompOptDSL/AvailableExpressions/pass2/CMakeFiles/CMakeTmp

Run Build Command:"/usr/bin/make" "cmTC_59d3e/fast"
/usr/bin/make -f CMakeFiles/cmTC_59d3e.dir/build.make CMakeFiles/cmTC_59d3e.dir/build
make[1]: Entering directory '/home/sruthi/LLVM/installed/llvm-4.0.0.src/lib/Transforms/CompOptDSL/AvailableExpressions/pass2/CMakeFiles/CMakeTmp'
Building CXX object CMakeFiles/cmTC_59d3e.dir/src.cxx.o
/usr/bin/c++     -fvisibility-inlines-hidden -DCXX_SUPPORTS_WERROR_DATE_TIME   -Werror -Werror=date-time -o CMakeFiles/cmTC_59d3e.dir/src.cxx.o -c /home/sruthi/LLVM/installed/llvm-4.0.0.src/lib/Transforms/CompOptDSL/AvailableExpressions/pass2/CMakeFiles/CMakeTmp/src.cxx
Linking CXX executable cmTC_59d3e
/usr/bin/cmake -E cmake_link_script CMakeFiles/cmTC_59d3e.dir/link.txt --verbose=1
/usr/bin/c++    -fvisibility-inlines-hidden -DCXX_SUPPORTS_WERROR_DATE_TIME    CMakeFiles/cmTC_59d3e.dir/src.cxx.o  -o cmTC_59d3e -rdynamic 
make[1]: Leaving directory '/home/sruthi/LLVM/installed/llvm-4.0.0.src/lib/Transforms/CompOptDSL/AvailableExpressions/pass2/CMakeFiles/CMakeTmp'

Source file was:
int main() { return 0; }
Performing C++ SOURCE FILE Test CXX_SUPPORTS_CXX11 succeded with the following output:
Change Dir: /home/sruthi/LLVM/installed/llvm-4.0.0.src/lib/Transforms/CompOptDSL/AvailableExpressions/pass2/CMakeFiles/CMakeTmp

Run Build Command:"/usr/bin/make" "cmTC_b2280/fast"
/usr/bin/make -f CMakeFiles/cmTC_b2280.dir/build.make CMakeFiles/cmTC_b2280.dir/build
make[1]: Entering directory '/home/sruthi/LLVM/installed/llvm-4.0.0.src/lib/Transforms/CompOptDSL/AvailableExpressions/pass2/CMakeFiles/CMakeTmp'
Building CXX object CMakeFiles/cmTC_b2280.dir/src.cxx.o
/usr/bin/c++     -fvisibility-inlines-hidden -Werror=date-time -DCXX_SUPPORTS_CXX11   -std=c++11 -o CMakeFiles/cmTC_b2280.dir/src.cxx.o -c /home/sruthi/LLVM/installed/llvm-4.0.0.src/lib/Transforms/CompOptDSL/AvailableExpressions/pass2/CMakeFiles/CMakeTmp/src.cxx
Linking CXX executable cmTC_b2280
/usr/bin/cmake -E cmake_link_script CMakeFiles/cmTC_b2280.dir/link.txt --verbose=1
/usr/bin/c++    -fvisibility-inlines-hidden -Werror=date-time -DCXX_SUPPORTS_CXX11    CMakeFiles/cmTC_b2280.dir/src.cxx.o  -o cmTC_b2280 -rdynamic 
make[1]: Leaving directory '/home/sruthi/LLVM/installed/llvm-4.0.0.src/lib/Transforms/CompOptDSL/AvailableExpressions/pass2/CMakeFiles/CMakeTmp'

Source file was:
int main() { return 0; }
Performing C SOURCE FILE Test C_SUPPORTS_FNO_FUNCTION_SECTIONS succeded with the following output:
Change Dir: /home/sruthi/LLVM/installed/llvm-4.0.0.src/lib/Transforms/CompOptDSL/AvailableExpressions/pass2/CMakeFiles/CMakeTmp

Run Build Command:"/usr/bin/make" "cmTC_01715/fast"
/usr/bin/make -f CMakeFiles/cmTC_01715.dir/build.make CMakeFiles/cmTC_01715.dir/build
make[1]: Entering directory '/home/sruthi/LLVM/installed/llvm-4.0.0.src/lib/Transforms/CompOptDSL/AvailableExpressions/pass2/CMakeFiles/CMakeTmp'
Building C object CMakeFiles/cmTC_01715.dir/src.c.o
/usr/bin/cc    -Werror=date-time -DC_SUPPORTS_FNO_FUNCTION_SECTIONS   -Werror -fno-function-sections -o CMakeFiles/cmTC_01715.dir/src.c.o   -c /home/sruthi/LLVM/installed/llvm-4.0.0.src/lib/Transforms/CompOptDSL/AvailableExpressions/pass2/CMakeFiles/CMakeTmp/src.c
Linking C executable cmTC_01715
/usr/bin/cmake -E cmake_link_script CMakeFiles/cmTC_01715.dir/link.txt --verbose=1
/usr/bin/cc   -Werror=date-time -DC_SUPPORTS_FNO_FUNCTION_SECTIONS    CMakeFiles/cmTC_01715.dir/src.c.o  -o cmTC_01715 -rdynamic 
make[1]: Leaving directory '/home/sruthi/LLVM/installed/llvm-4.0.0.src/lib/Transforms/CompOptDSL/AvailableExpressions/pass2/CMakeFiles/CMakeTmp'

Source file was:
int main(void) { return 0; }
Performing C SOURCE FILE Test C_SUPPORTS_FFUNCTION_SECTIONS succeded with the following output:
Change Dir: /home/sruthi/LLVM/installed/llvm-4.0.0.src/lib/Transforms/CompOptDSL/AvailableExpressions/pass2/CMakeFiles/CMakeTmp

Run Build Command:"/usr/bin/make" "cmTC_42474/fast"
/usr/bin/make -f CMakeFiles/cmTC_42474.dir/build.make CMakeFiles/cmTC_42474.dir/build
make[1]: Entering directory '/home/sruthi/LLVM/installed/llvm-4.0.0.src/lib/Transforms/CompOptDSL/AvailableExpressions/pass2/CMakeFiles/CMakeTmp'
Building C object CMakeFiles/cmTC_42474.dir/src.c.o
/usr/bin/cc    -Werror=date-time -DC_SUPPORTS_FFUNCTION_SECTIONS   -Werror -ffunction-sections -o CMakeFiles/cmTC_42474.dir/src.c.o   -c /home/sruthi/LLVM/installed/llvm-4.0.0.src/lib/Transforms/CompOptDSL/AvailableExpressions/pass2/CMakeFiles/CMakeTmp/src.c
Linking C executable cmTC_42474
/usr/bin/cmake -E cmake_link_script CMakeFiles/cmTC_42474.dir/link.txt --verbose=1
/usr/bin/cc   -Werror=date-time -DC_SUPPORTS_FFUNCTION_SECTIONS    CMakeFiles/cmTC_42474.dir/src.c.o  -o cmTC_42474 -rdynamic 
make[1]: Leaving directory '/home/sruthi/LLVM/installed/llvm-4.0.0.src/lib/Transforms/CompOptDSL/AvailableExpressions/pass2/CMakeFiles/CMakeTmp'

Source file was:
int main(void) { return 0; }
Performing C++ SOURCE FILE Test CXX_SUPPORTS_FFUNCTION_SECTIONS succeded with the following output:
Change Dir: /home/sruthi/LLVM/installed/llvm-4.0.0.src/lib/Transforms/CompOptDSL/AvailableExpressions/pass2/CMakeFiles/CMakeTmp

Run Build Command:"/usr/bin/make" "cmTC_fe70a/fast"
/usr/bin/make -f CMakeFiles/cmTC_fe70a.dir/build.make CMakeFiles/cmTC_fe70a.dir/build
make[1]: Entering directory '/home/sruthi/LLVM/installed/llvm-4.0.0.src/lib/Transforms/CompOptDSL/AvailableExpressions/pass2/CMakeFiles/CMakeTmp'
Building CXX object CMakeFiles/cmTC_fe70a.dir/src.cxx.o
/usr/bin/c++     -fvisibility-inlines-hidden -Werror=date-time -std=c++11 -DCXX_SUPPORTS_FFUNCTION_SECTIONS   -Werror -ffunction-sections -o CMakeFiles/cmTC_fe70a.dir/src.cxx.o -c /home/sruthi/LLVM/installed/llvm-4.0.0.src/lib/Transforms/CompOptDSL/AvailableExpressions/pass2/CMakeFiles/CMakeTmp/src.cxx
Linking CXX executable cmTC_fe70a
/usr/bin/cmake -E cmake_link_script CMakeFiles/cmTC_fe70a.dir/link.txt --verbose=1
/usr/bin/c++    -fvisibility-inlines-hidden -Werror=date-time -std=c++11 -DCXX_SUPPORTS_FFUNCTION_SECTIONS    CMakeFiles/cmTC_fe70a.dir/src.cxx.o  -o cmTC_fe70a -rdynamic 
make[1]: Leaving directory '/home/sruthi/LLVM/installed/llvm-4.0.0.src/lib/Transforms/CompOptDSL/AvailableExpressions/pass2/CMakeFiles/CMakeTmp'

Source file was:
int main() { return 0; }
Performing C SOURCE FILE Test C_SUPPORTS_FDATA_SECTIONS succeded with the following output:
Change Dir: /home/sruthi/LLVM/installed/llvm-4.0.0.src/lib/Transforms/CompOptDSL/AvailableExpressions/pass2/CMakeFiles/CMakeTmp

Run Build Command:"/usr/bin/make" "cmTC_ea532/fast"
/usr/bin/make -f CMakeFiles/cmTC_ea532.dir/build.make CMakeFiles/cmTC_ea532.dir/build
make[1]: Entering directory '/home/sruthi/LLVM/installed/llvm-4.0.0.src/lib/Transforms/CompOptDSL/AvailableExpressions/pass2/CMakeFiles/CMakeTmp'
Building C object CMakeFiles/cmTC_ea532.dir/src.c.o
/usr/bin/cc    -Werror=date-time -ffunction-sections -DC_SUPPORTS_FDATA_SECTIONS   -Werror -fdata-sections -o CMakeFiles/cmTC_ea532.dir/src.c.o   -c /home/sruthi/LLVM/installed/llvm-4.0.0.src/lib/Transforms/CompOptDSL/AvailableExpressions/pass2/CMakeFiles/CMakeTmp/src.c
Linking C executable cmTC_ea532
/usr/bin/cmake -E cmake_link_script CMakeFiles/cmTC_ea532.dir/link.txt --verbose=1
/usr/bin/cc   -Werror=date-time -ffunction-sections -DC_SUPPORTS_FDATA_SECTIONS    CMakeFiles/cmTC_ea532.dir/src.c.o  -o cmTC_ea532 -rdynamic 
make[1]: Leaving directory '/home/sruthi/LLVM/installed/llvm-4.0.0.src/lib/Transforms/CompOptDSL/AvailableExpressions/pass2/CMakeFiles/CMakeTmp'

Source file was:
int main(void) { return 0; }
Performing C++ SOURCE FILE Test CXX_SUPPORTS_FDATA_SECTIONS succeded with the following output:
Change Dir: /home/sruthi/LLVM/installed/llvm-4.0.0.src/lib/Transforms/CompOptDSL/AvailableExpressions/pass2/CMakeFiles/CMakeTmp

Run Build Command:"/usr/bin/make" "cmTC_5db05/fast"
/usr/bin/make -f CMakeFiles/cmTC_5db05.dir/build.make CMakeFiles/cmTC_5db05.dir/build
make[1]: Entering directory '/home/sruthi/LLVM/installed/llvm-4.0.0.src/lib/Transforms/CompOptDSL/AvailableExpressions/pass2/CMakeFiles/CMakeTmp'
Building CXX object CMakeFiles/cmTC_5db05.dir/src.cxx.o
/usr/bin/c++     -fvisibility-inlines-hidden -Werror=date-time -std=c++11 -ffunction-sections -DCXX_SUPPORTS_FDATA_SECTIONS   -Werror -fdata-sections -o CMakeFiles/cmTC_5db05.dir/src.cxx.o -c /home/sruthi/LLVM/installed/llvm-4.0.0.src/lib/Transforms/CompOptDSL/AvailableExpressions/pass2/CMakeFiles/CMakeTmp/src.cxx
Linking CXX executable cmTC_5db05
/usr/bin/cmake -E cmake_link_script CMakeFiles/cmTC_5db05.dir/link.txt --verbose=1
/usr/bin/c++    -fvisibility-inlines-hidden -Werror=date-time -std=c++11 -ffunction-sections -DCXX_SUPPORTS_FDATA_SECTIONS    CMakeFiles/cmTC_5db05.dir/src.cxx.o  -o cmTC_5db05 -rdynamic 
make[1]: Leaving directory '/home/sruthi/LLVM/installed/llvm-4.0.0.src/lib/Transforms/CompOptDSL/AvailableExpressions/pass2/CMakeFiles/CMakeTmp'

Source file was:
int main() { return 0; }
