The system is: Linux - 4.4.0-112-generic - x86_64
Compiling the C compiler identification source file "CMakeCCompilerId.c" succeeded.
Compiler: /usr/bin/cc 
Build flags: 
Id flags: 

The output was:
0


Compilation of the C compiler identification source "CMakeCCompilerId.c" produced "a.out"

The C compiler identification is GNU, found in "/home/sruthi/LLVM/installed/llvm-4.0.0.src/lib/Transforms/CompOptDSL/Opt-FunctionInlining/CMakeFiles/3.4.3/CompilerIdC/a.out"

Compiling the CXX compiler identification source file "CMakeCXXCompilerId.cpp" succeeded.
Compiler: /usr/bin/c++ 
Build flags: 
Id flags: 

The output was:
0


Compilation of the CXX compiler identification source "CMakeCXXCompilerId.cpp" produced "a.out"

The CXX compiler identification is GNU, found in "/home/sruthi/LLVM/installed/llvm-4.0.0.src/lib/Transforms/CompOptDSL/Opt-FunctionInlining/CMakeFiles/3.4.3/CompilerIdCXX/a.out"

Determining if the C compiler works passed with the following output:
Change Dir: /home/sruthi/LLVM/installed/llvm-4.0.0.src/lib/Transforms/CompOptDSL/Opt-FunctionInlining/CMakeFiles/CMakeTmp

Run Build Command:"/usr/bin/make" "cmTC_b0f8d/fast"
/usr/bin/make -f CMakeFiles/cmTC_b0f8d.dir/build.make CMakeFiles/cmTC_b0f8d.dir/build
make[1]: Entering directory '/home/sruthi/LLVM/installed/llvm-4.0.0.src/lib/Transforms/CompOptDSL/Opt-FunctionInlining/CMakeFiles/CMakeTmp'
Building C object CMakeFiles/cmTC_b0f8d.dir/testCCompiler.c.o
/usr/bin/cc     -o CMakeFiles/cmTC_b0f8d.dir/testCCompiler.c.o   -c /home/sruthi/LLVM/installed/llvm-4.0.0.src/lib/Transforms/CompOptDSL/Opt-FunctionInlining/CMakeFiles/CMakeTmp/testCCompiler.c
Linking C executable cmTC_b0f8d
/usr/bin/cmake -E cmake_link_script CMakeFiles/cmTC_b0f8d.dir/link.txt --verbose=1
/usr/bin/cc       CMakeFiles/cmTC_b0f8d.dir/testCCompiler.c.o  -o cmTC_b0f8d -rdynamic 
make[1]: Leaving directory '/home/sruthi/LLVM/installed/llvm-4.0.0.src/lib/Transforms/CompOptDSL/Opt-FunctionInlining/CMakeFiles/CMakeTmp'


Detecting C compiler ABI info compiled with the following output:
Change Dir: /home/sruthi/LLVM/installed/llvm-4.0.0.src/lib/Transforms/CompOptDSL/Opt-FunctionInlining/CMakeFiles/CMakeTmp

Run Build Command:"/usr/bin/make" "cmTC_4a175/fast"
/usr/bin/make -f CMakeFiles/cmTC_4a175.dir/build.make CMakeFiles/cmTC_4a175.dir/build
make[1]: Entering directory '/home/sruthi/LLVM/installed/llvm-4.0.0.src/lib/Transforms/CompOptDSL/Opt-FunctionInlining/CMakeFiles/CMakeTmp'
Building C object CMakeFiles/cmTC_4a175.dir/CMakeCCompilerABI.c.o
/usr/bin/cc     -o CMakeFiles/cmTC_4a175.dir/CMakeCCompilerABI.c.o   -c /usr/share/cmake-3.4/Modules/CMakeCCompilerABI.c
Linking C executable cmTC_4a175
/usr/bin/cmake -E cmake_link_script CMakeFiles/cmTC_4a175.dir/link.txt --verbose=1
/usr/bin/cc      -v CMakeFiles/cmTC_4a175.dir/CMakeCCompilerABI.c.o  -o cmTC_4a175 -rdynamic  
Using built-in specs.
COLLECT_GCC=/usr/bin/cc
COLLECT_LTO_WRAPPER=/usr/lib/gcc/x86_64-linux-gnu/5/lto-wrapper
Target: x86_64-linux-gnu
Configured with: ../src/configure -v --with-pkgversion='Ubuntu 5.4.0-6ubuntu1~16.04.4' --with-bugurl=file:///usr/share/doc/gcc-5/README.Bugs --enable-languages=c,ada,c++,java,go,d,fortran,objc,obj-c++ --prefix=/usr --program-suffix=-5 --enable-shared --enable-linker-build-id --libexecdir=/usr/lib --without-included-gettext --enable-threads=posix --libdir=/usr/lib --enable-nls --with-sysroot=/ --enable-clocale=gnu --enable-libstdcxx-debug --enable-libstdcxx-time=yes --with-default-libstdcxx-abi=new --enable-gnu-unique-object --disable-vtable-verify --enable-libmpx --enable-plugin --with-system-zlib --disable-browser-plugin --enable-java-awt=gtk --enable-gtk-cairo --with-java-home=/usr/lib/jvm/java-1.5.0-gcj-5-amd64/jre --enable-java-home --with-jvm-root-dir=/usr/lib/jvm/java-1.5.0-gcj-5-amd64 --with-jvm-jar-dir=/usr/lib/jvm-exports/java-1.5.0-gcj-5-amd64 --with-arch-directory=amd64 --with-ecj-jar=/usr/share/java/eclipse-ecj.jar --enable-objc-gc --enable-multiarch --disable-werror --with-arch-32=i686 --with-abi=m64 --with-multilib-list=m32,m64,mx32 --enable-multilib --with-tune=generic --enable-checking=release --build=x86_64-linux-gnu --host=x86_64-linux-gnu --target=x86_64-linux-gnu
Thread model: posix
gcc version 5.4.0 20160609 (Ubuntu 5.4.0-6ubuntu1~16.04.4) 
COMPILER_PATH=/usr/lib/gcc/x86_64-linux-gnu/5/:/usr/lib/gcc/x86_64-linux-gnu/5/:/usr/lib/gcc/x86_64-linux-gnu/:/usr/lib/gcc/x86_64-linux-gnu/5/:/usr/lib/gcc/x86_64-linux-gnu/
LIBRARY_PATH=/usr/lib/gcc/x86_64-linux-gnu/5/:/usr/lib/gcc/x86_64-linux-gnu/5/../../../x86_64-linux-gnu/:/usr/lib/gcc/x86_64-linux-gnu/5/../../../../lib/:/lib/x86_64-linux-gnu/:/lib/../lib/:/usr/lib/x86_64-linux-gnu/:/usr/lib/../lib/:/usr/lib/gcc/x86_64-linux-gnu/5/../../../:/lib/:/usr/lib/
COLLECT_GCC_OPTIONS='-v' '-o' 'cmTC_4a175' '-rdynamic' '-mtune=generic' '-march=x86-64'
 /usr/lib/gcc/x86_64-linux-gnu/5/collect2 -plugin /usr/lib/gcc/x86_64-linux-gnu/5/liblto_plugin.so -plugin-opt=/usr/lib/gcc/x86_64-linux-gnu/5/lto-wrapper -plugin-opt=-fresolution=/tmp/ccymGCNs.res -plugin-opt=-pass-through=-lgcc -plugin-opt=-pass-through=-lgcc_s -plugin-opt=-pass-through=-lc -plugin-opt=-pass-through=-lgcc -plugin-opt=-pass-through=-lgcc_s --sysroot=/ --build-id --eh-frame-hdr -m elf_x86_64 --hash-style=gnu --as-needed -export-dynamic -dynamic-linker /lib64/ld-linux-x86-64.so.2 -z relro -o cmTC_4a175 /usr/lib/gcc/x86_64-linux-gnu/5/../../../x86_64-linux-gnu/crt1.o /usr/lib/gcc/x86_64-linux-gnu/5/../../../x86_64-linux-gnu/crti.o /usr/lib/gcc/x86_64-linux-gnu/5/crtbegin.o -L/usr/lib/gcc/x86_64-linux-gnu/5 -L/usr/lib/gcc/x86_64-linux-gnu/5/../../../x86_64-linux-gnu -L/usr/lib/gcc/x86_64-linux-gnu/5/../../../../lib -L/lib/x86_64-linux-gnu -L/lib/../lib -L/usr/lib/x86_64-linux-gnu -L/usr/lib/../lib -L/usr/lib/gcc/x86_64-linux-gnu/5/../../.. CMakeFiles/cmTC_4a175.dir/CMakeCCompilerABI.c.o -lgcc --as-needed -lgcc_s --no-as-needed -lc -lgcc --as-needed -lgcc_s --no-as-needed /usr/lib/gcc/x86_64-linux-gnu/5/crtend.o /usr/lib/gcc/x86_64-linux-gnu/5/../../../x86_64-linux-gnu/crtn.o
make[1]: Leaving directory '/home/sruthi/LLVM/installed/llvm-4.0.0.src/lib/Transforms/CompOptDSL/Opt-FunctionInlining/CMakeFiles/CMakeTmp'


Parsed C implicit link information from above output:
  link line regex: [^( *|.*[/\])(ld|([^/\]+-)?ld|collect2)[^/\]*( |$)]
  ignore line: [Change Dir: /home/sruthi/LLVM/installed/llvm-4.0.0.src/lib/Transforms/CompOptDSL/Opt-FunctionInlining/CMakeFiles/CMakeTmp]
  ignore line: []
  ignore line: [Run Build Command:"/usr/bin/make" "cmTC_4a175/fast"]
  ignore line: [/usr/bin/make -f CMakeFiles/cmTC_4a175.dir/build.make CMakeFiles/cmTC_4a175.dir/build]
  ignore line: [make[1]: Entering directory '/home/sruthi/LLVM/installed/llvm-4.0.0.src/lib/Transforms/CompOptDSL/Opt-FunctionInlining/CMakeFiles/CMakeTmp']
  ignore line: [Building C object CMakeFiles/cmTC_4a175.dir/CMakeCCompilerABI.c.o]
  ignore line: [/usr/bin/cc     -o CMakeFiles/cmTC_4a175.dir/CMakeCCompilerABI.c.o   -c /usr/share/cmake-3.4/Modules/CMakeCCompilerABI.c]
  ignore line: [Linking C executable cmTC_4a175]
  ignore line: [/usr/bin/cmake -E cmake_link_script CMakeFiles/cmTC_4a175.dir/link.txt --verbose=1]
  ignore line: [/usr/bin/cc      -v CMakeFiles/cmTC_4a175.dir/CMakeCCompilerABI.c.o  -o cmTC_4a175 -rdynamic  ]
  ignore line: [Using built-in specs.]
  ignore line: [COLLECT_GCC=/usr/bin/cc]
  ignore line: [COLLECT_LTO_WRAPPER=/usr/lib/gcc/x86_64-linux-gnu/5/lto-wrapper]
  ignore line: [Target: x86_64-linux-gnu]
  ignore line: [Configured with: ../src/configure -v --with-pkgversion='Ubuntu 5.4.0-6ubuntu1~16.04.4' --with-bugurl=file:///usr/share/doc/gcc-5/README.Bugs --enable-languages=c,ada,c++,java,go,d,fortran,objc,obj-c++ --prefix=/usr --program-suffix=-5 --enable-shared --enable-linker-build-id --libexecdir=/usr/lib --without-included-gettext --enable-threads=posix --libdir=/usr/lib --enable-nls --with-sysroot=/ --enable-clocale=gnu --enable-libstdcxx-debug --enable-libstdcxx-time=yes --with-default-libstdcxx-abi=new --enable-gnu-unique-object --disable-vtable-verify --enable-libmpx --enable-plugin --with-system-zlib --disable-browser-plugin --enable-java-awt=gtk --enable-gtk-cairo --with-java-home=/usr/lib/jvm/java-1.5.0-gcj-5-amd64/jre --enable-java-home --with-jvm-root-dir=/usr/lib/jvm/java-1.5.0-gcj-5-amd64 --with-jvm-jar-dir=/usr/lib/jvm-exports/java-1.5.0-gcj-5-amd64 --with-arch-directory=amd64 --with-ecj-jar=/usr/share/java/eclipse-ecj.jar --enable-objc-gc --enable-multiarch --disable-werror --with-arch-32=i686 --with-abi=m64 --with-multilib-list=m32,m64,mx32 --enable-multilib --with-tune=generic --enable-checking=release --build=x86_64-linux-gnu --host=x86_64-linux-gnu --target=x86_64-linux-gnu]
  ignore line: [Thread model: posix]
  ignore line: [gcc version 5.4.0 20160609 (Ubuntu 5.4.0-6ubuntu1~16.04.4) ]
  ignore line: [COMPILER_PATH=/usr/lib/gcc/x86_64-linux-gnu/5/:/usr/lib/gcc/x86_64-linux-gnu/5/:/usr/lib/gcc/x86_64-linux-gnu/:/usr/lib/gcc/x86_64-linux-gnu/5/:/usr/lib/gcc/x86_64-linux-gnu/]
  ignore line: [LIBRARY_PATH=/usr/lib/gcc/x86_64-linux-gnu/5/:/usr/lib/gcc/x86_64-linux-gnu/5/../../../x86_64-linux-gnu/:/usr/lib/gcc/x86_64-linux-gnu/5/../../../../lib/:/lib/x86_64-linux-gnu/:/lib/../lib/:/usr/lib/x86_64-linux-gnu/:/usr/lib/../lib/:/usr/lib/gcc/x86_64-linux-gnu/5/../../../:/lib/:/usr/lib/]
  ignore line: [COLLECT_GCC_OPTIONS='-v' '-o' 'cmTC_4a175' '-rdynamic' '-mtune=generic' '-march=x86-64']
  link line: [ /usr/lib/gcc/x86_64-linux-gnu/5/collect2 -plugin /usr/lib/gcc/x86_64-linux-gnu/5/liblto_plugin.so -plugin-opt=/usr/lib/gcc/x86_64-linux-gnu/5/lto-wrapper -plugin-opt=-fresolution=/tmp/ccymGCNs.res -plugin-opt=-pass-through=-lgcc -plugin-opt=-pass-through=-lgcc_s -plugin-opt=-pass-through=-lc -plugin-opt=-pass-through=-lgcc -plugin-opt=-pass-through=-lgcc_s --sysroot=/ --build-id --eh-frame-hdr -m elf_x86_64 --hash-style=gnu --as-needed -export-dynamic -dynamic-linker /lib64/ld-linux-x86-64.so.2 -z relro -o cmTC_4a175 /usr/lib/gcc/x86_64-linux-gnu/5/../../../x86_64-linux-gnu/crt1.o /usr/lib/gcc/x86_64-linux-gnu/5/../../../x86_64-linux-gnu/crti.o /usr/lib/gcc/x86_64-linux-gnu/5/crtbegin.o -L/usr/lib/gcc/x86_64-linux-gnu/5 -L/usr/lib/gcc/x86_64-linux-gnu/5/../../../x86_64-linux-gnu -L/usr/lib/gcc/x86_64-linux-gnu/5/../../../../lib -L/lib/x86_64-linux-gnu -L/lib/../lib -L/usr/lib/x86_64-linux-gnu -L/usr/lib/../lib -L/usr/lib/gcc/x86_64-linux-gnu/5/../../.. CMakeFiles/cmTC_4a175.dir/CMakeCCompilerABI.c.o -lgcc --as-needed -lgcc_s --no-as-needed -lc -lgcc --as-needed -lgcc_s --no-as-needed /usr/lib/gcc/x86_64-linux-gnu/5/crtend.o /usr/lib/gcc/x86_64-linux-gnu/5/../../../x86_64-linux-gnu/crtn.o]
    arg [/usr/lib/gcc/x86_64-linux-gnu/5/collect2] ==> ignore
    arg [-plugin] ==> ignore
    arg [/usr/lib/gcc/x86_64-linux-gnu/5/liblto_plugin.so] ==> ignore
    arg [-plugin-opt=/usr/lib/gcc/x86_64-linux-gnu/5/lto-wrapper] ==> ignore
    arg [-plugin-opt=-fresolution=/tmp/ccymGCNs.res] ==> ignore
    arg [-plugin-opt=-pass-through=-lgcc] ==> ignore
    arg [-plugin-opt=-pass-through=-lgcc_s] ==> ignore
    arg [-plugin-opt=-pass-through=-lc] ==> ignore
    arg [-plugin-opt=-pass-through=-lgcc] ==> ignore
    arg [-plugin-opt=-pass-through=-lgcc_s] ==> ignore
    arg [--sysroot=/] ==> ignore
    arg [--build-id] ==> ignore
    arg [--eh-frame-hdr] ==> ignore
    arg [-m] ==> ignore
    arg [elf_x86_64] ==> ignore
    arg [--hash-style=gnu] ==> ignore
    arg [--as-needed] ==> ignore
    arg [-export-dynamic] ==> ignore
    arg [-dynamic-linker] ==> ignore
    arg [/lib64/ld-linux-x86-64.so.2] ==> ignore
    arg [-zrelro] ==> ignore
    arg [-o] ==> ignore
    arg [cmTC_4a175] ==> ignore
    arg [/usr/lib/gcc/x86_64-linux-gnu/5/../../../x86_64-linux-gnu/crt1.o] ==> ignore
    arg [/usr/lib/gcc/x86_64-linux-gnu/5/../../../x86_64-linux-gnu/crti.o] ==> ignore
    arg [/usr/lib/gcc/x86_64-linux-gnu/5/crtbegin.o] ==> ignore
    arg [-L/usr/lib/gcc/x86_64-linux-gnu/5] ==> dir [/usr/lib/gcc/x86_64-linux-gnu/5]
    arg [-L/usr/lib/gcc/x86_64-linux-gnu/5/../../../x86_64-linux-gnu] ==> dir [/usr/lib/gcc/x86_64-linux-gnu/5/../../../x86_64-linux-gnu]
    arg [-L/usr/lib/gcc/x86_64-linux-gnu/5/../../../../lib] ==> dir [/usr/lib/gcc/x86_64-linux-gnu/5/../../../../lib]
    arg [-L/lib/x86_64-linux-gnu] ==> dir [/lib/x86_64-linux-gnu]
    arg [-L/lib/../lib] ==> dir [/lib/../lib]
    arg [-L/usr/lib/x86_64-linux-gnu] ==> dir [/usr/lib/x86_64-linux-gnu]
    arg [-L/usr/lib/../lib] ==> dir [/usr/lib/../lib]
    arg [-L/usr/lib/gcc/x86_64-linux-gnu/5/../../..] ==> dir [/usr/lib/gcc/x86_64-linux-gnu/5/../../..]
    arg [CMakeFiles/cmTC_4a175.dir/CMakeCCompilerABI.c.o] ==> ignore
    arg [-lgcc] ==> lib [gcc]
    arg [--as-needed] ==> ignore
    arg [-lgcc_s] ==> lib [gcc_s]
    arg [--no-as-needed] ==> ignore
    arg [-lc] ==> lib [c]
    arg [-lgcc] ==> lib [gcc]
    arg [--as-needed] ==> ignore
    arg [-lgcc_s] ==> lib [gcc_s]
    arg [--no-as-needed] ==> ignore
    arg [/usr/lib/gcc/x86_64-linux-gnu/5/crtend.o] ==> ignore
    arg [/usr/lib/gcc/x86_64-linux-gnu/5/../../../x86_64-linux-gnu/crtn.o] ==> ignore
  remove lib [gcc]
  remove lib [gcc_s]
  remove lib [gcc]
  remove lib [gcc_s]
  collapse library dir [/usr/lib/gcc/x86_64-linux-gnu/5] ==> [/usr/lib/gcc/x86_64-linux-gnu/5]
  collapse library dir [/usr/lib/gcc/x86_64-linux-gnu/5/../../../x86_64-linux-gnu] ==> [/usr/lib/x86_64-linux-gnu]
  collapse library dir [/usr/lib/gcc/x86_64-linux-gnu/5/../../../../lib] ==> [/usr/lib]
  collapse library dir [/lib/x86_64-linux-gnu] ==> [/lib/x86_64-linux-gnu]
  collapse library dir [/lib/../lib] ==> [/lib]
  collapse library dir [/usr/lib/x86_64-linux-gnu] ==> [/usr/lib/x86_64-linux-gnu]
  collapse library dir [/usr/lib/../lib] ==> [/usr/lib]
  collapse library dir [/usr/lib/gcc/x86_64-linux-gnu/5/../../..] ==> [/usr/lib]
  implicit libs: [c]
  implicit dirs: [/usr/lib/gcc/x86_64-linux-gnu/5;/usr/lib/x86_64-linux-gnu;/usr/lib;/lib/x86_64-linux-gnu;/lib]
  implicit fwks: []




Detecting C [-std=c11] compiler features compiled with the following output:
Change Dir: /home/sruthi/LLVM/installed/llvm-4.0.0.src/lib/Transforms/CompOptDSL/Opt-FunctionInlining/CMakeFiles/CMakeTmp

Run Build Command:"/usr/bin/make" "cmTC_310ca/fast"
/usr/bin/make -f CMakeFiles/cmTC_310ca.dir/build.make CMakeFiles/cmTC_310ca.dir/build
make[1]: Entering directory '/home/sruthi/LLVM/installed/llvm-4.0.0.src/lib/Transforms/CompOptDSL/Opt-FunctionInlining/CMakeFiles/CMakeTmp'
Building C object CMakeFiles/cmTC_310ca.dir/feature_tests.c.o
/usr/bin/cc    -std=c11 -o CMakeFiles/cmTC_310ca.dir/feature_tests.c.o   -c /home/sruthi/LLVM/installed/llvm-4.0.0.src/lib/Transforms/CompOptDSL/Opt-FunctionInlining/CMakeFiles/feature_tests.c
Linking C executable cmTC_310ca
/usr/bin/cmake -E cmake_link_script CMakeFiles/cmTC_310ca.dir/link.txt --verbose=1
/usr/bin/cc       CMakeFiles/cmTC_310ca.dir/feature_tests.c.o  -o cmTC_310ca -rdynamic 
make[1]: Leaving directory '/home/sruthi/LLVM/installed/llvm-4.0.0.src/lib/Transforms/CompOptDSL/Opt-FunctionInlining/CMakeFiles/CMakeTmp'


    Feature record: C_FEATURE:1c_function_prototypes
    Feature record: C_FEATURE:1c_restrict
    Feature record: C_FEATURE:1c_static_assert
    Feature record: C_FEATURE:1c_variadic_macros


Detecting C [-std=c99] compiler features compiled with the following output:
Change Dir: /home/sruthi/LLVM/installed/llvm-4.0.0.src/lib/Transforms/CompOptDSL/Opt-FunctionInlining/CMakeFiles/CMakeTmp

Run Build Command:"/usr/bin/make" "cmTC_ed7de/fast"
/usr/bin/make -f CMakeFiles/cmTC_ed7de.dir/build.make CMakeFiles/cmTC_ed7de.dir/build
make[1]: Entering directory '/home/sruthi/LLVM/installed/llvm-4.0.0.src/lib/Transforms/CompOptDSL/Opt-FunctionInlining/CMakeFiles/CMakeTmp'
Building C object CMakeFiles/cmTC_ed7de.dir/feature_tests.c.o
/usr/bin/cc    -std=c99 -o CMakeFiles/cmTC_ed7de.dir/feature_tests.c.o   -c /home/sruthi/LLVM/installed/llvm-4.0.0.src/lib/Transforms/CompOptDSL/Opt-FunctionInlining/CMakeFiles/feature_tests.c
Linking C executable cmTC_ed7de
/usr/bin/cmake -E cmake_link_script CMakeFiles/cmTC_ed7de.dir/link.txt --verbose=1
/usr/bin/cc       CMakeFiles/cmTC_ed7de.dir/feature_tests.c.o  -o cmTC_ed7de -rdynamic 
make[1]: Leaving directory '/home/sruthi/LLVM/installed/llvm-4.0.0.src/lib/Transforms/CompOptDSL/Opt-FunctionInlining/CMakeFiles/CMakeTmp'


    Feature record: C_FEATURE:1c_function_prototypes
    Feature record: C_FEATURE:1c_restrict
    Feature record: C_FEATURE:0c_static_assert
    Feature record: C_FEATURE:1c_variadic_macros


Detecting C [-std=c90] compiler features compiled with the following output:
Change Dir: /home/sruthi/LLVM/installed/llvm-4.0.0.src/lib/Transforms/CompOptDSL/Opt-FunctionInlining/CMakeFiles/CMakeTmp

Run Build Command:"/usr/bin/make" "cmTC_5fc5a/fast"
/usr/bin/make -f CMakeFiles/cmTC_5fc5a.dir/build.make CMakeFiles/cmTC_5fc5a.dir/build
make[1]: Entering directory '/home/sruthi/LLVM/installed/llvm-4.0.0.src/lib/Transforms/CompOptDSL/Opt-FunctionInlining/CMakeFiles/CMakeTmp'
Building C object CMakeFiles/cmTC_5fc5a.dir/feature_tests.c.o
/usr/bin/cc    -std=c90 -o CMakeFiles/cmTC_5fc5a.dir/feature_tests.c.o   -c /home/sruthi/LLVM/installed/llvm-4.0.0.src/lib/Transforms/CompOptDSL/Opt-FunctionInlining/CMakeFiles/feature_tests.c
Linking C executable cmTC_5fc5a
/usr/bin/cmake -E cmake_link_script CMakeFiles/cmTC_5fc5a.dir/link.txt --verbose=1
/usr/bin/cc       CMakeFiles/cmTC_5fc5a.dir/feature_tests.c.o  -o cmTC_5fc5a -rdynamic 
make[1]: Leaving directory '/home/sruthi/LLVM/installed/llvm-4.0.0.src/lib/Transforms/CompOptDSL/Opt-FunctionInlining/CMakeFiles/CMakeTmp'


    Feature record: C_FEATURE:1c_function_prototypes
    Feature record: C_FEATURE:0c_restrict
    Feature record: C_FEATURE:0c_static_assert
    Feature record: C_FEATURE:0c_variadic_macros
Determining if the CXX compiler works passed with the following output:
Change Dir: /home/sruthi/LLVM/installed/llvm-4.0.0.src/lib/Transforms/CompOptDSL/Opt-FunctionInlining/CMakeFiles/CMakeTmp

Run Build Command:"/usr/bin/make" "cmTC_c4687/fast"
/usr/bin/make -f CMakeFiles/cmTC_c4687.dir/build.make CMakeFiles/cmTC_c4687.dir/build
make[1]: Entering directory '/home/sruthi/LLVM/installed/llvm-4.0.0.src/lib/Transforms/CompOptDSL/Opt-FunctionInlining/CMakeFiles/CMakeTmp'
Building CXX object CMakeFiles/cmTC_c4687.dir/testCXXCompiler.cxx.o
/usr/bin/c++      -o CMakeFiles/cmTC_c4687.dir/testCXXCompiler.cxx.o -c /home/sruthi/LLVM/installed/llvm-4.0.0.src/lib/Transforms/CompOptDSL/Opt-FunctionInlining/CMakeFiles/CMakeTmp/testCXXCompiler.cxx
Linking CXX executable cmTC_c4687
/usr/bin/cmake -E cmake_link_script CMakeFiles/cmTC_c4687.dir/link.txt --verbose=1
/usr/bin/c++        CMakeFiles/cmTC_c4687.dir/testCXXCompiler.cxx.o  -o cmTC_c4687 -rdynamic 
make[1]: Leaving directory '/home/sruthi/LLVM/installed/llvm-4.0.0.src/lib/Transforms/CompOptDSL/Opt-FunctionInlining/CMakeFiles/CMakeTmp'


Detecting CXX compiler ABI info compiled with the following output:
Change Dir: /home/sruthi/LLVM/installed/llvm-4.0.0.src/lib/Transforms/CompOptDSL/Opt-FunctionInlining/CMakeFiles/CMakeTmp

Run Build Command:"/usr/bin/make" "cmTC_e1471/fast"
/usr/bin/make -f CMakeFiles/cmTC_e1471.dir/build.make CMakeFiles/cmTC_e1471.dir/build
make[1]: Entering directory '/home/sruthi/LLVM/installed/llvm-4.0.0.src/lib/Transforms/CompOptDSL/Opt-FunctionInlining/CMakeFiles/CMakeTmp'
Building CXX object CMakeFiles/cmTC_e1471.dir/CMakeCXXCompilerABI.cpp.o
/usr/bin/c++      -o CMakeFiles/cmTC_e1471.dir/CMakeCXXCompilerABI.cpp.o -c /usr/share/cmake-3.4/Modules/CMakeCXXCompilerABI.cpp
Linking CXX executable cmTC_e1471
/usr/bin/cmake -E cmake_link_script CMakeFiles/cmTC_e1471.dir/link.txt --verbose=1
/usr/bin/c++       -v CMakeFiles/cmTC_e1471.dir/CMakeCXXCompilerABI.cpp.o  -o cmTC_e1471 -rdynamic  
Using built-in specs.
COLLECT_GCC=/usr/bin/c++
COLLECT_LTO_WRAPPER=/usr/lib/gcc/x86_64-linux-gnu/5/lto-wrapper
Target: x86_64-linux-gnu
Configured with: ../src/configure -v --with-pkgversion='Ubuntu 5.4.0-6ubuntu1~16.04.4' --with-bugurl=file:///usr/share/doc/gcc-5/README.Bugs --enable-languages=c,ada,c++,java,go,d,fortran,objc,obj-c++ --prefix=/usr --program-suffix=-5 --enable-shared --enable-linker-build-id --libexecdir=/usr/lib --without-included-gettext --enable-threads=posix --libdir=/usr/lib --enable-nls --with-sysroot=/ --enable-clocale=gnu --enable-libstdcxx-debug --enable-libstdcxx-time=yes --with-default-libstdcxx-abi=new --enable-gnu-unique-object --disable-vtable-verify --enable-libmpx --enable-plugin --with-system-zlib --disable-browser-plugin --enable-java-awt=gtk --enable-gtk-cairo --with-java-home=/usr/lib/jvm/java-1.5.0-gcj-5-amd64/jre --enable-java-home --with-jvm-root-dir=/usr/lib/jvm/java-1.5.0-gcj-5-amd64 --with-jvm-jar-dir=/usr/lib/jvm-exports/java-1.5.0-gcj-5-amd64 --with-arch-directory=amd64 --with-ecj-jar=/usr/share/java/eclipse-ecj.jar --enable-objc-gc --enable-multiarch --disable-werror --with-arch-32=i686 --with-abi=m64 --with-multilib-list=m32,m64,mx32 --enable-multilib --with-tune=generic --enable-checking=release --build=x86_64-linux-gnu --host=x86_64-linux-gnu --target=x86_64-linux-gnu
Thread model: posix
gcc version 5.4.0 20160609 (Ubuntu 5.4.0-6ubuntu1~16.04.4) 
COMPILER_PATH=/usr/lib/gcc/x86_64-linux-gnu/5/:/usr/lib/gcc/x86_64-linux-gnu/5/:/usr/lib/gcc/x86_64-linux-gnu/:/usr/lib/gcc/x86_64-linux-gnu/5/:/usr/lib/gcc/x86_64-linux-gnu/
LIBRARY_PATH=/usr/lib/gcc/x86_64-linux-gnu/5/:/usr/lib/gcc/x86_64-linux-gnu/5/../../../x86_64-linux-gnu/:/usr/lib/gcc/x86_64-linux-gnu/5/../../../../lib/:/lib/x86_64-linux-gnu/:/lib/../lib/:/usr/lib/x86_64-linux-gnu/:/usr/lib/../lib/:/usr/lib/gcc/x86_64-linux-gnu/5/../../../:/lib/:/usr/lib/
COLLECT_GCC_OPTIONS='-v' '-o' 'cmTC_e1471' '-rdynamic' '-shared-libgcc' '-mtune=generic' '-march=x86-64'
 /usr/lib/gcc/x86_64-linux-gnu/5/collect2 -plugin /usr/lib/gcc/x86_64-linux-gnu/5/liblto_plugin.so -plugin-opt=/usr/lib/gcc/x86_64-linux-gnu/5/lto-wrapper -plugin-opt=-fresolution=/tmp/ccLlKpjV.res -plugin-opt=-pass-through=-lgcc_s -plugin-opt=-pass-through=-lgcc -plugin-opt=-pass-through=-lc -plugin-opt=-pass-through=-lgcc_s -plugin-opt=-pass-through=-lgcc --sysroot=/ --build-id --eh-frame-hdr -m elf_x86_64 --hash-style=gnu --as-needed -export-dynamic -dynamic-linker /lib64/ld-linux-x86-64.so.2 -z relro -o cmTC_e1471 /usr/lib/gcc/x86_64-linux-gnu/5/../../../x86_64-linux-gnu/crt1.o /usr/lib/gcc/x86_64-linux-gnu/5/../../../x86_64-linux-gnu/crti.o /usr/lib/gcc/x86_64-linux-gnu/5/crtbegin.o -L/usr/lib/gcc/x86_64-linux-gnu/5 -L/usr/lib/gcc/x86_64-linux-gnu/5/../../../x86_64-linux-gnu -L/usr/lib/gcc/x86_64-linux-gnu/5/../../../../lib -L/lib/x86_64-linux-gnu -L/lib/../lib -L/usr/lib/x86_64-linux-gnu -L/usr/lib/../lib -L/usr/lib/gcc/x86_64-linux-gnu/5/../../.. CMakeFiles/cmTC_e1471.dir/CMakeCXXCompilerABI.cpp.o -lstdc++ -lm -lgcc_s -lgcc -lc -lgcc_s -lgcc /usr/lib/gcc/x86_64-linux-gnu/5/crtend.o /usr/lib/gcc/x86_64-linux-gnu/5/../../../x86_64-linux-gnu/crtn.o
make[1]: Leaving directory '/home/sruthi/LLVM/installed/llvm-4.0.0.src/lib/Transforms/CompOptDSL/Opt-FunctionInlining/CMakeFiles/CMakeTmp'


Parsed CXX implicit link information from above output:
  link line regex: [^( *|.*[/\])(ld|([^/\]+-)?ld|collect2)[^/\]*( |$)]
  ignore line: [Change Dir: /home/sruthi/LLVM/installed/llvm-4.0.0.src/lib/Transforms/CompOptDSL/Opt-FunctionInlining/CMakeFiles/CMakeTmp]
  ignore line: []
  ignore line: [Run Build Command:"/usr/bin/make" "cmTC_e1471/fast"]
  ignore line: [/usr/bin/make -f CMakeFiles/cmTC_e1471.dir/build.make CMakeFiles/cmTC_e1471.dir/build]
  ignore line: [make[1]: Entering directory '/home/sruthi/LLVM/installed/llvm-4.0.0.src/lib/Transforms/CompOptDSL/Opt-FunctionInlining/CMakeFiles/CMakeTmp']
  ignore line: [Building CXX object CMakeFiles/cmTC_e1471.dir/CMakeCXXCompilerABI.cpp.o]
  ignore line: [/usr/bin/c++      -o CMakeFiles/cmTC_e1471.dir/CMakeCXXCompilerABI.cpp.o -c /usr/share/cmake-3.4/Modules/CMakeCXXCompilerABI.cpp]
  ignore line: [Linking CXX executable cmTC_e1471]
  ignore line: [/usr/bin/cmake -E cmake_link_script CMakeFiles/cmTC_e1471.dir/link.txt --verbose=1]
  ignore line: [/usr/bin/c++       -v CMakeFiles/cmTC_e1471.dir/CMakeCXXCompilerABI.cpp.o  -o cmTC_e1471 -rdynamic  ]
  ignore line: [Using built-in specs.]
  ignore line: [COLLECT_GCC=/usr/bin/c++]
  ignore line: [COLLECT_LTO_WRAPPER=/usr/lib/gcc/x86_64-linux-gnu/5/lto-wrapper]
  ignore line: [Target: x86_64-linux-gnu]
  ignore line: [Configured with: ../src/configure -v --with-pkgversion='Ubuntu 5.4.0-6ubuntu1~16.04.4' --with-bugurl=file:///usr/share/doc/gcc-5/README.Bugs --enable-languages=c,ada,c++,java,go,d,fortran,objc,obj-c++ --prefix=/usr --program-suffix=-5 --enable-shared --enable-linker-build-id --libexecdir=/usr/lib --without-included-gettext --enable-threads=posix --libdir=/usr/lib --enable-nls --with-sysroot=/ --enable-clocale=gnu --enable-libstdcxx-debug --enable-libstdcxx-time=yes --with-default-libstdcxx-abi=new --enable-gnu-unique-object --disable-vtable-verify --enable-libmpx --enable-plugin --with-system-zlib --disable-browser-plugin --enable-java-awt=gtk --enable-gtk-cairo --with-java-home=/usr/lib/jvm/java-1.5.0-gcj-5-amd64/jre --enable-java-home --with-jvm-root-dir=/usr/lib/jvm/java-1.5.0-gcj-5-amd64 --with-jvm-jar-dir=/usr/lib/jvm-exports/java-1.5.0-gcj-5-amd64 --with-arch-directory=amd64 --with-ecj-jar=/usr/share/java/eclipse-ecj.jar --enable-objc-gc --enable-multiarch --disable-werror --with-arch-32=i686 --with-abi=m64 --with-multilib-list=m32,m64,mx32 --enable-multilib --with-tune=generic --enable-checking=release --build=x86_64-linux-gnu --host=x86_64-linux-gnu --target=x86_64-linux-gnu]
  ignore line: [Thread model: posix]
  ignore line: [gcc version 5.4.0 20160609 (Ubuntu 5.4.0-6ubuntu1~16.04.4) ]
  ignore line: [COMPILER_PATH=/usr/lib/gcc/x86_64-linux-gnu/5/:/usr/lib/gcc/x86_64-linux-gnu/5/:/usr/lib/gcc/x86_64-linux-gnu/:/usr/lib/gcc/x86_64-linux-gnu/5/:/usr/lib/gcc/x86_64-linux-gnu/]
  ignore line: [LIBRARY_PATH=/usr/lib/gcc/x86_64-linux-gnu/5/:/usr/lib/gcc/x86_64-linux-gnu/5/../../../x86_64-linux-gnu/:/usr/lib/gcc/x86_64-linux-gnu/5/../../../../lib/:/lib/x86_64-linux-gnu/:/lib/../lib/:/usr/lib/x86_64-linux-gnu/:/usr/lib/../lib/:/usr/lib/gcc/x86_64-linux-gnu/5/../../../:/lib/:/usr/lib/]
  ignore line: [COLLECT_GCC_OPTIONS='-v' '-o' 'cmTC_e1471' '-rdynamic' '-shared-libgcc' '-mtune=generic' '-march=x86-64']
  link line: [ /usr/lib/gcc/x86_64-linux-gnu/5/collect2 -plugin /usr/lib/gcc/x86_64-linux-gnu/5/liblto_plugin.so -plugin-opt=/usr/lib/gcc/x86_64-linux-gnu/5/lto-wrapper -plugin-opt=-fresolution=/tmp/ccLlKpjV.res -plugin-opt=-pass-through=-lgcc_s -plugin-opt=-pass-through=-lgcc -plugin-opt=-pass-through=-lc -plugin-opt=-pass-through=-lgcc_s -plugin-opt=-pass-through=-lgcc --sysroot=/ --build-id --eh-frame-hdr -m elf_x86_64 --hash-style=gnu --as-needed -export-dynamic -dynamic-linker /lib64/ld-linux-x86-64.so.2 -z relro -o cmTC_e1471 /usr/lib/gcc/x86_64-linux-gnu/5/../../../x86_64-linux-gnu/crt1.o /usr/lib/gcc/x86_64-linux-gnu/5/../../../x86_64-linux-gnu/crti.o /usr/lib/gcc/x86_64-linux-gnu/5/crtbegin.o -L/usr/lib/gcc/x86_64-linux-gnu/5 -L/usr/lib/gcc/x86_64-linux-gnu/5/../../../x86_64-linux-gnu -L/usr/lib/gcc/x86_64-linux-gnu/5/../../../../lib -L/lib/x86_64-linux-gnu -L/lib/../lib -L/usr/lib/x86_64-linux-gnu -L/usr/lib/../lib -L/usr/lib/gcc/x86_64-linux-gnu/5/../../.. CMakeFiles/cmTC_e1471.dir/CMakeCXXCompilerABI.cpp.o -lstdc++ -lm -lgcc_s -lgcc -lc -lgcc_s -lgcc /usr/lib/gcc/x86_64-linux-gnu/5/crtend.o /usr/lib/gcc/x86_64-linux-gnu/5/../../../x86_64-linux-gnu/crtn.o]
    arg [/usr/lib/gcc/x86_64-linux-gnu/5/collect2] ==> ignore
    arg [-plugin] ==> ignore
    arg [/usr/lib/gcc/x86_64-linux-gnu/5/liblto_plugin.so] ==> ignore
    arg [-plugin-opt=/usr/lib/gcc/x86_64-linux-gnu/5/lto-wrapper] ==> ignore
    arg [-plugin-opt=-fresolution=/tmp/ccLlKpjV.res] ==> ignore
    arg [-plugin-opt=-pass-through=-lgcc_s] ==> ignore
    arg [-plugin-opt=-pass-through=-lgcc] ==> ignore
    arg [-plugin-opt=-pass-through=-lc] ==> ignore
    arg [-plugin-opt=-pass-through=-lgcc_s] ==> ignore
    arg [-plugin-opt=-pass-through=-lgcc] ==> ignore
    arg [--sysroot=/] ==> ignore
    arg [--build-id] ==> ignore
    arg [--eh-frame-hdr] ==> ignore
    arg [-m] ==> ignore
    arg [elf_x86_64] ==> ignore
    arg [--hash-style=gnu] ==> ignore
    arg [--as-needed] ==> ignore
    arg [-export-dynamic] ==> ignore
    arg [-dynamic-linker] ==> ignore
    arg [/lib64/ld-linux-x86-64.so.2] ==> ignore
    arg [-zrelro] ==> ignore
    arg [-o] ==> ignore
    arg [cmTC_e1471] ==> ignore
    arg [/usr/lib/gcc/x86_64-linux-gnu/5/../../../x86_64-linux-gnu/crt1.o] ==> ignore
    arg [/usr/lib/gcc/x86_64-linux-gnu/5/../../../x86_64-linux-gnu/crti.o] ==> ignore
    arg [/usr/lib/gcc/x86_64-linux-gnu/5/crtbegin.o] ==> ignore
    arg [-L/usr/lib/gcc/x86_64-linux-gnu/5] ==> dir [/usr/lib/gcc/x86_64-linux-gnu/5]
    arg [-L/usr/lib/gcc/x86_64-linux-gnu/5/../../../x86_64-linux-gnu] ==> dir [/usr/lib/gcc/x86_64-linux-gnu/5/../../../x86_64-linux-gnu]
    arg [-L/usr/lib/gcc/x86_64-linux-gnu/5/../../../../lib] ==> dir [/usr/lib/gcc/x86_64-linux-gnu/5/../../../../lib]
    arg [-L/lib/x86_64-linux-gnu] ==> dir [/lib/x86_64-linux-gnu]
    arg [-L/lib/../lib] ==> dir [/lib/../lib]
    arg [-L/usr/lib/x86_64-linux-gnu] ==> dir [/usr/lib/x86_64-linux-gnu]
    arg [-L/usr/lib/../lib] ==> dir [/usr/lib/../lib]
    arg [-L/usr/lib/gcc/x86_64-linux-gnu/5/../../..] ==> dir [/usr/lib/gcc/x86_64-linux-gnu/5/../../..]
    arg [CMakeFiles/cmTC_e1471.dir/CMakeCXXCompilerABI.cpp.o] ==> ignore
    arg [-lstdc++] ==> lib [stdc++]
    arg [-lm] ==> lib [m]
    arg [-lgcc_s] ==> lib [gcc_s]
    arg [-lgcc] ==> lib [gcc]
    arg [-lc] ==> lib [c]
    arg [-lgcc_s] ==> lib [gcc_s]
    arg [-lgcc] ==> lib [gcc]
    arg [/usr/lib/gcc/x86_64-linux-gnu/5/crtend.o] ==> ignore
    arg [/usr/lib/gcc/x86_64-linux-gnu/5/../../../x86_64-linux-gnu/crtn.o] ==> ignore
  remove lib [gcc_s]
  remove lib [gcc]
  remove lib [gcc_s]
  remove lib [gcc]
  collapse library dir [/usr/lib/gcc/x86_64-linux-gnu/5] ==> [/usr/lib/gcc/x86_64-linux-gnu/5]
  collapse library dir [/usr/lib/gcc/x86_64-linux-gnu/5/../../../x86_64-linux-gnu] ==> [/usr/lib/x86_64-linux-gnu]
  collapse library dir [/usr/lib/gcc/x86_64-linux-gnu/5/../../../../lib] ==> [/usr/lib]
  collapse library dir [/lib/x86_64-linux-gnu] ==> [/lib/x86_64-linux-gnu]
  collapse library dir [/lib/../lib] ==> [/lib]
  collapse library dir [/usr/lib/x86_64-linux-gnu] ==> [/usr/lib/x86_64-linux-gnu]
  collapse library dir [/usr/lib/../lib] ==> [/usr/lib]
  collapse library dir [/usr/lib/gcc/x86_64-linux-gnu/5/../../..] ==> [/usr/lib]
  implicit libs: [stdc++;m;c]
  implicit dirs: [/usr/lib/gcc/x86_64-linux-gnu/5;/usr/lib/x86_64-linux-gnu;/usr/lib;/lib/x86_64-linux-gnu;/lib]
  implicit fwks: []




Detecting CXX [-std=c++14] compiler features compiled with the following output:
Change Dir: /home/sruthi/LLVM/installed/llvm-4.0.0.src/lib/Transforms/CompOptDSL/Opt-FunctionInlining/CMakeFiles/CMakeTmp

Run Build Command:"/usr/bin/make" "cmTC_89a86/fast"
/usr/bin/make -f CMakeFiles/cmTC_89a86.dir/build.make CMakeFiles/cmTC_89a86.dir/build
make[1]: Entering directory '/home/sruthi/LLVM/installed/llvm-4.0.0.src/lib/Transforms/CompOptDSL/Opt-FunctionInlining/CMakeFiles/CMakeTmp'
Building CXX object CMakeFiles/cmTC_89a86.dir/feature_tests.cxx.o
/usr/bin/c++     -std=c++14 -o CMakeFiles/cmTC_89a86.dir/feature_tests.cxx.o -c /home/sruthi/LLVM/installed/llvm-4.0.0.src/lib/Transforms/CompOptDSL/Opt-FunctionInlining/CMakeFiles/feature_tests.cxx
Linking CXX executable cmTC_89a86
/usr/bin/cmake -E cmake_link_script CMakeFiles/cmTC_89a86.dir/link.txt --verbose=1
/usr/bin/c++        CMakeFiles/cmTC_89a86.dir/feature_tests.cxx.o  -o cmTC_89a86 -rdynamic 
make[1]: Leaving directory '/home/sruthi/LLVM/installed/llvm-4.0.0.src/lib/Transforms/CompOptDSL/Opt-FunctionInlining/CMakeFiles/CMakeTmp'


    Feature record: CXX_FEATURE:1cxx_aggregate_default_initializers
    Feature record: CXX_FEATURE:1cxx_alias_templates
    Feature record: CXX_FEATURE:1cxx_alignas
    Feature record: CXX_FEATURE:1cxx_alignof
    Feature record: CXX_FEATURE:1cxx_attributes
    Feature record: CXX_FEATURE:1cxx_attribute_deprecated
    Feature record: CXX_FEATURE:1cxx_auto_type
    Feature record: CXX_FEATURE:1cxx_binary_literals
    Feature record: CXX_FEATURE:1cxx_constexpr
    Feature record: CXX_FEATURE:1cxx_contextual_conversions
    Feature record: CXX_FEATURE:1cxx_decltype
    Feature record: CXX_FEATURE:1cxx_decltype_auto
    Feature record: CXX_FEATURE:1cxx_decltype_incomplete_return_types
    Feature record: CXX_FEATURE:1cxx_default_function_template_args
    Feature record: CXX_FEATURE:1cxx_defaulted_functions
    Feature record: CXX_FEATURE:1cxx_defaulted_move_initializers
    Feature record: CXX_FEATURE:1cxx_delegating_constructors
    Feature record: CXX_FEATURE:1cxx_deleted_functions
    Feature record: CXX_FEATURE:1cxx_digit_separators
    Feature record: CXX_FEATURE:1cxx_enum_forward_declarations
    Feature record: CXX_FEATURE:1cxx_explicit_conversions
    Feature record: CXX_FEATURE:1cxx_extended_friend_declarations
    Feature record: CXX_FEATURE:1cxx_extern_templates
    Feature record: CXX_FEATURE:1cxx_final
    Feature record: CXX_FEATURE:1cxx_func_identifier
    Feature record: CXX_FEATURE:1cxx_generalized_initializers
    Feature record: CXX_FEATURE:1cxx_generic_lambdas
    Feature record: CXX_FEATURE:1cxx_inheriting_constructors
    Feature record: CXX_FEATURE:1cxx_inline_namespaces
    Feature record: CXX_FEATURE:1cxx_lambdas
    Feature record: CXX_FEATURE:1cxx_lambda_init_captures
    Feature record: CXX_FEATURE:1cxx_local_type_template_args
    Feature record: CXX_FEATURE:1cxx_long_long_type
    Feature record: CXX_FEATURE:1cxx_noexcept
    Feature record: CXX_FEATURE:1cxx_nonstatic_member_init
    Feature record: CXX_FEATURE:1cxx_nullptr
    Feature record: CXX_FEATURE:1cxx_override
    Feature record: CXX_FEATURE:1cxx_range_for
    Feature record: CXX_FEATURE:1cxx_raw_string_literals
    Feature record: CXX_FEATURE:1cxx_reference_qualified_functions
    Feature record: CXX_FEATURE:1cxx_relaxed_constexpr
    Feature record: CXX_FEATURE:1cxx_return_type_deduction
    Feature record: CXX_FEATURE:1cxx_right_angle_brackets
    Feature record: CXX_FEATURE:1cxx_rvalue_references
    Feature record: CXX_FEATURE:1cxx_sizeof_member
    Feature record: CXX_FEATURE:1cxx_static_assert
    Feature record: CXX_FEATURE:1cxx_strong_enums
    Feature record: CXX_FEATURE:1cxx_template_template_parameters
    Feature record: CXX_FEATURE:1cxx_thread_local
    Feature record: CXX_FEATURE:1cxx_trailing_return_types
    Feature record: CXX_FEATURE:1cxx_unicode_literals
    Feature record: CXX_FEATURE:1cxx_uniform_initialization
    Feature record: CXX_FEATURE:1cxx_unrestricted_unions
    Feature record: CXX_FEATURE:1cxx_user_literals
    Feature record: CXX_FEATURE:1cxx_variable_templates
    Feature record: CXX_FEATURE:1cxx_variadic_macros
    Feature record: CXX_FEATURE:1cxx_variadic_templates


Detecting CXX [-std=c++11] compiler features compiled with the following output:
Change Dir: /home/sruthi/LLVM/installed/llvm-4.0.0.src/lib/Transforms/CompOptDSL/Opt-FunctionInlining/CMakeFiles/CMakeTmp

Run Build Command:"/usr/bin/make" "cmTC_76d4f/fast"
/usr/bin/make -f CMakeFiles/cmTC_76d4f.dir/build.make CMakeFiles/cmTC_76d4f.dir/build
make[1]: Entering directory '/home/sruthi/LLVM/installed/llvm-4.0.0.src/lib/Transforms/CompOptDSL/Opt-FunctionInlining/CMakeFiles/CMakeTmp'
Building CXX object CMakeFiles/cmTC_76d4f.dir/feature_tests.cxx.o
/usr/bin/c++     -std=c++11 -o CMakeFiles/cmTC_76d4f.dir/feature_tests.cxx.o -c /home/sruthi/LLVM/installed/llvm-4.0.0.src/lib/Transforms/CompOptDSL/Opt-FunctionInlining/CMakeFiles/feature_tests.cxx
Linking CXX executable cmTC_76d4f
/usr/bin/cmake -E cmake_link_script CMakeFiles/cmTC_76d4f.dir/link.txt --verbose=1
/usr/bin/c++        CMakeFiles/cmTC_76d4f.dir/feature_tests.cxx.o  -o cmTC_76d4f -rdynamic 
make[1]: Leaving directory '/home/sruthi/LLVM/installed/llvm-4.0.0.src/lib/Transforms/CompOptDSL/Opt-FunctionInlining/CMakeFiles/CMakeTmp'


    Feature record: CXX_FEATURE:0cxx_aggregate_default_initializers
    Feature record: CXX_FEATURE:1cxx_alias_templates
    Feature record: CXX_FEATURE:1cxx_alignas
    Feature record: CXX_FEATURE:1cxx_alignof
    Feature record: CXX_FEATURE:1cxx_attributes
    Feature record: CXX_FEATURE:0cxx_attribute_deprecated
    Feature record: CXX_FEATURE:1cxx_auto_type
    Feature record: CXX_FEATURE:0cxx_binary_literals
    Feature record: CXX_FEATURE:1cxx_constexpr
    Feature record: CXX_FEATURE:0cxx_contextual_conversions
    Feature record: CXX_FEATURE:1cxx_decltype
    Feature record: CXX_FEATURE:0cxx_decltype_auto
    Feature record: CXX_FEATURE:1cxx_decltype_incomplete_return_types
    Feature record: CXX_FEATURE:1cxx_default_function_template_args
    Feature record: CXX_FEATURE:1cxx_defaulted_functions
    Feature record: CXX_FEATURE:1cxx_defaulted_move_initializers
    Feature record: CXX_FEATURE:1cxx_delegating_constructors
    Feature record: CXX_FEATURE:1cxx_deleted_functions
    Feature record: CXX_FEATURE:0cxx_digit_separators
    Feature record: CXX_FEATURE:1cxx_enum_forward_declarations
    Feature record: CXX_FEATURE:1cxx_explicit_conversions
    Feature record: CXX_FEATURE:1cxx_extended_friend_declarations
    Feature record: CXX_FEATURE:1cxx_extern_templates
    Feature record: CXX_FEATURE:1cxx_final
    Feature record: CXX_FEATURE:1cxx_func_identifier
    Feature record: CXX_FEATURE:1cxx_generalized_initializers
    Feature record: CXX_FEATURE:0cxx_generic_lambdas
    Feature record: CXX_FEATURE:1cxx_inheriting_constructors
    Feature record: CXX_FEATURE:1cxx_inline_namespaces
    Feature record: CXX_FEATURE:1cxx_lambdas
    Feature record: CXX_FEATURE:0cxx_lambda_init_captures
    Feature record: CXX_FEATURE:1cxx_local_type_template_args
    Feature record: CXX_FEATURE:1cxx_long_long_type
    Feature record: CXX_FEATURE:1cxx_noexcept
    Feature record: CXX_FEATURE:1cxx_nonstatic_member_init
    Feature record: CXX_FEATURE:1cxx_nullptr
    Feature record: CXX_FEATURE:1cxx_override
    Feature record: CXX_FEATURE:1cxx_range_for
    Feature record: CXX_FEATURE:1cxx_raw_string_literals
    Feature record: CXX_FEATURE:1cxx_reference_qualified_functions
    Feature record: CXX_FEATURE:0cxx_relaxed_constexpr
    Feature record: CXX_FEATURE:0cxx_return_type_deduction
    Feature record: CXX_FEATURE:1cxx_right_angle_brackets
    Feature record: CXX_FEATURE:1cxx_rvalue_references
    Feature record: CXX_FEATURE:1cxx_sizeof_member
    Feature record: CXX_FEATURE:1cxx_static_assert
    Feature record: CXX_FEATURE:1cxx_strong_enums
    Feature record: CXX_FEATURE:1cxx_template_template_parameters
    Feature record: CXX_FEATURE:1cxx_thread_local
    Feature record: CXX_FEATURE:1cxx_trailing_return_types
    Feature record: CXX_FEATURE:1cxx_unicode_literals
    Feature record: CXX_FEATURE:1cxx_uniform_initialization
    Feature record: CXX_FEATURE:1cxx_unrestricted_unions
    Feature record: CXX_FEATURE:1cxx_user_literals
    Feature record: CXX_FEATURE:0cxx_variable_templates
    Feature record: CXX_FEATURE:1cxx_variadic_macros
    Feature record: CXX_FEATURE:1cxx_variadic_templates


Detecting CXX [-std=c++98] compiler features compiled with the following output:
Change Dir: /home/sruthi/LLVM/installed/llvm-4.0.0.src/lib/Transforms/CompOptDSL/Opt-FunctionInlining/CMakeFiles/CMakeTmp

Run Build Command:"/usr/bin/make" "cmTC_bfb4b/fast"
/usr/bin/make -f CMakeFiles/cmTC_bfb4b.dir/build.make CMakeFiles/cmTC_bfb4b.dir/build
make[1]: Entering directory '/home/sruthi/LLVM/installed/llvm-4.0.0.src/lib/Transforms/CompOptDSL/Opt-FunctionInlining/CMakeFiles/CMakeTmp'
Building CXX object CMakeFiles/cmTC_bfb4b.dir/feature_tests.cxx.o
/usr/bin/c++     -std=c++98 -o CMakeFiles/cmTC_bfb4b.dir/feature_tests.cxx.o -c /home/sruthi/LLVM/installed/llvm-4.0.0.src/lib/Transforms/CompOptDSL/Opt-FunctionInlining/CMakeFiles/feature_tests.cxx
Linking CXX executable cmTC_bfb4b
/usr/bin/cmake -E cmake_link_script CMakeFiles/cmTC_bfb4b.dir/link.txt --verbose=1
/usr/bin/c++        CMakeFiles/cmTC_bfb4b.dir/feature_tests.cxx.o  -o cmTC_bfb4b -rdynamic 
make[1]: Leaving directory '/home/sruthi/LLVM/installed/llvm-4.0.0.src/lib/Transforms/CompOptDSL/Opt-FunctionInlining/CMakeFiles/CMakeTmp'


    Feature record: CXX_FEATURE:0cxx_aggregate_default_initializers
    Feature record: CXX_FEATURE:0cxx_alias_templates
    Feature record: CXX_FEATURE:0cxx_alignas
    Feature record: CXX_FEATURE:0cxx_alignof
    Feature record: CXX_FEATURE:0cxx_attributes
    Feature record: CXX_FEATURE:0cxx_attribute_deprecated
    Feature record: CXX_FEATURE:0cxx_auto_type
    Feature record: CXX_FEATURE:0cxx_binary_literals
    Feature record: CXX_FEATURE:0cxx_constexpr
    Feature record: CXX_FEATURE:0cxx_contextual_conversions
    Feature record: CXX_FEATURE:0cxx_decltype
    Feature record: CXX_FEATURE:0cxx_decltype_auto
    Feature record: CXX_FEATURE:0cxx_decltype_incomplete_return_types
    Feature record: CXX_FEATURE:0cxx_default_function_template_args
    Feature record: CXX_FEATURE:0cxx_defaulted_functions
    Feature record: CXX_FEATURE:0cxx_defaulted_move_initializers
    Feature record: CXX_FEATURE:0cxx_delegating_constructors
    Feature record: CXX_FEATURE:0cxx_deleted_functions
    Feature record: CXX_FEATURE:0cxx_digit_separators
    Feature record: CXX_FEATURE:0cxx_enum_forward_declarations
    Feature record: CXX_FEATURE:0cxx_explicit_conversions
    Feature record: CXX_FEATURE:0cxx_extended_friend_declarations
    Feature record: CXX_FEATURE:0cxx_extern_templates
    Feature record: CXX_FEATURE:0cxx_final
    Feature record: CXX_FEATURE:0cxx_func_identifier
    Feature record: CXX_FEATURE:0cxx_generalized_initializers
    Feature record: CXX_FEATURE:0cxx_generic_lambdas
    Feature record: CXX_FEATURE:0cxx_inheriting_constructors
    Feature record: CXX_FEATURE:0cxx_inline_namespaces
    Feature record: CXX_FEATURE:0cxx_lambdas
    Feature record: CXX_FEATURE:0cxx_lambda_init_captures
    Feature record: CXX_FEATURE:0cxx_local_type_template_args
    Feature record: CXX_FEATURE:0cxx_long_long_type
    Feature record: CXX_FEATURE:0cxx_noexcept
    Feature record: CXX_FEATURE:0cxx_nonstatic_member_init
    Feature record: CXX_FEATURE:0cxx_nullptr
    Feature record: CXX_FEATURE:0cxx_override
    Feature record: CXX_FEATURE:0cxx_range_for
    Feature record: CXX_FEATURE:0cxx_raw_string_literals
    Feature record: CXX_FEATURE:0cxx_reference_qualified_functions
    Feature record: CXX_FEATURE:0cxx_relaxed_constexpr
    Feature record: CXX_FEATURE:0cxx_return_type_deduction
    Feature record: CXX_FEATURE:0cxx_right_angle_brackets
    Feature record: CXX_FEATURE:0cxx_rvalue_references
    Feature record: CXX_FEATURE:0cxx_sizeof_member
    Feature record: CXX_FEATURE:0cxx_static_assert
    Feature record: CXX_FEATURE:0cxx_strong_enums
    Feature record: CXX_FEATURE:1cxx_template_template_parameters
    Feature record: CXX_FEATURE:0cxx_thread_local
    Feature record: CXX_FEATURE:0cxx_trailing_return_types
    Feature record: CXX_FEATURE:0cxx_unicode_literals
    Feature record: CXX_FEATURE:0cxx_uniform_initialization
    Feature record: CXX_FEATURE:0cxx_unrestricted_unions
    Feature record: CXX_FEATURE:0cxx_user_literals
    Feature record: CXX_FEATURE:0cxx_variable_templates
    Feature record: CXX_FEATURE:0cxx_variadic_macros
    Feature record: CXX_FEATURE:0cxx_variadic_templates
Performing C++ SOURCE FILE Test SUPPORTS_FVISIBILITY_INLINES_HIDDEN_FLAG succeded with the following output:
Change Dir: /home/sruthi/LLVM/installed/llvm-4.0.0.src/lib/Transforms/CompOptDSL/Opt-FunctionInlining/CMakeFiles/CMakeTmp

Run Build Command:"/usr/bin/make" "cmTC_9c8b8/fast"
/usr/bin/make -f CMakeFiles/cmTC_9c8b8.dir/build.make CMakeFiles/cmTC_9c8b8.dir/build
make[1]: Entering directory '/home/sruthi/LLVM/installed/llvm-4.0.0.src/lib/Transforms/CompOptDSL/Opt-FunctionInlining/CMakeFiles/CMakeTmp'
Building CXX object CMakeFiles/cmTC_9c8b8.dir/src.cxx.o
/usr/bin/c++     -DSUPPORTS_FVISIBILITY_INLINES_HIDDEN_FLAG   -fvisibility-inlines-hidden -o CMakeFiles/cmTC_9c8b8.dir/src.cxx.o -c /home/sruthi/LLVM/installed/llvm-4.0.0.src/lib/Transforms/CompOptDSL/Opt-FunctionInlining/CMakeFiles/CMakeTmp/src.cxx
Linking CXX executable cmTC_9c8b8
/usr/bin/cmake -E cmake_link_script CMakeFiles/cmTC_9c8b8.dir/link.txt --verbose=1
/usr/bin/c++    -DSUPPORTS_FVISIBILITY_INLINES_HIDDEN_FLAG    CMakeFiles/cmTC_9c8b8.dir/src.cxx.o  -o cmTC_9c8b8 -rdynamic 
make[1]: Leaving directory '/home/sruthi/LLVM/installed/llvm-4.0.0.src/lib/Transforms/CompOptDSL/Opt-FunctionInlining/CMakeFiles/CMakeTmp'

Source file was:
int main() { return 0; }
Performing C SOURCE FILE Test C_SUPPORTS_WERROR_DATE_TIME succeded with the following output:
Change Dir: /home/sruthi/LLVM/installed/llvm-4.0.0.src/lib/Transforms/CompOptDSL/Opt-FunctionInlining/CMakeFiles/CMakeTmp

Run Build Command:"/usr/bin/make" "cmTC_3a193/fast"
/usr/bin/make -f CMakeFiles/cmTC_3a193.dir/build.make CMakeFiles/cmTC_3a193.dir/build
make[1]: Entering directory '/home/sruthi/LLVM/installed/llvm-4.0.0.src/lib/Transforms/CompOptDSL/Opt-FunctionInlining/CMakeFiles/CMakeTmp'
Building C object CMakeFiles/cmTC_3a193.dir/src.c.o
/usr/bin/cc    -DC_SUPPORTS_WERROR_DATE_TIME   -Werror -Werror=date-time -o CMakeFiles/cmTC_3a193.dir/src.c.o   -c /home/sruthi/LLVM/installed/llvm-4.0.0.src/lib/Transforms/CompOptDSL/Opt-FunctionInlining/CMakeFiles/CMakeTmp/src.c
Linking C executable cmTC_3a193
/usr/bin/cmake -E cmake_link_script CMakeFiles/cmTC_3a193.dir/link.txt --verbose=1
/usr/bin/cc   -DC_SUPPORTS_WERROR_DATE_TIME    CMakeFiles/cmTC_3a193.dir/src.c.o  -o cmTC_3a193 -rdynamic 
make[1]: Leaving directory '/home/sruthi/LLVM/installed/llvm-4.0.0.src/lib/Transforms/CompOptDSL/Opt-FunctionInlining/CMakeFiles/CMakeTmp'

Source file was:
int main(void) { return 0; }
Performing C++ SOURCE FILE Test CXX_SUPPORTS_WERROR_DATE_TIME succeded with the following output:
Change Dir: /home/sruthi/LLVM/installed/llvm-4.0.0.src/lib/Transforms/CompOptDSL/Opt-FunctionInlining/CMakeFiles/CMakeTmp

Run Build Command:"/usr/bin/make" "cmTC_0369e/fast"
/usr/bin/make -f CMakeFiles/cmTC_0369e.dir/build.make CMakeFiles/cmTC_0369e.dir/build
make[1]: Entering directory '/home/sruthi/LLVM/installed/llvm-4.0.0.src/lib/Transforms/CompOptDSL/Opt-FunctionInlining/CMakeFiles/CMakeTmp'
Building CXX object CMakeFiles/cmTC_0369e.dir/src.cxx.o
/usr/bin/c++     -fvisibility-inlines-hidden -DCXX_SUPPORTS_WERROR_DATE_TIME   -Werror -Werror=date-time -o CMakeFiles/cmTC_0369e.dir/src.cxx.o -c /home/sruthi/LLVM/installed/llvm-4.0.0.src/lib/Transforms/CompOptDSL/Opt-FunctionInlining/CMakeFiles/CMakeTmp/src.cxx
Linking CXX executable cmTC_0369e
/usr/bin/cmake -E cmake_link_script CMakeFiles/cmTC_0369e.dir/link.txt --verbose=1
/usr/bin/c++    -fvisibility-inlines-hidden -DCXX_SUPPORTS_WERROR_DATE_TIME    CMakeFiles/cmTC_0369e.dir/src.cxx.o  -o cmTC_0369e -rdynamic 
make[1]: Leaving directory '/home/sruthi/LLVM/installed/llvm-4.0.0.src/lib/Transforms/CompOptDSL/Opt-FunctionInlining/CMakeFiles/CMakeTmp'

Source file was:
int main() { return 0; }
Performing C++ SOURCE FILE Test CXX_SUPPORTS_CXX11 succeded with the following output:
Change Dir: /home/sruthi/LLVM/installed/llvm-4.0.0.src/lib/Transforms/CompOptDSL/Opt-FunctionInlining/CMakeFiles/CMakeTmp

Run Build Command:"/usr/bin/make" "cmTC_e3aa1/fast"
/usr/bin/make -f CMakeFiles/cmTC_e3aa1.dir/build.make CMakeFiles/cmTC_e3aa1.dir/build
make[1]: Entering directory '/home/sruthi/LLVM/installed/llvm-4.0.0.src/lib/Transforms/CompOptDSL/Opt-FunctionInlining/CMakeFiles/CMakeTmp'
Building CXX object CMakeFiles/cmTC_e3aa1.dir/src.cxx.o
/usr/bin/c++     -fvisibility-inlines-hidden -Werror=date-time -DCXX_SUPPORTS_CXX11   -std=c++11 -o CMakeFiles/cmTC_e3aa1.dir/src.cxx.o -c /home/sruthi/LLVM/installed/llvm-4.0.0.src/lib/Transforms/CompOptDSL/Opt-FunctionInlining/CMakeFiles/CMakeTmp/src.cxx
Linking CXX executable cmTC_e3aa1
/usr/bin/cmake -E cmake_link_script CMakeFiles/cmTC_e3aa1.dir/link.txt --verbose=1
/usr/bin/c++    -fvisibility-inlines-hidden -Werror=date-time -DCXX_SUPPORTS_CXX11    CMakeFiles/cmTC_e3aa1.dir/src.cxx.o  -o cmTC_e3aa1 -rdynamic 
make[1]: Leaving directory '/home/sruthi/LLVM/installed/llvm-4.0.0.src/lib/Transforms/CompOptDSL/Opt-FunctionInlining/CMakeFiles/CMakeTmp'

Source file was:
int main() { return 0; }
Performing C SOURCE FILE Test C_SUPPORTS_FNO_FUNCTION_SECTIONS succeded with the following output:
Change Dir: /home/sruthi/LLVM/installed/llvm-4.0.0.src/lib/Transforms/CompOptDSL/Opt-FunctionInlining/CMakeFiles/CMakeTmp

Run Build Command:"/usr/bin/make" "cmTC_151cc/fast"
/usr/bin/make -f CMakeFiles/cmTC_151cc.dir/build.make CMakeFiles/cmTC_151cc.dir/build
make[1]: Entering directory '/home/sruthi/LLVM/installed/llvm-4.0.0.src/lib/Transforms/CompOptDSL/Opt-FunctionInlining/CMakeFiles/CMakeTmp'
Building C object CMakeFiles/cmTC_151cc.dir/src.c.o
/usr/bin/cc    -Werror=date-time -DC_SUPPORTS_FNO_FUNCTION_SECTIONS   -Werror -fno-function-sections -o CMakeFiles/cmTC_151cc.dir/src.c.o   -c /home/sruthi/LLVM/installed/llvm-4.0.0.src/lib/Transforms/CompOptDSL/Opt-FunctionInlining/CMakeFiles/CMakeTmp/src.c
Linking C executable cmTC_151cc
/usr/bin/cmake -E cmake_link_script CMakeFiles/cmTC_151cc.dir/link.txt --verbose=1
/usr/bin/cc   -Werror=date-time -DC_SUPPORTS_FNO_FUNCTION_SECTIONS    CMakeFiles/cmTC_151cc.dir/src.c.o  -o cmTC_151cc -rdynamic 
make[1]: Leaving directory '/home/sruthi/LLVM/installed/llvm-4.0.0.src/lib/Transforms/CompOptDSL/Opt-FunctionInlining/CMakeFiles/CMakeTmp'

Source file was:
int main(void) { return 0; }
Performing C SOURCE FILE Test C_SUPPORTS_FFUNCTION_SECTIONS succeded with the following output:
Change Dir: /home/sruthi/LLVM/installed/llvm-4.0.0.src/lib/Transforms/CompOptDSL/Opt-FunctionInlining/CMakeFiles/CMakeTmp

Run Build Command:"/usr/bin/make" "cmTC_d69aa/fast"
/usr/bin/make -f CMakeFiles/cmTC_d69aa.dir/build.make CMakeFiles/cmTC_d69aa.dir/build
make[1]: Entering directory '/home/sruthi/LLVM/installed/llvm-4.0.0.src/lib/Transforms/CompOptDSL/Opt-FunctionInlining/CMakeFiles/CMakeTmp'
Building C object CMakeFiles/cmTC_d69aa.dir/src.c.o
/usr/bin/cc    -Werror=date-time -DC_SUPPORTS_FFUNCTION_SECTIONS   -Werror -ffunction-sections -o CMakeFiles/cmTC_d69aa.dir/src.c.o   -c /home/sruthi/LLVM/installed/llvm-4.0.0.src/lib/Transforms/CompOptDSL/Opt-FunctionInlining/CMakeFiles/CMakeTmp/src.c
Linking C executable cmTC_d69aa
/usr/bin/cmake -E cmake_link_script CMakeFiles/cmTC_d69aa.dir/link.txt --verbose=1
/usr/bin/cc   -Werror=date-time -DC_SUPPORTS_FFUNCTION_SECTIONS    CMakeFiles/cmTC_d69aa.dir/src.c.o  -o cmTC_d69aa -rdynamic 
make[1]: Leaving directory '/home/sruthi/LLVM/installed/llvm-4.0.0.src/lib/Transforms/CompOptDSL/Opt-FunctionInlining/CMakeFiles/CMakeTmp'

Source file was:
int main(void) { return 0; }
Performing C++ SOURCE FILE Test CXX_SUPPORTS_FFUNCTION_SECTIONS succeded with the following output:
Change Dir: /home/sruthi/LLVM/installed/llvm-4.0.0.src/lib/Transforms/CompOptDSL/Opt-FunctionInlining/CMakeFiles/CMakeTmp

Run Build Command:"/usr/bin/make" "cmTC_7e813/fast"
/usr/bin/make -f CMakeFiles/cmTC_7e813.dir/build.make CMakeFiles/cmTC_7e813.dir/build
make[1]: Entering directory '/home/sruthi/LLVM/installed/llvm-4.0.0.src/lib/Transforms/CompOptDSL/Opt-FunctionInlining/CMakeFiles/CMakeTmp'
Building CXX object CMakeFiles/cmTC_7e813.dir/src.cxx.o
/usr/bin/c++     -fvisibility-inlines-hidden -Werror=date-time -std=c++11 -DCXX_SUPPORTS_FFUNCTION_SECTIONS   -Werror -ffunction-sections -o CMakeFiles/cmTC_7e813.dir/src.cxx.o -c /home/sruthi/LLVM/installed/llvm-4.0.0.src/lib/Transforms/CompOptDSL/Opt-FunctionInlining/CMakeFiles/CMakeTmp/src.cxx
Linking CXX executable cmTC_7e813
/usr/bin/cmake -E cmake_link_script CMakeFiles/cmTC_7e813.dir/link.txt --verbose=1
/usr/bin/c++    -fvisibility-inlines-hidden -Werror=date-time -std=c++11 -DCXX_SUPPORTS_FFUNCTION_SECTIONS    CMakeFiles/cmTC_7e813.dir/src.cxx.o  -o cmTC_7e813 -rdynamic 
make[1]: Leaving directory '/home/sruthi/LLVM/installed/llvm-4.0.0.src/lib/Transforms/CompOptDSL/Opt-FunctionInlining/CMakeFiles/CMakeTmp'

Source file was:
int main() { return 0; }
Performing C SOURCE FILE Test C_SUPPORTS_FDATA_SECTIONS succeded with the following output:
Change Dir: /home/sruthi/LLVM/installed/llvm-4.0.0.src/lib/Transforms/CompOptDSL/Opt-FunctionInlining/CMakeFiles/CMakeTmp

Run Build Command:"/usr/bin/make" "cmTC_d6edd/fast"
/usr/bin/make -f CMakeFiles/cmTC_d6edd.dir/build.make CMakeFiles/cmTC_d6edd.dir/build
make[1]: Entering directory '/home/sruthi/LLVM/installed/llvm-4.0.0.src/lib/Transforms/CompOptDSL/Opt-FunctionInlining/CMakeFiles/CMakeTmp'
Building C object CMakeFiles/cmTC_d6edd.dir/src.c.o
/usr/bin/cc    -Werror=date-time -ffunction-sections -DC_SUPPORTS_FDATA_SECTIONS   -Werror -fdata-sections -o CMakeFiles/cmTC_d6edd.dir/src.c.o   -c /home/sruthi/LLVM/installed/llvm-4.0.0.src/lib/Transforms/CompOptDSL/Opt-FunctionInlining/CMakeFiles/CMakeTmp/src.c
Linking C executable cmTC_d6edd
/usr/bin/cmake -E cmake_link_script CMakeFiles/cmTC_d6edd.dir/link.txt --verbose=1
/usr/bin/cc   -Werror=date-time -ffunction-sections -DC_SUPPORTS_FDATA_SECTIONS    CMakeFiles/cmTC_d6edd.dir/src.c.o  -o cmTC_d6edd -rdynamic 
make[1]: Leaving directory '/home/sruthi/LLVM/installed/llvm-4.0.0.src/lib/Transforms/CompOptDSL/Opt-FunctionInlining/CMakeFiles/CMakeTmp'

Source file was:
int main(void) { return 0; }
Performing C++ SOURCE FILE Test CXX_SUPPORTS_FDATA_SECTIONS succeded with the following output:
Change Dir: /home/sruthi/LLVM/installed/llvm-4.0.0.src/lib/Transforms/CompOptDSL/Opt-FunctionInlining/CMakeFiles/CMakeTmp

Run Build Command:"/usr/bin/make" "cmTC_5e665/fast"
/usr/bin/make -f CMakeFiles/cmTC_5e665.dir/build.make CMakeFiles/cmTC_5e665.dir/build
make[1]: Entering directory '/home/sruthi/LLVM/installed/llvm-4.0.0.src/lib/Transforms/CompOptDSL/Opt-FunctionInlining/CMakeFiles/CMakeTmp'
Building CXX object CMakeFiles/cmTC_5e665.dir/src.cxx.o
/usr/bin/c++     -fvisibility-inlines-hidden -Werror=date-time -std=c++11 -ffunction-sections -DCXX_SUPPORTS_FDATA_SECTIONS   -Werror -fdata-sections -o CMakeFiles/cmTC_5e665.dir/src.cxx.o -c /home/sruthi/LLVM/installed/llvm-4.0.0.src/lib/Transforms/CompOptDSL/Opt-FunctionInlining/CMakeFiles/CMakeTmp/src.cxx
Linking CXX executable cmTC_5e665
/usr/bin/cmake -E cmake_link_script CMakeFiles/cmTC_5e665.dir/link.txt --verbose=1
/usr/bin/c++    -fvisibility-inlines-hidden -Werror=date-time -std=c++11 -ffunction-sections -DCXX_SUPPORTS_FDATA_SECTIONS    CMakeFiles/cmTC_5e665.dir/src.cxx.o  -o cmTC_5e665 -rdynamic 
make[1]: Leaving directory '/home/sruthi/LLVM/installed/llvm-4.0.0.src/lib/Transforms/CompOptDSL/Opt-FunctionInlining/CMakeFiles/CMakeTmp'

Source file was:
int main() { return 0; }
Performing C++ SOURCE FILE Test SUPPORTS_FVISIBILITY_INLINES_HIDDEN_FLAG succeded with the following output:
Change Dir: /home/sruthi/LLVM/installed/llvm-4.0.0.src/lib/Transforms/CompOptDSL/Opt-FunctionInlining/CMakeFiles/CMakeTmp

Run Build Command:"/usr/bin/make" "cmTC_bf823/fast"
make[1]: Entering directory '/home/sruthi/LLVM/installed/llvm-4.0.0.src/lib/Transforms/CompOptDSL/Opt-FunctionInlining/CMakeFiles/CMakeTmp'
/usr/bin/make -f CMakeFiles/cmTC_bf823.dir/build.make CMakeFiles/cmTC_bf823.dir/build
make[2]: Entering directory '/home/sruthi/LLVM/installed/llvm-4.0.0.src/lib/Transforms/CompOptDSL/Opt-FunctionInlining/CMakeFiles/CMakeTmp'
Building CXX object CMakeFiles/cmTC_bf823.dir/src.cxx.o
/usr/bin/c++     -DSUPPORTS_FVISIBILITY_INLINES_HIDDEN_FLAG   -fvisibility-inlines-hidden -o CMakeFiles/cmTC_bf823.dir/src.cxx.o -c /home/sruthi/LLVM/installed/llvm-4.0.0.src/lib/Transforms/CompOptDSL/Opt-FunctionInlining/CMakeFiles/CMakeTmp/src.cxx
Linking CXX executable cmTC_bf823
/usr/bin/cmake -E cmake_link_script CMakeFiles/cmTC_bf823.dir/link.txt --verbose=1
/usr/bin/c++    -DSUPPORTS_FVISIBILITY_INLINES_HIDDEN_FLAG    CMakeFiles/cmTC_bf823.dir/src.cxx.o  -o cmTC_bf823 -rdynamic 
make[2]: Leaving directory '/home/sruthi/LLVM/installed/llvm-4.0.0.src/lib/Transforms/CompOptDSL/Opt-FunctionInlining/CMakeFiles/CMakeTmp'
make[1]: Leaving directory '/home/sruthi/LLVM/installed/llvm-4.0.0.src/lib/Transforms/CompOptDSL/Opt-FunctionInlining/CMakeFiles/CMakeTmp'

Source file was:
int main() { return 0; }
Performing C SOURCE FILE Test C_SUPPORTS_WERROR_DATE_TIME succeded with the following output:
Change Dir: /home/sruthi/LLVM/installed/llvm-4.0.0.src/lib/Transforms/CompOptDSL/Opt-FunctionInlining/CMakeFiles/CMakeTmp

Run Build Command:"/usr/bin/make" "cmTC_28c40/fast"
make[1]: Entering directory '/home/sruthi/LLVM/installed/llvm-4.0.0.src/lib/Transforms/CompOptDSL/Opt-FunctionInlining/CMakeFiles/CMakeTmp'
/usr/bin/make -f CMakeFiles/cmTC_28c40.dir/build.make CMakeFiles/cmTC_28c40.dir/build
make[2]: Entering directory '/home/sruthi/LLVM/installed/llvm-4.0.0.src/lib/Transforms/CompOptDSL/Opt-FunctionInlining/CMakeFiles/CMakeTmp'
Building C object CMakeFiles/cmTC_28c40.dir/src.c.o
/usr/bin/cc    -DC_SUPPORTS_WERROR_DATE_TIME   -Werror -Werror=date-time -o CMakeFiles/cmTC_28c40.dir/src.c.o   -c /home/sruthi/LLVM/installed/llvm-4.0.0.src/lib/Transforms/CompOptDSL/Opt-FunctionInlining/CMakeFiles/CMakeTmp/src.c
Linking C executable cmTC_28c40
/usr/bin/cmake -E cmake_link_script CMakeFiles/cmTC_28c40.dir/link.txt --verbose=1
/usr/bin/cc   -DC_SUPPORTS_WERROR_DATE_TIME    CMakeFiles/cmTC_28c40.dir/src.c.o  -o cmTC_28c40 -rdynamic 
make[2]: Leaving directory '/home/sruthi/LLVM/installed/llvm-4.0.0.src/lib/Transforms/CompOptDSL/Opt-FunctionInlining/CMakeFiles/CMakeTmp'
make[1]: Leaving directory '/home/sruthi/LLVM/installed/llvm-4.0.0.src/lib/Transforms/CompOptDSL/Opt-FunctionInlining/CMakeFiles/CMakeTmp'

Source file was:
int main(void) { return 0; }
Performing C++ SOURCE FILE Test CXX_SUPPORTS_WERROR_DATE_TIME succeded with the following output:
Change Dir: /home/sruthi/LLVM/installed/llvm-4.0.0.src/lib/Transforms/CompOptDSL/Opt-FunctionInlining/CMakeFiles/CMakeTmp

Run Build Command:"/usr/bin/make" "cmTC_e18c4/fast"
make[1]: Entering directory '/home/sruthi/LLVM/installed/llvm-4.0.0.src/lib/Transforms/CompOptDSL/Opt-FunctionInlining/CMakeFiles/CMakeTmp'
/usr/bin/make -f CMakeFiles/cmTC_e18c4.dir/build.make CMakeFiles/cmTC_e18c4.dir/build
make[2]: Entering directory '/home/sruthi/LLVM/installed/llvm-4.0.0.src/lib/Transforms/CompOptDSL/Opt-FunctionInlining/CMakeFiles/CMakeTmp'
Building CXX object CMakeFiles/cmTC_e18c4.dir/src.cxx.o
/usr/bin/c++     -fvisibility-inlines-hidden -DCXX_SUPPORTS_WERROR_DATE_TIME   -Werror -Werror=date-time -o CMakeFiles/cmTC_e18c4.dir/src.cxx.o -c /home/sruthi/LLVM/installed/llvm-4.0.0.src/lib/Transforms/CompOptDSL/Opt-FunctionInlining/CMakeFiles/CMakeTmp/src.cxx
Linking CXX executable cmTC_e18c4
/usr/bin/cmake -E cmake_link_script CMakeFiles/cmTC_e18c4.dir/link.txt --verbose=1
/usr/bin/c++    -fvisibility-inlines-hidden -DCXX_SUPPORTS_WERROR_DATE_TIME    CMakeFiles/cmTC_e18c4.dir/src.cxx.o  -o cmTC_e18c4 -rdynamic 
make[2]: Leaving directory '/home/sruthi/LLVM/installed/llvm-4.0.0.src/lib/Transforms/CompOptDSL/Opt-FunctionInlining/CMakeFiles/CMakeTmp'
make[1]: Leaving directory '/home/sruthi/LLVM/installed/llvm-4.0.0.src/lib/Transforms/CompOptDSL/Opt-FunctionInlining/CMakeFiles/CMakeTmp'

Source file was:
int main() { return 0; }
Performing C++ SOURCE FILE Test CXX_SUPPORTS_CXX11 succeded with the following output:
Change Dir: /home/sruthi/LLVM/installed/llvm-4.0.0.src/lib/Transforms/CompOptDSL/Opt-FunctionInlining/CMakeFiles/CMakeTmp

Run Build Command:"/usr/bin/make" "cmTC_82b48/fast"
make[1]: Entering directory '/home/sruthi/LLVM/installed/llvm-4.0.0.src/lib/Transforms/CompOptDSL/Opt-FunctionInlining/CMakeFiles/CMakeTmp'
/usr/bin/make -f CMakeFiles/cmTC_82b48.dir/build.make CMakeFiles/cmTC_82b48.dir/build
make[2]: Entering directory '/home/sruthi/LLVM/installed/llvm-4.0.0.src/lib/Transforms/CompOptDSL/Opt-FunctionInlining/CMakeFiles/CMakeTmp'
Building CXX object CMakeFiles/cmTC_82b48.dir/src.cxx.o
/usr/bin/c++     -fvisibility-inlines-hidden -Werror=date-time -DCXX_SUPPORTS_CXX11   -std=c++11 -o CMakeFiles/cmTC_82b48.dir/src.cxx.o -c /home/sruthi/LLVM/installed/llvm-4.0.0.src/lib/Transforms/CompOptDSL/Opt-FunctionInlining/CMakeFiles/CMakeTmp/src.cxx
Linking CXX executable cmTC_82b48
/usr/bin/cmake -E cmake_link_script CMakeFiles/cmTC_82b48.dir/link.txt --verbose=1
/usr/bin/c++    -fvisibility-inlines-hidden -Werror=date-time -DCXX_SUPPORTS_CXX11    CMakeFiles/cmTC_82b48.dir/src.cxx.o  -o cmTC_82b48 -rdynamic 
make[2]: Leaving directory '/home/sruthi/LLVM/installed/llvm-4.0.0.src/lib/Transforms/CompOptDSL/Opt-FunctionInlining/CMakeFiles/CMakeTmp'
make[1]: Leaving directory '/home/sruthi/LLVM/installed/llvm-4.0.0.src/lib/Transforms/CompOptDSL/Opt-FunctionInlining/CMakeFiles/CMakeTmp'

Source file was:
int main() { return 0; }
Performing C SOURCE FILE Test C_SUPPORTS_FNO_FUNCTION_SECTIONS succeded with the following output:
Change Dir: /home/sruthi/LLVM/installed/llvm-4.0.0.src/lib/Transforms/CompOptDSL/Opt-FunctionInlining/CMakeFiles/CMakeTmp

Run Build Command:"/usr/bin/make" "cmTC_71b35/fast"
make[1]: Entering directory '/home/sruthi/LLVM/installed/llvm-4.0.0.src/lib/Transforms/CompOptDSL/Opt-FunctionInlining/CMakeFiles/CMakeTmp'
/usr/bin/make -f CMakeFiles/cmTC_71b35.dir/build.make CMakeFiles/cmTC_71b35.dir/build
make[2]: Entering directory '/home/sruthi/LLVM/installed/llvm-4.0.0.src/lib/Transforms/CompOptDSL/Opt-FunctionInlining/CMakeFiles/CMakeTmp'
Building C object CMakeFiles/cmTC_71b35.dir/src.c.o
/usr/bin/cc    -Werror=date-time -DC_SUPPORTS_FNO_FUNCTION_SECTIONS   -Werror -fno-function-sections -o CMakeFiles/cmTC_71b35.dir/src.c.o   -c /home/sruthi/LLVM/installed/llvm-4.0.0.src/lib/Transforms/CompOptDSL/Opt-FunctionInlining/CMakeFiles/CMakeTmp/src.c
Linking C executable cmTC_71b35
/usr/bin/cmake -E cmake_link_script CMakeFiles/cmTC_71b35.dir/link.txt --verbose=1
/usr/bin/cc   -Werror=date-time -DC_SUPPORTS_FNO_FUNCTION_SECTIONS    CMakeFiles/cmTC_71b35.dir/src.c.o  -o cmTC_71b35 -rdynamic 
make[2]: Leaving directory '/home/sruthi/LLVM/installed/llvm-4.0.0.src/lib/Transforms/CompOptDSL/Opt-FunctionInlining/CMakeFiles/CMakeTmp'
make[1]: Leaving directory '/home/sruthi/LLVM/installed/llvm-4.0.0.src/lib/Transforms/CompOptDSL/Opt-FunctionInlining/CMakeFiles/CMakeTmp'

Source file was:
int main(void) { return 0; }
Performing C SOURCE FILE Test C_SUPPORTS_FFUNCTION_SECTIONS succeded with the following output:
Change Dir: /home/sruthi/LLVM/installed/llvm-4.0.0.src/lib/Transforms/CompOptDSL/Opt-FunctionInlining/CMakeFiles/CMakeTmp

Run Build Command:"/usr/bin/make" "cmTC_67165/fast"
make[1]: Entering directory '/home/sruthi/LLVM/installed/llvm-4.0.0.src/lib/Transforms/CompOptDSL/Opt-FunctionInlining/CMakeFiles/CMakeTmp'
/usr/bin/make -f CMakeFiles/cmTC_67165.dir/build.make CMakeFiles/cmTC_67165.dir/build
make[2]: Entering directory '/home/sruthi/LLVM/installed/llvm-4.0.0.src/lib/Transforms/CompOptDSL/Opt-FunctionInlining/CMakeFiles/CMakeTmp'
Building C object CMakeFiles/cmTC_67165.dir/src.c.o
/usr/bin/cc    -Werror=date-time -DC_SUPPORTS_FFUNCTION_SECTIONS   -Werror -ffunction-sections -o CMakeFiles/cmTC_67165.dir/src.c.o   -c /home/sruthi/LLVM/installed/llvm-4.0.0.src/lib/Transforms/CompOptDSL/Opt-FunctionInlining/CMakeFiles/CMakeTmp/src.c
Linking C executable cmTC_67165
/usr/bin/cmake -E cmake_link_script CMakeFiles/cmTC_67165.dir/link.txt --verbose=1
/usr/bin/cc   -Werror=date-time -DC_SUPPORTS_FFUNCTION_SECTIONS    CMakeFiles/cmTC_67165.dir/src.c.o  -o cmTC_67165 -rdynamic 
make[2]: Leaving directory '/home/sruthi/LLVM/installed/llvm-4.0.0.src/lib/Transforms/CompOptDSL/Opt-FunctionInlining/CMakeFiles/CMakeTmp'
make[1]: Leaving directory '/home/sruthi/LLVM/installed/llvm-4.0.0.src/lib/Transforms/CompOptDSL/Opt-FunctionInlining/CMakeFiles/CMakeTmp'

Source file was:
int main(void) { return 0; }
Performing C++ SOURCE FILE Test CXX_SUPPORTS_FFUNCTION_SECTIONS succeded with the following output:
Change Dir: /home/sruthi/LLVM/installed/llvm-4.0.0.src/lib/Transforms/CompOptDSL/Opt-FunctionInlining/CMakeFiles/CMakeTmp

Run Build Command:"/usr/bin/make" "cmTC_cc279/fast"
make[1]: Entering directory '/home/sruthi/LLVM/installed/llvm-4.0.0.src/lib/Transforms/CompOptDSL/Opt-FunctionInlining/CMakeFiles/CMakeTmp'
/usr/bin/make -f CMakeFiles/cmTC_cc279.dir/build.make CMakeFiles/cmTC_cc279.dir/build
make[2]: Entering directory '/home/sruthi/LLVM/installed/llvm-4.0.0.src/lib/Transforms/CompOptDSL/Opt-FunctionInlining/CMakeFiles/CMakeTmp'
Building CXX object CMakeFiles/cmTC_cc279.dir/src.cxx.o
/usr/bin/c++     -fvisibility-inlines-hidden -Werror=date-time -std=c++11 -DCXX_SUPPORTS_FFUNCTION_SECTIONS   -Werror -ffunction-sections -o CMakeFiles/cmTC_cc279.dir/src.cxx.o -c /home/sruthi/LLVM/installed/llvm-4.0.0.src/lib/Transforms/CompOptDSL/Opt-FunctionInlining/CMakeFiles/CMakeTmp/src.cxx
Linking CXX executable cmTC_cc279
/usr/bin/cmake -E cmake_link_script CMakeFiles/cmTC_cc279.dir/link.txt --verbose=1
/usr/bin/c++    -fvisibility-inlines-hidden -Werror=date-time -std=c++11 -DCXX_SUPPORTS_FFUNCTION_SECTIONS    CMakeFiles/cmTC_cc279.dir/src.cxx.o  -o cmTC_cc279 -rdynamic 
make[2]: Leaving directory '/home/sruthi/LLVM/installed/llvm-4.0.0.src/lib/Transforms/CompOptDSL/Opt-FunctionInlining/CMakeFiles/CMakeTmp'
make[1]: Leaving directory '/home/sruthi/LLVM/installed/llvm-4.0.0.src/lib/Transforms/CompOptDSL/Opt-FunctionInlining/CMakeFiles/CMakeTmp'

Source file was:
int main() { return 0; }
Performing C SOURCE FILE Test C_SUPPORTS_FDATA_SECTIONS succeded with the following output:
Change Dir: /home/sruthi/LLVM/installed/llvm-4.0.0.src/lib/Transforms/CompOptDSL/Opt-FunctionInlining/CMakeFiles/CMakeTmp

Run Build Command:"/usr/bin/make" "cmTC_41ad7/fast"
make[1]: Entering directory '/home/sruthi/LLVM/installed/llvm-4.0.0.src/lib/Transforms/CompOptDSL/Opt-FunctionInlining/CMakeFiles/CMakeTmp'
/usr/bin/make -f CMakeFiles/cmTC_41ad7.dir/build.make CMakeFiles/cmTC_41ad7.dir/build
make[2]: Entering directory '/home/sruthi/LLVM/installed/llvm-4.0.0.src/lib/Transforms/CompOptDSL/Opt-FunctionInlining/CMakeFiles/CMakeTmp'
Building C object CMakeFiles/cmTC_41ad7.dir/src.c.o
/usr/bin/cc    -Werror=date-time -ffunction-sections -DC_SUPPORTS_FDATA_SECTIONS   -Werror -fdata-sections -o CMakeFiles/cmTC_41ad7.dir/src.c.o   -c /home/sruthi/LLVM/installed/llvm-4.0.0.src/lib/Transforms/CompOptDSL/Opt-FunctionInlining/CMakeFiles/CMakeTmp/src.c
Linking C executable cmTC_41ad7
/usr/bin/cmake -E cmake_link_script CMakeFiles/cmTC_41ad7.dir/link.txt --verbose=1
/usr/bin/cc   -Werror=date-time -ffunction-sections -DC_SUPPORTS_FDATA_SECTIONS    CMakeFiles/cmTC_41ad7.dir/src.c.o  -o cmTC_41ad7 -rdynamic 
make[2]: Leaving directory '/home/sruthi/LLVM/installed/llvm-4.0.0.src/lib/Transforms/CompOptDSL/Opt-FunctionInlining/CMakeFiles/CMakeTmp'
make[1]: Leaving directory '/home/sruthi/LLVM/installed/llvm-4.0.0.src/lib/Transforms/CompOptDSL/Opt-FunctionInlining/CMakeFiles/CMakeTmp'

Source file was:
int main(void) { return 0; }
Performing C++ SOURCE FILE Test CXX_SUPPORTS_FDATA_SECTIONS succeded with the following output:
Change Dir: /home/sruthi/LLVM/installed/llvm-4.0.0.src/lib/Transforms/CompOptDSL/Opt-FunctionInlining/CMakeFiles/CMakeTmp

Run Build Command:"/usr/bin/make" "cmTC_ca826/fast"
make[1]: Entering directory '/home/sruthi/LLVM/installed/llvm-4.0.0.src/lib/Transforms/CompOptDSL/Opt-FunctionInlining/CMakeFiles/CMakeTmp'
/usr/bin/make -f CMakeFiles/cmTC_ca826.dir/build.make CMakeFiles/cmTC_ca826.dir/build
make[2]: Entering directory '/home/sruthi/LLVM/installed/llvm-4.0.0.src/lib/Transforms/CompOptDSL/Opt-FunctionInlining/CMakeFiles/CMakeTmp'
Building CXX object CMakeFiles/cmTC_ca826.dir/src.cxx.o
/usr/bin/c++     -fvisibility-inlines-hidden -Werror=date-time -std=c++11 -ffunction-sections -DCXX_SUPPORTS_FDATA_SECTIONS   -Werror -fdata-sections -o CMakeFiles/cmTC_ca826.dir/src.cxx.o -c /home/sruthi/LLVM/installed/llvm-4.0.0.src/lib/Transforms/CompOptDSL/Opt-FunctionInlining/CMakeFiles/CMakeTmp/src.cxx
Linking CXX executable cmTC_ca826
/usr/bin/cmake -E cmake_link_script CMakeFiles/cmTC_ca826.dir/link.txt --verbose=1
/usr/bin/c++    -fvisibility-inlines-hidden -Werror=date-time -std=c++11 -ffunction-sections -DCXX_SUPPORTS_FDATA_SECTIONS    CMakeFiles/cmTC_ca826.dir/src.cxx.o  -o cmTC_ca826 -rdynamic 
make[2]: Leaving directory '/home/sruthi/LLVM/installed/llvm-4.0.0.src/lib/Transforms/CompOptDSL/Opt-FunctionInlining/CMakeFiles/CMakeTmp'
make[1]: Leaving directory '/home/sruthi/LLVM/installed/llvm-4.0.0.src/lib/Transforms/CompOptDSL/Opt-FunctionInlining/CMakeFiles/CMakeTmp'

Source file was:
int main() { return 0; }
Performing C++ SOURCE FILE Test SUPPORTS_FVISIBILITY_INLINES_HIDDEN_FLAG succeded with the following output:
Change Dir: /home/sruthi/LLVM/installed/llvm-4.0.0.src/lib/Transforms/CompOptDSL/Opt-FunctionInlining/CMakeFiles/CMakeTmp

Run Build Command:"/usr/bin/make" "cmTC_3f7d9/fast"
/usr/bin/make -f CMakeFiles/cmTC_3f7d9.dir/build.make CMakeFiles/cmTC_3f7d9.dir/build
make[1]: Entering directory '/home/sruthi/LLVM/installed/llvm-4.0.0.src/lib/Transforms/CompOptDSL/Opt-FunctionInlining/CMakeFiles/CMakeTmp'
Building CXX object CMakeFiles/cmTC_3f7d9.dir/src.cxx.o
/usr/bin/c++     -DSUPPORTS_FVISIBILITY_INLINES_HIDDEN_FLAG   -fvisibility-inlines-hidden -o CMakeFiles/cmTC_3f7d9.dir/src.cxx.o -c /home/sruthi/LLVM/installed/llvm-4.0.0.src/lib/Transforms/CompOptDSL/Opt-FunctionInlining/CMakeFiles/CMakeTmp/src.cxx
Linking CXX executable cmTC_3f7d9
/usr/bin/cmake -E cmake_link_script CMakeFiles/cmTC_3f7d9.dir/link.txt --verbose=1
/usr/bin/c++    -DSUPPORTS_FVISIBILITY_INLINES_HIDDEN_FLAG    CMakeFiles/cmTC_3f7d9.dir/src.cxx.o  -o cmTC_3f7d9 -rdynamic 
make[1]: Leaving directory '/home/sruthi/LLVM/installed/llvm-4.0.0.src/lib/Transforms/CompOptDSL/Opt-FunctionInlining/CMakeFiles/CMakeTmp'

Source file was:
int main() { return 0; }
Performing C SOURCE FILE Test C_SUPPORTS_WERROR_DATE_TIME succeded with the following output:
Change Dir: /home/sruthi/LLVM/installed/llvm-4.0.0.src/lib/Transforms/CompOptDSL/Opt-FunctionInlining/CMakeFiles/CMakeTmp

Run Build Command:"/usr/bin/make" "cmTC_c9b28/fast"
/usr/bin/make -f CMakeFiles/cmTC_c9b28.dir/build.make CMakeFiles/cmTC_c9b28.dir/build
make[1]: Entering directory '/home/sruthi/LLVM/installed/llvm-4.0.0.src/lib/Transforms/CompOptDSL/Opt-FunctionInlining/CMakeFiles/CMakeTmp'
Building C object CMakeFiles/cmTC_c9b28.dir/src.c.o
/usr/bin/cc    -DC_SUPPORTS_WERROR_DATE_TIME   -Werror -Werror=date-time -o CMakeFiles/cmTC_c9b28.dir/src.c.o   -c /home/sruthi/LLVM/installed/llvm-4.0.0.src/lib/Transforms/CompOptDSL/Opt-FunctionInlining/CMakeFiles/CMakeTmp/src.c
Linking C executable cmTC_c9b28
/usr/bin/cmake -E cmake_link_script CMakeFiles/cmTC_c9b28.dir/link.txt --verbose=1
/usr/bin/cc   -DC_SUPPORTS_WERROR_DATE_TIME    CMakeFiles/cmTC_c9b28.dir/src.c.o  -o cmTC_c9b28 -rdynamic 
make[1]: Leaving directory '/home/sruthi/LLVM/installed/llvm-4.0.0.src/lib/Transforms/CompOptDSL/Opt-FunctionInlining/CMakeFiles/CMakeTmp'

Source file was:
int main(void) { return 0; }
Performing C++ SOURCE FILE Test CXX_SUPPORTS_WERROR_DATE_TIME succeded with the following output:
Change Dir: /home/sruthi/LLVM/installed/llvm-4.0.0.src/lib/Transforms/CompOptDSL/Opt-FunctionInlining/CMakeFiles/CMakeTmp

Run Build Command:"/usr/bin/make" "cmTC_bba01/fast"
/usr/bin/make -f CMakeFiles/cmTC_bba01.dir/build.make CMakeFiles/cmTC_bba01.dir/build
make[1]: Entering directory '/home/sruthi/LLVM/installed/llvm-4.0.0.src/lib/Transforms/CompOptDSL/Opt-FunctionInlining/CMakeFiles/CMakeTmp'
Building CXX object CMakeFiles/cmTC_bba01.dir/src.cxx.o
/usr/bin/c++     -fvisibility-inlines-hidden -DCXX_SUPPORTS_WERROR_DATE_TIME   -Werror -Werror=date-time -o CMakeFiles/cmTC_bba01.dir/src.cxx.o -c /home/sruthi/LLVM/installed/llvm-4.0.0.src/lib/Transforms/CompOptDSL/Opt-FunctionInlining/CMakeFiles/CMakeTmp/src.cxx
Linking CXX executable cmTC_bba01
/usr/bin/cmake -E cmake_link_script CMakeFiles/cmTC_bba01.dir/link.txt --verbose=1
/usr/bin/c++    -fvisibility-inlines-hidden -DCXX_SUPPORTS_WERROR_DATE_TIME    CMakeFiles/cmTC_bba01.dir/src.cxx.o  -o cmTC_bba01 -rdynamic 
make[1]: Leaving directory '/home/sruthi/LLVM/installed/llvm-4.0.0.src/lib/Transforms/CompOptDSL/Opt-FunctionInlining/CMakeFiles/CMakeTmp'

Source file was:
int main() { return 0; }
Performing C++ SOURCE FILE Test CXX_SUPPORTS_CXX11 succeded with the following output:
Change Dir: /home/sruthi/LLVM/installed/llvm-4.0.0.src/lib/Transforms/CompOptDSL/Opt-FunctionInlining/CMakeFiles/CMakeTmp

Run Build Command:"/usr/bin/make" "cmTC_05401/fast"
/usr/bin/make -f CMakeFiles/cmTC_05401.dir/build.make CMakeFiles/cmTC_05401.dir/build
make[1]: Entering directory '/home/sruthi/LLVM/installed/llvm-4.0.0.src/lib/Transforms/CompOptDSL/Opt-FunctionInlining/CMakeFiles/CMakeTmp'
Building CXX object CMakeFiles/cmTC_05401.dir/src.cxx.o
/usr/bin/c++     -fvisibility-inlines-hidden -Werror=date-time -DCXX_SUPPORTS_CXX11   -std=c++11 -o CMakeFiles/cmTC_05401.dir/src.cxx.o -c /home/sruthi/LLVM/installed/llvm-4.0.0.src/lib/Transforms/CompOptDSL/Opt-FunctionInlining/CMakeFiles/CMakeTmp/src.cxx
Linking CXX executable cmTC_05401
/usr/bin/cmake -E cmake_link_script CMakeFiles/cmTC_05401.dir/link.txt --verbose=1
/usr/bin/c++    -fvisibility-inlines-hidden -Werror=date-time -DCXX_SUPPORTS_CXX11    CMakeFiles/cmTC_05401.dir/src.cxx.o  -o cmTC_05401 -rdynamic 
make[1]: Leaving directory '/home/sruthi/LLVM/installed/llvm-4.0.0.src/lib/Transforms/CompOptDSL/Opt-FunctionInlining/CMakeFiles/CMakeTmp'

Source file was:
int main() { return 0; }
Performing C SOURCE FILE Test C_SUPPORTS_FNO_FUNCTION_SECTIONS succeded with the following output:
Change Dir: /home/sruthi/LLVM/installed/llvm-4.0.0.src/lib/Transforms/CompOptDSL/Opt-FunctionInlining/CMakeFiles/CMakeTmp

Run Build Command:"/usr/bin/make" "cmTC_93348/fast"
/usr/bin/make -f CMakeFiles/cmTC_93348.dir/build.make CMakeFiles/cmTC_93348.dir/build
make[1]: Entering directory '/home/sruthi/LLVM/installed/llvm-4.0.0.src/lib/Transforms/CompOptDSL/Opt-FunctionInlining/CMakeFiles/CMakeTmp'
Building C object CMakeFiles/cmTC_93348.dir/src.c.o
/usr/bin/cc    -Werror=date-time -DC_SUPPORTS_FNO_FUNCTION_SECTIONS   -Werror -fno-function-sections -o CMakeFiles/cmTC_93348.dir/src.c.o   -c /home/sruthi/LLVM/installed/llvm-4.0.0.src/lib/Transforms/CompOptDSL/Opt-FunctionInlining/CMakeFiles/CMakeTmp/src.c
Linking C executable cmTC_93348
/usr/bin/cmake -E cmake_link_script CMakeFiles/cmTC_93348.dir/link.txt --verbose=1
/usr/bin/cc   -Werror=date-time -DC_SUPPORTS_FNO_FUNCTION_SECTIONS    CMakeFiles/cmTC_93348.dir/src.c.o  -o cmTC_93348 -rdynamic 
make[1]: Leaving directory '/home/sruthi/LLVM/installed/llvm-4.0.0.src/lib/Transforms/CompOptDSL/Opt-FunctionInlining/CMakeFiles/CMakeTmp'

Source file was:
int main(void) { return 0; }
Performing C SOURCE FILE Test C_SUPPORTS_FFUNCTION_SECTIONS succeded with the following output:
Change Dir: /home/sruthi/LLVM/installed/llvm-4.0.0.src/lib/Transforms/CompOptDSL/Opt-FunctionInlining/CMakeFiles/CMakeTmp

Run Build Command:"/usr/bin/make" "cmTC_75190/fast"
/usr/bin/make -f CMakeFiles/cmTC_75190.dir/build.make CMakeFiles/cmTC_75190.dir/build
make[1]: Entering directory '/home/sruthi/LLVM/installed/llvm-4.0.0.src/lib/Transforms/CompOptDSL/Opt-FunctionInlining/CMakeFiles/CMakeTmp'
Building C object CMakeFiles/cmTC_75190.dir/src.c.o
/usr/bin/cc    -Werror=date-time -DC_SUPPORTS_FFUNCTION_SECTIONS   -Werror -ffunction-sections -o CMakeFiles/cmTC_75190.dir/src.c.o   -c /home/sruthi/LLVM/installed/llvm-4.0.0.src/lib/Transforms/CompOptDSL/Opt-FunctionInlining/CMakeFiles/CMakeTmp/src.c
Linking C executable cmTC_75190
/usr/bin/cmake -E cmake_link_script CMakeFiles/cmTC_75190.dir/link.txt --verbose=1
/usr/bin/cc   -Werror=date-time -DC_SUPPORTS_FFUNCTION_SECTIONS    CMakeFiles/cmTC_75190.dir/src.c.o  -o cmTC_75190 -rdynamic 
make[1]: Leaving directory '/home/sruthi/LLVM/installed/llvm-4.0.0.src/lib/Transforms/CompOptDSL/Opt-FunctionInlining/CMakeFiles/CMakeTmp'

Source file was:
int main(void) { return 0; }
Performing C++ SOURCE FILE Test CXX_SUPPORTS_FFUNCTION_SECTIONS succeded with the following output:
Change Dir: /home/sruthi/LLVM/installed/llvm-4.0.0.src/lib/Transforms/CompOptDSL/Opt-FunctionInlining/CMakeFiles/CMakeTmp

Run Build Command:"/usr/bin/make" "cmTC_815cb/fast"
/usr/bin/make -f CMakeFiles/cmTC_815cb.dir/build.make CMakeFiles/cmTC_815cb.dir/build
make[1]: Entering directory '/home/sruthi/LLVM/installed/llvm-4.0.0.src/lib/Transforms/CompOptDSL/Opt-FunctionInlining/CMakeFiles/CMakeTmp'
Building CXX object CMakeFiles/cmTC_815cb.dir/src.cxx.o
/usr/bin/c++     -fvisibility-inlines-hidden -Werror=date-time -std=c++11 -DCXX_SUPPORTS_FFUNCTION_SECTIONS   -Werror -ffunction-sections -o CMakeFiles/cmTC_815cb.dir/src.cxx.o -c /home/sruthi/LLVM/installed/llvm-4.0.0.src/lib/Transforms/CompOptDSL/Opt-FunctionInlining/CMakeFiles/CMakeTmp/src.cxx
Linking CXX executable cmTC_815cb
/usr/bin/cmake -E cmake_link_script CMakeFiles/cmTC_815cb.dir/link.txt --verbose=1
/usr/bin/c++    -fvisibility-inlines-hidden -Werror=date-time -std=c++11 -DCXX_SUPPORTS_FFUNCTION_SECTIONS    CMakeFiles/cmTC_815cb.dir/src.cxx.o  -o cmTC_815cb -rdynamic 
make[1]: Leaving directory '/home/sruthi/LLVM/installed/llvm-4.0.0.src/lib/Transforms/CompOptDSL/Opt-FunctionInlining/CMakeFiles/CMakeTmp'

Source file was:
int main() { return 0; }
Performing C SOURCE FILE Test C_SUPPORTS_FDATA_SECTIONS succeded with the following output:
Change Dir: /home/sruthi/LLVM/installed/llvm-4.0.0.src/lib/Transforms/CompOptDSL/Opt-FunctionInlining/CMakeFiles/CMakeTmp

Run Build Command:"/usr/bin/make" "cmTC_42314/fast"
/usr/bin/make -f CMakeFiles/cmTC_42314.dir/build.make CMakeFiles/cmTC_42314.dir/build
make[1]: Entering directory '/home/sruthi/LLVM/installed/llvm-4.0.0.src/lib/Transforms/CompOptDSL/Opt-FunctionInlining/CMakeFiles/CMakeTmp'
Building C object CMakeFiles/cmTC_42314.dir/src.c.o
/usr/bin/cc    -Werror=date-time -ffunction-sections -DC_SUPPORTS_FDATA_SECTIONS   -Werror -fdata-sections -o CMakeFiles/cmTC_42314.dir/src.c.o   -c /home/sruthi/LLVM/installed/llvm-4.0.0.src/lib/Transforms/CompOptDSL/Opt-FunctionInlining/CMakeFiles/CMakeTmp/src.c
Linking C executable cmTC_42314
/usr/bin/cmake -E cmake_link_script CMakeFiles/cmTC_42314.dir/link.txt --verbose=1
/usr/bin/cc   -Werror=date-time -ffunction-sections -DC_SUPPORTS_FDATA_SECTIONS    CMakeFiles/cmTC_42314.dir/src.c.o  -o cmTC_42314 -rdynamic 
make[1]: Leaving directory '/home/sruthi/LLVM/installed/llvm-4.0.0.src/lib/Transforms/CompOptDSL/Opt-FunctionInlining/CMakeFiles/CMakeTmp'

Source file was:
int main(void) { return 0; }
Performing C++ SOURCE FILE Test CXX_SUPPORTS_FDATA_SECTIONS succeded with the following output:
Change Dir: /home/sruthi/LLVM/installed/llvm-4.0.0.src/lib/Transforms/CompOptDSL/Opt-FunctionInlining/CMakeFiles/CMakeTmp

Run Build Command:"/usr/bin/make" "cmTC_72787/fast"
/usr/bin/make -f CMakeFiles/cmTC_72787.dir/build.make CMakeFiles/cmTC_72787.dir/build
make[1]: Entering directory '/home/sruthi/LLVM/installed/llvm-4.0.0.src/lib/Transforms/CompOptDSL/Opt-FunctionInlining/CMakeFiles/CMakeTmp'
Building CXX object CMakeFiles/cmTC_72787.dir/src.cxx.o
/usr/bin/c++     -fvisibility-inlines-hidden -Werror=date-time -std=c++11 -ffunction-sections -DCXX_SUPPORTS_FDATA_SECTIONS   -Werror -fdata-sections -o CMakeFiles/cmTC_72787.dir/src.cxx.o -c /home/sruthi/LLVM/installed/llvm-4.0.0.src/lib/Transforms/CompOptDSL/Opt-FunctionInlining/CMakeFiles/CMakeTmp/src.cxx
Linking CXX executable cmTC_72787
/usr/bin/cmake -E cmake_link_script CMakeFiles/cmTC_72787.dir/link.txt --verbose=1
/usr/bin/c++    -fvisibility-inlines-hidden -Werror=date-time -std=c++11 -ffunction-sections -DCXX_SUPPORTS_FDATA_SECTIONS    CMakeFiles/cmTC_72787.dir/src.cxx.o  -o cmTC_72787 -rdynamic 
make[1]: Leaving directory '/home/sruthi/LLVM/installed/llvm-4.0.0.src/lib/Transforms/CompOptDSL/Opt-FunctionInlining/CMakeFiles/CMakeTmp'

Source file was:
int main() { return 0; }
