The system is: Linux - 4.4.0-83-generic - x86_64
Compiling the C compiler identification source file "CMakeCCompilerId.c" succeeded.
Compiler: /usr/bin/cc 
Build flags: 
Id flags: 

The output was:
0


Compilation of the C compiler identification source "CMakeCCompilerId.c" produced "a.out"

The C compiler identification is GNU, found in "/home/sruthi/LLVM/installed/llvm-4.0.0.src/lib/Transforms/ReachingDefns/CMakeFiles/3.4.3/CompilerIdC/a.out"

Compiling the CXX compiler identification source file "CMakeCXXCompilerId.cpp" succeeded.
Compiler: /usr/bin/c++ 
Build flags: 
Id flags: 

The output was:
0


Compilation of the CXX compiler identification source "CMakeCXXCompilerId.cpp" produced "a.out"

The CXX compiler identification is GNU, found in "/home/sruthi/LLVM/installed/llvm-4.0.0.src/lib/Transforms/ReachingDefns/CMakeFiles/3.4.3/CompilerIdCXX/a.out"

Determining if the C compiler works passed with the following output:
Change Dir: /home/sruthi/LLVM/installed/llvm-4.0.0.src/lib/Transforms/ReachingDefns/CMakeFiles/CMakeTmp

Run Build Command:"/usr/bin/make" "cmTC_0d137/fast"
/usr/bin/make -f CMakeFiles/cmTC_0d137.dir/build.make CMakeFiles/cmTC_0d137.dir/build
make[1]: Entering directory '/home/sruthi/LLVM/installed/llvm-4.0.0.src/lib/Transforms/ReachingDefns/CMakeFiles/CMakeTmp'
Building C object CMakeFiles/cmTC_0d137.dir/testCCompiler.c.o
/usr/bin/cc     -o CMakeFiles/cmTC_0d137.dir/testCCompiler.c.o   -c /home/sruthi/LLVM/installed/llvm-4.0.0.src/lib/Transforms/ReachingDefns/CMakeFiles/CMakeTmp/testCCompiler.c
Linking C executable cmTC_0d137
/usr/bin/cmake -E cmake_link_script CMakeFiles/cmTC_0d137.dir/link.txt --verbose=1
/usr/bin/cc       CMakeFiles/cmTC_0d137.dir/testCCompiler.c.o  -o cmTC_0d137 -rdynamic 
make[1]: Leaving directory '/home/sruthi/LLVM/installed/llvm-4.0.0.src/lib/Transforms/ReachingDefns/CMakeFiles/CMakeTmp'


Detecting C compiler ABI info compiled with the following output:
Change Dir: /home/sruthi/LLVM/installed/llvm-4.0.0.src/lib/Transforms/ReachingDefns/CMakeFiles/CMakeTmp

Run Build Command:"/usr/bin/make" "cmTC_cf33a/fast"
/usr/bin/make -f CMakeFiles/cmTC_cf33a.dir/build.make CMakeFiles/cmTC_cf33a.dir/build
make[1]: Entering directory '/home/sruthi/LLVM/installed/llvm-4.0.0.src/lib/Transforms/ReachingDefns/CMakeFiles/CMakeTmp'
Building C object CMakeFiles/cmTC_cf33a.dir/CMakeCCompilerABI.c.o
/usr/bin/cc     -o CMakeFiles/cmTC_cf33a.dir/CMakeCCompilerABI.c.o   -c /usr/share/cmake-3.4/Modules/CMakeCCompilerABI.c
Linking C executable cmTC_cf33a
/usr/bin/cmake -E cmake_link_script CMakeFiles/cmTC_cf33a.dir/link.txt --verbose=1
/usr/bin/cc      -v CMakeFiles/cmTC_cf33a.dir/CMakeCCompilerABI.c.o  -o cmTC_cf33a -rdynamic  
Using built-in specs.
COLLECT_GCC=/usr/bin/cc
COLLECT_LTO_WRAPPER=/usr/lib/gcc/x86_64-linux-gnu/5/lto-wrapper
Target: x86_64-linux-gnu
Configured with: ../src/configure -v --with-pkgversion='Ubuntu 5.4.0-6ubuntu1~16.04.4' --with-bugurl=file:///usr/share/doc/gcc-5/README.Bugs --enable-languages=c,ada,c++,java,go,d,fortran,objc,obj-c++ --prefix=/usr --program-suffix=-5 --enable-shared --enable-linker-build-id --libexecdir=/usr/lib --without-included-gettext --enable-threads=posix --libdir=/usr/lib --enable-nls --with-sysroot=/ --enable-clocale=gnu --enable-libstdcxx-debug --enable-libstdcxx-time=yes --with-default-libstdcxx-abi=new --enable-gnu-unique-object --disable-vtable-verify --enable-libmpx --enable-plugin --with-system-zlib --disable-browser-plugin --enable-java-awt=gtk --enable-gtk-cairo --with-java-home=/usr/lib/jvm/java-1.5.0-gcj-5-amd64/jre --enable-java-home --with-jvm-root-dir=/usr/lib/jvm/java-1.5.0-gcj-5-amd64 --with-jvm-jar-dir=/usr/lib/jvm-exports/java-1.5.0-gcj-5-amd64 --with-arch-directory=amd64 --with-ecj-jar=/usr/share/java/eclipse-ecj.jar --enable-objc-gc --enable-multiarch --disable-werror --with-arch-32=i686 --with-abi=m64 --with-multilib-list=m32,m64,mx32 --enable-multilib --with-tune=generic --enable-checking=release --build=x86_64-linux-gnu --host=x86_64-linux-gnu --target=x86_64-linux-gnu
Thread model: posix
gcc version 5.4.0 20160609 (Ubuntu 5.4.0-6ubuntu1~16.04.4) 
COMPILER_PATH=/usr/lib/gcc/x86_64-linux-gnu/5/:/usr/lib/gcc/x86_64-linux-gnu/5/:/usr/lib/gcc/x86_64-linux-gnu/:/usr/lib/gcc/x86_64-linux-gnu/5/:/usr/lib/gcc/x86_64-linux-gnu/
LIBRARY_PATH=/usr/lib/gcc/x86_64-linux-gnu/5/:/usr/lib/gcc/x86_64-linux-gnu/5/../../../x86_64-linux-gnu/:/usr/lib/gcc/x86_64-linux-gnu/5/../../../../lib/:/lib/x86_64-linux-gnu/:/lib/../lib/:/usr/lib/x86_64-linux-gnu/:/usr/lib/../lib/:/usr/lib/gcc/x86_64-linux-gnu/5/../../../:/lib/:/usr/lib/
COLLECT_GCC_OPTIONS='-v' '-o' 'cmTC_cf33a' '-rdynamic' '-mtune=generic' '-march=x86-64'
 /usr/lib/gcc/x86_64-linux-gnu/5/collect2 -plugin /usr/lib/gcc/x86_64-linux-gnu/5/liblto_plugin.so -plugin-opt=/usr/lib/gcc/x86_64-linux-gnu/5/lto-wrapper -plugin-opt=-fresolution=/tmp/ccQVU2ky.res -plugin-opt=-pass-through=-lgcc -plugin-opt=-pass-through=-lgcc_s -plugin-opt=-pass-through=-lc -plugin-opt=-pass-through=-lgcc -plugin-opt=-pass-through=-lgcc_s --sysroot=/ --build-id --eh-frame-hdr -m elf_x86_64 --hash-style=gnu --as-needed -export-dynamic -dynamic-linker /lib64/ld-linux-x86-64.so.2 -z relro -o cmTC_cf33a /usr/lib/gcc/x86_64-linux-gnu/5/../../../x86_64-linux-gnu/crt1.o /usr/lib/gcc/x86_64-linux-gnu/5/../../../x86_64-linux-gnu/crti.o /usr/lib/gcc/x86_64-linux-gnu/5/crtbegin.o -L/usr/lib/gcc/x86_64-linux-gnu/5 -L/usr/lib/gcc/x86_64-linux-gnu/5/../../../x86_64-linux-gnu -L/usr/lib/gcc/x86_64-linux-gnu/5/../../../../lib -L/lib/x86_64-linux-gnu -L/lib/../lib -L/usr/lib/x86_64-linux-gnu -L/usr/lib/../lib -L/usr/lib/gcc/x86_64-linux-gnu/5/../../.. CMakeFiles/cmTC_cf33a.dir/CMakeCCompilerABI.c.o -lgcc --as-needed -lgcc_s --no-as-needed -lc -lgcc --as-needed -lgcc_s --no-as-needed /usr/lib/gcc/x86_64-linux-gnu/5/crtend.o /usr/lib/gcc/x86_64-linux-gnu/5/../../../x86_64-linux-gnu/crtn.o
make[1]: Leaving directory '/home/sruthi/LLVM/installed/llvm-4.0.0.src/lib/Transforms/ReachingDefns/CMakeFiles/CMakeTmp'


Parsed C implicit link information from above output:
  link line regex: [^( *|.*[/\])(ld|([^/\]+-)?ld|collect2)[^/\]*( |$)]
  ignore line: [Change Dir: /home/sruthi/LLVM/installed/llvm-4.0.0.src/lib/Transforms/ReachingDefns/CMakeFiles/CMakeTmp]
  ignore line: []
  ignore line: [Run Build Command:"/usr/bin/make" "cmTC_cf33a/fast"]
  ignore line: [/usr/bin/make -f CMakeFiles/cmTC_cf33a.dir/build.make CMakeFiles/cmTC_cf33a.dir/build]
  ignore line: [make[1]: Entering directory '/home/sruthi/LLVM/installed/llvm-4.0.0.src/lib/Transforms/ReachingDefns/CMakeFiles/CMakeTmp']
  ignore line: [Building C object CMakeFiles/cmTC_cf33a.dir/CMakeCCompilerABI.c.o]
  ignore line: [/usr/bin/cc     -o CMakeFiles/cmTC_cf33a.dir/CMakeCCompilerABI.c.o   -c /usr/share/cmake-3.4/Modules/CMakeCCompilerABI.c]
  ignore line: [Linking C executable cmTC_cf33a]
  ignore line: [/usr/bin/cmake -E cmake_link_script CMakeFiles/cmTC_cf33a.dir/link.txt --verbose=1]
  ignore line: [/usr/bin/cc      -v CMakeFiles/cmTC_cf33a.dir/CMakeCCompilerABI.c.o  -o cmTC_cf33a -rdynamic  ]
  ignore line: [Using built-in specs.]
  ignore line: [COLLECT_GCC=/usr/bin/cc]
  ignore line: [COLLECT_LTO_WRAPPER=/usr/lib/gcc/x86_64-linux-gnu/5/lto-wrapper]
  ignore line: [Target: x86_64-linux-gnu]
  ignore line: [Configured with: ../src/configure -v --with-pkgversion='Ubuntu 5.4.0-6ubuntu1~16.04.4' --with-bugurl=file:///usr/share/doc/gcc-5/README.Bugs --enable-languages=c,ada,c++,java,go,d,fortran,objc,obj-c++ --prefix=/usr --program-suffix=-5 --enable-shared --enable-linker-build-id --libexecdir=/usr/lib --without-included-gettext --enable-threads=posix --libdir=/usr/lib --enable-nls --with-sysroot=/ --enable-clocale=gnu --enable-libstdcxx-debug --enable-libstdcxx-time=yes --with-default-libstdcxx-abi=new --enable-gnu-unique-object --disable-vtable-verify --enable-libmpx --enable-plugin --with-system-zlib --disable-browser-plugin --enable-java-awt=gtk --enable-gtk-cairo --with-java-home=/usr/lib/jvm/java-1.5.0-gcj-5-amd64/jre --enable-java-home --with-jvm-root-dir=/usr/lib/jvm/java-1.5.0-gcj-5-amd64 --with-jvm-jar-dir=/usr/lib/jvm-exports/java-1.5.0-gcj-5-amd64 --with-arch-directory=amd64 --with-ecj-jar=/usr/share/java/eclipse-ecj.jar --enable-objc-gc --enable-multiarch --disable-werror --with-arch-32=i686 --with-abi=m64 --with-multilib-list=m32,m64,mx32 --enable-multilib --with-tune=generic --enable-checking=release --build=x86_64-linux-gnu --host=x86_64-linux-gnu --target=x86_64-linux-gnu]
  ignore line: [Thread model: posix]
  ignore line: [gcc version 5.4.0 20160609 (Ubuntu 5.4.0-6ubuntu1~16.04.4) ]
  ignore line: [COMPILER_PATH=/usr/lib/gcc/x86_64-linux-gnu/5/:/usr/lib/gcc/x86_64-linux-gnu/5/:/usr/lib/gcc/x86_64-linux-gnu/:/usr/lib/gcc/x86_64-linux-gnu/5/:/usr/lib/gcc/x86_64-linux-gnu/]
  ignore line: [LIBRARY_PATH=/usr/lib/gcc/x86_64-linux-gnu/5/:/usr/lib/gcc/x86_64-linux-gnu/5/../../../x86_64-linux-gnu/:/usr/lib/gcc/x86_64-linux-gnu/5/../../../../lib/:/lib/x86_64-linux-gnu/:/lib/../lib/:/usr/lib/x86_64-linux-gnu/:/usr/lib/../lib/:/usr/lib/gcc/x86_64-linux-gnu/5/../../../:/lib/:/usr/lib/]
  ignore line: [COLLECT_GCC_OPTIONS='-v' '-o' 'cmTC_cf33a' '-rdynamic' '-mtune=generic' '-march=x86-64']
  link line: [ /usr/lib/gcc/x86_64-linux-gnu/5/collect2 -plugin /usr/lib/gcc/x86_64-linux-gnu/5/liblto_plugin.so -plugin-opt=/usr/lib/gcc/x86_64-linux-gnu/5/lto-wrapper -plugin-opt=-fresolution=/tmp/ccQVU2ky.res -plugin-opt=-pass-through=-lgcc -plugin-opt=-pass-through=-lgcc_s -plugin-opt=-pass-through=-lc -plugin-opt=-pass-through=-lgcc -plugin-opt=-pass-through=-lgcc_s --sysroot=/ --build-id --eh-frame-hdr -m elf_x86_64 --hash-style=gnu --as-needed -export-dynamic -dynamic-linker /lib64/ld-linux-x86-64.so.2 -z relro -o cmTC_cf33a /usr/lib/gcc/x86_64-linux-gnu/5/../../../x86_64-linux-gnu/crt1.o /usr/lib/gcc/x86_64-linux-gnu/5/../../../x86_64-linux-gnu/crti.o /usr/lib/gcc/x86_64-linux-gnu/5/crtbegin.o -L/usr/lib/gcc/x86_64-linux-gnu/5 -L/usr/lib/gcc/x86_64-linux-gnu/5/../../../x86_64-linux-gnu -L/usr/lib/gcc/x86_64-linux-gnu/5/../../../../lib -L/lib/x86_64-linux-gnu -L/lib/../lib -L/usr/lib/x86_64-linux-gnu -L/usr/lib/../lib -L/usr/lib/gcc/x86_64-linux-gnu/5/../../.. CMakeFiles/cmTC_cf33a.dir/CMakeCCompilerABI.c.o -lgcc --as-needed -lgcc_s --no-as-needed -lc -lgcc --as-needed -lgcc_s --no-as-needed /usr/lib/gcc/x86_64-linux-gnu/5/crtend.o /usr/lib/gcc/x86_64-linux-gnu/5/../../../x86_64-linux-gnu/crtn.o]
    arg [/usr/lib/gcc/x86_64-linux-gnu/5/collect2] ==> ignore
    arg [-plugin] ==> ignore
    arg [/usr/lib/gcc/x86_64-linux-gnu/5/liblto_plugin.so] ==> ignore
    arg [-plugin-opt=/usr/lib/gcc/x86_64-linux-gnu/5/lto-wrapper] ==> ignore
    arg [-plugin-opt=-fresolution=/tmp/ccQVU2ky.res] ==> ignore
    arg [-plugin-opt=-pass-through=-lgcc] ==> ignore
    arg [-plugin-opt=-pass-through=-lgcc_s] ==> ignore
    arg [-plugin-opt=-pass-through=-lc] ==> ignore
    arg [-plugin-opt=-pass-through=-lgcc] ==> ignore
    arg [-plugin-opt=-pass-through=-lgcc_s] ==> ignore
    arg [--sysroot=/] ==> ignore
    arg [--build-id] ==> ignore
    arg [--eh-frame-hdr] ==> ignore
    arg [-m] ==> ignore
    arg [elf_x86_64] ==> ignore
    arg [--hash-style=gnu] ==> ignore
    arg [--as-needed] ==> ignore
    arg [-export-dynamic] ==> ignore
    arg [-dynamic-linker] ==> ignore
    arg [/lib64/ld-linux-x86-64.so.2] ==> ignore
    arg [-zrelro] ==> ignore
    arg [-o] ==> ignore
    arg [cmTC_cf33a] ==> ignore
    arg [/usr/lib/gcc/x86_64-linux-gnu/5/../../../x86_64-linux-gnu/crt1.o] ==> ignore
    arg [/usr/lib/gcc/x86_64-linux-gnu/5/../../../x86_64-linux-gnu/crti.o] ==> ignore
    arg [/usr/lib/gcc/x86_64-linux-gnu/5/crtbegin.o] ==> ignore
    arg [-L/usr/lib/gcc/x86_64-linux-gnu/5] ==> dir [/usr/lib/gcc/x86_64-linux-gnu/5]
    arg [-L/usr/lib/gcc/x86_64-linux-gnu/5/../../../x86_64-linux-gnu] ==> dir [/usr/lib/gcc/x86_64-linux-gnu/5/../../../x86_64-linux-gnu]
    arg [-L/usr/lib/gcc/x86_64-linux-gnu/5/../../../../lib] ==> dir [/usr/lib/gcc/x86_64-linux-gnu/5/../../../../lib]
    arg [-L/lib/x86_64-linux-gnu] ==> dir [/lib/x86_64-linux-gnu]
    arg [-L/lib/../lib] ==> dir [/lib/../lib]
    arg [-L/usr/lib/x86_64-linux-gnu] ==> dir [/usr/lib/x86_64-linux-gnu]
    arg [-L/usr/lib/../lib] ==> dir [/usr/lib/../lib]
    arg [-L/usr/lib/gcc/x86_64-linux-gnu/5/../../..] ==> dir [/usr/lib/gcc/x86_64-linux-gnu/5/../../..]
    arg [CMakeFiles/cmTC_cf33a.dir/CMakeCCompilerABI.c.o] ==> ignore
    arg [-lgcc] ==> lib [gcc]
    arg [--as-needed] ==> ignore
    arg [-lgcc_s] ==> lib [gcc_s]
    arg [--no-as-needed] ==> ignore
    arg [-lc] ==> lib [c]
    arg [-lgcc] ==> lib [gcc]
    arg [--as-needed] ==> ignore
    arg [-lgcc_s] ==> lib [gcc_s]
    arg [--no-as-needed] ==> ignore
    arg [/usr/lib/gcc/x86_64-linux-gnu/5/crtend.o] ==> ignore
    arg [/usr/lib/gcc/x86_64-linux-gnu/5/../../../x86_64-linux-gnu/crtn.o] ==> ignore
  remove lib [gcc]
  remove lib [gcc_s]
  remove lib [gcc]
  remove lib [gcc_s]
  collapse library dir [/usr/lib/gcc/x86_64-linux-gnu/5] ==> [/usr/lib/gcc/x86_64-linux-gnu/5]
  collapse library dir [/usr/lib/gcc/x86_64-linux-gnu/5/../../../x86_64-linux-gnu] ==> [/usr/lib/x86_64-linux-gnu]
  collapse library dir [/usr/lib/gcc/x86_64-linux-gnu/5/../../../../lib] ==> [/usr/lib]
  collapse library dir [/lib/x86_64-linux-gnu] ==> [/lib/x86_64-linux-gnu]
  collapse library dir [/lib/../lib] ==> [/lib]
  collapse library dir [/usr/lib/x86_64-linux-gnu] ==> [/usr/lib/x86_64-linux-gnu]
  collapse library dir [/usr/lib/../lib] ==> [/usr/lib]
  collapse library dir [/usr/lib/gcc/x86_64-linux-gnu/5/../../..] ==> [/usr/lib]
  implicit libs: [c]
  implicit dirs: [/usr/lib/gcc/x86_64-linux-gnu/5;/usr/lib/x86_64-linux-gnu;/usr/lib;/lib/x86_64-linux-gnu;/lib]
  implicit fwks: []




Detecting C [-std=c11] compiler features compiled with the following output:
Change Dir: /home/sruthi/LLVM/installed/llvm-4.0.0.src/lib/Transforms/ReachingDefns/CMakeFiles/CMakeTmp

Run Build Command:"/usr/bin/make" "cmTC_a045f/fast"
/usr/bin/make -f CMakeFiles/cmTC_a045f.dir/build.make CMakeFiles/cmTC_a045f.dir/build
make[1]: Entering directory '/home/sruthi/LLVM/installed/llvm-4.0.0.src/lib/Transforms/ReachingDefns/CMakeFiles/CMakeTmp'
Building C object CMakeFiles/cmTC_a045f.dir/feature_tests.c.o
/usr/bin/cc    -std=c11 -o CMakeFiles/cmTC_a045f.dir/feature_tests.c.o   -c /home/sruthi/LLVM/installed/llvm-4.0.0.src/lib/Transforms/ReachingDefns/CMakeFiles/feature_tests.c
Linking C executable cmTC_a045f
/usr/bin/cmake -E cmake_link_script CMakeFiles/cmTC_a045f.dir/link.txt --verbose=1
/usr/bin/cc       CMakeFiles/cmTC_a045f.dir/feature_tests.c.o  -o cmTC_a045f -rdynamic 
make[1]: Leaving directory '/home/sruthi/LLVM/installed/llvm-4.0.0.src/lib/Transforms/ReachingDefns/CMakeFiles/CMakeTmp'


    Feature record: C_FEATURE:1c_function_prototypes
    Feature record: C_FEATURE:1c_restrict
    Feature record: C_FEATURE:1c_static_assert
    Feature record: C_FEATURE:1c_variadic_macros


Detecting C [-std=c99] compiler features compiled with the following output:
Change Dir: /home/sruthi/LLVM/installed/llvm-4.0.0.src/lib/Transforms/ReachingDefns/CMakeFiles/CMakeTmp

Run Build Command:"/usr/bin/make" "cmTC_9769f/fast"
/usr/bin/make -f CMakeFiles/cmTC_9769f.dir/build.make CMakeFiles/cmTC_9769f.dir/build
make[1]: Entering directory '/home/sruthi/LLVM/installed/llvm-4.0.0.src/lib/Transforms/ReachingDefns/CMakeFiles/CMakeTmp'
Building C object CMakeFiles/cmTC_9769f.dir/feature_tests.c.o
/usr/bin/cc    -std=c99 -o CMakeFiles/cmTC_9769f.dir/feature_tests.c.o   -c /home/sruthi/LLVM/installed/llvm-4.0.0.src/lib/Transforms/ReachingDefns/CMakeFiles/feature_tests.c
Linking C executable cmTC_9769f
/usr/bin/cmake -E cmake_link_script CMakeFiles/cmTC_9769f.dir/link.txt --verbose=1
/usr/bin/cc       CMakeFiles/cmTC_9769f.dir/feature_tests.c.o  -o cmTC_9769f -rdynamic 
make[1]: Leaving directory '/home/sruthi/LLVM/installed/llvm-4.0.0.src/lib/Transforms/ReachingDefns/CMakeFiles/CMakeTmp'


    Feature record: C_FEATURE:1c_function_prototypes
    Feature record: C_FEATURE:1c_restrict
    Feature record: C_FEATURE:0c_static_assert
    Feature record: C_FEATURE:1c_variadic_macros


Detecting C [-std=c90] compiler features compiled with the following output:
Change Dir: /home/sruthi/LLVM/installed/llvm-4.0.0.src/lib/Transforms/ReachingDefns/CMakeFiles/CMakeTmp

Run Build Command:"/usr/bin/make" "cmTC_ff9ab/fast"
/usr/bin/make -f CMakeFiles/cmTC_ff9ab.dir/build.make CMakeFiles/cmTC_ff9ab.dir/build
make[1]: Entering directory '/home/sruthi/LLVM/installed/llvm-4.0.0.src/lib/Transforms/ReachingDefns/CMakeFiles/CMakeTmp'
Building C object CMakeFiles/cmTC_ff9ab.dir/feature_tests.c.o
/usr/bin/cc    -std=c90 -o CMakeFiles/cmTC_ff9ab.dir/feature_tests.c.o   -c /home/sruthi/LLVM/installed/llvm-4.0.0.src/lib/Transforms/ReachingDefns/CMakeFiles/feature_tests.c
Linking C executable cmTC_ff9ab
/usr/bin/cmake -E cmake_link_script CMakeFiles/cmTC_ff9ab.dir/link.txt --verbose=1
/usr/bin/cc       CMakeFiles/cmTC_ff9ab.dir/feature_tests.c.o  -o cmTC_ff9ab -rdynamic 
make[1]: Leaving directory '/home/sruthi/LLVM/installed/llvm-4.0.0.src/lib/Transforms/ReachingDefns/CMakeFiles/CMakeTmp'


    Feature record: C_FEATURE:1c_function_prototypes
    Feature record: C_FEATURE:0c_restrict
    Feature record: C_FEATURE:0c_static_assert
    Feature record: C_FEATURE:0c_variadic_macros
Determining if the CXX compiler works passed with the following output:
Change Dir: /home/sruthi/LLVM/installed/llvm-4.0.0.src/lib/Transforms/ReachingDefns/CMakeFiles/CMakeTmp

Run Build Command:"/usr/bin/make" "cmTC_36a7a/fast"
/usr/bin/make -f CMakeFiles/cmTC_36a7a.dir/build.make CMakeFiles/cmTC_36a7a.dir/build
make[1]: Entering directory '/home/sruthi/LLVM/installed/llvm-4.0.0.src/lib/Transforms/ReachingDefns/CMakeFiles/CMakeTmp'
Building CXX object CMakeFiles/cmTC_36a7a.dir/testCXXCompiler.cxx.o
/usr/bin/c++      -o CMakeFiles/cmTC_36a7a.dir/testCXXCompiler.cxx.o -c /home/sruthi/LLVM/installed/llvm-4.0.0.src/lib/Transforms/ReachingDefns/CMakeFiles/CMakeTmp/testCXXCompiler.cxx
Linking CXX executable cmTC_36a7a
/usr/bin/cmake -E cmake_link_script CMakeFiles/cmTC_36a7a.dir/link.txt --verbose=1
/usr/bin/c++        CMakeFiles/cmTC_36a7a.dir/testCXXCompiler.cxx.o  -o cmTC_36a7a -rdynamic 
make[1]: Leaving directory '/home/sruthi/LLVM/installed/llvm-4.0.0.src/lib/Transforms/ReachingDefns/CMakeFiles/CMakeTmp'


Detecting CXX compiler ABI info compiled with the following output:
Change Dir: /home/sruthi/LLVM/installed/llvm-4.0.0.src/lib/Transforms/ReachingDefns/CMakeFiles/CMakeTmp

Run Build Command:"/usr/bin/make" "cmTC_e599e/fast"
/usr/bin/make -f CMakeFiles/cmTC_e599e.dir/build.make CMakeFiles/cmTC_e599e.dir/build
make[1]: Entering directory '/home/sruthi/LLVM/installed/llvm-4.0.0.src/lib/Transforms/ReachingDefns/CMakeFiles/CMakeTmp'
Building CXX object CMakeFiles/cmTC_e599e.dir/CMakeCXXCompilerABI.cpp.o
/usr/bin/c++      -o CMakeFiles/cmTC_e599e.dir/CMakeCXXCompilerABI.cpp.o -c /usr/share/cmake-3.4/Modules/CMakeCXXCompilerABI.cpp
Linking CXX executable cmTC_e599e
/usr/bin/cmake -E cmake_link_script CMakeFiles/cmTC_e599e.dir/link.txt --verbose=1
/usr/bin/c++       -v CMakeFiles/cmTC_e599e.dir/CMakeCXXCompilerABI.cpp.o  -o cmTC_e599e -rdynamic  
Using built-in specs.
COLLECT_GCC=/usr/bin/c++
COLLECT_LTO_WRAPPER=/usr/lib/gcc/x86_64-linux-gnu/5/lto-wrapper
Target: x86_64-linux-gnu
Configured with: ../src/configure -v --with-pkgversion='Ubuntu 5.4.0-6ubuntu1~16.04.4' --with-bugurl=file:///usr/share/doc/gcc-5/README.Bugs --enable-languages=c,ada,c++,java,go,d,fortran,objc,obj-c++ --prefix=/usr --program-suffix=-5 --enable-shared --enable-linker-build-id --libexecdir=/usr/lib --without-included-gettext --enable-threads=posix --libdir=/usr/lib --enable-nls --with-sysroot=/ --enable-clocale=gnu --enable-libstdcxx-debug --enable-libstdcxx-time=yes --with-default-libstdcxx-abi=new --enable-gnu-unique-object --disable-vtable-verify --enable-libmpx --enable-plugin --with-system-zlib --disable-browser-plugin --enable-java-awt=gtk --enable-gtk-cairo --with-java-home=/usr/lib/jvm/java-1.5.0-gcj-5-amd64/jre --enable-java-home --with-jvm-root-dir=/usr/lib/jvm/java-1.5.0-gcj-5-amd64 --with-jvm-jar-dir=/usr/lib/jvm-exports/java-1.5.0-gcj-5-amd64 --with-arch-directory=amd64 --with-ecj-jar=/usr/share/java/eclipse-ecj.jar --enable-objc-gc --enable-multiarch --disable-werror --with-arch-32=i686 --with-abi=m64 --with-multilib-list=m32,m64,mx32 --enable-multilib --with-tune=generic --enable-checking=release --build=x86_64-linux-gnu --host=x86_64-linux-gnu --target=x86_64-linux-gnu
Thread model: posix
gcc version 5.4.0 20160609 (Ubuntu 5.4.0-6ubuntu1~16.04.4) 
COMPILER_PATH=/usr/lib/gcc/x86_64-linux-gnu/5/:/usr/lib/gcc/x86_64-linux-gnu/5/:/usr/lib/gcc/x86_64-linux-gnu/:/usr/lib/gcc/x86_64-linux-gnu/5/:/usr/lib/gcc/x86_64-linux-gnu/
LIBRARY_PATH=/usr/lib/gcc/x86_64-linux-gnu/5/:/usr/lib/gcc/x86_64-linux-gnu/5/../../../x86_64-linux-gnu/:/usr/lib/gcc/x86_64-linux-gnu/5/../../../../lib/:/lib/x86_64-linux-gnu/:/lib/../lib/:/usr/lib/x86_64-linux-gnu/:/usr/lib/../lib/:/usr/lib/gcc/x86_64-linux-gnu/5/../../../:/lib/:/usr/lib/
COLLECT_GCC_OPTIONS='-v' '-o' 'cmTC_e599e' '-rdynamic' '-shared-libgcc' '-mtune=generic' '-march=x86-64'
 /usr/lib/gcc/x86_64-linux-gnu/5/collect2 -plugin /usr/lib/gcc/x86_64-linux-gnu/5/liblto_plugin.so -plugin-opt=/usr/lib/gcc/x86_64-linux-gnu/5/lto-wrapper -plugin-opt=-fresolution=/tmp/ccj8MuDT.res -plugin-opt=-pass-through=-lgcc_s -plugin-opt=-pass-through=-lgcc -plugin-opt=-pass-through=-lc -plugin-opt=-pass-through=-lgcc_s -plugin-opt=-pass-through=-lgcc --sysroot=/ --build-id --eh-frame-hdr -m elf_x86_64 --hash-style=gnu --as-needed -export-dynamic -dynamic-linker /lib64/ld-linux-x86-64.so.2 -z relro -o cmTC_e599e /usr/lib/gcc/x86_64-linux-gnu/5/../../../x86_64-linux-gnu/crt1.o /usr/lib/gcc/x86_64-linux-gnu/5/../../../x86_64-linux-gnu/crti.o /usr/lib/gcc/x86_64-linux-gnu/5/crtbegin.o -L/usr/lib/gcc/x86_64-linux-gnu/5 -L/usr/lib/gcc/x86_64-linux-gnu/5/../../../x86_64-linux-gnu -L/usr/lib/gcc/x86_64-linux-gnu/5/../../../../lib -L/lib/x86_64-linux-gnu -L/lib/../lib -L/usr/lib/x86_64-linux-gnu -L/usr/lib/../lib -L/usr/lib/gcc/x86_64-linux-gnu/5/../../.. CMakeFiles/cmTC_e599e.dir/CMakeCXXCompilerABI.cpp.o -lstdc++ -lm -lgcc_s -lgcc -lc -lgcc_s -lgcc /usr/lib/gcc/x86_64-linux-gnu/5/crtend.o /usr/lib/gcc/x86_64-linux-gnu/5/../../../x86_64-linux-gnu/crtn.o
make[1]: Leaving directory '/home/sruthi/LLVM/installed/llvm-4.0.0.src/lib/Transforms/ReachingDefns/CMakeFiles/CMakeTmp'


Parsed CXX implicit link information from above output:
  link line regex: [^( *|.*[/\])(ld|([^/\]+-)?ld|collect2)[^/\]*( |$)]
  ignore line: [Change Dir: /home/sruthi/LLVM/installed/llvm-4.0.0.src/lib/Transforms/ReachingDefns/CMakeFiles/CMakeTmp]
  ignore line: []
  ignore line: [Run Build Command:"/usr/bin/make" "cmTC_e599e/fast"]
  ignore line: [/usr/bin/make -f CMakeFiles/cmTC_e599e.dir/build.make CMakeFiles/cmTC_e599e.dir/build]
  ignore line: [make[1]: Entering directory '/home/sruthi/LLVM/installed/llvm-4.0.0.src/lib/Transforms/ReachingDefns/CMakeFiles/CMakeTmp']
  ignore line: [Building CXX object CMakeFiles/cmTC_e599e.dir/CMakeCXXCompilerABI.cpp.o]
  ignore line: [/usr/bin/c++      -o CMakeFiles/cmTC_e599e.dir/CMakeCXXCompilerABI.cpp.o -c /usr/share/cmake-3.4/Modules/CMakeCXXCompilerABI.cpp]
  ignore line: [Linking CXX executable cmTC_e599e]
  ignore line: [/usr/bin/cmake -E cmake_link_script CMakeFiles/cmTC_e599e.dir/link.txt --verbose=1]
  ignore line: [/usr/bin/c++       -v CMakeFiles/cmTC_e599e.dir/CMakeCXXCompilerABI.cpp.o  -o cmTC_e599e -rdynamic  ]
  ignore line: [Using built-in specs.]
  ignore line: [COLLECT_GCC=/usr/bin/c++]
  ignore line: [COLLECT_LTO_WRAPPER=/usr/lib/gcc/x86_64-linux-gnu/5/lto-wrapper]
  ignore line: [Target: x86_64-linux-gnu]
  ignore line: [Configured with: ../src/configure -v --with-pkgversion='Ubuntu 5.4.0-6ubuntu1~16.04.4' --with-bugurl=file:///usr/share/doc/gcc-5/README.Bugs --enable-languages=c,ada,c++,java,go,d,fortran,objc,obj-c++ --prefix=/usr --program-suffix=-5 --enable-shared --enable-linker-build-id --libexecdir=/usr/lib --without-included-gettext --enable-threads=posix --libdir=/usr/lib --enable-nls --with-sysroot=/ --enable-clocale=gnu --enable-libstdcxx-debug --enable-libstdcxx-time=yes --with-default-libstdcxx-abi=new --enable-gnu-unique-object --disable-vtable-verify --enable-libmpx --enable-plugin --with-system-zlib --disable-browser-plugin --enable-java-awt=gtk --enable-gtk-cairo --with-java-home=/usr/lib/jvm/java-1.5.0-gcj-5-amd64/jre --enable-java-home --with-jvm-root-dir=/usr/lib/jvm/java-1.5.0-gcj-5-amd64 --with-jvm-jar-dir=/usr/lib/jvm-exports/java-1.5.0-gcj-5-amd64 --with-arch-directory=amd64 --with-ecj-jar=/usr/share/java/eclipse-ecj.jar --enable-objc-gc --enable-multiarch --disable-werror --with-arch-32=i686 --with-abi=m64 --with-multilib-list=m32,m64,mx32 --enable-multilib --with-tune=generic --enable-checking=release --build=x86_64-linux-gnu --host=x86_64-linux-gnu --target=x86_64-linux-gnu]
  ignore line: [Thread model: posix]
  ignore line: [gcc version 5.4.0 20160609 (Ubuntu 5.4.0-6ubuntu1~16.04.4) ]
  ignore line: [COMPILER_PATH=/usr/lib/gcc/x86_64-linux-gnu/5/:/usr/lib/gcc/x86_64-linux-gnu/5/:/usr/lib/gcc/x86_64-linux-gnu/:/usr/lib/gcc/x86_64-linux-gnu/5/:/usr/lib/gcc/x86_64-linux-gnu/]
  ignore line: [LIBRARY_PATH=/usr/lib/gcc/x86_64-linux-gnu/5/:/usr/lib/gcc/x86_64-linux-gnu/5/../../../x86_64-linux-gnu/:/usr/lib/gcc/x86_64-linux-gnu/5/../../../../lib/:/lib/x86_64-linux-gnu/:/lib/../lib/:/usr/lib/x86_64-linux-gnu/:/usr/lib/../lib/:/usr/lib/gcc/x86_64-linux-gnu/5/../../../:/lib/:/usr/lib/]
  ignore line: [COLLECT_GCC_OPTIONS='-v' '-o' 'cmTC_e599e' '-rdynamic' '-shared-libgcc' '-mtune=generic' '-march=x86-64']
  link line: [ /usr/lib/gcc/x86_64-linux-gnu/5/collect2 -plugin /usr/lib/gcc/x86_64-linux-gnu/5/liblto_plugin.so -plugin-opt=/usr/lib/gcc/x86_64-linux-gnu/5/lto-wrapper -plugin-opt=-fresolution=/tmp/ccj8MuDT.res -plugin-opt=-pass-through=-lgcc_s -plugin-opt=-pass-through=-lgcc -plugin-opt=-pass-through=-lc -plugin-opt=-pass-through=-lgcc_s -plugin-opt=-pass-through=-lgcc --sysroot=/ --build-id --eh-frame-hdr -m elf_x86_64 --hash-style=gnu --as-needed -export-dynamic -dynamic-linker /lib64/ld-linux-x86-64.so.2 -z relro -o cmTC_e599e /usr/lib/gcc/x86_64-linux-gnu/5/../../../x86_64-linux-gnu/crt1.o /usr/lib/gcc/x86_64-linux-gnu/5/../../../x86_64-linux-gnu/crti.o /usr/lib/gcc/x86_64-linux-gnu/5/crtbegin.o -L/usr/lib/gcc/x86_64-linux-gnu/5 -L/usr/lib/gcc/x86_64-linux-gnu/5/../../../x86_64-linux-gnu -L/usr/lib/gcc/x86_64-linux-gnu/5/../../../../lib -L/lib/x86_64-linux-gnu -L/lib/../lib -L/usr/lib/x86_64-linux-gnu -L/usr/lib/../lib -L/usr/lib/gcc/x86_64-linux-gnu/5/../../.. CMakeFiles/cmTC_e599e.dir/CMakeCXXCompilerABI.cpp.o -lstdc++ -lm -lgcc_s -lgcc -lc -lgcc_s -lgcc /usr/lib/gcc/x86_64-linux-gnu/5/crtend.o /usr/lib/gcc/x86_64-linux-gnu/5/../../../x86_64-linux-gnu/crtn.o]
    arg [/usr/lib/gcc/x86_64-linux-gnu/5/collect2] ==> ignore
    arg [-plugin] ==> ignore
    arg [/usr/lib/gcc/x86_64-linux-gnu/5/liblto_plugin.so] ==> ignore
    arg [-plugin-opt=/usr/lib/gcc/x86_64-linux-gnu/5/lto-wrapper] ==> ignore
    arg [-plugin-opt=-fresolution=/tmp/ccj8MuDT.res] ==> ignore
    arg [-plugin-opt=-pass-through=-lgcc_s] ==> ignore
    arg [-plugin-opt=-pass-through=-lgcc] ==> ignore
    arg [-plugin-opt=-pass-through=-lc] ==> ignore
    arg [-plugin-opt=-pass-through=-lgcc_s] ==> ignore
    arg [-plugin-opt=-pass-through=-lgcc] ==> ignore
    arg [--sysroot=/] ==> ignore
    arg [--build-id] ==> ignore
    arg [--eh-frame-hdr] ==> ignore
    arg [-m] ==> ignore
    arg [elf_x86_64] ==> ignore
    arg [--hash-style=gnu] ==> ignore
    arg [--as-needed] ==> ignore
    arg [-export-dynamic] ==> ignore
    arg [-dynamic-linker] ==> ignore
    arg [/lib64/ld-linux-x86-64.so.2] ==> ignore
    arg [-zrelro] ==> ignore
    arg [-o] ==> ignore
    arg [cmTC_e599e] ==> ignore
    arg [/usr/lib/gcc/x86_64-linux-gnu/5/../../../x86_64-linux-gnu/crt1.o] ==> ignore
    arg [/usr/lib/gcc/x86_64-linux-gnu/5/../../../x86_64-linux-gnu/crti.o] ==> ignore
    arg [/usr/lib/gcc/x86_64-linux-gnu/5/crtbegin.o] ==> ignore
    arg [-L/usr/lib/gcc/x86_64-linux-gnu/5] ==> dir [/usr/lib/gcc/x86_64-linux-gnu/5]
    arg [-L/usr/lib/gcc/x86_64-linux-gnu/5/../../../x86_64-linux-gnu] ==> dir [/usr/lib/gcc/x86_64-linux-gnu/5/../../../x86_64-linux-gnu]
    arg [-L/usr/lib/gcc/x86_64-linux-gnu/5/../../../../lib] ==> dir [/usr/lib/gcc/x86_64-linux-gnu/5/../../../../lib]
    arg [-L/lib/x86_64-linux-gnu] ==> dir [/lib/x86_64-linux-gnu]
    arg [-L/lib/../lib] ==> dir [/lib/../lib]
    arg [-L/usr/lib/x86_64-linux-gnu] ==> dir [/usr/lib/x86_64-linux-gnu]
    arg [-L/usr/lib/../lib] ==> dir [/usr/lib/../lib]
    arg [-L/usr/lib/gcc/x86_64-linux-gnu/5/../../..] ==> dir [/usr/lib/gcc/x86_64-linux-gnu/5/../../..]
    arg [CMakeFiles/cmTC_e599e.dir/CMakeCXXCompilerABI.cpp.o] ==> ignore
    arg [-lstdc++] ==> lib [stdc++]
    arg [-lm] ==> lib [m]
    arg [-lgcc_s] ==> lib [gcc_s]
    arg [-lgcc] ==> lib [gcc]
    arg [-lc] ==> lib [c]
    arg [-lgcc_s] ==> lib [gcc_s]
    arg [-lgcc] ==> lib [gcc]
    arg [/usr/lib/gcc/x86_64-linux-gnu/5/crtend.o] ==> ignore
    arg [/usr/lib/gcc/x86_64-linux-gnu/5/../../../x86_64-linux-gnu/crtn.o] ==> ignore
  remove lib [gcc_s]
  remove lib [gcc]
  remove lib [gcc_s]
  remove lib [gcc]
  collapse library dir [/usr/lib/gcc/x86_64-linux-gnu/5] ==> [/usr/lib/gcc/x86_64-linux-gnu/5]
  collapse library dir [/usr/lib/gcc/x86_64-linux-gnu/5/../../../x86_64-linux-gnu] ==> [/usr/lib/x86_64-linux-gnu]
  collapse library dir [/usr/lib/gcc/x86_64-linux-gnu/5/../../../../lib] ==> [/usr/lib]
  collapse library dir [/lib/x86_64-linux-gnu] ==> [/lib/x86_64-linux-gnu]
  collapse library dir [/lib/../lib] ==> [/lib]
  collapse library dir [/usr/lib/x86_64-linux-gnu] ==> [/usr/lib/x86_64-linux-gnu]
  collapse library dir [/usr/lib/../lib] ==> [/usr/lib]
  collapse library dir [/usr/lib/gcc/x86_64-linux-gnu/5/../../..] ==> [/usr/lib]
  implicit libs: [stdc++;m;c]
  implicit dirs: [/usr/lib/gcc/x86_64-linux-gnu/5;/usr/lib/x86_64-linux-gnu;/usr/lib;/lib/x86_64-linux-gnu;/lib]
  implicit fwks: []




Detecting CXX [-std=c++14] compiler features compiled with the following output:
Change Dir: /home/sruthi/LLVM/installed/llvm-4.0.0.src/lib/Transforms/ReachingDefns/CMakeFiles/CMakeTmp

Run Build Command:"/usr/bin/make" "cmTC_ba798/fast"
/usr/bin/make -f CMakeFiles/cmTC_ba798.dir/build.make CMakeFiles/cmTC_ba798.dir/build
make[1]: Entering directory '/home/sruthi/LLVM/installed/llvm-4.0.0.src/lib/Transforms/ReachingDefns/CMakeFiles/CMakeTmp'
Building CXX object CMakeFiles/cmTC_ba798.dir/feature_tests.cxx.o
/usr/bin/c++     -std=c++14 -o CMakeFiles/cmTC_ba798.dir/feature_tests.cxx.o -c /home/sruthi/LLVM/installed/llvm-4.0.0.src/lib/Transforms/ReachingDefns/CMakeFiles/feature_tests.cxx
Linking CXX executable cmTC_ba798
/usr/bin/cmake -E cmake_link_script CMakeFiles/cmTC_ba798.dir/link.txt --verbose=1
/usr/bin/c++        CMakeFiles/cmTC_ba798.dir/feature_tests.cxx.o  -o cmTC_ba798 -rdynamic 
make[1]: Leaving directory '/home/sruthi/LLVM/installed/llvm-4.0.0.src/lib/Transforms/ReachingDefns/CMakeFiles/CMakeTmp'


    Feature record: CXX_FEATURE:1cxx_aggregate_default_initializers
    Feature record: CXX_FEATURE:1cxx_alias_templates
    Feature record: CXX_FEATURE:1cxx_alignas
    Feature record: CXX_FEATURE:1cxx_alignof
    Feature record: CXX_FEATURE:1cxx_attributes
    Feature record: CXX_FEATURE:1cxx_attribute_deprecated
    Feature record: CXX_FEATURE:1cxx_auto_type
    Feature record: CXX_FEATURE:1cxx_binary_literals
    Feature record: CXX_FEATURE:1cxx_constexpr
    Feature record: CXX_FEATURE:1cxx_contextual_conversions
    Feature record: CXX_FEATURE:1cxx_decltype
    Feature record: CXX_FEATURE:1cxx_decltype_auto
    Feature record: CXX_FEATURE:1cxx_decltype_incomplete_return_types
    Feature record: CXX_FEATURE:1cxx_default_function_template_args
    Feature record: CXX_FEATURE:1cxx_defaulted_functions
    Feature record: CXX_FEATURE:1cxx_defaulted_move_initializers
    Feature record: CXX_FEATURE:1cxx_delegating_constructors
    Feature record: CXX_FEATURE:1cxx_deleted_functions
    Feature record: CXX_FEATURE:1cxx_digit_separators
    Feature record: CXX_FEATURE:1cxx_enum_forward_declarations
    Feature record: CXX_FEATURE:1cxx_explicit_conversions
    Feature record: CXX_FEATURE:1cxx_extended_friend_declarations
    Feature record: CXX_FEATURE:1cxx_extern_templates
    Feature record: CXX_FEATURE:1cxx_final
    Feature record: CXX_FEATURE:1cxx_func_identifier
    Feature record: CXX_FEATURE:1cxx_generalized_initializers
    Feature record: CXX_FEATURE:1cxx_generic_lambdas
    Feature record: CXX_FEATURE:1cxx_inheriting_constructors
    Feature record: CXX_FEATURE:1cxx_inline_namespaces
    Feature record: CXX_FEATURE:1cxx_lambdas
    Feature record: CXX_FEATURE:1cxx_lambda_init_captures
    Feature record: CXX_FEATURE:1cxx_local_type_template_args
    Feature record: CXX_FEATURE:1cxx_long_long_type
    Feature record: CXX_FEATURE:1cxx_noexcept
    Feature record: CXX_FEATURE:1cxx_nonstatic_member_init
    Feature record: CXX_FEATURE:1cxx_nullptr
    Feature record: CXX_FEATURE:1cxx_override
    Feature record: CXX_FEATURE:1cxx_range_for
    Feature record: CXX_FEATURE:1cxx_raw_string_literals
    Feature record: CXX_FEATURE:1cxx_reference_qualified_functions
    Feature record: CXX_FEATURE:1cxx_relaxed_constexpr
    Feature record: CXX_FEATURE:1cxx_return_type_deduction
    Feature record: CXX_FEATURE:1cxx_right_angle_brackets
    Feature record: CXX_FEATURE:1cxx_rvalue_references
    Feature record: CXX_FEATURE:1cxx_sizeof_member
    Feature record: CXX_FEATURE:1cxx_static_assert
    Feature record: CXX_FEATURE:1cxx_strong_enums
    Feature record: CXX_FEATURE:1cxx_template_template_parameters
    Feature record: CXX_FEATURE:1cxx_thread_local
    Feature record: CXX_FEATURE:1cxx_trailing_return_types
    Feature record: CXX_FEATURE:1cxx_unicode_literals
    Feature record: CXX_FEATURE:1cxx_uniform_initialization
    Feature record: CXX_FEATURE:1cxx_unrestricted_unions
    Feature record: CXX_FEATURE:1cxx_user_literals
    Feature record: CXX_FEATURE:1cxx_variable_templates
    Feature record: CXX_FEATURE:1cxx_variadic_macros
    Feature record: CXX_FEATURE:1cxx_variadic_templates


Detecting CXX [-std=c++11] compiler features compiled with the following output:
Change Dir: /home/sruthi/LLVM/installed/llvm-4.0.0.src/lib/Transforms/ReachingDefns/CMakeFiles/CMakeTmp

Run Build Command:"/usr/bin/make" "cmTC_1a9d7/fast"
/usr/bin/make -f CMakeFiles/cmTC_1a9d7.dir/build.make CMakeFiles/cmTC_1a9d7.dir/build
make[1]: Entering directory '/home/sruthi/LLVM/installed/llvm-4.0.0.src/lib/Transforms/ReachingDefns/CMakeFiles/CMakeTmp'
Building CXX object CMakeFiles/cmTC_1a9d7.dir/feature_tests.cxx.o
/usr/bin/c++     -std=c++11 -o CMakeFiles/cmTC_1a9d7.dir/feature_tests.cxx.o -c /home/sruthi/LLVM/installed/llvm-4.0.0.src/lib/Transforms/ReachingDefns/CMakeFiles/feature_tests.cxx
Linking CXX executable cmTC_1a9d7
/usr/bin/cmake -E cmake_link_script CMakeFiles/cmTC_1a9d7.dir/link.txt --verbose=1
/usr/bin/c++        CMakeFiles/cmTC_1a9d7.dir/feature_tests.cxx.o  -o cmTC_1a9d7 -rdynamic 
make[1]: Leaving directory '/home/sruthi/LLVM/installed/llvm-4.0.0.src/lib/Transforms/ReachingDefns/CMakeFiles/CMakeTmp'


    Feature record: CXX_FEATURE:0cxx_aggregate_default_initializers
    Feature record: CXX_FEATURE:1cxx_alias_templates
    Feature record: CXX_FEATURE:1cxx_alignas
    Feature record: CXX_FEATURE:1cxx_alignof
    Feature record: CXX_FEATURE:1cxx_attributes
    Feature record: CXX_FEATURE:0cxx_attribute_deprecated
    Feature record: CXX_FEATURE:1cxx_auto_type
    Feature record: CXX_FEATURE:0cxx_binary_literals
    Feature record: CXX_FEATURE:1cxx_constexpr
    Feature record: CXX_FEATURE:0cxx_contextual_conversions
    Feature record: CXX_FEATURE:1cxx_decltype
    Feature record: CXX_FEATURE:0cxx_decltype_auto
    Feature record: CXX_FEATURE:1cxx_decltype_incomplete_return_types
    Feature record: CXX_FEATURE:1cxx_default_function_template_args
    Feature record: CXX_FEATURE:1cxx_defaulted_functions
    Feature record: CXX_FEATURE:1cxx_defaulted_move_initializers
    Feature record: CXX_FEATURE:1cxx_delegating_constructors
    Feature record: CXX_FEATURE:1cxx_deleted_functions
    Feature record: CXX_FEATURE:0cxx_digit_separators
    Feature record: CXX_FEATURE:1cxx_enum_forward_declarations
    Feature record: CXX_FEATURE:1cxx_explicit_conversions
    Feature record: CXX_FEATURE:1cxx_extended_friend_declarations
    Feature record: CXX_FEATURE:1cxx_extern_templates
    Feature record: CXX_FEATURE:1cxx_final
    Feature record: CXX_FEATURE:1cxx_func_identifier
    Feature record: CXX_FEATURE:1cxx_generalized_initializers
    Feature record: CXX_FEATURE:0cxx_generic_lambdas
    Feature record: CXX_FEATURE:1cxx_inheriting_constructors
    Feature record: CXX_FEATURE:1cxx_inline_namespaces
    Feature record: CXX_FEATURE:1cxx_lambdas
    Feature record: CXX_FEATURE:0cxx_lambda_init_captures
    Feature record: CXX_FEATURE:1cxx_local_type_template_args
    Feature record: CXX_FEATURE:1cxx_long_long_type
    Feature record: CXX_FEATURE:1cxx_noexcept
    Feature record: CXX_FEATURE:1cxx_nonstatic_member_init
    Feature record: CXX_FEATURE:1cxx_nullptr
    Feature record: CXX_FEATURE:1cxx_override
    Feature record: CXX_FEATURE:1cxx_range_for
    Feature record: CXX_FEATURE:1cxx_raw_string_literals
    Feature record: CXX_FEATURE:1cxx_reference_qualified_functions
    Feature record: CXX_FEATURE:0cxx_relaxed_constexpr
    Feature record: CXX_FEATURE:0cxx_return_type_deduction
    Feature record: CXX_FEATURE:1cxx_right_angle_brackets
    Feature record: CXX_FEATURE:1cxx_rvalue_references
    Feature record: CXX_FEATURE:1cxx_sizeof_member
    Feature record: CXX_FEATURE:1cxx_static_assert
    Feature record: CXX_FEATURE:1cxx_strong_enums
    Feature record: CXX_FEATURE:1cxx_template_template_parameters
    Feature record: CXX_FEATURE:1cxx_thread_local
    Feature record: CXX_FEATURE:1cxx_trailing_return_types
    Feature record: CXX_FEATURE:1cxx_unicode_literals
    Feature record: CXX_FEATURE:1cxx_uniform_initialization
    Feature record: CXX_FEATURE:1cxx_unrestricted_unions
    Feature record: CXX_FEATURE:1cxx_user_literals
    Feature record: CXX_FEATURE:0cxx_variable_templates
    Feature record: CXX_FEATURE:1cxx_variadic_macros
    Feature record: CXX_FEATURE:1cxx_variadic_templates


Detecting CXX [-std=c++98] compiler features compiled with the following output:
Change Dir: /home/sruthi/LLVM/installed/llvm-4.0.0.src/lib/Transforms/ReachingDefns/CMakeFiles/CMakeTmp

Run Build Command:"/usr/bin/make" "cmTC_6f4ac/fast"
/usr/bin/make -f CMakeFiles/cmTC_6f4ac.dir/build.make CMakeFiles/cmTC_6f4ac.dir/build
make[1]: Entering directory '/home/sruthi/LLVM/installed/llvm-4.0.0.src/lib/Transforms/ReachingDefns/CMakeFiles/CMakeTmp'
Building CXX object CMakeFiles/cmTC_6f4ac.dir/feature_tests.cxx.o
/usr/bin/c++     -std=c++98 -o CMakeFiles/cmTC_6f4ac.dir/feature_tests.cxx.o -c /home/sruthi/LLVM/installed/llvm-4.0.0.src/lib/Transforms/ReachingDefns/CMakeFiles/feature_tests.cxx
Linking CXX executable cmTC_6f4ac
/usr/bin/cmake -E cmake_link_script CMakeFiles/cmTC_6f4ac.dir/link.txt --verbose=1
/usr/bin/c++        CMakeFiles/cmTC_6f4ac.dir/feature_tests.cxx.o  -o cmTC_6f4ac -rdynamic 
make[1]: Leaving directory '/home/sruthi/LLVM/installed/llvm-4.0.0.src/lib/Transforms/ReachingDefns/CMakeFiles/CMakeTmp'


    Feature record: CXX_FEATURE:0cxx_aggregate_default_initializers
    Feature record: CXX_FEATURE:0cxx_alias_templates
    Feature record: CXX_FEATURE:0cxx_alignas
    Feature record: CXX_FEATURE:0cxx_alignof
    Feature record: CXX_FEATURE:0cxx_attributes
    Feature record: CXX_FEATURE:0cxx_attribute_deprecated
    Feature record: CXX_FEATURE:0cxx_auto_type
    Feature record: CXX_FEATURE:0cxx_binary_literals
    Feature record: CXX_FEATURE:0cxx_constexpr
    Feature record: CXX_FEATURE:0cxx_contextual_conversions
    Feature record: CXX_FEATURE:0cxx_decltype
    Feature record: CXX_FEATURE:0cxx_decltype_auto
    Feature record: CXX_FEATURE:0cxx_decltype_incomplete_return_types
    Feature record: CXX_FEATURE:0cxx_default_function_template_args
    Feature record: CXX_FEATURE:0cxx_defaulted_functions
    Feature record: CXX_FEATURE:0cxx_defaulted_move_initializers
    Feature record: CXX_FEATURE:0cxx_delegating_constructors
    Feature record: CXX_FEATURE:0cxx_deleted_functions
    Feature record: CXX_FEATURE:0cxx_digit_separators
    Feature record: CXX_FEATURE:0cxx_enum_forward_declarations
    Feature record: CXX_FEATURE:0cxx_explicit_conversions
    Feature record: CXX_FEATURE:0cxx_extended_friend_declarations
    Feature record: CXX_FEATURE:0cxx_extern_templates
    Feature record: CXX_FEATURE:0cxx_final
    Feature record: CXX_FEATURE:0cxx_func_identifier
    Feature record: CXX_FEATURE:0cxx_generalized_initializers
    Feature record: CXX_FEATURE:0cxx_generic_lambdas
    Feature record: CXX_FEATURE:0cxx_inheriting_constructors
    Feature record: CXX_FEATURE:0cxx_inline_namespaces
    Feature record: CXX_FEATURE:0cxx_lambdas
    Feature record: CXX_FEATURE:0cxx_lambda_init_captures
    Feature record: CXX_FEATURE:0cxx_local_type_template_args
    Feature record: CXX_FEATURE:0cxx_long_long_type
    Feature record: CXX_FEATURE:0cxx_noexcept
    Feature record: CXX_FEATURE:0cxx_nonstatic_member_init
    Feature record: CXX_FEATURE:0cxx_nullptr
    Feature record: CXX_FEATURE:0cxx_override
    Feature record: CXX_FEATURE:0cxx_range_for
    Feature record: CXX_FEATURE:0cxx_raw_string_literals
    Feature record: CXX_FEATURE:0cxx_reference_qualified_functions
    Feature record: CXX_FEATURE:0cxx_relaxed_constexpr
    Feature record: CXX_FEATURE:0cxx_return_type_deduction
    Feature record: CXX_FEATURE:0cxx_right_angle_brackets
    Feature record: CXX_FEATURE:0cxx_rvalue_references
    Feature record: CXX_FEATURE:0cxx_sizeof_member
    Feature record: CXX_FEATURE:0cxx_static_assert
    Feature record: CXX_FEATURE:0cxx_strong_enums
    Feature record: CXX_FEATURE:1cxx_template_template_parameters
    Feature record: CXX_FEATURE:0cxx_thread_local
    Feature record: CXX_FEATURE:0cxx_trailing_return_types
    Feature record: CXX_FEATURE:0cxx_unicode_literals
    Feature record: CXX_FEATURE:0cxx_uniform_initialization
    Feature record: CXX_FEATURE:0cxx_unrestricted_unions
    Feature record: CXX_FEATURE:0cxx_user_literals
    Feature record: CXX_FEATURE:0cxx_variable_templates
    Feature record: CXX_FEATURE:0cxx_variadic_macros
    Feature record: CXX_FEATURE:0cxx_variadic_templates
Performing C++ SOURCE FILE Test SUPPORTS_FVISIBILITY_INLINES_HIDDEN_FLAG succeded with the following output:
Change Dir: /home/sruthi/LLVM/installed/llvm-4.0.0.src/lib/Transforms/ReachingDefns/CMakeFiles/CMakeTmp

Run Build Command:"/usr/bin/make" "cmTC_0dbe6/fast"
/usr/bin/make -f CMakeFiles/cmTC_0dbe6.dir/build.make CMakeFiles/cmTC_0dbe6.dir/build
make[1]: Entering directory '/home/sruthi/LLVM/installed/llvm-4.0.0.src/lib/Transforms/ReachingDefns/CMakeFiles/CMakeTmp'
Building CXX object CMakeFiles/cmTC_0dbe6.dir/src.cxx.o
/usr/bin/c++     -DSUPPORTS_FVISIBILITY_INLINES_HIDDEN_FLAG   -fvisibility-inlines-hidden -o CMakeFiles/cmTC_0dbe6.dir/src.cxx.o -c /home/sruthi/LLVM/installed/llvm-4.0.0.src/lib/Transforms/ReachingDefns/CMakeFiles/CMakeTmp/src.cxx
Linking CXX executable cmTC_0dbe6
/usr/bin/cmake -E cmake_link_script CMakeFiles/cmTC_0dbe6.dir/link.txt --verbose=1
/usr/bin/c++    -DSUPPORTS_FVISIBILITY_INLINES_HIDDEN_FLAG    CMakeFiles/cmTC_0dbe6.dir/src.cxx.o  -o cmTC_0dbe6 -rdynamic 
make[1]: Leaving directory '/home/sruthi/LLVM/installed/llvm-4.0.0.src/lib/Transforms/ReachingDefns/CMakeFiles/CMakeTmp'

Source file was:
int main() { return 0; }
Performing C SOURCE FILE Test C_SUPPORTS_WERROR_DATE_TIME succeded with the following output:
Change Dir: /home/sruthi/LLVM/installed/llvm-4.0.0.src/lib/Transforms/ReachingDefns/CMakeFiles/CMakeTmp

Run Build Command:"/usr/bin/make" "cmTC_c71ac/fast"
/usr/bin/make -f CMakeFiles/cmTC_c71ac.dir/build.make CMakeFiles/cmTC_c71ac.dir/build
make[1]: Entering directory '/home/sruthi/LLVM/installed/llvm-4.0.0.src/lib/Transforms/ReachingDefns/CMakeFiles/CMakeTmp'
Building C object CMakeFiles/cmTC_c71ac.dir/src.c.o
/usr/bin/cc    -DC_SUPPORTS_WERROR_DATE_TIME   -Werror -Werror=date-time -o CMakeFiles/cmTC_c71ac.dir/src.c.o   -c /home/sruthi/LLVM/installed/llvm-4.0.0.src/lib/Transforms/ReachingDefns/CMakeFiles/CMakeTmp/src.c
Linking C executable cmTC_c71ac
/usr/bin/cmake -E cmake_link_script CMakeFiles/cmTC_c71ac.dir/link.txt --verbose=1
/usr/bin/cc   -DC_SUPPORTS_WERROR_DATE_TIME    CMakeFiles/cmTC_c71ac.dir/src.c.o  -o cmTC_c71ac -rdynamic 
make[1]: Leaving directory '/home/sruthi/LLVM/installed/llvm-4.0.0.src/lib/Transforms/ReachingDefns/CMakeFiles/CMakeTmp'

Source file was:
int main(void) { return 0; }
Performing C++ SOURCE FILE Test CXX_SUPPORTS_WERROR_DATE_TIME succeded with the following output:
Change Dir: /home/sruthi/LLVM/installed/llvm-4.0.0.src/lib/Transforms/ReachingDefns/CMakeFiles/CMakeTmp

Run Build Command:"/usr/bin/make" "cmTC_0e523/fast"
/usr/bin/make -f CMakeFiles/cmTC_0e523.dir/build.make CMakeFiles/cmTC_0e523.dir/build
make[1]: Entering directory '/home/sruthi/LLVM/installed/llvm-4.0.0.src/lib/Transforms/ReachingDefns/CMakeFiles/CMakeTmp'
Building CXX object CMakeFiles/cmTC_0e523.dir/src.cxx.o
/usr/bin/c++     -fvisibility-inlines-hidden -DCXX_SUPPORTS_WERROR_DATE_TIME   -Werror -Werror=date-time -o CMakeFiles/cmTC_0e523.dir/src.cxx.o -c /home/sruthi/LLVM/installed/llvm-4.0.0.src/lib/Transforms/ReachingDefns/CMakeFiles/CMakeTmp/src.cxx
Linking CXX executable cmTC_0e523
/usr/bin/cmake -E cmake_link_script CMakeFiles/cmTC_0e523.dir/link.txt --verbose=1
/usr/bin/c++    -fvisibility-inlines-hidden -DCXX_SUPPORTS_WERROR_DATE_TIME    CMakeFiles/cmTC_0e523.dir/src.cxx.o  -o cmTC_0e523 -rdynamic 
make[1]: Leaving directory '/home/sruthi/LLVM/installed/llvm-4.0.0.src/lib/Transforms/ReachingDefns/CMakeFiles/CMakeTmp'

Source file was:
int main() { return 0; }
Performing C++ SOURCE FILE Test CXX_SUPPORTS_CXX11 succeded with the following output:
Change Dir: /home/sruthi/LLVM/installed/llvm-4.0.0.src/lib/Transforms/ReachingDefns/CMakeFiles/CMakeTmp

Run Build Command:"/usr/bin/make" "cmTC_bcc89/fast"
/usr/bin/make -f CMakeFiles/cmTC_bcc89.dir/build.make CMakeFiles/cmTC_bcc89.dir/build
make[1]: Entering directory '/home/sruthi/LLVM/installed/llvm-4.0.0.src/lib/Transforms/ReachingDefns/CMakeFiles/CMakeTmp'
Building CXX object CMakeFiles/cmTC_bcc89.dir/src.cxx.o
/usr/bin/c++     -fvisibility-inlines-hidden -Werror=date-time -DCXX_SUPPORTS_CXX11   -std=c++11 -o CMakeFiles/cmTC_bcc89.dir/src.cxx.o -c /home/sruthi/LLVM/installed/llvm-4.0.0.src/lib/Transforms/ReachingDefns/CMakeFiles/CMakeTmp/src.cxx
Linking CXX executable cmTC_bcc89
/usr/bin/cmake -E cmake_link_script CMakeFiles/cmTC_bcc89.dir/link.txt --verbose=1
/usr/bin/c++    -fvisibility-inlines-hidden -Werror=date-time -DCXX_SUPPORTS_CXX11    CMakeFiles/cmTC_bcc89.dir/src.cxx.o  -o cmTC_bcc89 -rdynamic 
make[1]: Leaving directory '/home/sruthi/LLVM/installed/llvm-4.0.0.src/lib/Transforms/ReachingDefns/CMakeFiles/CMakeTmp'

Source file was:
int main() { return 0; }
Performing C SOURCE FILE Test C_SUPPORTS_FNO_FUNCTION_SECTIONS succeded with the following output:
Change Dir: /home/sruthi/LLVM/installed/llvm-4.0.0.src/lib/Transforms/ReachingDefns/CMakeFiles/CMakeTmp

Run Build Command:"/usr/bin/make" "cmTC_f6eec/fast"
/usr/bin/make -f CMakeFiles/cmTC_f6eec.dir/build.make CMakeFiles/cmTC_f6eec.dir/build
make[1]: Entering directory '/home/sruthi/LLVM/installed/llvm-4.0.0.src/lib/Transforms/ReachingDefns/CMakeFiles/CMakeTmp'
Building C object CMakeFiles/cmTC_f6eec.dir/src.c.o
/usr/bin/cc    -Werror=date-time -DC_SUPPORTS_FNO_FUNCTION_SECTIONS   -Werror -fno-function-sections -o CMakeFiles/cmTC_f6eec.dir/src.c.o   -c /home/sruthi/LLVM/installed/llvm-4.0.0.src/lib/Transforms/ReachingDefns/CMakeFiles/CMakeTmp/src.c
Linking C executable cmTC_f6eec
/usr/bin/cmake -E cmake_link_script CMakeFiles/cmTC_f6eec.dir/link.txt --verbose=1
/usr/bin/cc   -Werror=date-time -DC_SUPPORTS_FNO_FUNCTION_SECTIONS    CMakeFiles/cmTC_f6eec.dir/src.c.o  -o cmTC_f6eec -rdynamic 
make[1]: Leaving directory '/home/sruthi/LLVM/installed/llvm-4.0.0.src/lib/Transforms/ReachingDefns/CMakeFiles/CMakeTmp'

Source file was:
int main(void) { return 0; }
Performing C SOURCE FILE Test C_SUPPORTS_FFUNCTION_SECTIONS succeded with the following output:
Change Dir: /home/sruthi/LLVM/installed/llvm-4.0.0.src/lib/Transforms/ReachingDefns/CMakeFiles/CMakeTmp

Run Build Command:"/usr/bin/make" "cmTC_e3fd6/fast"
/usr/bin/make -f CMakeFiles/cmTC_e3fd6.dir/build.make CMakeFiles/cmTC_e3fd6.dir/build
make[1]: Entering directory '/home/sruthi/LLVM/installed/llvm-4.0.0.src/lib/Transforms/ReachingDefns/CMakeFiles/CMakeTmp'
Building C object CMakeFiles/cmTC_e3fd6.dir/src.c.o
/usr/bin/cc    -Werror=date-time -DC_SUPPORTS_FFUNCTION_SECTIONS   -Werror -ffunction-sections -o CMakeFiles/cmTC_e3fd6.dir/src.c.o   -c /home/sruthi/LLVM/installed/llvm-4.0.0.src/lib/Transforms/ReachingDefns/CMakeFiles/CMakeTmp/src.c
Linking C executable cmTC_e3fd6
/usr/bin/cmake -E cmake_link_script CMakeFiles/cmTC_e3fd6.dir/link.txt --verbose=1
/usr/bin/cc   -Werror=date-time -DC_SUPPORTS_FFUNCTION_SECTIONS    CMakeFiles/cmTC_e3fd6.dir/src.c.o  -o cmTC_e3fd6 -rdynamic 
make[1]: Leaving directory '/home/sruthi/LLVM/installed/llvm-4.0.0.src/lib/Transforms/ReachingDefns/CMakeFiles/CMakeTmp'

Source file was:
int main(void) { return 0; }
Performing C++ SOURCE FILE Test CXX_SUPPORTS_FFUNCTION_SECTIONS succeded with the following output:
Change Dir: /home/sruthi/LLVM/installed/llvm-4.0.0.src/lib/Transforms/ReachingDefns/CMakeFiles/CMakeTmp

Run Build Command:"/usr/bin/make" "cmTC_0a57e/fast"
/usr/bin/make -f CMakeFiles/cmTC_0a57e.dir/build.make CMakeFiles/cmTC_0a57e.dir/build
make[1]: Entering directory '/home/sruthi/LLVM/installed/llvm-4.0.0.src/lib/Transforms/ReachingDefns/CMakeFiles/CMakeTmp'
Building CXX object CMakeFiles/cmTC_0a57e.dir/src.cxx.o
/usr/bin/c++     -fvisibility-inlines-hidden -Werror=date-time -std=c++11 -DCXX_SUPPORTS_FFUNCTION_SECTIONS   -Werror -ffunction-sections -o CMakeFiles/cmTC_0a57e.dir/src.cxx.o -c /home/sruthi/LLVM/installed/llvm-4.0.0.src/lib/Transforms/ReachingDefns/CMakeFiles/CMakeTmp/src.cxx
Linking CXX executable cmTC_0a57e
/usr/bin/cmake -E cmake_link_script CMakeFiles/cmTC_0a57e.dir/link.txt --verbose=1
/usr/bin/c++    -fvisibility-inlines-hidden -Werror=date-time -std=c++11 -DCXX_SUPPORTS_FFUNCTION_SECTIONS    CMakeFiles/cmTC_0a57e.dir/src.cxx.o  -o cmTC_0a57e -rdynamic 
make[1]: Leaving directory '/home/sruthi/LLVM/installed/llvm-4.0.0.src/lib/Transforms/ReachingDefns/CMakeFiles/CMakeTmp'

Source file was:
int main() { return 0; }
Performing C SOURCE FILE Test C_SUPPORTS_FDATA_SECTIONS succeded with the following output:
Change Dir: /home/sruthi/LLVM/installed/llvm-4.0.0.src/lib/Transforms/ReachingDefns/CMakeFiles/CMakeTmp

Run Build Command:"/usr/bin/make" "cmTC_c4ad8/fast"
/usr/bin/make -f CMakeFiles/cmTC_c4ad8.dir/build.make CMakeFiles/cmTC_c4ad8.dir/build
make[1]: Entering directory '/home/sruthi/LLVM/installed/llvm-4.0.0.src/lib/Transforms/ReachingDefns/CMakeFiles/CMakeTmp'
Building C object CMakeFiles/cmTC_c4ad8.dir/src.c.o
/usr/bin/cc    -Werror=date-time -ffunction-sections -DC_SUPPORTS_FDATA_SECTIONS   -Werror -fdata-sections -o CMakeFiles/cmTC_c4ad8.dir/src.c.o   -c /home/sruthi/LLVM/installed/llvm-4.0.0.src/lib/Transforms/ReachingDefns/CMakeFiles/CMakeTmp/src.c
Linking C executable cmTC_c4ad8
/usr/bin/cmake -E cmake_link_script CMakeFiles/cmTC_c4ad8.dir/link.txt --verbose=1
/usr/bin/cc   -Werror=date-time -ffunction-sections -DC_SUPPORTS_FDATA_SECTIONS    CMakeFiles/cmTC_c4ad8.dir/src.c.o  -o cmTC_c4ad8 -rdynamic 
make[1]: Leaving directory '/home/sruthi/LLVM/installed/llvm-4.0.0.src/lib/Transforms/ReachingDefns/CMakeFiles/CMakeTmp'

Source file was:
int main(void) { return 0; }
Performing C++ SOURCE FILE Test CXX_SUPPORTS_FDATA_SECTIONS succeded with the following output:
Change Dir: /home/sruthi/LLVM/installed/llvm-4.0.0.src/lib/Transforms/ReachingDefns/CMakeFiles/CMakeTmp

Run Build Command:"/usr/bin/make" "cmTC_ffb16/fast"
/usr/bin/make -f CMakeFiles/cmTC_ffb16.dir/build.make CMakeFiles/cmTC_ffb16.dir/build
make[1]: Entering directory '/home/sruthi/LLVM/installed/llvm-4.0.0.src/lib/Transforms/ReachingDefns/CMakeFiles/CMakeTmp'
Building CXX object CMakeFiles/cmTC_ffb16.dir/src.cxx.o
/usr/bin/c++     -fvisibility-inlines-hidden -Werror=date-time -std=c++11 -ffunction-sections -DCXX_SUPPORTS_FDATA_SECTIONS   -Werror -fdata-sections -o CMakeFiles/cmTC_ffb16.dir/src.cxx.o -c /home/sruthi/LLVM/installed/llvm-4.0.0.src/lib/Transforms/ReachingDefns/CMakeFiles/CMakeTmp/src.cxx
Linking CXX executable cmTC_ffb16
/usr/bin/cmake -E cmake_link_script CMakeFiles/cmTC_ffb16.dir/link.txt --verbose=1
/usr/bin/c++    -fvisibility-inlines-hidden -Werror=date-time -std=c++11 -ffunction-sections -DCXX_SUPPORTS_FDATA_SECTIONS    CMakeFiles/cmTC_ffb16.dir/src.cxx.o  -o cmTC_ffb16 -rdynamic 
make[1]: Leaving directory '/home/sruthi/LLVM/installed/llvm-4.0.0.src/lib/Transforms/ReachingDefns/CMakeFiles/CMakeTmp'

Source file was:
int main() { return 0; }
Performing C++ SOURCE FILE Test SUPPORTS_FVISIBILITY_INLINES_HIDDEN_FLAG succeded with the following output:
Change Dir: /home/sruthi/LLVM/installed/llvm-4.0.0.src/lib/Transforms/CompOptDSL/ReachingDefns/CMakeFiles/CMakeTmp

Run Build Command:"/usr/bin/make" "cmTC_880dc/fast"
/usr/bin/make -f CMakeFiles/cmTC_880dc.dir/build.make CMakeFiles/cmTC_880dc.dir/build
make[1]: Entering directory '/home/sruthi/LLVM/installed/llvm-4.0.0.src/lib/Transforms/CompOptDSL/ReachingDefns/CMakeFiles/CMakeTmp'
Building CXX object CMakeFiles/cmTC_880dc.dir/src.cxx.o
/usr/bin/c++     -DSUPPORTS_FVISIBILITY_INLINES_HIDDEN_FLAG   -fvisibility-inlines-hidden -o CMakeFiles/cmTC_880dc.dir/src.cxx.o -c /home/sruthi/LLVM/installed/llvm-4.0.0.src/lib/Transforms/CompOptDSL/ReachingDefns/CMakeFiles/CMakeTmp/src.cxx
Linking CXX executable cmTC_880dc
/usr/bin/cmake -E cmake_link_script CMakeFiles/cmTC_880dc.dir/link.txt --verbose=1
/usr/bin/c++    -DSUPPORTS_FVISIBILITY_INLINES_HIDDEN_FLAG    CMakeFiles/cmTC_880dc.dir/src.cxx.o  -o cmTC_880dc -rdynamic 
make[1]: Leaving directory '/home/sruthi/LLVM/installed/llvm-4.0.0.src/lib/Transforms/CompOptDSL/ReachingDefns/CMakeFiles/CMakeTmp'

Source file was:
int main() { return 0; }
Performing C SOURCE FILE Test C_SUPPORTS_WERROR_DATE_TIME succeded with the following output:
Change Dir: /home/sruthi/LLVM/installed/llvm-4.0.0.src/lib/Transforms/CompOptDSL/ReachingDefns/CMakeFiles/CMakeTmp

Run Build Command:"/usr/bin/make" "cmTC_9c892/fast"
/usr/bin/make -f CMakeFiles/cmTC_9c892.dir/build.make CMakeFiles/cmTC_9c892.dir/build
make[1]: Entering directory '/home/sruthi/LLVM/installed/llvm-4.0.0.src/lib/Transforms/CompOptDSL/ReachingDefns/CMakeFiles/CMakeTmp'
Building C object CMakeFiles/cmTC_9c892.dir/src.c.o
/usr/bin/cc    -DC_SUPPORTS_WERROR_DATE_TIME   -Werror -Werror=date-time -o CMakeFiles/cmTC_9c892.dir/src.c.o   -c /home/sruthi/LLVM/installed/llvm-4.0.0.src/lib/Transforms/CompOptDSL/ReachingDefns/CMakeFiles/CMakeTmp/src.c
Linking C executable cmTC_9c892
/usr/bin/cmake -E cmake_link_script CMakeFiles/cmTC_9c892.dir/link.txt --verbose=1
/usr/bin/cc   -DC_SUPPORTS_WERROR_DATE_TIME    CMakeFiles/cmTC_9c892.dir/src.c.o  -o cmTC_9c892 -rdynamic 
make[1]: Leaving directory '/home/sruthi/LLVM/installed/llvm-4.0.0.src/lib/Transforms/CompOptDSL/ReachingDefns/CMakeFiles/CMakeTmp'

Source file was:
int main(void) { return 0; }
Performing C++ SOURCE FILE Test CXX_SUPPORTS_WERROR_DATE_TIME succeded with the following output:
Change Dir: /home/sruthi/LLVM/installed/llvm-4.0.0.src/lib/Transforms/CompOptDSL/ReachingDefns/CMakeFiles/CMakeTmp

Run Build Command:"/usr/bin/make" "cmTC_7153a/fast"
/usr/bin/make -f CMakeFiles/cmTC_7153a.dir/build.make CMakeFiles/cmTC_7153a.dir/build
make[1]: Entering directory '/home/sruthi/LLVM/installed/llvm-4.0.0.src/lib/Transforms/CompOptDSL/ReachingDefns/CMakeFiles/CMakeTmp'
Building CXX object CMakeFiles/cmTC_7153a.dir/src.cxx.o
/usr/bin/c++     -fvisibility-inlines-hidden -DCXX_SUPPORTS_WERROR_DATE_TIME   -Werror -Werror=date-time -o CMakeFiles/cmTC_7153a.dir/src.cxx.o -c /home/sruthi/LLVM/installed/llvm-4.0.0.src/lib/Transforms/CompOptDSL/ReachingDefns/CMakeFiles/CMakeTmp/src.cxx
Linking CXX executable cmTC_7153a
/usr/bin/cmake -E cmake_link_script CMakeFiles/cmTC_7153a.dir/link.txt --verbose=1
/usr/bin/c++    -fvisibility-inlines-hidden -DCXX_SUPPORTS_WERROR_DATE_TIME    CMakeFiles/cmTC_7153a.dir/src.cxx.o  -o cmTC_7153a -rdynamic 
make[1]: Leaving directory '/home/sruthi/LLVM/installed/llvm-4.0.0.src/lib/Transforms/CompOptDSL/ReachingDefns/CMakeFiles/CMakeTmp'

Source file was:
int main() { return 0; }
Performing C++ SOURCE FILE Test CXX_SUPPORTS_CXX11 succeded with the following output:
Change Dir: /home/sruthi/LLVM/installed/llvm-4.0.0.src/lib/Transforms/CompOptDSL/ReachingDefns/CMakeFiles/CMakeTmp

Run Build Command:"/usr/bin/make" "cmTC_852f5/fast"
/usr/bin/make -f CMakeFiles/cmTC_852f5.dir/build.make CMakeFiles/cmTC_852f5.dir/build
make[1]: Entering directory '/home/sruthi/LLVM/installed/llvm-4.0.0.src/lib/Transforms/CompOptDSL/ReachingDefns/CMakeFiles/CMakeTmp'
Building CXX object CMakeFiles/cmTC_852f5.dir/src.cxx.o
/usr/bin/c++     -fvisibility-inlines-hidden -Werror=date-time -DCXX_SUPPORTS_CXX11   -std=c++11 -o CMakeFiles/cmTC_852f5.dir/src.cxx.o -c /home/sruthi/LLVM/installed/llvm-4.0.0.src/lib/Transforms/CompOptDSL/ReachingDefns/CMakeFiles/CMakeTmp/src.cxx
Linking CXX executable cmTC_852f5
/usr/bin/cmake -E cmake_link_script CMakeFiles/cmTC_852f5.dir/link.txt --verbose=1
/usr/bin/c++    -fvisibility-inlines-hidden -Werror=date-time -DCXX_SUPPORTS_CXX11    CMakeFiles/cmTC_852f5.dir/src.cxx.o  -o cmTC_852f5 -rdynamic 
make[1]: Leaving directory '/home/sruthi/LLVM/installed/llvm-4.0.0.src/lib/Transforms/CompOptDSL/ReachingDefns/CMakeFiles/CMakeTmp'

Source file was:
int main() { return 0; }
Performing C SOURCE FILE Test C_SUPPORTS_FNO_FUNCTION_SECTIONS succeded with the following output:
Change Dir: /home/sruthi/LLVM/installed/llvm-4.0.0.src/lib/Transforms/CompOptDSL/ReachingDefns/CMakeFiles/CMakeTmp

Run Build Command:"/usr/bin/make" "cmTC_4913b/fast"
/usr/bin/make -f CMakeFiles/cmTC_4913b.dir/build.make CMakeFiles/cmTC_4913b.dir/build
make[1]: Entering directory '/home/sruthi/LLVM/installed/llvm-4.0.0.src/lib/Transforms/CompOptDSL/ReachingDefns/CMakeFiles/CMakeTmp'
Building C object CMakeFiles/cmTC_4913b.dir/src.c.o
/usr/bin/cc    -Werror=date-time -DC_SUPPORTS_FNO_FUNCTION_SECTIONS   -Werror -fno-function-sections -o CMakeFiles/cmTC_4913b.dir/src.c.o   -c /home/sruthi/LLVM/installed/llvm-4.0.0.src/lib/Transforms/CompOptDSL/ReachingDefns/CMakeFiles/CMakeTmp/src.c
Linking C executable cmTC_4913b
/usr/bin/cmake -E cmake_link_script CMakeFiles/cmTC_4913b.dir/link.txt --verbose=1
/usr/bin/cc   -Werror=date-time -DC_SUPPORTS_FNO_FUNCTION_SECTIONS    CMakeFiles/cmTC_4913b.dir/src.c.o  -o cmTC_4913b -rdynamic 
make[1]: Leaving directory '/home/sruthi/LLVM/installed/llvm-4.0.0.src/lib/Transforms/CompOptDSL/ReachingDefns/CMakeFiles/CMakeTmp'

Source file was:
int main(void) { return 0; }
Performing C SOURCE FILE Test C_SUPPORTS_FFUNCTION_SECTIONS succeded with the following output:
Change Dir: /home/sruthi/LLVM/installed/llvm-4.0.0.src/lib/Transforms/CompOptDSL/ReachingDefns/CMakeFiles/CMakeTmp

Run Build Command:"/usr/bin/make" "cmTC_3a401/fast"
/usr/bin/make -f CMakeFiles/cmTC_3a401.dir/build.make CMakeFiles/cmTC_3a401.dir/build
make[1]: Entering directory '/home/sruthi/LLVM/installed/llvm-4.0.0.src/lib/Transforms/CompOptDSL/ReachingDefns/CMakeFiles/CMakeTmp'
Building C object CMakeFiles/cmTC_3a401.dir/src.c.o
/usr/bin/cc    -Werror=date-time -DC_SUPPORTS_FFUNCTION_SECTIONS   -Werror -ffunction-sections -o CMakeFiles/cmTC_3a401.dir/src.c.o   -c /home/sruthi/LLVM/installed/llvm-4.0.0.src/lib/Transforms/CompOptDSL/ReachingDefns/CMakeFiles/CMakeTmp/src.c
Linking C executable cmTC_3a401
/usr/bin/cmake -E cmake_link_script CMakeFiles/cmTC_3a401.dir/link.txt --verbose=1
/usr/bin/cc   -Werror=date-time -DC_SUPPORTS_FFUNCTION_SECTIONS    CMakeFiles/cmTC_3a401.dir/src.c.o  -o cmTC_3a401 -rdynamic 
make[1]: Leaving directory '/home/sruthi/LLVM/installed/llvm-4.0.0.src/lib/Transforms/CompOptDSL/ReachingDefns/CMakeFiles/CMakeTmp'

Source file was:
int main(void) { return 0; }
Performing C++ SOURCE FILE Test CXX_SUPPORTS_FFUNCTION_SECTIONS succeded with the following output:
Change Dir: /home/sruthi/LLVM/installed/llvm-4.0.0.src/lib/Transforms/CompOptDSL/ReachingDefns/CMakeFiles/CMakeTmp

Run Build Command:"/usr/bin/make" "cmTC_3724f/fast"
/usr/bin/make -f CMakeFiles/cmTC_3724f.dir/build.make CMakeFiles/cmTC_3724f.dir/build
make[1]: Entering directory '/home/sruthi/LLVM/installed/llvm-4.0.0.src/lib/Transforms/CompOptDSL/ReachingDefns/CMakeFiles/CMakeTmp'
Building CXX object CMakeFiles/cmTC_3724f.dir/src.cxx.o
/usr/bin/c++     -fvisibility-inlines-hidden -Werror=date-time -std=c++11 -DCXX_SUPPORTS_FFUNCTION_SECTIONS   -Werror -ffunction-sections -o CMakeFiles/cmTC_3724f.dir/src.cxx.o -c /home/sruthi/LLVM/installed/llvm-4.0.0.src/lib/Transforms/CompOptDSL/ReachingDefns/CMakeFiles/CMakeTmp/src.cxx
Linking CXX executable cmTC_3724f
/usr/bin/cmake -E cmake_link_script CMakeFiles/cmTC_3724f.dir/link.txt --verbose=1
/usr/bin/c++    -fvisibility-inlines-hidden -Werror=date-time -std=c++11 -DCXX_SUPPORTS_FFUNCTION_SECTIONS    CMakeFiles/cmTC_3724f.dir/src.cxx.o  -o cmTC_3724f -rdynamic 
make[1]: Leaving directory '/home/sruthi/LLVM/installed/llvm-4.0.0.src/lib/Transforms/CompOptDSL/ReachingDefns/CMakeFiles/CMakeTmp'

Source file was:
int main() { return 0; }
Performing C SOURCE FILE Test C_SUPPORTS_FDATA_SECTIONS succeded with the following output:
Change Dir: /home/sruthi/LLVM/installed/llvm-4.0.0.src/lib/Transforms/CompOptDSL/ReachingDefns/CMakeFiles/CMakeTmp

Run Build Command:"/usr/bin/make" "cmTC_e4dc9/fast"
/usr/bin/make -f CMakeFiles/cmTC_e4dc9.dir/build.make CMakeFiles/cmTC_e4dc9.dir/build
make[1]: Entering directory '/home/sruthi/LLVM/installed/llvm-4.0.0.src/lib/Transforms/CompOptDSL/ReachingDefns/CMakeFiles/CMakeTmp'
Building C object CMakeFiles/cmTC_e4dc9.dir/src.c.o
/usr/bin/cc    -Werror=date-time -ffunction-sections -DC_SUPPORTS_FDATA_SECTIONS   -Werror -fdata-sections -o CMakeFiles/cmTC_e4dc9.dir/src.c.o   -c /home/sruthi/LLVM/installed/llvm-4.0.0.src/lib/Transforms/CompOptDSL/ReachingDefns/CMakeFiles/CMakeTmp/src.c
Linking C executable cmTC_e4dc9
/usr/bin/cmake -E cmake_link_script CMakeFiles/cmTC_e4dc9.dir/link.txt --verbose=1
/usr/bin/cc   -Werror=date-time -ffunction-sections -DC_SUPPORTS_FDATA_SECTIONS    CMakeFiles/cmTC_e4dc9.dir/src.c.o  -o cmTC_e4dc9 -rdynamic 
make[1]: Leaving directory '/home/sruthi/LLVM/installed/llvm-4.0.0.src/lib/Transforms/CompOptDSL/ReachingDefns/CMakeFiles/CMakeTmp'

Source file was:
int main(void) { return 0; }
Performing C++ SOURCE FILE Test CXX_SUPPORTS_FDATA_SECTIONS succeded with the following output:
Change Dir: /home/sruthi/LLVM/installed/llvm-4.0.0.src/lib/Transforms/CompOptDSL/ReachingDefns/CMakeFiles/CMakeTmp

Run Build Command:"/usr/bin/make" "cmTC_00e6e/fast"
/usr/bin/make -f CMakeFiles/cmTC_00e6e.dir/build.make CMakeFiles/cmTC_00e6e.dir/build
make[1]: Entering directory '/home/sruthi/LLVM/installed/llvm-4.0.0.src/lib/Transforms/CompOptDSL/ReachingDefns/CMakeFiles/CMakeTmp'
Building CXX object CMakeFiles/cmTC_00e6e.dir/src.cxx.o
/usr/bin/c++     -fvisibility-inlines-hidden -Werror=date-time -std=c++11 -ffunction-sections -DCXX_SUPPORTS_FDATA_SECTIONS   -Werror -fdata-sections -o CMakeFiles/cmTC_00e6e.dir/src.cxx.o -c /home/sruthi/LLVM/installed/llvm-4.0.0.src/lib/Transforms/CompOptDSL/ReachingDefns/CMakeFiles/CMakeTmp/src.cxx
Linking CXX executable cmTC_00e6e
/usr/bin/cmake -E cmake_link_script CMakeFiles/cmTC_00e6e.dir/link.txt --verbose=1
/usr/bin/c++    -fvisibility-inlines-hidden -Werror=date-time -std=c++11 -ffunction-sections -DCXX_SUPPORTS_FDATA_SECTIONS    CMakeFiles/cmTC_00e6e.dir/src.cxx.o  -o cmTC_00e6e -rdynamic 
make[1]: Leaving directory '/home/sruthi/LLVM/installed/llvm-4.0.0.src/lib/Transforms/CompOptDSL/ReachingDefns/CMakeFiles/CMakeTmp'

Source file was:
int main() { return 0; }
Performing C++ SOURCE FILE Test SUPPORTS_FVISIBILITY_INLINES_HIDDEN_FLAG succeded with the following output:
Change Dir: /home/sruthi/LLVM/installed/llvm-4.0.0.src/lib/Transforms/CompOptDSL/ReachingDefns/CMakeFiles/CMakeTmp

Run Build Command:"/usr/bin/make" "cmTC_5d244/fast"
/usr/bin/make -f CMakeFiles/cmTC_5d244.dir/build.make CMakeFiles/cmTC_5d244.dir/build
make[1]: Entering directory '/home/sruthi/LLVM/installed/llvm-4.0.0.src/lib/Transforms/CompOptDSL/ReachingDefns/CMakeFiles/CMakeTmp'
Building CXX object CMakeFiles/cmTC_5d244.dir/src.cxx.o
/usr/bin/c++     -DSUPPORTS_FVISIBILITY_INLINES_HIDDEN_FLAG   -fvisibility-inlines-hidden -o CMakeFiles/cmTC_5d244.dir/src.cxx.o -c /home/sruthi/LLVM/installed/llvm-4.0.0.src/lib/Transforms/CompOptDSL/ReachingDefns/CMakeFiles/CMakeTmp/src.cxx
Linking CXX executable cmTC_5d244
/usr/bin/cmake -E cmake_link_script CMakeFiles/cmTC_5d244.dir/link.txt --verbose=1
/usr/bin/c++    -DSUPPORTS_FVISIBILITY_INLINES_HIDDEN_FLAG    CMakeFiles/cmTC_5d244.dir/src.cxx.o  -o cmTC_5d244 -rdynamic 
make[1]: Leaving directory '/home/sruthi/LLVM/installed/llvm-4.0.0.src/lib/Transforms/CompOptDSL/ReachingDefns/CMakeFiles/CMakeTmp'

Source file was:
int main() { return 0; }
Performing C SOURCE FILE Test C_SUPPORTS_WERROR_DATE_TIME succeded with the following output:
Change Dir: /home/sruthi/LLVM/installed/llvm-4.0.0.src/lib/Transforms/CompOptDSL/ReachingDefns/CMakeFiles/CMakeTmp

Run Build Command:"/usr/bin/make" "cmTC_597fd/fast"
/usr/bin/make -f CMakeFiles/cmTC_597fd.dir/build.make CMakeFiles/cmTC_597fd.dir/build
make[1]: Entering directory '/home/sruthi/LLVM/installed/llvm-4.0.0.src/lib/Transforms/CompOptDSL/ReachingDefns/CMakeFiles/CMakeTmp'
Building C object CMakeFiles/cmTC_597fd.dir/src.c.o
/usr/bin/cc    -DC_SUPPORTS_WERROR_DATE_TIME   -Werror -Werror=date-time -o CMakeFiles/cmTC_597fd.dir/src.c.o   -c /home/sruthi/LLVM/installed/llvm-4.0.0.src/lib/Transforms/CompOptDSL/ReachingDefns/CMakeFiles/CMakeTmp/src.c
Linking C executable cmTC_597fd
/usr/bin/cmake -E cmake_link_script CMakeFiles/cmTC_597fd.dir/link.txt --verbose=1
/usr/bin/cc   -DC_SUPPORTS_WERROR_DATE_TIME    CMakeFiles/cmTC_597fd.dir/src.c.o  -o cmTC_597fd -rdynamic 
make[1]: Leaving directory '/home/sruthi/LLVM/installed/llvm-4.0.0.src/lib/Transforms/CompOptDSL/ReachingDefns/CMakeFiles/CMakeTmp'

Source file was:
int main(void) { return 0; }
Performing C++ SOURCE FILE Test CXX_SUPPORTS_WERROR_DATE_TIME succeded with the following output:
Change Dir: /home/sruthi/LLVM/installed/llvm-4.0.0.src/lib/Transforms/CompOptDSL/ReachingDefns/CMakeFiles/CMakeTmp

Run Build Command:"/usr/bin/make" "cmTC_d4f5a/fast"
/usr/bin/make -f CMakeFiles/cmTC_d4f5a.dir/build.make CMakeFiles/cmTC_d4f5a.dir/build
make[1]: Entering directory '/home/sruthi/LLVM/installed/llvm-4.0.0.src/lib/Transforms/CompOptDSL/ReachingDefns/CMakeFiles/CMakeTmp'
Building CXX object CMakeFiles/cmTC_d4f5a.dir/src.cxx.o
/usr/bin/c++     -fvisibility-inlines-hidden -DCXX_SUPPORTS_WERROR_DATE_TIME   -Werror -Werror=date-time -o CMakeFiles/cmTC_d4f5a.dir/src.cxx.o -c /home/sruthi/LLVM/installed/llvm-4.0.0.src/lib/Transforms/CompOptDSL/ReachingDefns/CMakeFiles/CMakeTmp/src.cxx
Linking CXX executable cmTC_d4f5a
/usr/bin/cmake -E cmake_link_script CMakeFiles/cmTC_d4f5a.dir/link.txt --verbose=1
/usr/bin/c++    -fvisibility-inlines-hidden -DCXX_SUPPORTS_WERROR_DATE_TIME    CMakeFiles/cmTC_d4f5a.dir/src.cxx.o  -o cmTC_d4f5a -rdynamic 
make[1]: Leaving directory '/home/sruthi/LLVM/installed/llvm-4.0.0.src/lib/Transforms/CompOptDSL/ReachingDefns/CMakeFiles/CMakeTmp'

Source file was:
int main() { return 0; }
Performing C++ SOURCE FILE Test CXX_SUPPORTS_CXX11 succeded with the following output:
Change Dir: /home/sruthi/LLVM/installed/llvm-4.0.0.src/lib/Transforms/CompOptDSL/ReachingDefns/CMakeFiles/CMakeTmp

Run Build Command:"/usr/bin/make" "cmTC_33520/fast"
/usr/bin/make -f CMakeFiles/cmTC_33520.dir/build.make CMakeFiles/cmTC_33520.dir/build
make[1]: Entering directory '/home/sruthi/LLVM/installed/llvm-4.0.0.src/lib/Transforms/CompOptDSL/ReachingDefns/CMakeFiles/CMakeTmp'
Building CXX object CMakeFiles/cmTC_33520.dir/src.cxx.o
/usr/bin/c++     -fvisibility-inlines-hidden -Werror=date-time -DCXX_SUPPORTS_CXX11   -std=c++11 -o CMakeFiles/cmTC_33520.dir/src.cxx.o -c /home/sruthi/LLVM/installed/llvm-4.0.0.src/lib/Transforms/CompOptDSL/ReachingDefns/CMakeFiles/CMakeTmp/src.cxx
Linking CXX executable cmTC_33520
/usr/bin/cmake -E cmake_link_script CMakeFiles/cmTC_33520.dir/link.txt --verbose=1
/usr/bin/c++    -fvisibility-inlines-hidden -Werror=date-time -DCXX_SUPPORTS_CXX11    CMakeFiles/cmTC_33520.dir/src.cxx.o  -o cmTC_33520 -rdynamic 
make[1]: Leaving directory '/home/sruthi/LLVM/installed/llvm-4.0.0.src/lib/Transforms/CompOptDSL/ReachingDefns/CMakeFiles/CMakeTmp'

Source file was:
int main() { return 0; }
Performing C SOURCE FILE Test C_SUPPORTS_FNO_FUNCTION_SECTIONS succeded with the following output:
Change Dir: /home/sruthi/LLVM/installed/llvm-4.0.0.src/lib/Transforms/CompOptDSL/ReachingDefns/CMakeFiles/CMakeTmp

Run Build Command:"/usr/bin/make" "cmTC_acc63/fast"
/usr/bin/make -f CMakeFiles/cmTC_acc63.dir/build.make CMakeFiles/cmTC_acc63.dir/build
make[1]: Entering directory '/home/sruthi/LLVM/installed/llvm-4.0.0.src/lib/Transforms/CompOptDSL/ReachingDefns/CMakeFiles/CMakeTmp'
Building C object CMakeFiles/cmTC_acc63.dir/src.c.o
/usr/bin/cc    -Werror=date-time -DC_SUPPORTS_FNO_FUNCTION_SECTIONS   -Werror -fno-function-sections -o CMakeFiles/cmTC_acc63.dir/src.c.o   -c /home/sruthi/LLVM/installed/llvm-4.0.0.src/lib/Transforms/CompOptDSL/ReachingDefns/CMakeFiles/CMakeTmp/src.c
Linking C executable cmTC_acc63
/usr/bin/cmake -E cmake_link_script CMakeFiles/cmTC_acc63.dir/link.txt --verbose=1
/usr/bin/cc   -Werror=date-time -DC_SUPPORTS_FNO_FUNCTION_SECTIONS    CMakeFiles/cmTC_acc63.dir/src.c.o  -o cmTC_acc63 -rdynamic 
make[1]: Leaving directory '/home/sruthi/LLVM/installed/llvm-4.0.0.src/lib/Transforms/CompOptDSL/ReachingDefns/CMakeFiles/CMakeTmp'

Source file was:
int main(void) { return 0; }
Performing C SOURCE FILE Test C_SUPPORTS_FFUNCTION_SECTIONS succeded with the following output:
Change Dir: /home/sruthi/LLVM/installed/llvm-4.0.0.src/lib/Transforms/CompOptDSL/ReachingDefns/CMakeFiles/CMakeTmp

Run Build Command:"/usr/bin/make" "cmTC_777d4/fast"
/usr/bin/make -f CMakeFiles/cmTC_777d4.dir/build.make CMakeFiles/cmTC_777d4.dir/build
make[1]: Entering directory '/home/sruthi/LLVM/installed/llvm-4.0.0.src/lib/Transforms/CompOptDSL/ReachingDefns/CMakeFiles/CMakeTmp'
Building C object CMakeFiles/cmTC_777d4.dir/src.c.o
/usr/bin/cc    -Werror=date-time -DC_SUPPORTS_FFUNCTION_SECTIONS   -Werror -ffunction-sections -o CMakeFiles/cmTC_777d4.dir/src.c.o   -c /home/sruthi/LLVM/installed/llvm-4.0.0.src/lib/Transforms/CompOptDSL/ReachingDefns/CMakeFiles/CMakeTmp/src.c
Linking C executable cmTC_777d4
/usr/bin/cmake -E cmake_link_script CMakeFiles/cmTC_777d4.dir/link.txt --verbose=1
/usr/bin/cc   -Werror=date-time -DC_SUPPORTS_FFUNCTION_SECTIONS    CMakeFiles/cmTC_777d4.dir/src.c.o  -o cmTC_777d4 -rdynamic 
make[1]: Leaving directory '/home/sruthi/LLVM/installed/llvm-4.0.0.src/lib/Transforms/CompOptDSL/ReachingDefns/CMakeFiles/CMakeTmp'

Source file was:
int main(void) { return 0; }
Performing C++ SOURCE FILE Test CXX_SUPPORTS_FFUNCTION_SECTIONS succeded with the following output:
Change Dir: /home/sruthi/LLVM/installed/llvm-4.0.0.src/lib/Transforms/CompOptDSL/ReachingDefns/CMakeFiles/CMakeTmp

Run Build Command:"/usr/bin/make" "cmTC_2ed75/fast"
/usr/bin/make -f CMakeFiles/cmTC_2ed75.dir/build.make CMakeFiles/cmTC_2ed75.dir/build
make[1]: Entering directory '/home/sruthi/LLVM/installed/llvm-4.0.0.src/lib/Transforms/CompOptDSL/ReachingDefns/CMakeFiles/CMakeTmp'
Building CXX object CMakeFiles/cmTC_2ed75.dir/src.cxx.o
/usr/bin/c++     -fvisibility-inlines-hidden -Werror=date-time -std=c++11 -DCXX_SUPPORTS_FFUNCTION_SECTIONS   -Werror -ffunction-sections -o CMakeFiles/cmTC_2ed75.dir/src.cxx.o -c /home/sruthi/LLVM/installed/llvm-4.0.0.src/lib/Transforms/CompOptDSL/ReachingDefns/CMakeFiles/CMakeTmp/src.cxx
Linking CXX executable cmTC_2ed75
/usr/bin/cmake -E cmake_link_script CMakeFiles/cmTC_2ed75.dir/link.txt --verbose=1
/usr/bin/c++    -fvisibility-inlines-hidden -Werror=date-time -std=c++11 -DCXX_SUPPORTS_FFUNCTION_SECTIONS    CMakeFiles/cmTC_2ed75.dir/src.cxx.o  -o cmTC_2ed75 -rdynamic 
make[1]: Leaving directory '/home/sruthi/LLVM/installed/llvm-4.0.0.src/lib/Transforms/CompOptDSL/ReachingDefns/CMakeFiles/CMakeTmp'

Source file was:
int main() { return 0; }
Performing C SOURCE FILE Test C_SUPPORTS_FDATA_SECTIONS succeded with the following output:
Change Dir: /home/sruthi/LLVM/installed/llvm-4.0.0.src/lib/Transforms/CompOptDSL/ReachingDefns/CMakeFiles/CMakeTmp

Run Build Command:"/usr/bin/make" "cmTC_45c9e/fast"
/usr/bin/make -f CMakeFiles/cmTC_45c9e.dir/build.make CMakeFiles/cmTC_45c9e.dir/build
make[1]: Entering directory '/home/sruthi/LLVM/installed/llvm-4.0.0.src/lib/Transforms/CompOptDSL/ReachingDefns/CMakeFiles/CMakeTmp'
Building C object CMakeFiles/cmTC_45c9e.dir/src.c.o
/usr/bin/cc    -Werror=date-time -ffunction-sections -DC_SUPPORTS_FDATA_SECTIONS   -Werror -fdata-sections -o CMakeFiles/cmTC_45c9e.dir/src.c.o   -c /home/sruthi/LLVM/installed/llvm-4.0.0.src/lib/Transforms/CompOptDSL/ReachingDefns/CMakeFiles/CMakeTmp/src.c
Linking C executable cmTC_45c9e
/usr/bin/cmake -E cmake_link_script CMakeFiles/cmTC_45c9e.dir/link.txt --verbose=1
/usr/bin/cc   -Werror=date-time -ffunction-sections -DC_SUPPORTS_FDATA_SECTIONS    CMakeFiles/cmTC_45c9e.dir/src.c.o  -o cmTC_45c9e -rdynamic 
make[1]: Leaving directory '/home/sruthi/LLVM/installed/llvm-4.0.0.src/lib/Transforms/CompOptDSL/ReachingDefns/CMakeFiles/CMakeTmp'

Source file was:
int main(void) { return 0; }
Performing C++ SOURCE FILE Test CXX_SUPPORTS_FDATA_SECTIONS succeded with the following output:
Change Dir: /home/sruthi/LLVM/installed/llvm-4.0.0.src/lib/Transforms/CompOptDSL/ReachingDefns/CMakeFiles/CMakeTmp

Run Build Command:"/usr/bin/make" "cmTC_bc813/fast"
/usr/bin/make -f CMakeFiles/cmTC_bc813.dir/build.make CMakeFiles/cmTC_bc813.dir/build
make[1]: Entering directory '/home/sruthi/LLVM/installed/llvm-4.0.0.src/lib/Transforms/CompOptDSL/ReachingDefns/CMakeFiles/CMakeTmp'
Building CXX object CMakeFiles/cmTC_bc813.dir/src.cxx.o
/usr/bin/c++     -fvisibility-inlines-hidden -Werror=date-time -std=c++11 -ffunction-sections -DCXX_SUPPORTS_FDATA_SECTIONS   -Werror -fdata-sections -o CMakeFiles/cmTC_bc813.dir/src.cxx.o -c /home/sruthi/LLVM/installed/llvm-4.0.0.src/lib/Transforms/CompOptDSL/ReachingDefns/CMakeFiles/CMakeTmp/src.cxx
Linking CXX executable cmTC_bc813
/usr/bin/cmake -E cmake_link_script CMakeFiles/cmTC_bc813.dir/link.txt --verbose=1
/usr/bin/c++    -fvisibility-inlines-hidden -Werror=date-time -std=c++11 -ffunction-sections -DCXX_SUPPORTS_FDATA_SECTIONS    CMakeFiles/cmTC_bc813.dir/src.cxx.o  -o cmTC_bc813 -rdynamic 
make[1]: Leaving directory '/home/sruthi/LLVM/installed/llvm-4.0.0.src/lib/Transforms/CompOptDSL/ReachingDefns/CMakeFiles/CMakeTmp'

Source file was:
int main() { return 0; }
Performing C++ SOURCE FILE Test SUPPORTS_FVISIBILITY_INLINES_HIDDEN_FLAG succeded with the following output:
Change Dir: /home/sruthi/LLVM/installed/llvm-4.0.0.src/lib/Transforms/CompOptDSL/DFA-ReachingDefns/CMakeFiles/CMakeTmp

Run Build Command:"/usr/bin/make" "cmTC_b0c10/fast"
/usr/bin/make -f CMakeFiles/cmTC_b0c10.dir/build.make CMakeFiles/cmTC_b0c10.dir/build
make[1]: Entering directory '/home/sruthi/LLVM/installed/llvm-4.0.0.src/lib/Transforms/CompOptDSL/DFA-ReachingDefns/CMakeFiles/CMakeTmp'
Building CXX object CMakeFiles/cmTC_b0c10.dir/src.cxx.o
/usr/bin/c++     -DSUPPORTS_FVISIBILITY_INLINES_HIDDEN_FLAG   -fvisibility-inlines-hidden -o CMakeFiles/cmTC_b0c10.dir/src.cxx.o -c /home/sruthi/LLVM/installed/llvm-4.0.0.src/lib/Transforms/CompOptDSL/DFA-ReachingDefns/CMakeFiles/CMakeTmp/src.cxx
Linking CXX executable cmTC_b0c10
/usr/bin/cmake -E cmake_link_script CMakeFiles/cmTC_b0c10.dir/link.txt --verbose=1
/usr/bin/c++    -DSUPPORTS_FVISIBILITY_INLINES_HIDDEN_FLAG    CMakeFiles/cmTC_b0c10.dir/src.cxx.o  -o cmTC_b0c10 -rdynamic 
make[1]: Leaving directory '/home/sruthi/LLVM/installed/llvm-4.0.0.src/lib/Transforms/CompOptDSL/DFA-ReachingDefns/CMakeFiles/CMakeTmp'

Source file was:
int main() { return 0; }
Performing C SOURCE FILE Test C_SUPPORTS_WERROR_DATE_TIME succeded with the following output:
Change Dir: /home/sruthi/LLVM/installed/llvm-4.0.0.src/lib/Transforms/CompOptDSL/DFA-ReachingDefns/CMakeFiles/CMakeTmp

Run Build Command:"/usr/bin/make" "cmTC_39dfa/fast"
/usr/bin/make -f CMakeFiles/cmTC_39dfa.dir/build.make CMakeFiles/cmTC_39dfa.dir/build
make[1]: Entering directory '/home/sruthi/LLVM/installed/llvm-4.0.0.src/lib/Transforms/CompOptDSL/DFA-ReachingDefns/CMakeFiles/CMakeTmp'
Building C object CMakeFiles/cmTC_39dfa.dir/src.c.o
/usr/bin/cc    -DC_SUPPORTS_WERROR_DATE_TIME   -Werror -Werror=date-time -o CMakeFiles/cmTC_39dfa.dir/src.c.o   -c /home/sruthi/LLVM/installed/llvm-4.0.0.src/lib/Transforms/CompOptDSL/DFA-ReachingDefns/CMakeFiles/CMakeTmp/src.c
Linking C executable cmTC_39dfa
/usr/bin/cmake -E cmake_link_script CMakeFiles/cmTC_39dfa.dir/link.txt --verbose=1
/usr/bin/cc   -DC_SUPPORTS_WERROR_DATE_TIME    CMakeFiles/cmTC_39dfa.dir/src.c.o  -o cmTC_39dfa -rdynamic 
make[1]: Leaving directory '/home/sruthi/LLVM/installed/llvm-4.0.0.src/lib/Transforms/CompOptDSL/DFA-ReachingDefns/CMakeFiles/CMakeTmp'

Source file was:
int main(void) { return 0; }
Performing C++ SOURCE FILE Test CXX_SUPPORTS_WERROR_DATE_TIME succeded with the following output:
Change Dir: /home/sruthi/LLVM/installed/llvm-4.0.0.src/lib/Transforms/CompOptDSL/DFA-ReachingDefns/CMakeFiles/CMakeTmp

Run Build Command:"/usr/bin/make" "cmTC_eaf45/fast"
/usr/bin/make -f CMakeFiles/cmTC_eaf45.dir/build.make CMakeFiles/cmTC_eaf45.dir/build
make[1]: Entering directory '/home/sruthi/LLVM/installed/llvm-4.0.0.src/lib/Transforms/CompOptDSL/DFA-ReachingDefns/CMakeFiles/CMakeTmp'
Building CXX object CMakeFiles/cmTC_eaf45.dir/src.cxx.o
/usr/bin/c++     -fvisibility-inlines-hidden -DCXX_SUPPORTS_WERROR_DATE_TIME   -Werror -Werror=date-time -o CMakeFiles/cmTC_eaf45.dir/src.cxx.o -c /home/sruthi/LLVM/installed/llvm-4.0.0.src/lib/Transforms/CompOptDSL/DFA-ReachingDefns/CMakeFiles/CMakeTmp/src.cxx
Linking CXX executable cmTC_eaf45
/usr/bin/cmake -E cmake_link_script CMakeFiles/cmTC_eaf45.dir/link.txt --verbose=1
/usr/bin/c++    -fvisibility-inlines-hidden -DCXX_SUPPORTS_WERROR_DATE_TIME    CMakeFiles/cmTC_eaf45.dir/src.cxx.o  -o cmTC_eaf45 -rdynamic 
make[1]: Leaving directory '/home/sruthi/LLVM/installed/llvm-4.0.0.src/lib/Transforms/CompOptDSL/DFA-ReachingDefns/CMakeFiles/CMakeTmp'

Source file was:
int main() { return 0; }
Performing C++ SOURCE FILE Test CXX_SUPPORTS_CXX11 succeded with the following output:
Change Dir: /home/sruthi/LLVM/installed/llvm-4.0.0.src/lib/Transforms/CompOptDSL/DFA-ReachingDefns/CMakeFiles/CMakeTmp

Run Build Command:"/usr/bin/make" "cmTC_cb4af/fast"
/usr/bin/make -f CMakeFiles/cmTC_cb4af.dir/build.make CMakeFiles/cmTC_cb4af.dir/build
make[1]: Entering directory '/home/sruthi/LLVM/installed/llvm-4.0.0.src/lib/Transforms/CompOptDSL/DFA-ReachingDefns/CMakeFiles/CMakeTmp'
Building CXX object CMakeFiles/cmTC_cb4af.dir/src.cxx.o
/usr/bin/c++     -fvisibility-inlines-hidden -Werror=date-time -DCXX_SUPPORTS_CXX11   -std=c++11 -o CMakeFiles/cmTC_cb4af.dir/src.cxx.o -c /home/sruthi/LLVM/installed/llvm-4.0.0.src/lib/Transforms/CompOptDSL/DFA-ReachingDefns/CMakeFiles/CMakeTmp/src.cxx
Linking CXX executable cmTC_cb4af
/usr/bin/cmake -E cmake_link_script CMakeFiles/cmTC_cb4af.dir/link.txt --verbose=1
/usr/bin/c++    -fvisibility-inlines-hidden -Werror=date-time -DCXX_SUPPORTS_CXX11    CMakeFiles/cmTC_cb4af.dir/src.cxx.o  -o cmTC_cb4af -rdynamic 
make[1]: Leaving directory '/home/sruthi/LLVM/installed/llvm-4.0.0.src/lib/Transforms/CompOptDSL/DFA-ReachingDefns/CMakeFiles/CMakeTmp'

Source file was:
int main() { return 0; }
Performing C SOURCE FILE Test C_SUPPORTS_FNO_FUNCTION_SECTIONS succeded with the following output:
Change Dir: /home/sruthi/LLVM/installed/llvm-4.0.0.src/lib/Transforms/CompOptDSL/DFA-ReachingDefns/CMakeFiles/CMakeTmp

Run Build Command:"/usr/bin/make" "cmTC_4688f/fast"
/usr/bin/make -f CMakeFiles/cmTC_4688f.dir/build.make CMakeFiles/cmTC_4688f.dir/build
make[1]: Entering directory '/home/sruthi/LLVM/installed/llvm-4.0.0.src/lib/Transforms/CompOptDSL/DFA-ReachingDefns/CMakeFiles/CMakeTmp'
Building C object CMakeFiles/cmTC_4688f.dir/src.c.o
/usr/bin/cc    -Werror=date-time -DC_SUPPORTS_FNO_FUNCTION_SECTIONS   -Werror -fno-function-sections -o CMakeFiles/cmTC_4688f.dir/src.c.o   -c /home/sruthi/LLVM/installed/llvm-4.0.0.src/lib/Transforms/CompOptDSL/DFA-ReachingDefns/CMakeFiles/CMakeTmp/src.c
Linking C executable cmTC_4688f
/usr/bin/cmake -E cmake_link_script CMakeFiles/cmTC_4688f.dir/link.txt --verbose=1
/usr/bin/cc   -Werror=date-time -DC_SUPPORTS_FNO_FUNCTION_SECTIONS    CMakeFiles/cmTC_4688f.dir/src.c.o  -o cmTC_4688f -rdynamic 
make[1]: Leaving directory '/home/sruthi/LLVM/installed/llvm-4.0.0.src/lib/Transforms/CompOptDSL/DFA-ReachingDefns/CMakeFiles/CMakeTmp'

Source file was:
int main(void) { return 0; }
Performing C SOURCE FILE Test C_SUPPORTS_FFUNCTION_SECTIONS succeded with the following output:
Change Dir: /home/sruthi/LLVM/installed/llvm-4.0.0.src/lib/Transforms/CompOptDSL/DFA-ReachingDefns/CMakeFiles/CMakeTmp

Run Build Command:"/usr/bin/make" "cmTC_96779/fast"
/usr/bin/make -f CMakeFiles/cmTC_96779.dir/build.make CMakeFiles/cmTC_96779.dir/build
make[1]: Entering directory '/home/sruthi/LLVM/installed/llvm-4.0.0.src/lib/Transforms/CompOptDSL/DFA-ReachingDefns/CMakeFiles/CMakeTmp'
Building C object CMakeFiles/cmTC_96779.dir/src.c.o
/usr/bin/cc    -Werror=date-time -DC_SUPPORTS_FFUNCTION_SECTIONS   -Werror -ffunction-sections -o CMakeFiles/cmTC_96779.dir/src.c.o   -c /home/sruthi/LLVM/installed/llvm-4.0.0.src/lib/Transforms/CompOptDSL/DFA-ReachingDefns/CMakeFiles/CMakeTmp/src.c
Linking C executable cmTC_96779
/usr/bin/cmake -E cmake_link_script CMakeFiles/cmTC_96779.dir/link.txt --verbose=1
/usr/bin/cc   -Werror=date-time -DC_SUPPORTS_FFUNCTION_SECTIONS    CMakeFiles/cmTC_96779.dir/src.c.o  -o cmTC_96779 -rdynamic 
make[1]: Leaving directory '/home/sruthi/LLVM/installed/llvm-4.0.0.src/lib/Transforms/CompOptDSL/DFA-ReachingDefns/CMakeFiles/CMakeTmp'

Source file was:
int main(void) { return 0; }
Performing C++ SOURCE FILE Test CXX_SUPPORTS_FFUNCTION_SECTIONS succeded with the following output:
Change Dir: /home/sruthi/LLVM/installed/llvm-4.0.0.src/lib/Transforms/CompOptDSL/DFA-ReachingDefns/CMakeFiles/CMakeTmp

Run Build Command:"/usr/bin/make" "cmTC_7e125/fast"
/usr/bin/make -f CMakeFiles/cmTC_7e125.dir/build.make CMakeFiles/cmTC_7e125.dir/build
make[1]: Entering directory '/home/sruthi/LLVM/installed/llvm-4.0.0.src/lib/Transforms/CompOptDSL/DFA-ReachingDefns/CMakeFiles/CMakeTmp'
Building CXX object CMakeFiles/cmTC_7e125.dir/src.cxx.o
/usr/bin/c++     -fvisibility-inlines-hidden -Werror=date-time -std=c++11 -DCXX_SUPPORTS_FFUNCTION_SECTIONS   -Werror -ffunction-sections -o CMakeFiles/cmTC_7e125.dir/src.cxx.o -c /home/sruthi/LLVM/installed/llvm-4.0.0.src/lib/Transforms/CompOptDSL/DFA-ReachingDefns/CMakeFiles/CMakeTmp/src.cxx
Linking CXX executable cmTC_7e125
/usr/bin/cmake -E cmake_link_script CMakeFiles/cmTC_7e125.dir/link.txt --verbose=1
/usr/bin/c++    -fvisibility-inlines-hidden -Werror=date-time -std=c++11 -DCXX_SUPPORTS_FFUNCTION_SECTIONS    CMakeFiles/cmTC_7e125.dir/src.cxx.o  -o cmTC_7e125 -rdynamic 
make[1]: Leaving directory '/home/sruthi/LLVM/installed/llvm-4.0.0.src/lib/Transforms/CompOptDSL/DFA-ReachingDefns/CMakeFiles/CMakeTmp'

Source file was:
int main() { return 0; }
Performing C SOURCE FILE Test C_SUPPORTS_FDATA_SECTIONS succeded with the following output:
Change Dir: /home/sruthi/LLVM/installed/llvm-4.0.0.src/lib/Transforms/CompOptDSL/DFA-ReachingDefns/CMakeFiles/CMakeTmp

Run Build Command:"/usr/bin/make" "cmTC_03d78/fast"
/usr/bin/make -f CMakeFiles/cmTC_03d78.dir/build.make CMakeFiles/cmTC_03d78.dir/build
make[1]: Entering directory '/home/sruthi/LLVM/installed/llvm-4.0.0.src/lib/Transforms/CompOptDSL/DFA-ReachingDefns/CMakeFiles/CMakeTmp'
Building C object CMakeFiles/cmTC_03d78.dir/src.c.o
/usr/bin/cc    -Werror=date-time -ffunction-sections -DC_SUPPORTS_FDATA_SECTIONS   -Werror -fdata-sections -o CMakeFiles/cmTC_03d78.dir/src.c.o   -c /home/sruthi/LLVM/installed/llvm-4.0.0.src/lib/Transforms/CompOptDSL/DFA-ReachingDefns/CMakeFiles/CMakeTmp/src.c
Linking C executable cmTC_03d78
/usr/bin/cmake -E cmake_link_script CMakeFiles/cmTC_03d78.dir/link.txt --verbose=1
/usr/bin/cc   -Werror=date-time -ffunction-sections -DC_SUPPORTS_FDATA_SECTIONS    CMakeFiles/cmTC_03d78.dir/src.c.o  -o cmTC_03d78 -rdynamic 
make[1]: Leaving directory '/home/sruthi/LLVM/installed/llvm-4.0.0.src/lib/Transforms/CompOptDSL/DFA-ReachingDefns/CMakeFiles/CMakeTmp'

Source file was:
int main(void) { return 0; }
Performing C++ SOURCE FILE Test CXX_SUPPORTS_FDATA_SECTIONS succeded with the following output:
Change Dir: /home/sruthi/LLVM/installed/llvm-4.0.0.src/lib/Transforms/CompOptDSL/DFA-ReachingDefns/CMakeFiles/CMakeTmp

Run Build Command:"/usr/bin/make" "cmTC_d1227/fast"
/usr/bin/make -f CMakeFiles/cmTC_d1227.dir/build.make CMakeFiles/cmTC_d1227.dir/build
make[1]: Entering directory '/home/sruthi/LLVM/installed/llvm-4.0.0.src/lib/Transforms/CompOptDSL/DFA-ReachingDefns/CMakeFiles/CMakeTmp'
Building CXX object CMakeFiles/cmTC_d1227.dir/src.cxx.o
/usr/bin/c++     -fvisibility-inlines-hidden -Werror=date-time -std=c++11 -ffunction-sections -DCXX_SUPPORTS_FDATA_SECTIONS   -Werror -fdata-sections -o CMakeFiles/cmTC_d1227.dir/src.cxx.o -c /home/sruthi/LLVM/installed/llvm-4.0.0.src/lib/Transforms/CompOptDSL/DFA-ReachingDefns/CMakeFiles/CMakeTmp/src.cxx
Linking CXX executable cmTC_d1227
/usr/bin/cmake -E cmake_link_script CMakeFiles/cmTC_d1227.dir/link.txt --verbose=1
/usr/bin/c++    -fvisibility-inlines-hidden -Werror=date-time -std=c++11 -ffunction-sections -DCXX_SUPPORTS_FDATA_SECTIONS    CMakeFiles/cmTC_d1227.dir/src.cxx.o  -o cmTC_d1227 -rdynamic 
make[1]: Leaving directory '/home/sruthi/LLVM/installed/llvm-4.0.0.src/lib/Transforms/CompOptDSL/DFA-ReachingDefns/CMakeFiles/CMakeTmp'

Source file was:
int main() { return 0; }
